y_train: mean(206633.04), std_dev(115302.73)
Train on 9631 samples, validate on 4816 samples
Epoch 1/100
0s - loss: 32847683435.1473 - val_loss: 9994864325.3156
Epoch 2/100
0s - loss: 9069129401.3216 - val_loss: 8392173277.1296
Epoch 3/100
0s - loss: 8586634857.8449 - val_loss: 8209609889.5947
Epoch 4/100
0s - loss: 8511792531.7628 - val_loss: 8187359208.1860
Epoch 5/100
0s - loss: 8422033354.6789 - val_loss: 8225197285.6346
Epoch 6/100
0s - loss: 8450076593.8524 - val_loss: 8179603335.2292
Epoch 7/100
0s - loss: 8420380192.4818 - val_loss: 8122413525.4751
Epoch 8/100
0s - loss: 8456249532.7239 - val_loss: 8123648748.4385
Epoch 9/100
0s - loss: 8398593737.8548 - val_loss: 8143523020.1196
Epoch 10/100
0s - loss: 8431120897.2227 - val_loss: 8155443608.2392
Epoch 11/100
0s - loss: 8409703742.4915 - val_loss: 8118155099.0033
Epoch 12/100
0s - loss: 8476295528.8614 - val_loss: 8170072341.2625
Epoch 13/100
0s - loss: 8418891144.9710 - val_loss: 8134766100.4120
Epoch 14/100
0s - loss: 8394095115.9082 - val_loss: 8157993485.6080
Epoch 15/100
0s - loss: 8427029472.8473 - val_loss: 8134000384.8505
----------- Model 0 KF: loss: 8134000384.85 
Train on 9631 samples, validate on 4816 samples
Epoch 1/100
0s - loss: 33222313411.9805 - val_loss: 9654815759.3090
Epoch 2/100
0s - loss: 9194294575.0215 - val_loss: 8260994614.4319
Epoch 3/100
0s - loss: 8560549481.1006 - val_loss: 8116678268.1728
Epoch 4/100
0s - loss: 8455947565.3203 - val_loss: 8167737702.9103
Epoch 5/100
0s - loss: 8468419643.4879 - val_loss: 8130491665.8605
Epoch 6/100
0s - loss: 8448076004.8078 - val_loss: 8200274168.3455
Epoch 7/100
0s - loss: 8445729334.0654 - val_loss: 8140578586.3654
----------- Model 0 KF: loss: 8140578586.37 
Train on 9632 samples, validate on 4815 samples
Epoch 1/100
0s - loss: 32525698910.4053 - val_loss: 10477358256.5151
Epoch 2/100
0s - loss: 8921415420.5980 - val_loss: 8890716904.9786
Epoch 3/100
0s - loss: 8279405393.6478 - val_loss: 8715160970.8195
Epoch 4/100
0s - loss: 8199140285.6611 - val_loss: 8670120948.7286
Epoch 5/100
0s - loss: 8157548725.1561 - val_loss: 8637745862.5263
Epoch 6/100
0s - loss: 8166736559.2027 - val_loss: 8720579480.0050
Epoch 7/100
0s - loss: 8179248036.1462 - val_loss: 8700438056.5134
Epoch 8/100
0s - loss: 8154931131.1096 - val_loss: 8699789574.6459
Epoch 9/100
0s - loss: 8144478888.3987 - val_loss: 8761014836.3165
----------- Model 0 KF: loss: 8761014836.32 
----------- Model 0: average loss: 8345197935.84 
Train on 9631 samples, validate on 4816 samples
Epoch 1/100
0s - loss: 47737005649.8158 - val_loss: 35152284899.9336
Epoch 2/100
0s - loss: 20495441193.3864 - val_loss: 10353577888.7442
Epoch 3/100
0s - loss: 9462972925.6609 - val_loss: 8846218027.3754
Epoch 4/100
0s - loss: 8804627576.2517 - val_loss: 8464812134.0598
Epoch 5/100
0s - loss: 8547875625.6522 - val_loss: 8212680372.3056
Epoch 6/100
0s - loss: 8467410342.5821 - val_loss: 8167868237.3953
Epoch 7/100
0s - loss: 8449494241.9371 - val_loss: 8159154497.4884
Epoch 8/100
0s - loss: 8375537953.5184 - val_loss: 8137452407.9203
Epoch 9/100
0s - loss: 8401164840.5624 - val_loss: 8118121951.6811
Epoch 10/100
0s - loss: 8409308402.2577 - val_loss: 8122720528.1595
Epoch 11/100
0s - loss: 8412869216.7542 - val_loss: 8113530752.4252
Epoch 12/100
0s - loss: 8382261294.8886 - val_loss: 8176670287.9468
Epoch 13/100
0s - loss: 8394665190.2963 - val_loss: 8119818818.3389
Epoch 14/100
0s - loss: 8376322604.1773 - val_loss: 8114182863.5216
Epoch 15/100
0s - loss: 8353743703.7965 - val_loss: 8154367984.6910
----------- Model 1 KF: loss: 8154367984.69 
Train on 9631 samples, validate on 4816 samples
Epoch 1/100
0s - loss: 48345306485.9392 - val_loss: 34785291866.1528
Epoch 2/100
0s - loss: 20740046290.5468 - val_loss: 10246167446.5382
Epoch 3/100
0s - loss: 9409851705.0159 - val_loss: 8841106297.6213
Epoch 4/100
0s - loss: 8798374565.4391 - val_loss: 8424754233.8339
Epoch 5/100
0s - loss: 8527339056.0050 - val_loss: 8351144512.6379
Epoch 6/100
0s - loss: 8432385315.1133 - val_loss: 8185721585.5415
Epoch 7/100
0s - loss: 8414650079.2258 - val_loss: 8213456957.2359
Epoch 8/100
0s - loss: 8401380870.2731 - val_loss: 8251245602.0199
Epoch 9/100
0s - loss: 8394854105.1654 - val_loss: 8152001308.0664
Epoch 10/100
0s - loss: 8420260567.9958 - val_loss: 8180320099.5083
Epoch 11/100
0s - loss: 8395073198.0513 - val_loss: 8193526285.6080
Epoch 12/100
0s - loss: 8394721035.1374 - val_loss: 8125375889.4352
Epoch 13/100
0s - loss: 8418965206.7200 - val_loss: 8168257755.4286
Epoch 14/100
0s - loss: 8393224745.9977 - val_loss: 8195100146.3920
Epoch 15/100
0s - loss: 8375769876.0685 - val_loss: 8126892622.2458
Epoch 16/100
0s - loss: 8392260106.2602 - val_loss: 8165523546.1528
----------- Model 1 KF: loss: 8165523546.15 
Train on 9632 samples, validate on 4815 samples
Epoch 1/100
0s - loss: 48063939192.7708 - val_loss: 35337014583.5597
Epoch 2/100
0s - loss: 20868291065.1960 - val_loss: 10527741509.1173
Epoch 3/100
0s - loss: 9274423169.2757 - val_loss: 9187227362.5985
Epoch 4/100
0s - loss: 8578337359.0963 - val_loss: 8914525653.4131
Epoch 5/100
0s - loss: 8307113478.8040 - val_loss: 8757907456.5848
Epoch 6/100
0s - loss: 8212886664.0797 - val_loss: 8818783660.3680
Epoch 7/100
0s - loss: 8183342715.3223 - val_loss: 8783961341.3416
Epoch 8/100
0s - loss: 8167044397.9269 - val_loss: 8659539530.9657
Epoch 9/100
0s - loss: 8165266200.6645 - val_loss: 8909308372.7219
Epoch 10/100
0s - loss: 8168753290.6312 - val_loss: 8668853315.7882
Epoch 11/100
0s - loss: 8150652768.9568 - val_loss: 8850934451.0139
Epoch 12/100
0s - loss: 8153838429.5548 - val_loss: 8671834655.9535
----------- Model 1 KF: loss: 8671834655.95 
----------- Model 1: average loss: 8330575395.6 
Train on 9631 samples, validate on 4816 samples
Epoch 1/100
0s - loss: 53955088894.7773 - val_loss: 53456612858.8970
Epoch 2/100
0s - loss: 47310107187.9389 - val_loss: 44015749956.8904
Epoch 3/100
0s - loss: 36313491476.2014 - val_loss: 31397353274.6844
Epoch 4/100
0s - loss: 23881522403.9572 - val_loss: 18919945988.2525
Epoch 5/100
0s - loss: 13780315788.6126 - val_loss: 10977359492.6777
Epoch 6/100
0s - loss: 9811960465.5035 - val_loss: 9523456930.4452
Epoch 7/100
0s - loss: 9234730234.2320 - val_loss: 9162080213.4751
Epoch 8/100
0s - loss: 8939900809.1305 - val_loss: 8911022768.9037
Epoch 9/100
0s - loss: 8715883141.6484 - val_loss: 8761682508.5449
Epoch 10/100
0s - loss: 8570625864.8581 - val_loss: 8623425372.7043
Epoch 11/100
0s - loss: 8457941908.8261 - val_loss: 8551004098.7641
Epoch 12/100
0s - loss: 8400265896.5225 - val_loss: 8498333760.6379
Epoch 13/100
0s - loss: 8353102368.9071 - val_loss: 8481556401.7542
Epoch 14/100
0s - loss: 8330892358.9177 - val_loss: 8451508994.5515
Epoch 15/100
0s - loss: 8322070107.8634 - val_loss: 8453177478.3787
Epoch 16/100
0s - loss: 8315613005.4831 - val_loss: 8467502518.8571
Epoch 17/100
0s - loss: 8278236074.0376 - val_loss: 8487991534.1395
Epoch 18/100
0s - loss: 8303125263.2840 - val_loss: 8480105749.2625
----------- Model 2 KF: loss: 8480105749.26 
Train on 9631 samples, validate on 4816 samples
Epoch 1/100
0s - loss: 54517756704.4020 - val_loss: 52308806441.6744
Epoch 2/100
0s - loss: 47790496023.2051 - val_loss: 43029780690.9236
Epoch 3/100
0s - loss: 36697603035.7437 - val_loss: 30640077044.9435
Epoch 4/100
0s - loss: 24143720850.8591 - val_loss: 18463155427.9336
Epoch 5/100
0s - loss: 13868732839.8048 - val_loss: 10775412851.6678
Epoch 6/100
0s - loss: 9845745614.1344 - val_loss: 9469432388.0399
Epoch 7/100
0s - loss: 9303162817.3756 - val_loss: 9088778025.6744
Epoch 8/100
0s - loss: 9016140339.8326 - val_loss: 8768796529.1163
Epoch 9/100
0s - loss: 8818578051.7878 - val_loss: 8554875653.9535
Epoch 10/100
0s - loss: 8686747300.8012 - val_loss: 8402218701.8206
Epoch 11/100
0s - loss: 8596684364.7654 - val_loss: 8279756340.7309
Epoch 12/100
0s - loss: 8541565468.9731 - val_loss: 8240374477.8206
Epoch 13/100
0s - loss: 8511950019.4754 - val_loss: 8149035178.0997
Epoch 14/100
0s - loss: 8483415530.2037 - val_loss: 8131609230.8837
Epoch 15/100
0s - loss: 8464888010.0143 - val_loss: 8101691773.0233
Epoch 16/100
0s - loss: 8486032324.5653 - val_loss: 8056234895.7342
Epoch 17/100
0s - loss: 8463569718.9426 - val_loss: 8068487645.9801
Epoch 18/100
0s - loss: 8461168476.9532 - val_loss: 8041181988.5714
Epoch 19/100
0s - loss: 8449461737.9911 - val_loss: 8026113165.1827
Epoch 20/100
0s - loss: 8430058835.5967 - val_loss: 8012103266.6578
Epoch 21/100
0s - loss: 8446850195.1515 - val_loss: 8043012325.6346
Epoch 22/100
1s - loss: 8467197939.4538 - val_loss: 8007343199.2558
Epoch 23/100
1s - loss: 8444710190.7025 - val_loss: 8005656302.1395
Epoch 24/100
0s - loss: 8459417659.5942 - val_loss: 8008165250.1262
Epoch 25/100
0s - loss: 8437986786.7611 - val_loss: 8005309838.0332
Epoch 26/100
0s - loss: 8440788612.0004 - val_loss: 7994524906.7375
Epoch 27/100
0s - loss: 8444975058.6531 - val_loss: 7997245555.6678
Epoch 28/100
0s - loss: 8441183120.8390 - val_loss: 7983950778.2591
Epoch 29/100
0s - loss: 8444320009.7552 - val_loss: 7990152260.0399
Epoch 30/100
0s - loss: 8447341512.0739 - val_loss: 7994688374.2193
Epoch 31/100
0s - loss: 8438401462.7964 - val_loss: 8004071747.1894
Epoch 32/100
1s - loss: 8445632916.4540 - val_loss: 8010611856.5847
----------- Model 2 KF: loss: 8010611856.58 
Train on 9632 samples, validate on 4815 samples
Epoch 1/100
0s - loss: 55355333029.8472 - val_loss: 50736854940.8964
Epoch 2/100
0s - loss: 48567859846.3787 - val_loss: 41627260904.6064
Epoch 3/100
0s - loss: 37446310081.9136 - val_loss: 29471432238.6808
Epoch 4/100
0s - loss: 24666171351.1761 - val_loss: 17629885873.2062
Epoch 5/100
0s - loss: 14225616613.6346 - val_loss: 10407045328.4154
Epoch 6/100
0s - loss: 9823659385.6213 - val_loss: 9353406416.1495
Epoch 7/100
0s - loss: 9215798530.5515 - val_loss: 9059142376.5533
Epoch 8/100
0s - loss: 8880569467.3223 - val_loss: 8871864309.6856
Epoch 9/100
0s - loss: 8662841819.4286 - val_loss: 8722280724.5757
Epoch 10/100
0s - loss: 8508279330.0199 - val_loss: 8636660048.2293
Epoch 11/100
0s - loss: 8402485992.1860 - val_loss: 8607467941.2968
Epoch 12/100
0s - loss: 8332668625.2226 - val_loss: 8577957880.7693
Epoch 13/100
0s - loss: 8282220462.3522 - val_loss: 8552698971.5539
Epoch 14/100
0s - loss: 8255565292.4385 - val_loss: 8564800374.5097
Epoch 15/100
0s - loss: 8244536177.9668 - val_loss: 8539137865.7429
Epoch 16/100
0s - loss: 8226846765.9269 - val_loss: 8547203419.1817
Epoch 17/100
0s - loss: 8226622738.7110 - val_loss: 8550118535.8953
Epoch 18/100
0s - loss: 8219313927.6545 - val_loss: 8540236929.1963
Epoch 19/100
0s - loss: 8213372476.3854 - val_loss: 8538456624.2758
Epoch 20/100
0s - loss: 8200259544.8771 - val_loss: 8554029301.2071
Epoch 21/100
0s - loss: 8211455191.1761 - val_loss: 8533854221.6108
Epoch 22/100
0s - loss: 8202743620.0399 - val_loss: 8518241644.1952
Epoch 23/100
0s - loss: 8205947479.6013 - val_loss: 8523748740.9711
Epoch 24/100
0s - loss: 8205689520.0532 - val_loss: 8545631120.5616
Epoch 25/100
0s - loss: 8197531950.7774 - val_loss: 8548346569.6100
Epoch 26/100
0s - loss: 8197887199.6811 - val_loss: 8527907862.4366
----------- Model 2 KF: loss: 8527907862.44 
----------- Model 2: average loss: 8339541822.76 
Train on 9631 samples, validate on 4816 samples
Epoch 1/100
0s - loss: 56224212746.3931 - val_loss: 55457212354.7641
Epoch 2/100
0s - loss: 56150441812.1815 - val_loss: 55350830498.4452
Epoch 3/100
0s - loss: 56012630242.0434 - val_loss: 55180512041.6744
Epoch 4/100
0s - loss: 55811292623.4634 - val_loss: 54946954991.8405
Epoch 5/100
0s - loss: 55546380253.5512 - val_loss: 54650964573.5548
Epoch 6/100
0s - loss: 55219277258.7852 - val_loss: 54292448388.6777
Epoch 7/100
0s - loss: 54831543646.1227 - val_loss: 53873888830.9369
Epoch 8/100
0s - loss: 54383652553.9612 - val_loss: 53394645223.3355
Epoch 9/100
0s - loss: 53877666589.8503 - val_loss: 52857436438.9635
Epoch 10/100
0s - loss: 53309974409.1305 - val_loss: 52263798967.7076
Epoch 11/100
0s - loss: 52690028877.6426 - val_loss: 51615901389.8206
Epoch 12/100
0s - loss: 52013398283.2969 - val_loss: 50912397196.3322
Epoch 13/100
0s - loss: 51283136120.7301 - val_loss: 50157490176.0000
Epoch 14/100
0s - loss: 50500690689.3556 - val_loss: 49350577849.4086
Epoch 15/100
0s - loss: 49671661871.4468 - val_loss: 48495086636.2259
Epoch 16/100
0s - loss: 48783618509.0180 - val_loss: 47591808085.0498
Epoch 17/100
0s - loss: 47855545167.8222 - val_loss: 46646110976.8505
Epoch 18/100
0s - loss: 46884715815.0472 - val_loss: 45659383678.7243
Epoch 19/100
0s - loss: 45871858335.5382 - val_loss: 44630197162.9502
Epoch 20/100
0s - loss: 44817999794.3840 - val_loss: 43561754079.6811
Epoch 21/100
0s - loss: 43728663992.2849 - val_loss: 42464325046.8571
Epoch 22/100
0s - loss: 42606342542.2872 - val_loss: 41330101441.9136
Epoch 23/100
0s - loss: 41447554771.7429 - val_loss: 40169872210.4983
Epoch 24/100
0s - loss: 40267155061.5404 - val_loss: 38982663620.4651
Epoch 25/100
0s - loss: 39052274239.2092 - val_loss: 37767324750.2458
Epoch 26/100
0s - loss: 37819278174.9202 - val_loss: 36532584148.6246
Epoch 27/100
0s - loss: 36567704568.8763 - val_loss: 35279965323.4817
Epoch 28/100
0s - loss: 35290418507.6225 - val_loss: 34014478397.2359
Epoch 29/100
0s - loss: 34013358778.9696 - val_loss: 32742642773.0498
Epoch 30/100
0s - loss: 32724140259.1066 - val_loss: 31461733345.3821
Epoch 31/100
0s - loss: 31426567618.0667 - val_loss: 30175680205.8206
Epoch 32/100
0s - loss: 30120807544.2517 - val_loss: 28891756428.3322
Epoch 33/100
0s - loss: 28826050042.2054 - val_loss: 27612686036.6246
Epoch 34/100
0s - loss: 27535608493.5728 - val_loss: 26344218664.8239
Epoch 35/100
0s - loss: 26250930630.8512 - val_loss: 25082924076.2259
Epoch 36/100
0s - loss: 24985503992.7966 - val_loss: 23844345563.4286
Epoch 37/100
0s - loss: 23734694905.0890 - val_loss: 22618394671.6279
Epoch 38/100
0s - loss: 22508076571.3783 - val_loss: 21422530512.3721
Epoch 39/100
0s - loss: 21302969236.9324 - val_loss: 20256026940.3854
Epoch 40/100
0s - loss: 20141648122.2851 - val_loss: 19127568448.6379
Epoch 41/100
0s - loss: 19007373694.5513 - val_loss: 18039131663.3090
Epoch 42/100
0s - loss: 17925664663.4842 - val_loss: 16998215258.1528
Epoch 43/100
0s - loss: 16898010167.2881 - val_loss: 16005252834.2326
Epoch 44/100
0s - loss: 15898788353.2227 - val_loss: 15060500292.8904
Epoch 45/100
0s - loss: 14968031638.8994 - val_loss: 14178991444.1993
Epoch 46/100
0s - loss: 14099939336.3995 - val_loss: 13371495975.1229
Epoch 47/100
0s - loss: 13303457920.4386 - val_loss: 12625939309.7143
Epoch 48/100
0s - loss: 12572021483.8783 - val_loss: 11959956753.8605
Epoch 49/100
0s - loss: 11929399399.9842 - val_loss: 11378929961.6744
Epoch 50/100
0s - loss: 11368590571.9315 - val_loss: 10878798829.2890
Epoch 51/100
0s - loss: 10886112586.9845 - val_loss: 10462054517.3688
Epoch 52/100
0s - loss: 10504599243.1839 - val_loss: 10142901100.0133
Epoch 53/100
0s - loss: 10215097614.2739 - val_loss: 9917285670.2724
Epoch 54/100
0s - loss: 10012167806.6842 - val_loss: 9752696250.2591
Epoch 55/100
0s - loss: 9860836280.7634 - val_loss: 9636386980.9967
Epoch 56/100
0s - loss: 9753225339.6540 - val_loss: 9552797758.9369
Epoch 57/100
0s - loss: 9682175435.8484 - val_loss: 9491662990.8837
Epoch 58/100
0s - loss: 9624198806.3944 - val_loss: 9439665599.3621
Epoch 59/100
0s - loss: 9574255934.0131 - val_loss: 9393153141.3688
Epoch 60/100
0s - loss: 9532780531.7728 - val_loss: 9347718497.8073
Epoch 61/100
0s - loss: 9491029385.5026 - val_loss: 9303374574.1395
Epoch 62/100
0s - loss: 9451959111.2101 - val_loss: 9265700510.1927
Epoch 63/100
0s - loss: 9414037773.7423 - val_loss: 9222753803.9070
Epoch 64/100
0s - loss: 9379448353.8640 - val_loss: 9182346333.5548
Epoch 65/100
0s - loss: 9343505788.2122 - val_loss: 9142222854.8040
Epoch 66/100
0s - loss: 9310448883.6399 - val_loss: 9104262946.8704
Epoch 67/100
0s - loss: 9281325640.0341 - val_loss: 9069918391.7076
Epoch 68/100
0s - loss: 9247438767.7259 - val_loss: 9033947806.1927
Epoch 69/100
0s - loss: 9215352810.7353 - val_loss: 9000682050.3389
Epoch 70/100
0s - loss: 9188852438.5073 - val_loss: 8966396279.9203
Epoch 71/100
0s - loss: 9161091208.5192 - val_loss: 8935170907.0033
Epoch 72/100
0s - loss: 9133788682.5792 - val_loss: 8904500979.2425
Epoch 73/100
0s - loss: 9106084656.5100 - val_loss: 8873360397.6080
Epoch 74/100
0s - loss: 9082412473.5608 - val_loss: 8842801255.7608
Epoch 75/100
0s - loss: 9056679799.3745 - val_loss: 8814180108.7575
Epoch 76/100
0s - loss: 9034226592.4153 - val_loss: 8787901887.3621
Epoch 77/100
0s - loss: 9010246757.3261 - val_loss: 8759187631.2027
Epoch 78/100
0s - loss: 8989009209.8665 - val_loss: 8734599703.8140
Epoch 79/100
0s - loss: 8969175868.6840 - val_loss: 8708265623.3887
Epoch 80/100
0s - loss: 8948331251.3741 - val_loss: 8683280649.3555
Epoch 81/100
0s - loss: 8928338861.1741 - val_loss: 8660037754.4718
Epoch 82/100
0s - loss: 8908190000.7227 - val_loss: 8635407319.1761
Epoch 83/100
0s - loss: 8888121161.0175 - val_loss: 8612545151.5748
Epoch 84/100
0s - loss: 8872877914.7735 - val_loss: 8591312875.5880
Epoch 85/100
0s - loss: 8854557339.0726 - val_loss: 8570004143.2027
Epoch 86/100
0s - loss: 8837849142.9692 - val_loss: 8548873682.0731
Epoch 87/100
0s - loss: 8821729640.4361 - val_loss: 8531992487.5482
Epoch 88/100
0s - loss: 8805387096.9660 - val_loss: 8513261829.9535
Epoch 89/100
0s - loss: 8792058314.7852 - val_loss: 8493693002.8439
Epoch 90/100
0s - loss: 8780382822.6552 - val_loss: 8475618065.8605
Epoch 91/100
0s - loss: 8764372278.1452 - val_loss: 8456981209.7276
Epoch 92/100
0s - loss: 8755033146.5842 - val_loss: 8440685137.6478
Epoch 93/100
0s - loss: 8744177790.7374 - val_loss: 8426069978.5781
Epoch 94/100
0s - loss: 8729813996.2239 - val_loss: 8411518952.1860
Epoch 95/100
0s - loss: 8718459744.0365 - val_loss: 8395562021.4219
Epoch 96/100
0s - loss: 8706167569.4104 - val_loss: 8382131050.3123
Epoch 97/100
0s - loss: 8694420428.2205 - val_loss: 8367765029.4219
Epoch 98/100
0s - loss: 8686431521.0931 - val_loss: 8353726122.0997
Epoch 99/100
0s - loss: 8676983576.5341 - val_loss: 8341581189.5282
Epoch 100/100
0s - loss: 8667728786.9654 - val_loss: 8328185527.7076
----------- Model 3 KF: loss: 8328185527.71 
Train on 9631 samples, validate on 4816 samples
Epoch 1/100
0s - loss: 55893367062.7798 - val_loss: 56118095382.1130
Epoch 2/100
0s - loss: 55818835168.2359 - val_loss: 56012040062.7243
Epoch 3/100
0s - loss: 55678611066.4313 - val_loss: 55842176098.6578
Epoch 4/100
0s - loss: 55474195124.5902 - val_loss: 55609748878.0332
Epoch 5/100
0s - loss: 55206741246.4317 - val_loss: 55315502634.5249
Epoch 6/100
0s - loss: 54877643636.6101 - val_loss: 54959715052.4385
Epoch 7/100
0s - loss: 54486840864.9071 - val_loss: 54543776853.0498
Epoch 8/100
0s - loss: 54036665121.6779 - val_loss: 54069780915.4551
Epoch 9/100
0s - loss: 53529813390.0746 - val_loss: 53536962485.1561
Epoch 10/100
0s - loss: 52963225097.7286 - val_loss: 52947396342.6445
Epoch 11/100
0s - loss: 52341278039.7433 - val_loss: 52302535465.6744
Epoch 12/100
0s - loss: 51666220556.4930 - val_loss: 51604533805.9269
Epoch 13/100
0s - loss: 50937035774.6178 - val_loss: 50852516397.9269
Epoch 14/100
0s - loss: 50158480280.9727 - val_loss: 50049553105.2226
Epoch 15/100
0s - loss: 49330136377.9728 - val_loss: 49195890898.9236
Epoch 16/100
0s - loss: 48454016732.6741 - val_loss: 48296068881.8605
Epoch 17/100
0s - loss: 47537369744.6529 - val_loss: 47350536171.5880
Epoch 18/100
0s - loss: 46575375096.4245 - val_loss: 46360822794.2060
Epoch 19/100
0s - loss: 45567315313.8989 - val_loss: 45329090253.8206
Epoch 20/100
0s - loss: 44519292396.8086 - val_loss: 44255418674.1794
Epoch 21/100
0s - loss: 43440032095.5049 - val_loss: 43149383754.8439
Epoch 22/100
0s - loss: 42333002843.7570 - val_loss: 42007640220.4917
Epoch 23/100
0s - loss: 41175953389.2871 - val_loss: 40832805973.0498
Epoch 24/100
0s - loss: 40003673676.0743 - val_loss: 39631575264.5316
Epoch 25/100
0s - loss: 38797666706.1148 - val_loss: 38399743857.1163
Epoch 26/100
0s - loss: 37577984669.1990 - val_loss: 37152295204.5714
Epoch 27/100
0s - loss: 36333857462.9293 - val_loss: 35888707291.4286
Epoch 28/100
0s - loss: 35076026402.4488 - val_loss: 34609570370.3389
Epoch 29/100
0s - loss: 33806461744.7758 - val_loss: 33315825847.7076
Epoch 30/100
0s - loss: 32526750734.9916 - val_loss: 32018068075.1628
Epoch 31/100
0s - loss: 31241389052.7040 - val_loss: 30716204334.7774
Epoch 32/100
0s - loss: 29951497278.1992 - val_loss: 29416678308.1462
Epoch 33/100
0s - loss: 28663547935.2591 - val_loss: 28112151228.8106
Epoch 34/100
0s - loss: 27385089404.9565 - val_loss: 26825089180.4917
Epoch 35/100
0s - loss: 26119070635.4729 - val_loss: 25547322541.5017
Epoch 36/100
0s - loss: 24862005526.3545 - val_loss: 24281650315.4817
Epoch 37/100
0s - loss: 23624586497.6214 - val_loss: 23037781451.2691
Epoch 38/100
0s - loss: 22409168294.8479 - val_loss: 21825376568.9834
Epoch 39/100
0s - loss: 21217756766.3620 - val_loss: 20641005523.7741
Epoch 40/100
0s - loss: 20069344580.4988 - val_loss: 19487376669.7674
Epoch 41/100
0s - loss: 18956529945.3315 - val_loss: 18374804405.1561
Epoch 42/100
0s - loss: 17875520766.2191 - val_loss: 17309939320.7708
Epoch 43/100
0s - loss: 16848894623.9635 - val_loss: 16295870106.7907
Epoch 44/100
0s - loss: 15871435439.4867 - val_loss: 15333038250.0997
Epoch 45/100
0s - loss: 14948713434.9995 - val_loss: 14428683481.7276
Epoch 46/100
0s - loss: 14083746131.7030 - val_loss: 13592147668.6246
Epoch 47/100
0s - loss: 13295625573.9907 - val_loss: 12832151490.7641
Epoch 48/100
0s - loss: 12581046723.4489 - val_loss: 12145093706.8439
Epoch 49/100
0s - loss: 11946285711.8023 - val_loss: 11543056717.3953
Epoch 50/100
0s - loss: 11390842122.3399 - val_loss: 11027576115.8804
Epoch 51/100
0s - loss: 10921968263.7217 - val_loss: 10599286848.6379
Epoch 52/100
0s - loss: 10543880793.4711 - val_loss: 10254862509.5017
Epoch 53/100
0s - loss: 10246021853.5247 - val_loss: 10000191260.0664
Epoch 54/100
0s - loss: 10032269806.2972 - val_loss: 9821905688.6645
Epoch 55/100
0s - loss: 9885201703.2599 - val_loss: 9698643498.5249
Epoch 56/100
0s - loss: 9780463665.7062 - val_loss: 9612117160.3987
Epoch 57/100
0s - loss: 9705258590.9999 - val_loss: 9548510580.5183
Epoch 58/100
0s - loss: 9647355238.6286 - val_loss: 9498206874.7907
Epoch 59/100
0s - loss: 9596284485.8013 - val_loss: 9452652649.4618
Epoch 60/100
0s - loss: 9549054868.0287 - val_loss: 9408624786.2857
Epoch 61/100
0s - loss: 9503292811.3101 - val_loss: 9372164434.4983
Epoch 62/100
0s - loss: 9461949222.0372 - val_loss: 9332821851.0033
Epoch 63/100
0s - loss: 9420392786.4272 - val_loss: 9296418851.7209
Epoch 64/100
0s - loss: 9379651723.4962 - val_loss: 9258681582.1395
Epoch 65/100
0s - loss: 9340970327.1054 - val_loss: 9223966663.8671
Epoch 66/100
0s - loss: 9304177866.0143 - val_loss: 9192275279.0963
Epoch 67/100
0s - loss: 9266883009.4819 - val_loss: 9157389876.7309
Epoch 68/100
0s - loss: 9231347522.6381 - val_loss: 9126188072.8239
Epoch 69/100
0s - loss: 9197768303.5332 - val_loss: 9096597102.5648
Epoch 70/100
0s - loss: 9164387333.1035 - val_loss: 9065752227.2957
Epoch 71/100
0s - loss: 9133824544.3223 - val_loss: 9036888184.7708
Epoch 72/100
0s - loss: 9102214476.3667 - val_loss: 9009925985.8073
Epoch 73/100
0s - loss: 9071426477.2273 - val_loss: 8985761684.8372
Epoch 74/100
0s - loss: 9043386568.4726 - val_loss: 8958014465.7010
Epoch 75/100
0s - loss: 9015179298.9804 - val_loss: 8932284089.4086
Epoch 76/100
0s - loss: 8986081895.2134 - val_loss: 8908093014.7508
Epoch 77/100
0s - loss: 8958844513.1264 - val_loss: 8887676390.4851
Epoch 78/100
0s - loss: 8933479273.2335 - val_loss: 8865644705.5947
Epoch 79/100
0s - loss: 8909361019.1224 - val_loss: 8841818110.2990
Epoch 80/100
0s - loss: 8883538696.5856 - val_loss: 8816471237.3156
Epoch 81/100
1s - loss: 8860559804.8037 - val_loss: 8795651521.0631
Epoch 82/100
1s - loss: 8839760619.1872 - val_loss: 8777226522.3654
Epoch 83/100
1s - loss: 8816143467.9182 - val_loss: 8762998066.1794
Epoch 84/100
1s - loss: 8795539995.5377 - val_loss: 8745952788.4120
Epoch 85/100
1s - loss: 8774896926.3819 - val_loss: 8727650635.6944
Epoch 86/100
1s - loss: 8755398650.7370 - val_loss: 8711562027.3754
Epoch 87/100
0s - loss: 8737036944.1213 - val_loss: 8698183998.0864
Epoch 88/100
0s - loss: 8720297734.0338 - val_loss: 8682869811.0299
Epoch 89/100
0s - loss: 8701448831.3222 - val_loss: 8664588521.0365
Epoch 90/100
1s - loss: 8684555794.5003 - val_loss: 8652363650.1262
Epoch 91/100
0s - loss: 8669177648.1910 - val_loss: 8638617067.5880
Epoch 92/100
0s - loss: 8652595691.0011 - val_loss: 8621345543.6545
Epoch 93/100
0s - loss: 8637302533.4491 - val_loss: 8609855139.2957
Epoch 94/100
0s - loss: 8622656448.3655 - val_loss: 8596103486.0864
Epoch 95/100
0s - loss: 8608410704.8589 - val_loss: 8582805839.0963
Epoch 96/100
0s - loss: 8595755709.8403 - val_loss: 8573561461.3688
Epoch 97/100
0s - loss: 8582050301.0761 - val_loss: 8562656861.5548
Epoch 98/100
0s - loss: 8568910760.8149 - val_loss: 8554505627.6412
Epoch 99/100
0s - loss: 8557375528.4029 - val_loss: 8545225794.3389
Epoch 100/100
0s - loss: 8545239048.8248 - val_loss: 8535490326.9635
----------- Model 3 KF: loss: 8535490326.96 
Train on 9632 samples, validate on 4815 samples
Epoch 1/100
0s - loss: 55813897804.5449 - val_loss: 56277787535.9236
Epoch 2/100
0s - loss: 55739445629.0233 - val_loss: 56171330272.2592
Epoch 3/100
0s - loss: 55600439479.7076 - val_loss: 56000577097.0517
Epoch 4/100
0s - loss: 55397667686.9103 - val_loss: 55766139490.7846
Epoch 5/100
0s - loss: 55131345780.5183 - val_loss: 55469131260.9163
Epoch 6/100
0s - loss: 54802956022.6445 - val_loss: 55110376517.5427
Epoch 7/100
0s - loss: 54411657821.5548 - val_loss: 54690296622.0959
Epoch 8/100
0s - loss: 53959649926.3787 - val_loss: 54209605939.0937
Epoch 9/100
0s - loss: 53450153643.8007 - val_loss: 53672696392.8390
Epoch 10/100
0s - loss: 52884899751.5482 - val_loss: 53077698989.1655
Epoch 11/100
0s - loss: 52259754167.7076 - val_loss: 52427810967.8455
Epoch 12/100
0s - loss: 51581499473.6478 - val_loss: 51722461507.2565
Epoch 13/100
0s - loss: 50845984951.7076 - val_loss: 50965453418.8660
Epoch 14/100
0s - loss: 50060312623.6279 - val_loss: 50157996253.6008
Epoch 15/100
0s - loss: 49230411707.9601 - val_loss: 49302671141.3765
Epoch 16/100
0s - loss: 48346355201.7010 - val_loss: 48397258230.5362
Epoch 17/100
0s - loss: 47416604127.6811 - val_loss: 47451945906.3759
Epoch 18/100
0s - loss: 46448231781.2093 - val_loss: 46461122790.9583
Epoch 19/100
0s - loss: 45438983144.1860 - val_loss: 45432157943.0147
Epoch 20/100
0s - loss: 44381925205.9003 - val_loss: 44363640416.0199
Epoch 21/100
0s - loss: 43300084086.2193 - val_loss: 43265065344.5051
Epoch 22/100
0s - loss: 42184635572.3056 - val_loss: 42129647516.8964
Epoch 23/100
0s - loss: 41025527032.3455 - val_loss: 40960354419.2665
Epoch 24/100
0s - loss: 39849059310.9900 - val_loss: 39767879745.5020
Epoch 25/100
0s - loss: 38635018124.3322 - val_loss: 38548204121.0019
Epoch 26/100
0s - loss: 37413080829.4485 - val_loss: 37308897338.2712
Epoch 27/100
0s - loss: 36158075179.3754 - val_loss: 36050849997.0127
Epoch 28/100
0s - loss: 34890139498.3123 - val_loss: 34780333235.7051
Epoch 29/100
0s - loss: 33613215015.9734 - val_loss: 33497572535.1078
Epoch 30/100
0s - loss: 32334036832.1063 - val_loss: 32208288235.2648
Epoch 31/100
0s - loss: 31038957809.5415 - val_loss: 30912263249.8775
Epoch 32/100
0s - loss: 29747330980.1462 - val_loss: 29618435294.2388
Epoch 33/100
0s - loss: 28463464995.7209 - val_loss: 28328597528.2442
Epoch 34/100
0s - loss: 27173229203.9867 - val_loss: 27041667126.0179
Epoch 35/100
0s - loss: 25898061755.9601 - val_loss: 25771014622.5047
Epoch 36/100
0s - loss: 24632354550.6445 - val_loss: 24514359558.0079
Epoch 37/100
0s - loss: 23407945620.8372 - val_loss: 23279774550.5030
Epoch 38/100
0s - loss: 22183809692.4917 - val_loss: 22069276412.5441
Epoch 39/100
0s - loss: 20989064918.3256 - val_loss: 20883635719.1244
Epoch 40/100
0s - loss: 19830612549.7409 - val_loss: 19734539595.5506
Epoch 41/100
0s - loss: 18713411834.0465 - val_loss: 18631376152.5101
Epoch 42/100
0s - loss: 17640304796.4917 - val_loss: 17565393640.7659
Epoch 43/100
0s - loss: 16604431058.9236 - val_loss: 16549364967.1709
Epoch 44/100
0s - loss: 15626630113.3821 - val_loss: 15587038846.2189
Epoch 45/100
0s - loss: 14714217915.9601 - val_loss: 14687536485.9215
Epoch 46/100
0s - loss: 13853765675.3754 - val_loss: 13854066895.1394
Epoch 47/100
0s - loss: 13066587221.9003 - val_loss: 13093575282.0968
Epoch 48/100
0s - loss: 12351175759.9468 - val_loss: 12399860917.4064
Epoch 49/100
0s - loss: 11717945133.0764 - val_loss: 11792689488.0166
Epoch 50/100
0s - loss: 11165238664.0797 - val_loss: 11276469212.0590
Epoch 51/100
0s - loss: 10699834222.5648 - val_loss: 10836279254.7423
Epoch 52/100
0s - loss: 10318428376.0266 - val_loss: 10492720666.2646
Epoch 53/100
0s - loss: 10027232624.2658 - val_loss: 10225077987.8746
Epoch 54/100
0s - loss: 9812124792.7708 - val_loss: 10040850720.8042
Epoch 55/100
0s - loss: 9677071457.8073 - val_loss: 9923747917.4114
Epoch 56/100
0s - loss: 9581277982.6179 - val_loss: 9837101025.8010
Epoch 57/100
0s - loss: 9509209488.5847 - val_loss: 9766929703.8222
Epoch 58/100
0s - loss: 9450101421.5017 - val_loss: 9711350705.5252
Epoch 59/100
0s - loss: 9399514746.4718 - val_loss: 9662780931.2964
Epoch 60/100
0s - loss: 9353200481.8073 - val_loss: 9618374792.1080
Epoch 61/100
0s - loss: 9310784719.5216 - val_loss: 9577232106.8926
Epoch 62/100
0s - loss: 9272033488.3721 - val_loss: 9539331346.7680
Epoch 63/100
0s - loss: 9230496108.8638 - val_loss: 9499102689.9074
Epoch 64/100
0s - loss: 9190230085.7409 - val_loss: 9463521702.3601
Epoch 65/100
0s - loss: 9154390044.0664 - val_loss: 9428735145.0717
Epoch 66/100
0s - loss: 9119486395.1096 - val_loss: 9394086356.2966
Epoch 67/100
0s - loss: 9083872705.9136 - val_loss: 9362979248.7809
Epoch 68/100
0s - loss: 9050757452.5449 - val_loss: 9330789536.7776
Epoch 69/100
0s - loss: 9018477332.4120 - val_loss: 9299800212.4428
Epoch 70/100
0s - loss: 8985146100.9435 - val_loss: 9270546047.9202
Epoch 71/100
0s - loss: 8955010748.8106 - val_loss: 9242223195.5539
Epoch 72/100
0s - loss: 8925557442.7641 - val_loss: 9215444958.6110
Epoch 73/100
0s - loss: 8895911898.5781 - val_loss: 9190286800.0432
Epoch 74/100
0s - loss: 8869870636.2259 - val_loss: 9165021783.7259
Epoch 75/100
0s - loss: 8841712355.0831 - val_loss: 9140748514.0669
Epoch 76/100
0s - loss: 8818495740.5980 - val_loss: 9116509521.5053
Epoch 77/100
0s - loss: 8790442251.9070 - val_loss: 9093203192.6098
Epoch 78/100
0s - loss: 8765309405.9801 - val_loss: 9070987219.9776
Epoch 79/100
0s - loss: 8742049158.3787 - val_loss: 9049509124.9445
Epoch 80/100
0s - loss: 8719601507.5083 - val_loss: 9029893182.0993
Epoch 81/100
0s - loss: 8696286466.5515 - val_loss: 9009407323.5007
Epoch 82/100
0s - loss: 8676378736.2658 - val_loss: 8991505096.8656
Epoch 83/100
0s - loss: 8656092534.2193 - val_loss: 8972827819.1983
Epoch 84/100
0s - loss: 8635193157.7409 - val_loss: 8954613892.2800
Epoch 85/100
0s - loss: 8614305145.6213 - val_loss: 8937640293.2835
Epoch 86/100
0s - loss: 8596506191.0963 - val_loss: 8921440796.3913
Epoch 87/100
0s - loss: 8577726896.0532 - val_loss: 8906411818.2679
Epoch 88/100
0s - loss: 8560387211.4817 - val_loss: 8891814154.6866
Epoch 89/100
0s - loss: 8546411930.7907 - val_loss: 8877075854.5412
Epoch 90/100
0s - loss: 8529225819.8538 - val_loss: 8863975344.2492
Epoch 91/100
0s - loss: 8513938631.8671 - val_loss: 8850796129.9340
Epoch 92/100
0s - loss: 8501150660.4651 - val_loss: 8838591468.6471
Epoch 93/100
0s - loss: 8484333511.0166 - val_loss: 8827310500.6588
Epoch 94/100
0s - loss: 8472448570.6844 - val_loss: 8816041135.4517
Epoch 95/100
0s - loss: 8458192048.9037 - val_loss: 8804368765.7404
Epoch 96/100
0s - loss: 8445023960.8771 - val_loss: 8793405270.7157
Epoch 97/100
0s - loss: 8432516858.0465 - val_loss: 8783336160.2592
Epoch 98/100
0s - loss: 8420092474.6844 - val_loss: 8774337825.6548
Epoch 99/100
0s - loss: 8410445744.0532 - val_loss: 8765542867.2332
Epoch 100/100
0s - loss: 8401918173.9801 - val_loss: 8757216321.5020
----------- Model 3 KF: loss: 8757216321.5 
----------- Model 3: average loss: 8540297392.06 
Train on 9631 samples, validate on 4816 samples
Epoch 1/100
0s - loss: 56236947989.1052 - val_loss: 55501007358.2990
Epoch 2/100
0s - loss: 56236077782.4010 - val_loss: 55499847224.1329
Epoch 3/100
0s - loss: 56234553119.0198 - val_loss: 55498047406.3522
Epoch 4/100
0s - loss: 56232367483.8933 - val_loss: 55495619811.9336
Epoch 5/100
0s - loss: 56229544149.4973 - val_loss: 55492559473.9668
Epoch 6/100
0s - loss: 56226065460.2048 - val_loss: 55488871781.2093
Epoch 7/100
0s - loss: 56221931108.9540 - val_loss: 55484564735.1495
Epoch 8/100
0s - loss: 56217157938.6365 - val_loss: 55479618522.5781
Epoch 9/100
0s - loss: 56211734954.9945 - val_loss: 55474068497.0100
Epoch 10/100
0s - loss: 56205676979.5004 - val_loss: 55467889919.1495
Epoch 11/100
0s - loss: 56198968124.8967 - val_loss: 55461062377.0365
Epoch 12/100
0s - loss: 56191568182.6768 - val_loss: 55453641785.8339
Epoch 13/100
0s - loss: 56183581260.8186 - val_loss: 55445579769.1960
Epoch 14/100
0s - loss: 56174879137.2128 - val_loss: 55436874517.2625
Epoch 15/100
0s - loss: 56165546202.8134 - val_loss: 55427528996.5714
Epoch 16/100
0s - loss: 56155652234.6456 - val_loss: 55417637197.3953
Epoch 17/100
0s - loss: 56145072366.5896 - val_loss: 55407054562.2326
Epoch 18/100
0s - loss: 56133856583.7948 - val_loss: 55395850750.2990
Epoch 19/100
0s - loss: 56121924880.9320 - val_loss: 55384034280.1860
Epoch 20/100
0s - loss: 56109406891.2337 - val_loss: 55371637552.4784
Epoch 21/100
0s - loss: 56096218835.3176 - val_loss: 55358596405.5814
Epoch 22/100
0s - loss: 56082424610.9538 - val_loss: 55344929237.4751
Epoch 23/100
0s - loss: 56067967701.3378 - val_loss: 55330627570.3920
Epoch 24/100
0s - loss: 56052884465.6464 - val_loss: 55315682899.3488
Epoch 25/100
0s - loss: 56037132349.8802 - val_loss: 55300137000.8239
Epoch 26/100
0s - loss: 56020702394.8101 - val_loss: 55283982499.2957
Epoch 27/100
0s - loss: 56003733809.1480 - val_loss: 55267190192.0532
Epoch 28/100
0s - loss: 55986037109.8328 - val_loss: 55249771006.2990
Epoch 29/100
0s - loss: 55967728305.8258 - val_loss: 55231784286.4053
Epoch 30/100
0s - loss: 55948694350.3337 - val_loss: 55213044419.6146
Epoch 31/100
0s - loss: 55929103635.6964 - val_loss: 55193872907.9070
Epoch 32/100
0s - loss: 55908988462.9417 - val_loss: 55174031652.5714
Epoch 33/100
0s - loss: 55888049430.6734 - val_loss: 55153489314.4452
Epoch 34/100
0s - loss: 55866535759.0780 - val_loss: 55132340673.0631
Epoch 35/100
0s - loss: 55844343204.0835 - val_loss: 55110667702.8571
Epoch 36/100
0s - loss: 55821742740.4805 - val_loss: 55088445855.0432
Epoch 37/100
0s - loss: 55798366997.3444 - val_loss: 55065538464.7442
Epoch 38/100
0s - loss: 55774365305.7934 - val_loss: 55042000440.1329
Epoch 39/100
0s - loss: 55749709954.5650 - val_loss: 55017852859.9601
Epoch 40/100
0s - loss: 55724543152.3904 - val_loss: 54993044966.4850
Epoch 41/100
0s - loss: 55698440526.2805 - val_loss: 54967693720.2392
Epoch 42/100
0s - loss: 55671870972.7571 - val_loss: 54941622966.0066
Epoch 43/100
0s - loss: 55644733400.8730 - val_loss: 54914999115.6944
Epoch 44/100
0s - loss: 55617040984.9395 - val_loss: 54887870763.3754
Epoch 45/100
0s - loss: 55588551032.5972 - val_loss: 54860020344.7708
Epoch 46/100
0s - loss: 55559507128.4710 - val_loss: 54831696246.2193
Epoch 47/100
0s - loss: 55529827139.9140 - val_loss: 54802635643.3223
Epoch 48/100
0s - loss: 55499545561.1920 - val_loss: 54772973023.6811
Epoch 49/100
0s - loss: 55468570932.5503 - val_loss: 54742710455.7076
Epoch 50/100
0s - loss: 55437042778.6938 - val_loss: 54711911352.5581
Epoch 51/100
0s - loss: 55404697464.1188 - val_loss: 54680443308.6512
Epoch 52/100
0s - loss: 55371965147.5045 - val_loss: 54648333852.9169
Epoch 53/100
0s - loss: 55338559233.8872 - val_loss: 54615745491.7741
Epoch 54/100
0s - loss: 55304327299.4156 - val_loss: 54582466049.7010
Epoch 55/100
0s - loss: 55269927846.5821 - val_loss: 54548581719.6013
Epoch 56/100
0s - loss: 55234381848.4544 - val_loss: 54514012296.0797
Epoch 57/100
0s - loss: 55198304073.7618 - val_loss: 54478951570.2857
Epoch 58/100
0s - loss: 55161906519.3180 - val_loss: 54443339449.4086
Epoch 59/100
0s - loss: 55124802508.8585 - val_loss: 54407030736.3721
Epoch 60/100
0s - loss: 55087022301.1525 - val_loss: 54370259243.3754
Epoch 61/100
0s - loss: 55048635418.8998 - val_loss: 54332776692.9435
Epoch 62/100
0s - loss: 55009620147.8991 - val_loss: 54294684940.7575
Epoch 63/100
0s - loss: 54969958228.6068 - val_loss: 54256160359.7608
Epoch 64/100
0s - loss: 54929791816.1670 - val_loss: 54216903220.7309
Epoch 65/100
0s - loss: 54889089312.9868 - val_loss: 54177141824.6379
Epoch 66/100
0s - loss: 54847594430.5048 - val_loss: 54136684421.5282
Epoch 67/100
0s - loss: 54805432155.1988 - val_loss: 54095628498.9236
Epoch 68/100
0s - loss: 54762832831.0364 - val_loss: 54054012730.6844
Epoch 69/100
0s - loss: 54719355864.3414 - val_loss: 54011816405.4751
Epoch 70/100
0s - loss: 54675693125.2697 - val_loss: 53969058792.1860
Epoch 71/100
0s - loss: 54631321079.0157 - val_loss: 53925676831.4684
Epoch 72/100
0s - loss: 54586223290.9696 - val_loss: 53881876997.1030
Epoch 73/100
0s - loss: 54540378790.3428 - val_loss: 53837216186.2591
Epoch 74/100
0s - loss: 54494152316.7704 - val_loss: 53792141638.5914
Epoch 75/100
0s - loss: 54447192942.0181 - val_loss: 53746445260.9701
Epoch 76/100
0s - loss: 54399580771.7844 - val_loss: 53700322137.3023
Epoch 77/100
0s - loss: 54351684257.6646 - val_loss: 53653439117.1827
Epoch 78/100
0s - loss: 54302876786.0849 - val_loss: 53605927912.1860
Epoch 79/100
0s - loss: 54253629548.0245 - val_loss: 53557815275.5880
Epoch 80/100
0s - loss: 54203804652.7555 - val_loss: 53509200491.1628
Epoch 81/100
0s - loss: 54153176172.9814 - val_loss: 53460010103.0698
Epoch 82/100
0s - loss: 54102152587.6291 - val_loss: 53410386790.9103
Epoch 83/100
0s - loss: 54050552902.4924 - val_loss: 53360087461.8472
Epoch 84/100
0s - loss: 53998166633.1006 - val_loss: 53309214570.3123
Epoch 85/100
0s - loss: 53945600568.8298 - val_loss: 53257937413.1030
Epoch 86/100
0s - loss: 53891951655.0207 - val_loss: 53205924717.7143
Epoch 87/100
0s - loss: 53838214486.8927 - val_loss: 53153334186.9502
Epoch 88/100
0s - loss: 53783575678.2058 - val_loss: 53100287108.6777
Epoch 89/100
0s - loss: 53728453225.5259 - val_loss: 53046641197.9269
Epoch 90/100
0s - loss: 53672864750.4566 - val_loss: 52992312098.8704
Epoch 91/100
0s - loss: 53616497951.1793 - val_loss: 52937562282.0997
Epoch 92/100
0s - loss: 53559837156.4091 - val_loss: 52882272950.0066
Epoch 93/100
0s - loss: 53502208007.8679 - val_loss: 52826404340.0930
Epoch 94/100
0s - loss: 53444609324.3634 - val_loss: 52770098383.5216
Epoch 95/100
0s - loss: 53386132362.5127 - val_loss: 52712979704.3455
Epoch 96/100
0s - loss: 53326906127.8156 - val_loss: 52655472966.5914
Epoch 97/100
0s - loss: 53267137619.0385 - val_loss: 52597385848.7708
Epoch 98/100
0s - loss: 53206889942.9060 - val_loss: 52538703953.6478
Epoch 99/100
0s - loss: 53146001469.2422 - val_loss: 52479388607.3621
Epoch 100/100
0s - loss: 53084636064.4153 - val_loss: 52419610426.6844
----------- Model 4 KF: loss: 52419610426.7 
Train on 9631 samples, validate on 4816 samples
Epoch 1/100
0s - loss: 55978793729.1430 - val_loss: 56017258883.8272
Epoch 2/100
0s - loss: 55977943396.3958 - val_loss: 56016074867.6678
Epoch 3/100
0s - loss: 55976434479.0747 - val_loss: 56014233042.0731
Epoch 4/100
0s - loss: 55974298841.8565 - val_loss: 56011746579.5615
Epoch 5/100
0s - loss: 55971521215.4352 - val_loss: 56008620936.9302
Epoch 6/100
0s - loss: 55968100882.3408 - val_loss: 56004842057.1429
Epoch 7/100
0s - loss: 55964054052.6284 - val_loss: 56000452043.2691
Epoch 8/100
0s - loss: 55959372293.1567 - val_loss: 55995399661.2890
Epoch 9/100
0s - loss: 55954050001.5367 - val_loss: 55989693198.4585
Epoch 10/100
0s - loss: 55948068317.7107 - val_loss: 55983365313.9136
Epoch 11/100
0s - loss: 55941482786.2627 - val_loss: 55976379388.5980
Epoch 12/100
0s - loss: 55934257616.6330 - val_loss: 55968779199.3621
Epoch 13/100
0s - loss: 55926399742.3786 - val_loss: 55960539843.6146
Epoch 14/100
0s - loss: 55917908776.9079 - val_loss: 55951658218.7375
Epoch 15/100
0s - loss: 55908803125.2148 - val_loss: 55942121778.1794
Epoch 16/100
0s - loss: 55899001596.2521 - val_loss: 55931943517.5548
Epoch 17/100
0s - loss: 55888623827.5834 - val_loss: 55921143372.5449
Epoch 18/100
0s - loss: 55877622165.0919 - val_loss: 55909722309.3156
Epoch 19/100
0s - loss: 55865983942.6917 - val_loss: 55897636687.0963
Epoch 20/100
0s - loss: 55853605658.4479 - val_loss: 55884906319.0963
Epoch 21/100
0s - loss: 55840763049.1604 - val_loss: 55871599612.5980
Epoch 22/100
0s - loss: 55827245077.0520 - val_loss: 55857679894.1130
Epoch 23/100
0s - loss: 55813122033.7527 - val_loss: 55843074537.8870
Epoch 24/100
0s - loss: 55798310211.7545 - val_loss: 55827781706.8439
Epoch 25/100
0s - loss: 55782908429.2373 - val_loss: 55811939004.8106
Epoch 26/100
0s - loss: 55766831387.6706 - val_loss: 55795424939.8007
Epoch 27/100
0s - loss: 55750086194.5567 - val_loss: 55778219984.3721
Epoch 28/100
0s - loss: 55732758316.4166 - val_loss: 55760449182.1927
Epoch 29/100
0s - loss: 55714890214.9609 - val_loss: 55742058142.1927
Epoch 30/100
0s - loss: 55696264976.5599 - val_loss: 55723004979.0299
Epoch 31/100
0s - loss: 55677129345.7676 - val_loss: 55703313778.8173
Epoch 32/100
0s - loss: 55657261342.8604 - val_loss: 55683068856.5581
Epoch 33/100
0s - loss: 55636831608.7036 - val_loss: 55662144923.6412
Epoch 34/100
0s - loss: 55615779046.5090 - val_loss: 55640524929.2757
Epoch 35/100
0s - loss: 55594043248.4635 - val_loss: 55618292317.5548
Epoch 36/100
0s - loss: 55571750748.6874 - val_loss: 55595480863.4684
Epoch 37/100
0s - loss: 55548847207.0273 - val_loss: 55572063242.2060
Epoch 38/100
0s - loss: 55525218257.8557 - val_loss: 55547971726.8837
Epoch 39/100
0s - loss: 55501080182.8163 - val_loss: 55523215843.0831
Epoch 40/100
0s - loss: 55476262070.9825 - val_loss: 55497961662.5116
Epoch 41/100
0s - loss: 55450742777.6206 - val_loss: 55472016972.5449
Epoch 42/100
0s - loss: 55424749248.6047 - val_loss: 55445414146.5515
Epoch 43/100
0s - loss: 55398119175.8413 - val_loss: 55418232587.0565
Epoch 44/100
0s - loss: 55370849594.6107 - val_loss: 55390387529.9934
Epoch 45/100
0s - loss: 55343001284.0071 - val_loss: 55362005189.3156
Epoch 46/100
0s - loss: 55314624816.5100 - val_loss: 55332974387.8804
Epoch 47/100
0s - loss: 55285417350.5256 - val_loss: 55303267093.2625
Epoch 48/100
0s - loss: 55255642642.3408 - val_loss: 55272977622.3256
Epoch 49/100
0s - loss: 55225301186.9970 - val_loss: 55242090747.7475
Epoch 50/100
0s - loss: 55194275391.3155 - val_loss: 55210445201.4352
Epoch 51/100
0s - loss: 55162730108.3451 - val_loss: 55178250382.8837
Epoch 52/100
0s - loss: 55130499527.2765 - val_loss: 55145466584.0266
Epoch 53/100
0s - loss: 55097655533.7390 - val_loss: 55112077189.5282
Epoch 54/100
0s - loss: 55064206089.6488 - val_loss: 55078100257.1694
Epoch 55/100
0s - loss: 55030299713.3888 - val_loss: 55043428311.1761
Epoch 56/100
0s - loss: 54995620258.9139 - val_loss: 55008183809.7010
Epoch 57/100
0s - loss: 54960287183.8887 - val_loss: 54972440725.6877
Epoch 58/100
0s - loss: 54924657312.8140 - val_loss: 54936122609.5415
Epoch 59/100
0s - loss: 54888320326.5189 - val_loss: 54899075976.9302
Epoch 60/100
0s - loss: 54851061656.8664 - val_loss: 54861376175.2027
Epoch 61/100
0s - loss: 54813614475.5228 - val_loss: 54823136409.0897
Epoch 62/100
0s - loss: 54775277498.0392 - val_loss: 54784227511.7076
Epoch 63/100
0s - loss: 54736231397.1002 - val_loss: 54744668507.0033
Epoch 64/100
0s - loss: 54696870173.3718 - val_loss: 54704464157.7674
Epoch 65/100
0s - loss: 54656691037.0063 - val_loss: 54663808758.6445
Epoch 66/100
0s - loss: 54616127276.8419 - val_loss: 54622540851.0299
Epoch 67/100
0s - loss: 54574735687.0506 - val_loss: 54580521279.7874
Epoch 68/100
0s - loss: 54532732505.0458 - val_loss: 54537967677.2359
Epoch 69/100
0s - loss: 54490521924.4988 - val_loss: 54494864326.1661
Epoch 70/100
0s - loss: 54447497574.0970 - val_loss: 54451241096.0797
Epoch 71/100
0s - loss: 54403765373.9931 - val_loss: 54406900997.9535
Epoch 72/100
0s - loss: 54359519921.8258 - val_loss: 54361902831.8405
Epoch 73/100
0s - loss: 54314438008.7036 - val_loss: 54316279460.9967
Epoch 74/100
0s - loss: 54269222667.4563 - val_loss: 54270384420.5714
Epoch 75/100
0s - loss: 54223169765.4457 - val_loss: 54223608590.4585
Epoch 76/100
0s - loss: 54176532777.9180 - val_loss: 54176162717.3422
Epoch 77/100
0s - loss: 54129287847.1934 - val_loss: 54128296521.1429
Epoch 78/100
0s - loss: 54081575688.3730 - val_loss: 54079942084.4651
Epoch 79/100
0s - loss: 54033347906.0534 - val_loss: 54030909943.4950
Epoch 80/100
0s - loss: 53984440936.6753 - val_loss: 53981255496.2924
Epoch 81/100
0s - loss: 53934709237.2082 - val_loss: 53930999957.6877
Epoch 82/100
0s - loss: 53884923526.7648 - val_loss: 53880346494.7243
Epoch 83/100
0s - loss: 53834088073.9545 - val_loss: 53828828707.7209
Epoch 84/100
0s - loss: 53782641624.7667 - val_loss: 53776824775.8671
Epoch 85/100
0s - loss: 53730861659.0659 - val_loss: 53724367684.8904
Epoch 86/100
0s - loss: 53678567286.6303 - val_loss: 53671285960.7176
Epoch 87/100
0s - loss: 53625751767.4111 - val_loss: 53617570554.0465
Epoch 88/100
0s - loss: 53572037940.6566 - val_loss: 53563256042.7375
Epoch 89/100
0s - loss: 53517807361.2493 - val_loss: 53508284633.7276
Epoch 90/100
0s - loss: 53463376878.6693 - val_loss: 53453004582.2724
Epoch 91/100
0s - loss: 53407818451.4239 - val_loss: 53396847265.5947
Epoch 92/100
0s - loss: 53351843835.9597 - val_loss: 53340159210.7375
Epoch 93/100
0s - loss: 53295378673.1413 - val_loss: 53283046423.8140
Epoch 94/100
0s - loss: 53238492865.4553 - val_loss: 53225294007.7076
Epoch 95/100
0s - loss: 53180829866.1173 - val_loss: 53167006879.8937
Epoch 96/100
0s - loss: 53122831714.8010 - val_loss: 53108177651.2425
Epoch 97/100
0s - loss: 53064196440.4876 - val_loss: 53048758203.9601
Epoch 98/100
0s - loss: 53005105095.6486 - val_loss: 52988706190.0332
Epoch 99/100
0s - loss: 52945452020.4108 - val_loss: 52928282447.0963
Epoch 100/100
0s - loss: 52884880362.2037 - val_loss: 52867097909.5814
----------- Model 4 KF: loss: 52867097909.6 
Train on 9632 samples, validate on 4815 samples
Epoch 1/100
0s - loss: 55759455589.2093 - val_loss: 56456038041.4405
Epoch 2/100
0s - loss: 55758606839.4950 - val_loss: 56454854900.5691
Epoch 3/100
0s - loss: 55757100375.6013 - val_loss: 56453008757.2336
Epoch 4/100
0s - loss: 55754974381.5017 - val_loss: 56450523449.8991
Epoch 5/100
0s - loss: 55752188094.5116 - val_loss: 56447397051.7865
Epoch 6/100
0s - loss: 55748777398.8571 - val_loss: 56443615802.3776
Epoch 7/100
0s - loss: 55744705416.9302 - val_loss: 56439184024.8025
Epoch 8/100
0s - loss: 55740000153.9402 - val_loss: 56434117034.6135
Epoch 9/100
0s - loss: 55734656915.1362 - val_loss: 56428411344.8939
Epoch 10/100
0s - loss: 55728676278.8571 - val_loss: 56422066736.1695
Epoch 11/100
0s - loss: 55722088931.0831 - val_loss: 56415079037.5809
Epoch 12/100
0s - loss: 55714861872.4784 - val_loss: 56407450910.8901
Epoch 13/100
0s - loss: 55706975915.8007 - val_loss: 56399169785.6731
Epoch 14/100
0s - loss: 55698454732.1196 - val_loss: 56390271123.1668
Epoch 15/100
0s - loss: 55689287945.3555 - val_loss: 56380728751.5049
Epoch 16/100
0s - loss: 55679527449.5150 - val_loss: 56370530099.4127
Epoch 17/100
0s - loss: 55669114900.4120 - val_loss: 56359721472.5317
Epoch 18/100
0s - loss: 55658074438.5914 - val_loss: 56348268899.1568
Epoch 19/100
0s - loss: 55646454630.9103 - val_loss: 56336178146.8644
Epoch 20/100
0s - loss: 55634122364.1728 - val_loss: 56323413984.0997
Epoch 21/100
0s - loss: 55621194823.4419 - val_loss: 56310086185.3641
Epoch 22/100
0s - loss: 55607671321.5150 - val_loss: 56296075546.4241
Epoch 23/100
0s - loss: 55593444675.1894 - val_loss: 56281389126.1807
Epoch 24/100
0s - loss: 55578580216.3455 - val_loss: 56266110437.9481
Epoch 25/100
0s - loss: 55563075584.0000 - val_loss: 56250140456.3539
Epoch 26/100
0s - loss: 55547021407.2558 - val_loss: 56233605748.2235
Epoch 27/100
0s - loss: 55530301086.1927 - val_loss: 56216391879.9086
Epoch 28/100
0s - loss: 55512831897.9402 - val_loss: 56198527453.6540
Epoch 29/100
0s - loss: 55494916109.6080 - val_loss: 56180081441.3358
Epoch 30/100
0s - loss: 55476280874.5249 - val_loss: 56160998207.9601
Epoch 31/100
0s - loss: 55457064953.1960 - val_loss: 56141306512.2957
Epoch 32/100
0s - loss: 55437205619.6678 - val_loss: 56120915764.2633
Epoch 33/100
0s - loss: 55416765647.5216 - val_loss: 56099984483.7416
Epoch 34/100
0s - loss: 55395642167.2824 - val_loss: 56078358172.8432
Epoch 35/100
0s - loss: 55373903130.3654 - val_loss: 56056060015.8638
Epoch 36/100
0s - loss: 55351642227.6678 - val_loss: 56033182532.2135
Epoch 37/100
0s - loss: 55328658374.1661 - val_loss: 56009718074.3244
Epoch 38/100
0s - loss: 55304988740.0399 - val_loss: 55985515712.0399
Epoch 39/100
0s - loss: 55280765601.5947 - val_loss: 55960718162.2496
Epoch 40/100
0s - loss: 55255767359.7874 - val_loss: 55935342197.7122
Epoch 41/100
0s - loss: 55230349080.6645 - val_loss: 55909327483.4542
Epoch 42/100
0s - loss: 55204337085.6611 - val_loss: 55882626589.2420
Epoch 43/100
0s - loss: 55177617129.0365 - val_loss: 55855322792.7526
Epoch 44/100
0s - loss: 55150243214.0332 - val_loss: 55827471464.4204
Epoch 45/100
0s - loss: 55122410009.5150 - val_loss: 55798944752.0498
Epoch 46/100
0s - loss: 55093717638.3787 - val_loss: 55769800487.0779
Epoch 47/100
0s - loss: 55064435885.5017 - val_loss: 55739921360.5749
Epoch 48/100
0s - loss: 55034674934.6445 - val_loss: 55709557351.0380
Epoch 49/100
0s - loss: 55004333372.3854 - val_loss: 55678679508.2966
Epoch 50/100
0s - loss: 54973314568.5050 - val_loss: 55646966083.2565
Epoch 51/100
0s - loss: 54941705525.5814 - val_loss: 55614786495.1360
Epoch 52/100
0s - loss: 54909346778.5781 - val_loss: 55581822379.6768
Epoch 53/100
0s - loss: 54876528306.6047 - val_loss: 55548439306.7929
Epoch 54/100
0s - loss: 54843042465.5947 - val_loss: 55514346688.4652
Epoch 55/100
0s - loss: 54808979741.7674 - val_loss: 55479543167.8671
Epoch 56/100
0s - loss: 54774109452.7575 - val_loss: 55444148243.5655
Epoch 57/100
0s - loss: 54738994084.1462 - val_loss: 55408215789.6573
Epoch 58/100
0s - loss: 54702878053.2093 - val_loss: 55371611975.4035
Epoch 59/100
0s - loss: 54666373344.5316 - val_loss: 55334343546.6567
Epoch 60/100
0s - loss: 54629309368.5581 - val_loss: 55296601675.6037
Epoch 61/100
0s - loss: 54591556822.3256 - val_loss: 55258256260.0141
Epoch 62/100
0s - loss: 54553181445.9535 - val_loss: 55219262979.7217
Epoch 63/100
0s - loss: 54514306078.6179 - val_loss: 55179669248.7975
Epoch 64/100
0s - loss: 54474946934.2193 - val_loss: 55139514440.7327
Epoch 65/100
0s - loss: 54434816449.0631 - val_loss: 55098567135.3553
Epoch 66/100
0s - loss: 54393914425.8339 - val_loss: 55057127606.4698
Epoch 67/100
0s - loss: 54352597856.1063 - val_loss: 55015064995.5954
Epoch 68/100
0s - loss: 54310593505.3821 - val_loss: 54972268544.8507
Epoch 69/100
0s - loss: 54267978993.5415 - val_loss: 54929058968.9088
Epoch 70/100
0s - loss: 54224596121.0897 - val_loss: 54885199055.3520
Epoch 71/100
0s - loss: 54180956248.4518 - val_loss: 54840678844.4777
Epoch 72/100
0s - loss: 54136688000.4252 - val_loss: 54795748253.5344
Epoch 73/100
0s - loss: 54092085935.2027 - val_loss: 54750197731.5024
Epoch 74/100
0s - loss: 54046380331.3754 - val_loss: 54703898436.8515
Epoch 75/100
0s - loss: 54000300685.1827 - val_loss: 54657056693.1406
Epoch 76/100
0s - loss: 53953432701.8737 - val_loss: 54609532206.2023
Epoch 77/100
0s - loss: 53906315583.7874 - val_loss: 54561672259.8413
Epoch 78/100
0s - loss: 53858467785.5681 - val_loss: 54512884954.4108
Epoch 79/100
0s - loss: 53810004532.7309 - val_loss: 54463793681.5452
Epoch 80/100
0s - loss: 53760971622.9103 - val_loss: 54414038359.8854
Epoch 81/100
0s - loss: 53711519451.4286 - val_loss: 54363763229.0293
Epoch 82/100
0s - loss: 53661361516.0133 - val_loss: 54312809470.5113
Epoch 83/100
0s - loss: 53610538334.4053 - val_loss: 54261258361.2212
Epoch 84/100
0s - loss: 53559542454.0066 - val_loss: 54209324924.5707
Epoch 85/100
0s - loss: 53507749962.8439 - val_loss: 54156618218.4141
Epoch 86/100
0s - loss: 53455108892.0664 - val_loss: 54103473546.5005
Epoch 87/100
0s - loss: 53402270866.2857 - val_loss: 54049527871.3753
Epoch 88/100
0s - loss: 53348643237.8472 - val_loss: 53994986141.0559
Epoch 89/100
0s - loss: 53294416205.3953 - val_loss: 53939968635.0289
Epoch 90/100
0s - loss: 53239595729.2226 - val_loss: 53884396648.8457
Epoch 91/100
0s - loss: 53184183074.8704 - val_loss: 53828301915.2349
Epoch 92/100
0s - loss: 53128475828.3056 - val_loss: 53771499934.7040
Epoch 93/100
0s - loss: 53071879076.1462 - val_loss: 53714159124.7352
Epoch 94/100
0s - loss: 53014940124.2791 - val_loss: 53656476314.5038
Epoch 95/100
0s - loss: 52957262116.5714 - val_loss: 53598007512.9221
Epoch 96/100
0s - loss: 52899138951.2292 - val_loss: 53538855359.8804
Epoch 97/100
0s - loss: 52840511324.7043 - val_loss: 53479351109.0642
Epoch 98/100
0s - loss: 52781598318.5648 - val_loss: 53419252859.9859
Epoch 99/100
0s - loss: 52721774809.7276 - val_loss: 53358593494.6359
Epoch 100/100
0s - loss: 52661486187.1628 - val_loss: 53297294763.6768
----------- Model 4 KF: loss: 53297294763.7 
----------- Model 4: average loss: 52861334366.6 
Train on 9631 samples, validate on 4816 samples
Epoch 1/100
0s - loss: 55660487573.3577 - val_loss: 56654724044.9701
Epoch 2/100
0s - loss: 55660466557.9134 - val_loss: 56654699904.4252
Epoch 3/100
0s - loss: 55660440823.4144 - val_loss: 56654669721.9402
Epoch 4/100
0s - loss: 55660408425.4196 - val_loss: 56654633279.7874
Epoch 5/100
0s - loss: 55660369064.5225 - val_loss: 56654589693.4485
Epoch 6/100
0s - loss: 55660323764.4041 - val_loss: 56654539997.1296
Epoch 7/100
0s - loss: 55660272033.8507 - val_loss: 56654486531.4020
Epoch 8/100
0s - loss: 55660213746.5501 - val_loss: 56654423621.7409
Epoch 9/100
0s - loss: 55660149762.0201 - val_loss: 56654354289.1163
Epoch 10/100
0s - loss: 55660078889.4395 - val_loss: 56654278955.3754
Epoch 11/100
0s - loss: 55660001390.3636 - val_loss: 56654196341.3688
Epoch 12/100
0s - loss: 55659918157.9084 - val_loss: 56654107862.3256
Epoch 13/100
0s - loss: 55659827931.0792 - val_loss: 56654018131.3488
Epoch 14/100
0s - loss: 55659731591.9344 - val_loss: 56653916697.5150
Epoch 15/100
0s - loss: 55659629186.4056 - val_loss: 56653808854.3256
Epoch 16/100
0s - loss: 55659520728.9528 - val_loss: 56653694873.9402
Epoch 17/100
0s - loss: 55659405462.9791 - val_loss: 56653573967.0963
Epoch 18/100
0s - loss: 55659284105.1039 - val_loss: 56653446786.9767
Epoch 19/100
0s - loss: 55659156834.8010 - val_loss: 56653315646.9369
Epoch 20/100
0s - loss: 55659022268.1657 - val_loss: 56653175430.3787
Epoch 21/100
0s - loss: 55658881761.4586 - val_loss: 56653028668.3854
Epoch 22/100
0s - loss: 55658734902.9957 - val_loss: 56652876163.8272
Epoch 23/100
0s - loss: 55658581858.6415 - val_loss: 56652716419.8272
Epoch 24/100
0s - loss: 55658422717.2821 - val_loss: 56652551042.1262
Epoch 25/100
0s - loss: 55658257252.2363 - val_loss: 56652378588.2791
Epoch 26/100
0s - loss: 55658085024.6014 - val_loss: 56652199942.8040
Epoch 27/100
0s - loss: 55657906869.6534 - val_loss: 56652014370.8704
Epoch 28/100
0s - loss: 55657722011.6574 - val_loss: 56651823342.1395
Epoch 29/100
0s - loss: 55657531174.4625 - val_loss: 56651625468.5980
Epoch 30/100
0s - loss: 55657333979.9830 - val_loss: 56651421076.8372
Epoch 31/100
0s - loss: 55657130845.8569 - val_loss: 56651212752.3721
Epoch 32/100
0s - loss: 55656920769.2427 - val_loss: 56650995160.8771
Epoch 33/100
0s - loss: 55656704231.9975 - val_loss: 56650771609.0897
Epoch 34/100
0s - loss: 55656482745.6140 - val_loss: 56650541607.1229
Epoch 35/100
0s - loss: 55656252396.9681 - val_loss: 56650304352.1063
Epoch 36/100
0s - loss: 55656016833.8008 - val_loss: 56650061204.8372
Epoch 37/100
0s - loss: 55655776150.9525 - val_loss: 56649817676.5449
Epoch 38/100
0s - loss: 55655527236.1267 - val_loss: 56649561152.6379
Epoch 39/100
0s - loss: 55655274266.1290 - val_loss: 56649298995.0299
Epoch 40/100
0s - loss: 55655013415.8712 - val_loss: 56649030659.4020
Epoch 41/100
0s - loss: 55654746998.0986 - val_loss: 56648755315.6678
Epoch 42/100
0s - loss: 55654474092.9017 - val_loss: 56648473671.4419
Epoch 43/100
0s - loss: 55654194358.3445 - val_loss: 56648188856.5581
Epoch 44/100
0s - loss: 55653909067.7554 - val_loss: 56647894407.2292
Epoch 45/100
0s - loss: 55653616148.6799 - val_loss: 56647593834.3123
Epoch 46/100
0s - loss: 55653318872.0490 - val_loss: 56647286321.3289
Epoch 47/100
0s - loss: 55653014671.2175 - val_loss: 56646972222.0864
Epoch 48/100
0s - loss: 55652703184.2608 - val_loss: 56646652598.0066
Epoch 49/100
0s - loss: 55652385928.6255 - val_loss: 56646325475.9336
Epoch 50/100
0s - loss: 55652062783.9535 - val_loss: 56645992652.1196
Epoch 51/100
0s - loss: 55651732316.1557 - val_loss: 56645652792.9834
Epoch 52/100
0s - loss: 55651395533.1774 - val_loss: 56645307422.6179
Epoch 53/100
0s - loss: 55651054159.5830 - val_loss: 56644955493.2093
Epoch 54/100
0s - loss: 55650705453.0811 - val_loss: 56644596542.0864
Epoch 55/100
0s - loss: 55650348230.0804 - val_loss: 56644232664.8771
Epoch 56/100
0s - loss: 55649986825.1704 - val_loss: 56643860663.7076
Epoch 57/100
0s - loss: 55649617720.3248 - val_loss: 56643482008.2392
Epoch 58/100
0s - loss: 55649243309.0944 - val_loss: 56643097487.7342
Epoch 59/100
0s - loss: 55648863360.9702 - val_loss: 56642706122.4186
Epoch 60/100
0s - loss: 55648477493.6135 - val_loss: 56642308892.0664
Epoch 61/100
0s - loss: 55648082636.4066 - val_loss: 56641910763.5880
Epoch 62/100
0s - loss: 55647681703.0340 - val_loss: 56641498850.2326
Epoch 63/100
0s - loss: 55647276885.8827 - val_loss: 56641082459.8538
Epoch 64/100
0s - loss: 55646865834.7819 - val_loss: 56640660803.1894
Epoch 65/100
0s - loss: 55646448460.8452 - val_loss: 56640230791.2292
Epoch 66/100
0s - loss: 55646023290.0060 - val_loss: 56639794995.8804
Epoch 67/100
0s - loss: 55645592716.2405 - val_loss: 56639355499.1628
Epoch 68/100
0s - loss: 55645152143.8289 - val_loss: 56638905061.6346
Epoch 69/100
0s - loss: 55644709783.0589 - val_loss: 56638448704.6379
Epoch 70/100
0s - loss: 55644258039.0423 - val_loss: 56637986659.5083
Epoch 71/100
0s - loss: 55643801210.6440 - val_loss: 56637517497.4086
Epoch 72/100
0s - loss: 55643337660.0594 - val_loss: 56637041980.3854
Epoch 73/100
0s - loss: 55642869924.1632 - val_loss: 56636561210.6844
Epoch 74/100
0s - loss: 55642394791.5656 - val_loss: 56636074018.0199
Epoch 75/100
0s - loss: 55641914129.3041 - val_loss: 56635580266.3123
Epoch 76/100
0s - loss: 55641424644.7580 - val_loss: 56635080608.7442
Epoch 77/100
0s - loss: 55640930277.4192 - val_loss: 56634574500.9967
Epoch 78/100
0s - loss: 55640430685.3519 - val_loss: 56634059793.0100
Epoch 79/100
0s - loss: 55639925594.2419 - val_loss: 56633543669.7940
Epoch 80/100
0s - loss: 55639412135.4858 - val_loss: 56633017884.9169
Epoch 81/100
0s - loss: 55638890522.5808 - val_loss: 56632484098.5515
Epoch 82/100
0s - loss: 55638364497.6829 - val_loss: 56631945209.1960
Epoch 83/100
0s - loss: 55637832675.6117 - val_loss: 56631400699.7475
Epoch 84/100
0s - loss: 55637296907.2437 - val_loss: 56630848950.8571
Epoch 85/100
0s - loss: 55636751187.0119 - val_loss: 56630296276.6246
Epoch 86/100
0s - loss: 55636199808.2525 - val_loss: 56629732022.0066
Epoch 87/100
0s - loss: 55635642648.9062 - val_loss: 56629160895.3621
Epoch 88/100
0s - loss: 55635077808.3372 - val_loss: 56628581413.4219
Epoch 89/100
0s - loss: 55634506125.6493 - val_loss: 56627999060.1993
Epoch 90/100
0s - loss: 55633931120.9951 - val_loss: 56627409617.2226
Epoch 91/100
0s - loss: 55633351115.3168 - val_loss: 56626817452.6512
Epoch 92/100
0s - loss: 55632763306.7819 - val_loss: 56626213013.6877
Epoch 93/100
0s - loss: 55632166898.8159 - val_loss: 56625604138.5249
Epoch 94/100
0s - loss: 55631564816.5864 - val_loss: 56624988173.6080
Epoch 95/100
0s - loss: 55630958292.5935 - val_loss: 56624365622.4319
Epoch 96/100
0s - loss: 55630340721.1812 - val_loss: 56623735777.3821
Epoch 97/100
0s - loss: 55629722340.0104 - val_loss: 56623099931.2160
Epoch 98/100
0s - loss: 55629097719.3612 - val_loss: 56622459676.0664
Epoch 99/100
0s - loss: 55628462570.5759 - val_loss: 56621811909.3156
Epoch 100/100
0s - loss: 55627824592.7393 - val_loss: 56621157270.5382
----------- Model 5 KF: loss: 56621157270.5 
Train on 9631 samples, validate on 4816 samples
Epoch 1/100
0s - loss: 56214944183.5406 - val_loss: 55545924869.9535
Epoch 2/100
0s - loss: 56214922906.5410 - val_loss: 55545900974.3522
Epoch 3/100
0s - loss: 56214896705.0699 - val_loss: 55545871472.2658
Epoch 4/100
0s - loss: 56214863632.5599 - val_loss: 55545834662.6977
Epoch 5/100
0s - loss: 56214823624.7916 - val_loss: 55545791089.9668
Epoch 6/100
0s - loss: 56214777647.6063 - val_loss: 55545741842.7110
Epoch 7/100
0s - loss: 56214724724.1051 - val_loss: 55545688608.3189
Epoch 8/100
0s - loss: 56214665886.9002 - val_loss: 55545626215.7608
Epoch 9/100
0s - loss: 56214600430.0048 - val_loss: 55545557794.8704
Epoch 10/100
0s - loss: 56214528990.5081 - val_loss: 55545483182.3522
Epoch 11/100
0s - loss: 56214450457.5442 - val_loss: 55545401942.7508
Epoch 12/100
0s - loss: 56214365337.2119 - val_loss: 55545314198.5382
Epoch 13/100
0s - loss: 56214274103.2881 - val_loss: 55545226141.3422
Epoch 14/100
0s - loss: 56214176806.8080 - val_loss: 55545125850.5781
Epoch 15/100
0s - loss: 56214073175.5838 - val_loss: 55545018973.5548
Epoch 16/100
0s - loss: 56213963312.1113 - val_loss: 55544906517.2625
Epoch 17/100
0s - loss: 56213846596.7380 - val_loss: 55544786835.1362
Epoch 18/100
0s - loss: 56213723452.6309 - val_loss: 55544661546.5249
Epoch 19/100
0s - loss: 56213594244.2662 - val_loss: 55544531427.0831
Epoch 20/100
0s - loss: 56213458026.6423 - val_loss: 55544392870.6977
Epoch 21/100
0s - loss: 56213315273.9612 - val_loss: 55544248231.5482
Epoch 22/100
0s - loss: 56213167436.0478 - val_loss: 55544097822.6179
Epoch 23/100
0s - loss: 56213012104.4660 - val_loss: 55543939915.6944
Epoch 24/100
0s - loss: 56212850613.3610 - val_loss: 55543776130.1262
Epoch 25/100
0s - loss: 56212683026.9521 - val_loss: 55543606629.2093
Epoch 26/100
0s - loss: 56212509244.0195 - val_loss: 55543429861.6346
Epoch 27/100
0s - loss: 56212328658.5202 - val_loss: 55543247188.1993
Epoch 28/100
0s - loss: 56212141430.3644 - val_loss: 55543057955.7209
Epoch 29/100
0s - loss: 56211947901.9134 - val_loss: 55542862205.0233
Epoch 30/100
0s - loss: 56211748281.9861 - val_loss: 55542660616.5050
Epoch 31/100
0s - loss: 56211541659.1789 - val_loss: 55542454904.7708
Epoch 32/100
0s - loss: 56211329972.4041 - val_loss: 55542241205.1561
Epoch 33/100
0s - loss: 56211111148.7821 - val_loss: 55542019626.5249
Epoch 34/100
0s - loss: 56210886271.5348 - val_loss: 55541794292.0930
Epoch 35/100
0s - loss: 56210654648.2849 - val_loss: 55541559976.3987
Epoch 36/100
0s - loss: 56210416754.0849 - val_loss: 55541320299.1628
Epoch 37/100
0s - loss: 56210172228.2862 - val_loss: 55541080322.5515
Epoch 38/100
0s - loss: 56209921969.1081 - val_loss: 55540828262.0598
Epoch 39/100
0s - loss: 56209664041.8914 - val_loss: 55540568907.6944
Epoch 40/100
0s - loss: 56209400939.7055 - val_loss: 55540303919.6279
Epoch 41/100
0s - loss: 56209129000.3497 - val_loss: 55540031120.5847
Epoch 42/100
0s - loss: 56208852210.0982 - val_loss: 55539753055.2558
Epoch 43/100
0s - loss: 56208569678.3869 - val_loss: 55539471179.6944
Epoch 44/100
0s - loss: 56208280842.1273 - val_loss: 55539180567.8140
Epoch 45/100
0s - loss: 56207984715.9149 - val_loss: 55538883655.4419
Epoch 46/100
0s - loss: 56207681213.4150 - val_loss: 55538580497.0100
Epoch 47/100
0s - loss: 56207374204.3717 - val_loss: 55538270235.2160
Epoch 48/100
0s - loss: 56207059593.6356 - val_loss: 55537955047.3355
Epoch 49/100
0s - loss: 56206737017.1554 - val_loss: 55537632320.6379
Epoch 50/100
0s - loss: 56206410137.5575 - val_loss: 55537304055.4950
Epoch 51/100
0s - loss: 56206075924.6267 - val_loss: 55536968959.1495
Epoch 52/100
0s - loss: 56205735665.3008 - val_loss: 55536628065.8073
Epoch 53/100
0s - loss: 56205388415.4285 - val_loss: 55536279075.7209
Epoch 54/100
0s - loss: 56205035422.8205 - val_loss: 55535924792.1329
Epoch 55/100
0s - loss: 56204677359.0148 - val_loss: 55535567977.4618
Epoch 56/100
0s - loss: 56204309928.9743 - val_loss: 55535200807.1229
Epoch 57/100
0s - loss: 56203936063.8206 - val_loss: 55534827050.5249
Epoch 58/100
0s - loss: 56203557788.8003 - val_loss: 55534448748.8638
Epoch 59/100
0s - loss: 56203172310.1618 - val_loss: 55534061329.8605
Epoch 60/100
0s - loss: 56202779881.3797 - val_loss: 55533669651.5615
Epoch 61/100
0s - loss: 56202382609.7826 - val_loss: 55533276816.5847
Epoch 62/100
0s - loss: 56201978882.6581 - val_loss: 55532872510.0864
Epoch 63/100
0s - loss: 56201566699.0011 - val_loss: 55532461222.6977
Epoch 64/100
0s - loss: 56201151122.3541 - val_loss: 55532043879.7608
Epoch 65/100
0s - loss: 56200726442.3034 - val_loss: 55531620168.2924
Epoch 66/100
0s - loss: 56200297255.8447 - val_loss: 55531188986.0465
Epoch 67/100
0s - loss: 56199859905.4553 - val_loss: 55530754374.5914
Epoch 68/100
0s - loss: 56199415417.7934 - val_loss: 55530311326.1927
Epoch 69/100
0s - loss: 56198967450.3815 - val_loss: 55529862494.4053
Epoch 70/100
0s - loss: 56198511298.6249 - val_loss: 55529407321.3023
Epoch 71/100
0s - loss: 56198049501.5247 - val_loss: 55528944582.1661
Epoch 72/100
0s - loss: 56197580545.0367 - val_loss: 55528477311.5748
Epoch 73/100
0s - loss: 56197108287.8472 - val_loss: 55528002583.8140
Epoch 74/100
0s - loss: 56196624820.3510 - val_loss: 55527521079.2824
Epoch 75/100
0s - loss: 56196138851.7047 - val_loss: 55527034090.7375
Epoch 76/100
0s - loss: 56195645042.3507 - val_loss: 55526540053.2625
Epoch 77/100
0s - loss: 56195141911.4177 - val_loss: 55526039851.3754
Epoch 78/100
0s - loss: 56194638287.9950 - val_loss: 55525533376.2126
Epoch 79/100
0s - loss: 56194121390.7424 - val_loss: 55525021675.5880
Epoch 80/100
0s - loss: 56193603521.2692 - val_loss: 55524504096.3189
Epoch 81/100
0s - loss: 56193079270.6950 - val_loss: 55523978134.5382
Epoch 82/100
0s - loss: 56192543916.5628 - val_loss: 55523445749.7940
Epoch 83/100
0s - loss: 56192004124.0694 - val_loss: 55522907608.8771
Epoch 84/100
0s - loss: 56191459726.9251 - val_loss: 55522364324.1462
Epoch 85/100
0s - loss: 56190909176.6371 - val_loss: 55521819188.7309
Epoch 86/100
0s - loss: 56190350216.5989 - val_loss: 55521261207.3887
Epoch 87/100
0s - loss: 56189788844.2970 - val_loss: 55520699443.0299
Epoch 88/100
0s - loss: 56189216828.1790 - val_loss: 55520128221.1296
Epoch 89/100
0s - loss: 56188637631.4086 - val_loss: 55519551161.4086
Epoch 90/100
0s - loss: 56188052418.4388 - val_loss: 55518968046.1395
Epoch 91/100
0s - loss: 56187462550.6336 - val_loss: 55518382114.0199
Epoch 92/100
0s - loss: 56186867339.8683 - val_loss: 55517789895.0166
Epoch 93/100
0s - loss: 56186265403.5145 - val_loss: 55517188000.7442
Epoch 94/100
0s - loss: 56185659730.9588 - val_loss: 55516582663.6545
Epoch 95/100
0s - loss: 56185046654.8969 - val_loss: 55515969433.9402
Epoch 96/100
0s - loss: 56184423934.0330 - val_loss: 55515350652.1728
Epoch 97/100
0s - loss: 56183796154.7303 - val_loss: 55514722698.6312
Epoch 98/100
0s - loss: 56183163752.9146 - val_loss: 55514089152.2126
Epoch 99/100
0s - loss: 56182518982.2930 - val_loss: 55513448284.7043
Epoch 100/100
0s - loss: 56181870876.9465 - val_loss: 55512803947.1628
----------- Model 5 KF: loss: 55512803947.2 
Train on 9632 samples, validate on 4815 samples
Epoch 1/100
0s - loss: 56100333921.8073 - val_loss: 55775053097.9489
Epoch 2/100
0s - loss: 56100312849.8605 - val_loss: 55775029039.1593
Epoch 3/100
0s - loss: 56100286361.9402 - val_loss: 55774999046.0611
Epoch 4/100
0s - loss: 56100252913.5415 - val_loss: 55774962426.2048
Epoch 5/100
0s - loss: 56100212865.2757 - val_loss: 55774919313.9971
Epoch 6/100
0s - loss: 56100166570.9502 - val_loss: 55774869575.0314
Epoch 7/100
0s - loss: 56100113288.9302 - val_loss: 55774816201.9821
Epoch 8/100
0s - loss: 56100054482.0731 - val_loss: 55774753998.0760
Epoch 9/100
0s - loss: 56099988891.6412 - val_loss: 55774685533.2021
Epoch 10/100
0s - loss: 56099916871.4419 - val_loss: 55774610741.0077
Epoch 11/100
0s - loss: 56099838101.6877 - val_loss: 55774529715.9178
Epoch 12/100
0s - loss: 56099753752.6645 - val_loss: 55774442063.2191
Epoch 13/100
0s - loss: 56099662075.7475 - val_loss: 55774354030.2687
Epoch 14/100
0s - loss: 56099564091.5349 - val_loss: 55774253558.7489
Epoch 15/100
0s - loss: 56099459936.1063 - val_loss: 55774146976.8307
Epoch 16/100
0s - loss: 56099349589.0498 - val_loss: 55774034326.1973
Epoch 17/100
0s - loss: 56099232424.3987 - val_loss: 55773915007.1227
Epoch 18/100
0s - loss: 56099108462.5648 - val_loss: 55773789590.4100
Epoch 19/100
0s - loss: 56098979649.4884 - val_loss: 55773659983.2723
Epoch 20/100
0s - loss: 56098842174.9369 - val_loss: 55773521420.2285
Epoch 21/100
0s - loss: 56098699141.5282 - val_loss: 55773376952.6496
Epoch 22/100
0s - loss: 56098550624.1063 - val_loss: 55773226442.7265
Epoch 23/100
0s - loss: 56098395452.3854 - val_loss: 55773069346.0270
Epoch 24/100
0s - loss: 56098233524.3056 - val_loss: 55772905621.7188
Epoch 25/100
0s - loss: 56098065581.5017 - val_loss: 55772735706.1981
Epoch 26/100
0s - loss: 56097890909.5548 - val_loss: 55772559665.8176
Epoch 27/100
0s - loss: 56097709705.7807 - val_loss: 55772376890.6434
Epoch 28/100
0s - loss: 56097521378.2326 - val_loss: 55772188113.1065
Epoch 29/100
0s - loss: 56097327498.6312 - val_loss: 55771993278.7639
Epoch 30/100
0s - loss: 56097127155.2425 - val_loss: 55771791805.7537
Epoch 31/100
0s - loss: 56096921497.9402 - val_loss: 55771587241.3907
Epoch 32/100
0s - loss: 56096708267.8007 - val_loss: 55771372811.7499
Epoch 33/100
0s - loss: 56096488730.3654 - val_loss: 55771152286.1724
Epoch 34/100
0s - loss: 56096263137.3821 - val_loss: 55770926207.3886
Epoch 35/100
0s - loss: 56096030665.5681 - val_loss: 55770693270.4631
Epoch 36/100
0s - loss: 56095792900.2525 - val_loss: 55770454454.5229
Epoch 37/100
0s - loss: 56095548337.7542 - val_loss: 55770214930.8212
Epoch 38/100
0s - loss: 56095296413.3422 - val_loss: 55769962601.9090
Epoch 39/100
0s - loss: 56095038399.3621 - val_loss: 55769703208.9919
Epoch 40/100
0s - loss: 56094773411.2957 - val_loss: 55769439082.0685
Epoch 41/100
0s - loss: 56094503401.8870 - val_loss: 55769168326.6858
Epoch 42/100
0s - loss: 56094225533.8737 - val_loss: 55768891025.3591
Epoch 43/100
0s - loss: 56093942161.4352 - val_loss: 55768610309.4230
Epoch 44/100
0s - loss: 56093653352.6113 - val_loss: 55768320650.3410
Epoch 45/100
0s - loss: 56093356501.4751 - val_loss: 55768024134.8187
Epoch 46/100
0s - loss: 56093054254.7774 - val_loss: 55767721970.8145
Epoch 47/100
0s - loss: 56092745170.0731 - val_loss: 55767413273.6266
Epoch 48/100
0s - loss: 56092430281.5681 - val_loss: 55767098222.7472
Epoch 49/100
0s - loss: 56092107248.6910 - val_loss: 55766776557.8700
Epoch 50/100
0s - loss: 56091777990.1661 - val_loss: 55766447952.3356
Epoch 51/100
0s - loss: 56091443771.5349 - val_loss: 55766112664.7493
Epoch 52/100
0s - loss: 56091100973.0764 - val_loss: 55765772818.3958
Epoch 53/100
0s - loss: 56090755759.2027 - val_loss: 55765426114.7514
Epoch 54/100
0s - loss: 56090400999.3355 - val_loss: 55765072687.3720
Epoch 55/100
0s - loss: 56090041218.1263 - val_loss: 55764715693.9630
Epoch 56/100
0s - loss: 56089672496.4784 - val_loss: 55764349325.2652
Epoch 57/100
0s - loss: 56089300638.1927 - val_loss: 55763976873.3907
Epoch 58/100
0s - loss: 56088919519.6811 - val_loss: 55763598351.9502
Epoch 59/100
0s - loss: 56088533447.8671 - val_loss: 55763213244.5840
Epoch 60/100
0s - loss: 56088140946.2857 - val_loss: 55762821889.0102
Epoch 61/100
0s - loss: 56087741565.8737 - val_loss: 55762429840.9869
Epoch 62/100
0s - loss: 56087337762.8704 - val_loss: 55762027994.8893
Epoch 63/100
0s - loss: 56086925965.1827 - val_loss: 55761617166.5146
Epoch 64/100
0s - loss: 56086510459.3223 - val_loss: 55761201071.6112
Epoch 65/100
0s - loss: 56086084475.3223 - val_loss: 55760778962.4357
Epoch 66/100
0s - loss: 56085653701.3156 - val_loss: 55760349735.6627
Epoch 67/100
0s - loss: 56085217041.8605 - val_loss: 55759916766.7705
Epoch 68/100
0s - loss: 56084772319.6811 - val_loss: 55759474733.9364
Epoch 69/100
0s - loss: 56084320745.8870 - val_loss: 55759025746.8345
Epoch 70/100
0s - loss: 56083867838.5116 - val_loss: 55758573466.7697
Epoch 71/100
0s - loss: 56083405208.2392 - val_loss: 55758113390.2687
Epoch 72/100
0s - loss: 56082937406.9369 - val_loss: 55757646045.6008
Epoch 73/100
0s - loss: 56082458712.4518 - val_loss: 55757172767.4750
Epoch 74/100
0s - loss: 56081976786.0731 - val_loss: 55756691746.5055
Epoch 75/100
0s - loss: 56081489137.5415 - val_loss: 55756205880.9421
Epoch 76/100
0s - loss: 56080992888.7708 - val_loss: 55755712748.0623
Epoch 77/100
0s - loss: 56080488917.4751 - val_loss: 55755213299.7715
Epoch 78/100
0s - loss: 56079982108.9169 - val_loss: 55754706980.5790
Epoch 79/100
0s - loss: 56079467251.2425 - val_loss: 55754199205.0309
Epoch 80/100
0s - loss: 56078946841.5150 - val_loss: 55753680923.6469
Epoch 81/100
0s - loss: 56078417178.3654 - val_loss: 55753156301.3317
Epoch 82/100
0s - loss: 56077886399.3621 - val_loss: 55752626670.2422
Epoch 83/100
0s - loss: 56077346632.2924 - val_loss: 55752088833.5418
Epoch 84/100
0s - loss: 56076798128.9037 - val_loss: 55751545961.6964
Epoch 85/100
0s - loss: 56076245175.7076 - val_loss: 55751001539.9211
Epoch 86/100
0s - loss: 56075686820.1462 - val_loss: 55750447167.8006
Epoch 87/100
0s - loss: 56075120680.8239 - val_loss: 55749885134.5014
Epoch 88/100
0s - loss: 56074548914.6047 - val_loss: 55749316188.6172
Epoch 89/100
0s - loss: 56073970902.3256 - val_loss: 55748740343.7591
Epoch 90/100
0s - loss: 56073382997.0498 - val_loss: 55748159299.5755
Epoch 91/100
0s - loss: 56072793764.9967 - val_loss: 55747574988.8000
Epoch 92/100
0s - loss: 56072196728.7708 - val_loss: 55746981153.8675
Epoch 93/100
0s - loss: 56071592446.2990 - val_loss: 55746381724.0457
Epoch 94/100
0s - loss: 56070982530.1263 - val_loss: 55745776456.8922
Epoch 95/100
0s - loss: 56070365360.9037 - val_loss: 55745164725.4596
Epoch 96/100
0s - loss: 56069744680.8239 - val_loss: 55744545822.8370
Epoch 97/100
0s - loss: 56069117482.5249 - val_loss: 55743921367.8588
Epoch 98/100
0s - loss: 56068477914.5781 - val_loss: 55743287985.8974
Epoch 99/100
0s - loss: 56067838319.4153 - val_loss: 55742650765.6906
Epoch 100/100
0s - loss: 56067187504.4784 - val_loss: 55742006183.7425
----------- Model 5 KF: loss: 55742006183.7 
----------- Model 5: average loss: 55958655800.5 
-----------------  Best model (index: 1) re-training....
Epoch 1/100
1s - loss: 8329663822.2690
Epoch 2/100
1s - loss: 8314853163.7151
Epoch 3/100
1s - loss: 8325118749.3619
Epoch 4/100
1s - loss: 8322500934.7203
Epoch 5/100
1s - loss: 8316401395.8618
Epoch 6/100
1s - loss: 8281726224.8162
Epoch 7/100
1s - loss: 8307731063.3261
Epoch 8/100
1s - loss: 8318991939.2295
Epoch 9/100
1s - loss: 8301753794.2283
Epoch 10/100
1s - loss: 8305235544.1744
Epoch 11/100
1s - loss: 8304331055.5780
Epoch 12/100
1s - loss: 8319329043.1907
Epoch 13/100
1s - loss: 8326925042.7986
Epoch 14/100
1s - loss: 8316828045.6001
Epoch 15/100
2s - loss: 8297774104.0282
Epoch 16/100
1s - loss: 8309056878.9091
Epoch 17/100
1s - loss: 8293355453.6743
Epoch 18/100
1s - loss: 8297258070.4733
Epoch 19/100
1s - loss: 8304784317.0186
Epoch 20/100
1s - loss: 8322699427.0943
Epoch 21/100
1s - loss: 8306603599.3145
Epoch 22/100
1s - loss: 8294985912.5709
Epoch 23/100
1s - loss: 8315121004.3574
Epoch 24/100
1s - loss: 8291250383.0398
Epoch 25/100
1s - loss: 8285464122.8656
Epoch 26/100
1s - loss: 8312675973.3603
Epoch 27/100
1s - loss: 8290794926.5591
Epoch 28/100
1s - loss: 8313330806.7945
Epoch 29/100
1s - loss: 8325804602.4404
Epoch 30/100
1s - loss: 8299658782.1416
Epoch 31/100
1s - loss: 8309952672.5427
Epoch 32/100
1s - loss: 8300926587.5080
Epoch 33/100
1s - loss: 8298043920.6922
Epoch 34/100
1s - loss: 8300716414.5381
Epoch 35/100
1s - loss: 8300063457.6280
Epoch 36/100
1s - loss: 8288311276.2600
Epoch 37/100
1s - loss: 8291150256.4552
Epoch 38/100
1s - loss: 8302905604.9793
Epoch 39/100
1s - loss: 8323406882.6602
Epoch 40/100
1s - loss: 8300370309.1831
Epoch 41/100
1s - loss: 8322626685.8825
Epoch 42/100
1s - loss: 8294590139.8668
Epoch 43/100
1s - loss: 8302437541.8587
Epoch 44/100
1s - loss: 8294962071.5232
Epoch 45/100
1s - loss: 8311190191.6755
Epoch 46/100
1s - loss: 8300594607.1616
Epoch 47/100
1s - loss: 8320007003.6298
Epoch 48/100
1s - loss: 8317961466.5600
Epoch 49/100
1s - loss: 8304408815.0775
Epoch 50/100
1s - loss: 8313267835.6498
Epoch 51/100
1s - loss: 8308895377.9414
Epoch 52/100
1s - loss: 8295846619.0539
Epoch 53/100
1s - loss: 8286295239.7392
Epoch 54/100
1s - loss: 8314277189.8697
Epoch 55/100
1s - loss: 8295716168.4923
Epoch 56/100
2s - loss: 8314677219.4355
Epoch 57/100
1s - loss: 8304242485.8509
Epoch 58/100
1s - loss: 8315288151.8200
Epoch 59/100
1s - loss: 8303794162.8164
Epoch 60/100
1s - loss: 8301839028.9915
Epoch 61/100
1s - loss: 8304802290.9936
Epoch 62/100
1s - loss: 8298019244.1138
Epoch 63/100
2s - loss: 8284566037.4057
Epoch 64/100
1s - loss: 8295583608.9740
Epoch 65/100
1s - loss: 8302769759.8649
Epoch 66/100
1s - loss: 8296100795.5656
Epoch 67/100
1s - loss: 8306819563.2677
Epoch 68/100
1s - loss: 8303269908.0235
Epoch 69/100
1s - loss: 8302963566.3421
Epoch 70/100
1s - loss: 8304075802.1901
Epoch 71/100
1s - loss: 8297352012.3198
Epoch 72/100
1s - loss: 8313711944.6695
Epoch 73/100
1s - loss: 8309384500.0435
Epoch 74/100
1s - loss: 8291683265.0056
Epoch 75/100
1s - loss: 8301791940.0180
Epoch 76/100
1s - loss: 8306223198.2347
Epoch 77/100
1s - loss: 8309817960.5831
Epoch 78/100
1s - loss: 8311985141.2794
Epoch 79/100
1s - loss: 8305476878.6190
Epoch 80/100
1s - loss: 8312247977.4381
Epoch 81/100
1s - loss: 8318954350.5370
Epoch 82/100
1s - loss: 8291318825.1811
Epoch 83/100
1s - loss: 8312579606.7878
Epoch 84/100
1s - loss: 8303802785.4818
Epoch 85/100
1s - loss: 8311460088.0437
Epoch 86/100
2s - loss: 8310005132.2888
Epoch 87/100
1s - loss: 8297351145.3894
Epoch 88/100
1s - loss: 8302733737.7039
Epoch 89/100
1s - loss: 8300534315.8037
Epoch 90/100
1s - loss: 8287124769.5793
Epoch 91/100
1s - loss: 8291726800.6878
Epoch 92/100
1s - loss: 8302946462.4517
Epoch 93/100
2s - loss: 8310811307.6354
Epoch 94/100
1s - loss: 8301600522.8978
Epoch 95/100
1s - loss: 8308645074.7610
Epoch 96/100
1s - loss: 8309128470.0613
Epoch 97/100
2s - loss: 8305686556.5645
Epoch 98/100
2s - loss: 8302305977.2088
Epoch 99/100
1s - loss: 8305329460.1143
Epoch 100/100
5s - loss: 8288375682.4011
----------- Model 6: loss_and_metrics: 56310793462.1 
