Train on 14447 samples, validate on 3096 samples
Epoch 1/2500
0s - loss: 54177097349.9273 - val_loss: 50731203496.6822
Epoch 2/2500
0s - loss: 45183826780.1969 - val_loss: 38243676710.3669
Epoch 3/2500
0s - loss: 31002340948.0280 - val_loss: 22976618945.8191
Epoch 4/2500
0s - loss: 16887898464.9104 - val_loss: 10785019141.9535
Epoch 5/2500
0s - loss: 7493304403.6027 - val_loss: 5265741121.4884
Epoch 6/2500
0s - loss: 5167318255.1483 - val_loss: 4915773445.2920
Epoch 7/2500
0s - loss: 5022176194.3878 - val_loss: 4811653178.2119
Epoch 8/2500
0s - loss: 4955550030.7474 - val_loss: 4745829353.5090
Epoch 9/2500
0s - loss: 4911266367.3665 - val_loss: 4707475658.4186
Epoch 10/2500
0s - loss: 4896576533.6626 - val_loss: 4675271369.0956
Epoch 11/2500
0s - loss: 4882612306.6104 - val_loss: 4662898714.4599
Epoch 12/2500
0s - loss: 4878685804.1980 - val_loss: 4660493911.3178
Epoch 13/2500
0s - loss: 4875169030.8753 - val_loss: 4647580535.7313
Epoch 14/2500
0s - loss: 4870093713.7111 - val_loss: 4655292082.6047
Epoch 15/2500
0s - loss: 4875689876.2982 - val_loss: 4651080382.5116
Epoch 16/2500
0s - loss: 4877865423.4651 - val_loss: 4633567587.8863
Epoch 17/2500
0s - loss: 4875131320.5886 - val_loss: 4633133057.3230
Epoch 18/2500
0s - loss: 4871117962.6054 - val_loss: 4637812153.8811
Epoch 19/2500
0s - loss: 4879259252.1011 - val_loss: 4635822410.7494
Epoch 20/2500
0s - loss: 4872603992.6883 - val_loss: 4650807379.3488
Epoch 21/2500
0s - loss: 4882476643.3734 - val_loss: 4641018328.3101
Epoch 22/2500
0s - loss: 4878421417.0305 - val_loss: 4638585994.9147
Epoch 23/2500
0s - loss: 4871731393.7498 - val_loss: 4644835854.5530
Epoch 24/2500
0s - loss: 4870944231.4756 - val_loss: 4640890975.2558
Epoch 25/2500
0s - loss: 4870560137.0638 - val_loss: 4651010145.9018
Epoch 26/2500
0s - loss: 4879375121.4364 - val_loss: 4643302951.6899
Epoch 27/2500
0s - loss: 4865417493.3702 - val_loss: 4645863390.9251
Epoch 28/2500
0s - loss: 4874006919.3981 - val_loss: 4643284379.4522
Epoch 29/2500
0s - loss: 4874066383.2081 - val_loss: 4640657501.9328
Epoch 30/2500
0s - loss: 4872576009.0903 - val_loss: 4642081686.1602
Epoch 31/2500
0s - loss: 4875784423.8477 - val_loss: 4634175113.5917
Epoch 32/2500
0s - loss: 4874885357.6244 - val_loss: 4641673186.8941
Epoch 33/2500
0s - loss: 4879206409.0903 - val_loss: 4635559445.1680
Epoch 34/2500
0s - loss: 4873707903.1760 - val_loss: 4649259840.1654
Epoch 35/2500
0s - loss: 4874988661.1288 - val_loss: 4659583310.7183
Epoch 36/2500
0s - loss: 4875613311.0343 - val_loss: 4639488898.3152
Epoch 37/2500
0s - loss: 4869564630.1987 - val_loss: 4642796436.8372
Epoch 38/2500
0s - loss: 4881128601.4901 - val_loss: 4647083706.5426
Epoch 39/2500
0s - loss: 4869212514.6824 - val_loss: 4636778222.1395
Epoch 40/2500
0s - loss: 4866895386.1369 - val_loss: 4644867671.3178
Epoch 41/2500
0s - loss: 4872129554.7034 - val_loss: 4644464538.1292
Epoch 42/2500
0s - loss: 4869697245.6056 - val_loss: 4640480943.9587
Epoch 43/2500
0s - loss: 4869117199.3100 - val_loss: 4655621442.8114
Epoch 44/2500
0s - loss: 4867326163.5052 - val_loss: 4638559030.9044
Epoch 45/2500
0s - loss: 4868581315.7522 - val_loss: 4641778734.3049
Epoch 46/2500
0s - loss: 4862637615.6312 - val_loss: 4643030584.8889
Epoch 47/2500
0s - loss: 4873895907.8519 - val_loss: 4643053635.4729
Epoch 48/2500
0s - loss: 4872371657.9010 - val_loss: 4644012484.4651
Epoch 49/2500
0s - loss: 4870087494.9506 - val_loss: 4643436409.0543
Epoch 50/2500
0s - loss: 4871950697.3096 - val_loss: 4634494764.3204
Epoch 51/2500
0s - loss: 4861096195.7921 - val_loss: 4641421714.1912
Epoch 52/2500
0s - loss: 4873166229.2994 - val_loss: 4644318016.1654
Epoch 53/2500
0s - loss: 4867933965.4317 - val_loss: 4642726482.0258
Epoch 54/2500
0s - loss: 4870046649.7759 - val_loss: 4637604086.0775
Epoch 55/2500
0s - loss: 4866917132.0673 - val_loss: 4653348698.6253
Epoch 56/2500
0s - loss: 4872301727.8870 - val_loss: 4638263616.1654
Epoch 57/2500
0s - loss: 4864361330.3468 - val_loss: 4639098022.6977
Epoch 58/2500
0s - loss: 4863450339.5595 - val_loss: 4640640739.5556
Epoch 59/2500
0s - loss: 4866125607.2674 - val_loss: 4647555974.2842
Epoch 60/2500
0s - loss: 4866597511.5133 - val_loss: 4637449795.4729
Epoch 61/2500
0s - loss: 4871950716.6598 - val_loss: 4636808705.3230
Epoch 62/2500
0s - loss: 4868511725.6067 - val_loss: 4650673540.9612
Epoch 63/2500
0s - loss: 4872459042.7134 - val_loss: 4652326434.3979
Epoch 64/2500
0s - loss: 4870866611.1132 - val_loss: 4650643586.9767
Epoch 65/2500
0s - loss: 4869739513.6208 - val_loss: 4638451049.1783
Epoch 66/2500
0s - loss: 4869455436.5236 - val_loss: 4636434858.0052
Epoch 67/2500
0s - loss: 4872338107.2289 - val_loss: 4647994709.3333
Epoch 68/2500
0s - loss: 4866333647.8726 - val_loss: 4654966318.3049
----------- Model lr = 0.1, hdn = 4, hdl = 1 
loss: 4998228651.99
Train on 14447 samples, validate on 3096 samples
Epoch 1/2500
0s - loss: 52420575643.5279 - val_loss: 45863418898.5220
Epoch 2/2500
0s - loss: 36071781992.5831 - val_loss: 24936727009.5711
Epoch 3/2500
0s - loss: 16214205777.8839 - val_loss: 8455812267.9897
Epoch 4/2500
0s - loss: 5980505906.7499 - val_loss: 4978025645.3127
Epoch 5/2500
0s - loss: 5035136203.4958 - val_loss: 4798714092.8165
Epoch 6/2500
0s - loss: 4944760153.5743 - val_loss: 4726398347.5762
Epoch 7/2500
0s - loss: 4910091821.1150 - val_loss: 4682991031.2351
Epoch 8/2500
0s - loss: 4891194623.9734 - val_loss: 4677654493.6021
Epoch 9/2500
0s - loss: 4875594143.1960 - val_loss: 4648103369.7571
Epoch 10/2500
0s - loss: 4875556275.1486 - val_loss: 4645197526.3256
Epoch 11/2500
0s - loss: 4869578373.4312 - val_loss: 4643412956.2791
Epoch 12/2500
0s - loss: 4872485669.8852 - val_loss: 4659084782.8010
Epoch 13/2500
0s - loss: 4871339067.8225 - val_loss: 4651428557.0646
Epoch 14/2500
0s - loss: 4870053363.9859 - val_loss: 4636549622.7390
Epoch 15/2500
0s - loss: 4871601636.5341 - val_loss: 4649423422.1809
Epoch 16/2500
0s - loss: 4877365903.0885 - val_loss: 4640688356.8786
Epoch 17/2500
0s - loss: 4872387571.5429 - val_loss: 4642753375.9173
Epoch 18/2500
0s - loss: 4872179640.4469 - val_loss: 4641912417.9018
Epoch 19/2500
0s - loss: 4876050497.5726 - val_loss: 4642436936.1034
Epoch 20/2500
0s - loss: 4872279502.3487 - val_loss: 4641079016.8475
Epoch 21/2500
0s - loss: 4879926510.4573 - val_loss: 4639257226.9147
Epoch 22/2500
0s - loss: 4867905559.0182 - val_loss: 4643677726.4289
Epoch 23/2500
0s - loss: 4870615016.8932 - val_loss: 4644904954.7080
Epoch 24/2500
0s - loss: 4870117317.8432 - val_loss: 4644142880.4134
Epoch 25/2500
0s - loss: 4875660958.7352 - val_loss: 4639319922.4393
Epoch 26/2500
0s - loss: 4871071319.8555 - val_loss: 4637852625.6951
Epoch 27/2500
0s - loss: 4877541136.3201 - val_loss: 4635497379.3902
Epoch 28/2500
0s - loss: 4879559777.2825 - val_loss: 4640201533.5194
Epoch 29/2500
0s - loss: 4873762660.2772 - val_loss: 4634199794.1085
Epoch 30/2500
0s - loss: 4868087333.4068 - val_loss: 4647893562.2119
Epoch 31/2500
0s - loss: 4873369134.8515 - val_loss: 4641329494.6563
Epoch 32/2500
0s - loss: 4867976404.0723 - val_loss: 4634396017.1163
Epoch 33/2500
0s - loss: 4870292490.1712 - val_loss: 4637827210.9147
Epoch 34/2500
0s - loss: 4866905190.6339 - val_loss: 4647654181.7054
Epoch 35/2500
0s - loss: 4872800210.0522 - val_loss: 4650085062.4496
Epoch 36/2500
0s - loss: 4867741165.3763 - val_loss: 4654121524.9199
Epoch 37/2500
0s - loss: 4865837076.9627 - val_loss: 4637936128.0000
Epoch 38/2500
0s - loss: 4875872675.0589 - val_loss: 4647817639.3592
Epoch 39/2500
0s - loss: 4873033148.0972 - val_loss: 4637577477.9535
Epoch 40/2500
0s - loss: 4875106721.3046 - val_loss: 4648855267.5556
Epoch 41/2500
0s - loss: 4873572223.2292 - val_loss: 4639733681.9432
Epoch 42/2500
0s - loss: 4872027807.0010 - val_loss: 4636663901.9328
Epoch 43/2500
0s - loss: 4868664249.0494 - val_loss: 4637783899.9483
Epoch 44/2500
0s - loss: 4868867613.1847 - val_loss: 4655998462.6770
Epoch 45/2500
0s - loss: 4859494360.9807 - val_loss: 4655346993.6124
Epoch 46/2500
0s - loss: 4871796990.8836 - val_loss: 4658362360.0620
Epoch 47/2500
0s - loss: 4870247641.6097 - val_loss: 4642463032.2274
Epoch 48/2500
0s - loss: 4864897476.9217 - val_loss: 4661244281.0543
Epoch 49/2500
0s - loss: 4872619443.7334 - val_loss: 4665563767.0698
Epoch 50/2500
0s - loss: 4874031465.4868 - val_loss: 4647947006.0155
Epoch 51/2500
0s - loss: 4875994107.1625 - val_loss: 4637769345.6537
Epoch 52/2500
0s - loss: 4867126003.2416 - val_loss: 4642035457.9845
Epoch 53/2500
0s - loss: 4872282510.0431 - val_loss: 4639987194.7080
Epoch 54/2500
0s - loss: 4867990150.1931 - val_loss: 4640209876.3411
Epoch 55/2500
0s - loss: 4869931345.9902 - val_loss: 4652881478.1189
Epoch 56/2500
0s - loss: 4870308736.5582 - val_loss: 4645340017.1163
Epoch 57/2500
0s - loss: 4869219487.6390 - val_loss: 4643814868.3411
Epoch 58/2500
0s - loss: 4871365482.3019 - val_loss: 4650999535.4625
Epoch 59/2500
0s - loss: 4863505493.7291 - val_loss: 4666163525.4574
Epoch 60/2500
0s - loss: 4861945449.3628 - val_loss: 4646746695.4419
Epoch 61/2500
0s - loss: 4870831005.6366 - val_loss: 4654241131.8243
Epoch 62/2500
0s - loss: 4869971864.0371 - val_loss: 4644666510.8837
Epoch 63/2500
0s - loss: 4868743579.4305 - val_loss: 4637182250.9974
Epoch 64/2500
0s - loss: 4870459397.3514 - val_loss: 4640263750.1189
Epoch 65/2500
0s - loss: 4867439150.5148 - val_loss: 4647092020.2584
Epoch 66/2500
0s - loss: 4865449382.9750 - val_loss: 4642820323.5556
Epoch 67/2500
0s - loss: 4873654732.3287 - val_loss: 4638448388.6305
Epoch 68/2500
0s - loss: 4867048213.8487 - val_loss: 4652561194.9974
Epoch 69/2500
0s - loss: 4875000755.8397 - val_loss: 4644972553.2610
Epoch 70/2500
0s - loss: 4875184383.9823 - val_loss: 4640322336.4134
Epoch 71/2500
0s - loss: 4873392912.3378 - val_loss: 4639783728.2894
Epoch 72/2500
0s - loss: 4870447274.7494 - val_loss: 4645466739.1008
Epoch 73/2500
0s - loss: 4867951300.4787 - val_loss: 4646177160.9302
Epoch 74/2500
0s - loss: 4870823414.0060 - val_loss: 4646893525.6641
Epoch 75/2500
0s - loss: 4864063568.8029 - val_loss: 4642170303.1731
Epoch 76/2500
0s - loss: 4871262603.8635 - val_loss: 4641513722.0465
Epoch 77/2500
0s - loss: 4874630233.9819 - val_loss: 4638368107.8243
Epoch 78/2500
0s - loss: 4867198283.7173 - val_loss: 4644147558.5323
Epoch 79/2500
0s - loss: 4871800780.1337 - val_loss: 4642137535.1731
Epoch 80/2500
0s - loss: 4867852802.4985 - val_loss: 4646866832.8682
----------- Model lr = 0.1, hdn = 8, hdl = 1 
loss: 5000187315.27
Train on 14447 samples, validate on 3096 samples
Epoch 1/2500
0s - loss: 50778942731.8546 - val_loss: 41390127045.7881
Epoch 2/2500
0s - loss: 28907711017.5001 - val_loss: 16066546759.4419
Epoch 3/2500
0s - loss: 8998275243.2632 - val_loss: 5112399693.3953
Epoch 4/2500
0s - loss: 5076619229.2689 - val_loss: 4846337592.8889
Epoch 5/2500
0s - loss: 4951386848.2990 - val_loss: 4718686379.9897
Epoch 6/2500
0s - loss: 4894384940.9909 - val_loss: 4675978610.4393
Epoch 7/2500
0s - loss: 4885880559.7508 - val_loss: 4668197501.6848
Epoch 8/2500
0s - loss: 4883359367.1500 - val_loss: 4652952877.6434
Epoch 9/2500
0s - loss: 4875411996.7595 - val_loss: 4650071432.9302
Epoch 10/2500
0s - loss: 4879591188.7678 - val_loss: 4664382000.9509
Epoch 11/2500
0s - loss: 4880353184.7730 - val_loss: 4637873026.3152
Epoch 12/2500
0s - loss: 4874561983.7298 - val_loss: 4659245425.1163
Epoch 13/2500
0s - loss: 4879225132.1935 - val_loss: 4633457474.8114
Epoch 14/2500
0s - loss: 4879769156.2572 - val_loss: 4648489477.2920
Epoch 15/2500
0s - loss: 4879923029.5519 - val_loss: 4645224043.1628
Epoch 16/2500
0s - loss: 4871630135.4280 - val_loss: 4649987048.1860
Epoch 17/2500
0s - loss: 4874467166.5890 - val_loss: 4657388282.0465
Epoch 18/2500
0s - loss: 4878513824.6490 - val_loss: 4639685130.5840
Epoch 19/2500
0s - loss: 4873191269.1277 - val_loss: 4637170161.4470
Epoch 20/2500
0s - loss: 4877224051.2151 - val_loss: 4639982490.1292
Epoch 21/2500
0s - loss: 4882540075.9100 - val_loss: 4642845288.5168
Epoch 22/2500
0s - loss: 4882591745.0632 - val_loss: 4636176992.5788
Epoch 23/2500
0s - loss: 4871273236.4311 - val_loss: 4650434167.0698
Epoch 24/2500
0s - loss: 4876415391.8516 - val_loss: 4643666118.4496
Epoch 25/2500
0s - loss: 4878995182.7762 - val_loss: 4640852190.2636
Epoch 26/2500
0s - loss: 4881509558.7103 - val_loss: 4658614219.0801
Epoch 27/2500
0s - loss: 4874565673.9963 - val_loss: 4648646621.6021
Epoch 28/2500
0s - loss: 4874664363.2987 - val_loss: 4646063880.5995
Epoch 29/2500
0s - loss: 4869782643.4188 - val_loss: 4642948081.4470
Epoch 30/2500
0s - loss: 4863159032.9297 - val_loss: 4655369820.6098
Epoch 31/2500
0s - loss: 4868516037.0812 - val_loss: 4648356837.5401
Epoch 32/2500
0s - loss: 4877160725.3525 - val_loss: 4647215736.3928
Epoch 33/2500
0s - loss: 4874097945.4281 - val_loss: 4643013516.8992
Epoch 34/2500
0s - loss: 4879565508.7268 - val_loss: 4648976780.8992
Epoch 35/2500
0s - loss: 4873993365.7158 - val_loss: 4656542985.9225
Epoch 36/2500
0s - loss: 4876730860.0473 - val_loss: 4639197357.3127
Epoch 37/2500
0s - loss: 4863612709.8675 - val_loss: 4640719303.1111
Epoch 38/2500
0s - loss: 4875628233.4757 - val_loss: 4644552337.5297
Epoch 39/2500
0s - loss: 4877746729.0748 - val_loss: 4640273909.4160
Epoch 40/2500
0s - loss: 4867180379.8779 - val_loss: 4641168256.9922
Epoch 41/2500
0s - loss: 4868833086.5691 - val_loss: 4640533607.1938
Epoch 42/2500
0s - loss: 4874575454.6245 - val_loss: 4653983609.0543
Epoch 43/2500
0s - loss: 4872824083.1907 - val_loss: 4650249693.6021
Epoch 44/2500
0s - loss: 4875014817.8539 - val_loss: 4649154943.6693
Epoch 45/2500
0s - loss: 4874278566.0004 - val_loss: 4643524860.6925
Epoch 46/2500
0s - loss: 4872789541.4422 - val_loss: 4643981129.4264
Epoch 47/2500
0s - loss: 4866300439.3549 - val_loss: 4646014508.9819
Epoch 48/2500
0s - loss: 4864718616.2586 - val_loss: 4676941782.9871
Epoch 49/2500
0s - loss: 4871407844.2860 - val_loss: 4661370715.9483
Epoch 50/2500
0s - loss: 4870238545.1751 - val_loss: 4648412765.9328
Epoch 51/2500
0s - loss: 4875646180.2329 - val_loss: 4644124840.0207
Epoch 52/2500
0s - loss: 4869316451.4266 - val_loss: 4647013590.3256
Epoch 53/2500
0s - loss: 4877383115.9831 - val_loss: 4643505724.8579
Epoch 54/2500
0s - loss: 4877837378.8751 - val_loss: 4648929563.1214
Epoch 55/2500
0s - loss: 4873319056.8074 - val_loss: 4646797984.0827
Epoch 56/2500
0s - loss: 4869878334.6577 - val_loss: 4644402963.1835
Epoch 57/2500
0s - loss: 4876056313.4613 - val_loss: 4639112721.1990
Epoch 58/2500
0s - loss: 4869683777.1208 - val_loss: 4641091632.9509
Epoch 59/2500
0s - loss: 4871098294.1078 - val_loss: 4649543613.8501
Epoch 60/2500
0s - loss: 4874930983.8167 - val_loss: 4642525787.2868
Epoch 61/2500
0s - loss: 4870531998.6644 - val_loss: 4637333248.6615
Epoch 62/2500
0s - loss: 4867676745.8390 - val_loss: 4641096701.3540
Epoch 63/2500
0s - loss: 4860016331.9565 - val_loss: 4645720445.0233
Epoch 64/2500
0s - loss: 4872666206.2524 - val_loss: 4643697361.0336
----------- Model lr = 0.1, hdn = 12, hdl = 1 
loss: 4999535425.49
Train on 14447 samples, validate on 3096 samples
Epoch 1/2500
0s - loss: 49344549037.1593 - val_loss: 37528763008.3307
Epoch 2/2500
0s - loss: 23278293522.6414 - val_loss: 10339977387.9897
Epoch 3/2500
0s - loss: 6254502479.2702 - val_loss: 4944241503.9173
Epoch 4/2500
0s - loss: 4993999173.7989 - val_loss: 4805051261.0233
Epoch 5/2500
0s - loss: 4907431250.3268 - val_loss: 4674452487.9380
Epoch 6/2500
0s - loss: 4885513374.4163 - val_loss: 4650907788.2377
Epoch 7/2500
0s - loss: 4876888464.5061 - val_loss: 4667874387.3488
Epoch 8/2500
0s - loss: 4878628906.6696 - val_loss: 4649098647.4832
Epoch 9/2500
0s - loss: 4876306814.9634 - val_loss: 4643145550.7183
Epoch 10/2500
0s - loss: 4886504171.3917 - val_loss: 4653592041.5090
Epoch 11/2500
0s - loss: 4877536967.7569 - val_loss: 4654349013.0026
Epoch 12/2500
0s - loss: 4883417916.4604 - val_loss: 4630169220.2997
Epoch 13/2500
0s - loss: 4881713334.5508 - val_loss: 4638749715.8450
Epoch 14/2500
0s - loss: 4873872675.9449 - val_loss: 4634274506.4186
Epoch 15/2500
0s - loss: 4875668696.8921 - val_loss: 4657068190.7597
Epoch 16/2500
0s - loss: 4887984920.8611 - val_loss: 4642742948.0517
Epoch 17/2500
0s - loss: 4881765701.3381 - val_loss: 4639351629.3953
Epoch 18/2500
0s - loss: 4874518373.0214 - val_loss: 4636873608.9302
Epoch 19/2500
0s - loss: 4875511215.0907 - val_loss: 4655678047.2558
Epoch 20/2500
0s - loss: 4870348790.6439 - val_loss: 4641418782.4289
Epoch 21/2500
0s - loss: 4884925364.0878 - val_loss: 4653549052.0310
Epoch 22/2500
0s - loss: 4876753826.2438 - val_loss: 4648211071.0078
Epoch 23/2500
0s - loss: 4874522447.5271 - val_loss: 4642931725.2300
Epoch 24/2500
0s - loss: 4864670664.5897 - val_loss: 4641563966.8424
Epoch 25/2500
0s - loss: 4871601079.0293 - val_loss: 4659030415.5452
Epoch 26/2500
0s - loss: 4873880931.3380 - val_loss: 4638088128.4961
Epoch 27/2500
0s - loss: 4874627156.5596 - val_loss: 4648104379.2041
Epoch 28/2500
0s - loss: 4874011877.2252 - val_loss: 4654829362.9354
Epoch 29/2500
0s - loss: 4881049757.0341 - val_loss: 4643422640.6202
Epoch 30/2500
0s - loss: 4878814610.3136 - val_loss: 4649952443.8656
Epoch 31/2500
0s - loss: 4873929243.1824 - val_loss: 4667960529.0336
Epoch 32/2500
0s - loss: 4876096164.7600 - val_loss: 4667479686.9457
Epoch 33/2500
0s - loss: 4875312044.2910 - val_loss: 4660144337.0336
Epoch 34/2500
0s - loss: 4871964451.7057 - val_loss: 4677643942.6977
Epoch 35/2500
0s - loss: 4871475379.7954 - val_loss: 4640686654.1809
Epoch 36/2500
0s - loss: 4874064747.1702 - val_loss: 4647623306.9147
Epoch 37/2500
0s - loss: 4874055189.4234 - val_loss: 4649447424.0000
Epoch 38/2500
0s - loss: 4869979146.8357 - val_loss: 4643811932.6098
Epoch 39/2500
0s - loss: 4871274740.5529 - val_loss: 4642757511.6072
Epoch 40/2500
0s - loss: 4867878056.4103 - val_loss: 4640395475.6796
Epoch 41/2500
0s - loss: 4875860311.7669 - val_loss: 4649934953.8398
Epoch 42/2500
0s - loss: 4876806551.9219 - val_loss: 4645229499.2041
Epoch 43/2500
0s - loss: 4873120501.4921 - val_loss: 4646636162.9767
Epoch 44/2500
0s - loss: 4877149195.9787 - val_loss: 4652393352.9302
Epoch 45/2500
0s - loss: 4880699558.3017 - val_loss: 4645532111.0491
Epoch 46/2500
0s - loss: 4872957679.2724 - val_loss: 4639343100.0310
Epoch 47/2500
0s - loss: 4869104094.2790 - val_loss: 4636414453.4160
Epoch 48/2500
0s - loss: 4869393092.0180 - val_loss: 4644916934.4496
Epoch 49/2500
0s - loss: 4880658188.3597 - val_loss: 4651431189.8295
Epoch 50/2500
0s - loss: 4868575601.2836 - val_loss: 4649741124.1344
Epoch 51/2500
0s - loss: 4871404468.5485 - val_loss: 4650903960.8062
Epoch 52/2500
0s - loss: 4872176416.4807 - val_loss: 4652026841.6331
Epoch 53/2500
0s - loss: 4880042969.0161 - val_loss: 4642750514.2739
Epoch 54/2500
0s - loss: 4866373689.5544 - val_loss: 4636874803.5969
Epoch 55/2500
0s - loss: 4875050847.4573 - val_loss: 4652410386.5220
Epoch 56/2500
0s - loss: 4869633375.6345 - val_loss: 4638201947.2868
Epoch 57/2500
0s - loss: 4879598998.2474 - val_loss: 4639158405.6227
Epoch 58/2500
0s - loss: 4869528384.3588 - val_loss: 4641508506.7907
Epoch 59/2500
0s - loss: 4871273322.9576 - val_loss: 4646075897.3850
Epoch 60/2500
0s - loss: 4877959234.5029 - val_loss: 4641008289.4057
Epoch 61/2500
0s - loss: 4875039332.8973 - val_loss: 4643939878.3669
Epoch 62/2500
0s - loss: 4870574122.7405 - val_loss: 4643355356.9406
Epoch 63/2500
0s - loss: 4870321004.0916 - val_loss: 4659140645.0439
----------- Model lr = 0.1, hdn = 16, hdl = 1 
loss: 5003486774.24
Train on 14447 samples, validate on 3096 samples
Epoch 1/2500
0s - loss: 47640238115.7234 - val_loss: 33478587447.5659
Epoch 2/2500
0s - loss: 18558424477.7252 - val_loss: 6766115193.0543
Epoch 3/2500
0s - loss: 5333360193.9891 - val_loss: 4854967477.2506
Epoch 4/2500
0s - loss: 4959655859.8397 - val_loss: 4722288167.6899
Epoch 5/2500
0s - loss: 4902985810.4863 - val_loss: 4693654891.8243
Epoch 6/2500
0s - loss: 4886294209.4132 - val_loss: 4646235542.1602
Epoch 7/2500
0s - loss: 4873354350.8205 - val_loss: 4683917913.9638
Epoch 8/2500
0s - loss: 4878326987.6907 - val_loss: 4646061328.5375
Epoch 9/2500
0s - loss: 4880601606.4501 - val_loss: 4644910987.5762
Epoch 10/2500
0s - loss: 4887617659.8004 - val_loss: 4644038629.5401
Epoch 11/2500
0s - loss: 4887522983.7015 - val_loss: 4643581761.4884
Epoch 12/2500
0s - loss: 4883031667.6935 - val_loss: 4650283640.3928
Epoch 13/2500
0s - loss: 4888323741.5303 - val_loss: 4634275846.6150
Epoch 14/2500
0s - loss: 4880890864.8317 - val_loss: 4660238535.7726
Epoch 15/2500
0s - loss: 4872303423.6500 - val_loss: 4673518576.1240
Epoch 16/2500
0s - loss: 4878398445.3763 - val_loss: 4634347539.8450
Epoch 17/2500
0s - loss: 4884948654.7541 - val_loss: 4648797706.5840
Epoch 18/2500
0s - loss: 4875965957.9539 - val_loss: 4648365558.7390
Epoch 19/2500
0s - loss: 4871403310.7275 - val_loss: 4641210464.5788
Epoch 20/2500
0s - loss: 4870888401.4674 - val_loss: 4652571757.8088
Epoch 21/2500
0s - loss: 4873715773.2224 - val_loss: 4644501334.6563
Epoch 22/2500
0s - loss: 4873414164.9450 - val_loss: 4656653232.6202
Epoch 23/2500
0s - loss: 4866327638.9695 - val_loss: 4638202746.3773
Epoch 24/2500
0s - loss: 4878271122.2427 - val_loss: 4669459579.0388
Epoch 25/2500
0s - loss: 4881577404.2921 - val_loss: 4640803785.7571
Epoch 26/2500
0s - loss: 4871998917.9849 - val_loss: 4642009896.3514
Epoch 27/2500
0s - loss: 4872626524.4627 - val_loss: 4637353416.4341
Epoch 28/2500
0s - loss: 4877950524.9566 - val_loss: 4649668831.5866
Epoch 29/2500
0s - loss: 4879996367.7663 - val_loss: 4650401258.8320
Epoch 30/2500
0s - loss: 4869003689.2786 - val_loss: 4664433820.1137
Epoch 31/2500
0s - loss: 4880388790.6394 - val_loss: 4635441518.4703
Epoch 32/2500
0s - loss: 4876080077.1260 - val_loss: 4647406150.1189
Epoch 33/2500
0s - loss: 4883803883.9410 - val_loss: 4636099445.0853
Epoch 34/2500
0s - loss: 4871976592.1694 - val_loss: 4638091883.1628
Epoch 35/2500
0s - loss: 4875027934.1904 - val_loss: 4662076352.4961
Epoch 36/2500
0s - loss: 4884011064.8456 - val_loss: 4647251613.4367
Epoch 37/2500
0s - loss: 4870596845.1637 - val_loss: 4639212215.8966
Epoch 38/2500
0s - loss: 4872442269.5126 - val_loss: 4647294404.4651
Epoch 39/2500
0s - loss: 4870597270.5132 - val_loss: 4657128494.3049
Epoch 40/2500
0s - loss: 4870618926.5060 - val_loss: 4644407841.0749
Epoch 41/2500
0s - loss: 4858324427.4781 - val_loss: 4636265970.7700
Epoch 42/2500
0s - loss: 4871107752.5166 - val_loss: 4644685196.8992
Epoch 43/2500
0s - loss: 4876540125.8537 - val_loss: 4649304562.7700
Epoch 44/2500
0s - loss: 4876045846.5752 - val_loss: 4643510237.6021
Epoch 45/2500
0s - loss: 4876263798.3338 - val_loss: 4641409366.6563
Epoch 46/2500
0s - loss: 4880111731.3568 - val_loss: 4637187062.7390
Epoch 47/2500
0s - loss: 4865894982.7026 - val_loss: 4648663636.6718
Epoch 48/2500
0s - loss: 4861238756.6758 - val_loss: 4680106646.8217
Epoch 49/2500
0s - loss: 4879924176.1916 - val_loss: 4639600145.1990
Epoch 50/2500
0s - loss: 4860752376.3804 - val_loss: 4687543102.8424
Epoch 51/2500
0s - loss: 4873267249.9348 - val_loss: 4642203073.8191
Epoch 52/2500
0s - loss: 4867400528.7852 - val_loss: 4641598351.5452
Epoch 53/2500
0s - loss: 4865801260.0252 - val_loss: 4659839461.5401
Epoch 54/2500
0s - loss: 4871028122.6419 - val_loss: 4646799607.4005
Epoch 55/2500
0s - loss: 4869761542.9817 - val_loss: 4641521464.2274
Epoch 56/2500
0s - loss: 4870840255.7298 - val_loss: 4647122891.0801
Epoch 57/2500
0s - loss: 4869403451.6985 - val_loss: 4635950041.6331
Epoch 58/2500
0s - loss: 4877152133.7678 - val_loss: 4637150353.5297
Epoch 59/2500
0s - loss: 4868603529.6485 - val_loss: 4636480665.4677
Epoch 60/2500
0s - loss: 4870303993.7980 - val_loss: 4648333526.3256
Epoch 61/2500
0s - loss: 4869741848.3649 - val_loss: 4646871249.0336
Epoch 62/2500
0s - loss: 4868538429.7717 - val_loss: 4643957521.8605
Epoch 63/2500
0s - loss: 4874709634.3125 - val_loss: 4650767726.4703
Epoch 64/2500
0s - loss: 4872713484.9001 - val_loss: 4664042965.6641
----------- Model lr = 0.1, hdn = 20, hdl = 1 
loss: 5009171215.21
Train on 14447 samples, validate on 3096 samples
Epoch 1/2500
0s - loss: 45972697728.6113 - val_loss: 29681937394.7700
Epoch 2/2500
0s - loss: 14936078167.9441 - val_loss: 5324574348.2377
Epoch 3/2500
0s - loss: 5082747020.2002 - val_loss: 4802677715.0181
Epoch 4/2500
0s - loss: 4919545518.8427 - val_loss: 4692671330.5633
Epoch 5/2500
0s - loss: 4887091028.4001 - val_loss: 4677210489.0543
Epoch 6/2500
0s - loss: 4898247106.5472 - val_loss: 4646699127.0698
Epoch 7/2500
0s - loss: 4891498367.3887 - val_loss: 4646477059.3075
Epoch 8/2500
0s - loss: 4886511105.5062 - val_loss: 4670846662.4496
Epoch 9/2500
0s - loss: 4887073796.6426 - val_loss: 4644911868.6925
Epoch 10/2500
0s - loss: 4894158546.9382 - val_loss: 4659131190.9044
Epoch 11/2500
0s - loss: 4878457196.4992 - val_loss: 4642238716.6925
Epoch 12/2500
0s - loss: 4881769009.5450 - val_loss: 4638101238.0775
Epoch 13/2500
0s - loss: 4881903719.9806 - val_loss: 4635953046.1602
Epoch 14/2500
0s - loss: 4870819337.8966 - val_loss: 4645755730.6873
Epoch 15/2500
0s - loss: 4880321204.2118 - val_loss: 4648002332.4444
Epoch 16/2500
0s - loss: 4867292723.7245 - val_loss: 4646164695.6486
Epoch 17/2500
0s - loss: 4891884118.8986 - val_loss: 4646663501.3953
Epoch 18/2500
0s - loss: 4881028322.0356 - val_loss: 4655456135.6072
Epoch 19/2500
0s - loss: 4880522474.8955 - val_loss: 4638190099.8450
Epoch 20/2500
0s - loss: 4887298030.9357 - val_loss: 4654799484.3618
Epoch 21/2500
0s - loss: 4885315003.1049 - val_loss: 4643215830.9871
Epoch 22/2500
0s - loss: 4872123283.3147 - val_loss: 4640656999.1938
Epoch 23/2500
0s - loss: 4877613873.2703 - val_loss: 4645208314.0465
Epoch 24/2500
0s - loss: 4873494188.1758 - val_loss: 4664983094.2429
Epoch 25/2500
0s - loss: 4876107689.5621 - val_loss: 4661281410.9767
Epoch 26/2500
0s - loss: 4879688339.2173 - val_loss: 4640141626.8734
Epoch 27/2500
0s - loss: 4879353458.4177 - val_loss: 4648472728.1447
Epoch 28/2500
0s - loss: 4874674878.0287 - val_loss: 4682277595.6176
Epoch 29/2500
0s - loss: 4875016166.3947 - val_loss: 4640790911.6693
Epoch 30/2500
0s - loss: 4877593140.6282 - val_loss: 4667640354.3979
Epoch 31/2500
0s - loss: 4879728960.8018 - val_loss: 4658340898.3979
Epoch 32/2500
0s - loss: 4873771394.3479 - val_loss: 4644152106.9974
Epoch 33/2500
0s - loss: 4870534130.2139 - val_loss: 4647713213.8501
Epoch 34/2500
0s - loss: 4879123844.0313 - val_loss: 4642083285.6641
Epoch 35/2500
0s - loss: 4880970035.4056 - val_loss: 4633052359.7726
Epoch 36/2500
0s - loss: 4872384684.5922 - val_loss: 4656869809.9432
Epoch 37/2500
0s - loss: 4875358292.2760 - val_loss: 4638073522.6047
Epoch 38/2500
0s - loss: 4873838006.7812 - val_loss: 4640019454.6770
Epoch 39/2500
0s - loss: 4875176552.8312 - val_loss: 4638525455.8760
Epoch 40/2500
0s - loss: 4872709772.6609 - val_loss: 4658958007.8966
Epoch 41/2500
0s - loss: 4877377393.3190 - val_loss: 4664957052.3618
Epoch 42/2500
0s - loss: 4876964730.6752 - val_loss: 4652810925.3127
Epoch 43/2500
0s - loss: 4875899435.5911 - val_loss: 4641733278.7597
Epoch 44/2500
0s - loss: 4877698478.3288 - val_loss: 4639270458.2119
Epoch 45/2500
0s - loss: 4879989554.7676 - val_loss: 4659162967.9793
Epoch 46/2500
0s - loss: 4882696111.8704 - val_loss: 4642802924.8165
Epoch 47/2500
0s - loss: 4874138493.8647 - val_loss: 4653761375.9173
Epoch 48/2500
0s - loss: 4873971422.2612 - val_loss: 4642015042.8114
Epoch 49/2500
0s - loss: 4873986476.0075 - val_loss: 4644888687.1318
Epoch 50/2500
0s - loss: 4883193225.2055 - val_loss: 4643546112.0000
Epoch 51/2500
0s - loss: 4879317105.0355 - val_loss: 4656272058.5426
Epoch 52/2500
0s - loss: 4870474917.9295 - val_loss: 4646852995.6382
Epoch 53/2500
0s - loss: 4880088929.8318 - val_loss: 4640881300.1757
Epoch 54/2500
0s - loss: 4884911702.4379 - val_loss: 4639769360.5375
Epoch 55/2500
0s - loss: 4877380691.9925 - val_loss: 4641384834.3152
Epoch 56/2500
0s - loss: 4867901432.5931 - val_loss: 4646685146.9561
Epoch 57/2500
0s - loss: 4870910754.2172 - val_loss: 4639004312.1447
Epoch 58/2500
0s - loss: 4870554201.9110 - val_loss: 4649571212.8992
Epoch 59/2500
0s - loss: 4872342554.3496 - val_loss: 4643171756.6512
Epoch 60/2500
0s - loss: 4878706158.4573 - val_loss: 4636002047.3385
Epoch 61/2500
0s - loss: 4877691801.5787 - val_loss: 4665626385.8605
Epoch 62/2500
0s - loss: 4877801541.9938 - val_loss: 4650077795.2248
Epoch 63/2500
0s - loss: 4874641245.6145 - val_loss: 4640056251.2041
Epoch 64/2500
0s - loss: 4881174389.4301 - val_loss: 4641963239.5245
Epoch 65/2500
0s - loss: 4874652643.8785 - val_loss: 4640581474.5633
Epoch 66/2500
0s - loss: 4872593407.1494 - val_loss: 4648733881.2196
Epoch 67/2500
0s - loss: 4873404799.4595 - val_loss: 4640662542.5530
Epoch 68/2500
0s - loss: 4868972833.4730 - val_loss: 4647871879.6072
Epoch 69/2500
0s - loss: 4872216873.8634 - val_loss: 4640997602.2326
Epoch 70/2500
0s - loss: 4874099611.8646 - val_loss: 4642185223.9380
Epoch 71/2500
0s - loss: 4873555206.6981 - val_loss: 4652165547.3282
Epoch 72/2500
0s - loss: 4876010834.5218 - val_loss: 4650759466.9974
Epoch 73/2500
0s - loss: 4865387003.5169 - val_loss: 4634986703.7106
Epoch 74/2500
0s - loss: 4865556457.0350 - val_loss: 4656569288.4341
Epoch 75/2500
0s - loss: 4871852507.3906 - val_loss: 4657753983.6693
Epoch 76/2500
0s - loss: 4865878697.1191 - val_loss: 4653396974.8010
Epoch 77/2500
0s - loss: 4872339208.3815 - val_loss: 4646988397.8088
Epoch 78/2500
0s - loss: 4875319169.9049 - val_loss: 4654598121.5090
Epoch 79/2500
0s - loss: 4869645615.1705 - val_loss: 4643050537.0129
Epoch 80/2500
0s - loss: 4877729637.9162 - val_loss: 4656263863.8966
Epoch 81/2500
0s - loss: 4873118590.5027 - val_loss: 4638861662.5943
Epoch 82/2500
0s - loss: 4874877147.4615 - val_loss: 4653845376.9922
Epoch 83/2500
0s - loss: 4865886299.9665 - val_loss: 4642924495.0491
Epoch 84/2500
0s - loss: 4863351507.4343 - val_loss: 4682681859.9690
Epoch 85/2500
0s - loss: 4867161890.9969 - val_loss: 4650001324.6512
Epoch 86/2500
0s - loss: 4869169538.6846 - val_loss: 4650898225.6124
----------- Model lr = 0.1, hdn = 24, hdl = 1 
loss: 4998617580.16
