Train on 14447 samples, validate on 3096 samples
Epoch 1/2500
0s - loss: 55519963021.6001 - val_loss: 54605166385.6124
Epoch 2/2500
0s - loss: 53077409289.6042 - val_loss: 51041098283.6589
Epoch 3/2500
0s - loss: 48633993365.2728 - val_loss: 45599799237.7881
Epoch 4/2500
0s - loss: 42544889287.6860 - val_loss: 38763169638.5323
Epoch 5/2500
0s - loss: 35324121440.4142 - val_loss: 31134441186.2326
Epoch 6/2500
0s - loss: 27720168968.8954 - val_loss: 23516195429.8708
Epoch 7/2500
0s - loss: 20409673372.0418 - val_loss: 16669982249.0129
Epoch 8/2500
0s - loss: 14166294555.9975 - val_loss: 11121014903.0698
Epoch 9/2500
0s - loss: 9258881198.5060 - val_loss: 7168171987.0181
Epoch 10/2500
0s - loss: 6266947746.7222 - val_loss: 5344818821.6227
Epoch 11/2500
0s - loss: 5265718220.6476 - val_loss: 5019247066.9561
Epoch 12/2500
0s - loss: 5111467283.8641 - val_loss: 4929786739.7623
Epoch 13/2500
0s - loss: 5052300372.3115 - val_loss: 4868524502.9871
Epoch 14/2500
0s - loss: 5004460527.2724 - val_loss: 4819309056.0000
Epoch 15/2500
0s - loss: 4971269222.7225 - val_loss: 4780457080.3928
Epoch 16/2500
0s - loss: 4944417315.5285 - val_loss: 4748887403.8243
Epoch 17/2500
0s - loss: 4928540760.2808 - val_loss: 4729537616.7028
Epoch 18/2500
0s - loss: 4909462883.6038 - val_loss: 4705502211.9690
Epoch 19/2500
0s - loss: 4895023944.6163 - val_loss: 4693824059.5349
Epoch 20/2500
0s - loss: 4888907576.5443 - val_loss: 4687314762.7494
Epoch 21/2500
0s - loss: 4886469490.2227 - val_loss: 4672679408.1240
Epoch 22/2500
0s - loss: 4881763206.4058 - val_loss: 4665606055.3592
Epoch 23/2500
0s - loss: 4878224120.8589 - val_loss: 4660931525.7881
Epoch 24/2500
0s - loss: 4874560214.6682 - val_loss: 4653278465.9845
Epoch 25/2500
0s - loss: 4872854299.5899 - val_loss: 4651943971.7209
Epoch 26/2500
0s - loss: 4872579379.3170 - val_loss: 4647766559.7519
Epoch 27/2500
0s - loss: 4871739665.9149 - val_loss: 4650752582.1189
Epoch 28/2500
0s - loss: 4866851476.2628 - val_loss: 4641051091.0181
Epoch 29/2500
0s - loss: 4867231523.8829 - val_loss: 4642756560.3721
Epoch 30/2500
0s - loss: 4869721091.9294 - val_loss: 4641019896.0620
Epoch 31/2500
0s - loss: 4869598675.0268 - val_loss: 4640894196.7545
Epoch 32/2500
0s - loss: 4866882951.5044 - val_loss: 4637527882.7494
Epoch 33/2500
0s - loss: 4872486489.9819 - val_loss: 4639480485.3747
Epoch 34/2500
0s - loss: 4868577601.2714 - val_loss: 4634532047.7106
Epoch 35/2500
0s - loss: 4867682883.8674 - val_loss: 4643519675.8656
Epoch 36/2500
0s - loss: 4870120444.2434 - val_loss: 4645044086.4083
Epoch 37/2500
0s - loss: 4874484902.7092 - val_loss: 4638440795.9483
Epoch 38/2500
0s - loss: 4868693547.0240 - val_loss: 4638297192.5168
Epoch 39/2500
0s - loss: 4868683654.3747 - val_loss: 4638727817.5917
Epoch 40/2500
0s - loss: 4867955466.7383 - val_loss: 4639323536.8682
Epoch 41/2500
0s - loss: 4870602153.5621 - val_loss: 4638181190.7804
Epoch 42/2500
0s - loss: 4871452402.0367 - val_loss: 4640356873.2610
Epoch 43/2500
0s - loss: 4868923799.0979 - val_loss: 4634685638.4496
Epoch 44/2500
0s - loss: 4873381986.4166 - val_loss: 4638344431.4625
Epoch 45/2500
0s - loss: 4875392815.6223 - val_loss: 4639173766.9457
Epoch 46/2500
0s - loss: 4875507681.9470 - val_loss: 4639239134.9251
Epoch 47/2500
0s - loss: 4873240845.5558 - val_loss: 4635193080.7235
Epoch 48/2500
0s - loss: 4868291553.4154 - val_loss: 4645656496.6202
Epoch 49/2500
0s - loss: 4869630201.5677 - val_loss: 4637938334.7597
Epoch 50/2500
0s - loss: 4872999985.7399 - val_loss: 4638811057.9432
Epoch 51/2500
0s - loss: 4871751993.8556 - val_loss: 4634115376.2894
Epoch 52/2500
0s - loss: 4871606825.7836 - val_loss: 4637968201.4264
Epoch 53/2500
0s - loss: 4871812494.0785 - val_loss: 4635949230.6357
Epoch 54/2500
0s - loss: 4870324593.9215 - val_loss: 4637631554.1499
Epoch 55/2500
0s - loss: 4867779279.2702 - val_loss: 4638640092.2791
Epoch 56/2500
0s - loss: 4867744360.6894 - val_loss: 4637750936.1447
Epoch 57/2500
0s - loss: 4870789926.7181 - val_loss: 4636117851.9483
Epoch 58/2500
0s - loss: 4870155130.1790 - val_loss: 4638582376.5168
Epoch 59/2500
0s - loss: 4869159358.0464 - val_loss: 4638663638.9871
Epoch 60/2500
0s - loss: 4867110042.6419 - val_loss: 4640858818.4806
Epoch 61/2500
0s - loss: 4872965717.0912 - val_loss: 4639874968.8062
Epoch 62/2500
0s - loss: 4872245409.6768 - val_loss: 4635115977.7571
Epoch 63/2500
0s - loss: 4869834493.5546 - val_loss: 4638700678.9457
Epoch 64/2500
0s - loss: 4868142174.6422 - val_loss: 4636591045.7881
Epoch 65/2500
0s - loss: 4867403878.2795 - val_loss: 4643923811.8863
Epoch 66/2500
0s - loss: 4871103385.4901 - val_loss: 4641738785.0749
Epoch 67/2500
0s - loss: 4871145118.0973 - val_loss: 4642553814.9871
Epoch 68/2500
0s - loss: 4867445081.1136 - val_loss: 4642758597.7881
Epoch 69/2500
0s - loss: 4869419980.6830 - val_loss: 4637119073.9018
Epoch 70/2500
0s - loss: 4869234250.1580 - val_loss: 4638658776.9716
Epoch 71/2500
0s - loss: 4869183913.2520 - val_loss: 4642146903.3178
Epoch 72/2500
0s - loss: 4870129255.9806 - val_loss: 4639313542.9457
Epoch 73/2500
0s - loss: 4869651061.8376 - val_loss: 4639042791.5245
Epoch 74/2500
0s - loss: 4872110472.4081 - val_loss: 4639948052.5065
Epoch 75/2500
0s - loss: 4866331894.5198 - val_loss: 4640684464.6202
Epoch 76/2500
0s - loss: 4868875101.2246 - val_loss: 4638090961.0336
Epoch 77/2500
0s - loss: 4869568096.2902 - val_loss: 4641617745.3643
Epoch 78/2500
0s - loss: 4867505760.9635 - val_loss: 4641543390.2636
Epoch 79/2500
0s - loss: 4862759496.5277 - val_loss: 4642057507.0594
Epoch 80/2500
0s - loss: 4873957206.1189 - val_loss: 4639531426.0672
Epoch 81/2500
0s - loss: 4871322179.4775 - val_loss: 4637886725.9535
Epoch 82/2500
0s - loss: 4870541307.1270 - val_loss: 4638338227.9276
Epoch 83/2500
0s - loss: 4871012341.3149 - val_loss: 4636700199.6899
Epoch 84/2500
0s - loss: 4867470335.5038 - val_loss: 4641849545.0956
Epoch 85/2500
0s - loss: 4868247647.7940 - val_loss: 4634297230.2222
Epoch 86/2500
0s - loss: 4872220520.4945 - val_loss: 4641462098.6873
Epoch 87/2500
0s - loss: 4874012694.2562 - val_loss: 4643509676.6512
Epoch 88/2500
0s - loss: 4870612996.0401 - val_loss: 4641989667.7209
Epoch 89/2500
0s - loss: 4869081262.8072 - val_loss: 4642622710.0775
Epoch 90/2500
0s - loss: 4869340793.0272 - val_loss: 4639830075.5349
Epoch 91/2500
0s - loss: 4867206856.6961 - val_loss: 4639848723.1835
Epoch 92/2500
0s - loss: 4869427001.3240 - val_loss: 4641014680.8062
Epoch 93/2500
0s - loss: 4872383866.0018 - val_loss: 4639844055.6486
Epoch 94/2500
0s - loss: 4869502453.0668 - val_loss: 4641234848.7442
Epoch 95/2500
0s - loss: 4869765299.2195 - val_loss: 4643970230.5736
Epoch 96/2500
0s - loss: 4865247930.0948 - val_loss: 4641734719.5039
Epoch 97/2500
0s - loss: 4870071421.3509 - val_loss: 4639336383.1731
Epoch 98/2500
0s - loss: 4864802143.7586 - val_loss: 4648831911.3592
Epoch 99/2500
0s - loss: 4868685030.8908 - val_loss: 4640432045.9742
Epoch 100/2500
0s - loss: 4864200469.1753 - val_loss: 4642700819.8450
Epoch 101/2500
0s - loss: 4864624703.3311 - val_loss: 4640682540.9819
Epoch 102/2500
0s - loss: 4864818606.5591 - val_loss: 4643080422.2016
----------- Model lr = 0.1, hdn = 8, hdl = 0 
loss: 5000488832.99
Train on 14447 samples, validate on 3096 samples
Epoch 1/2500
0s - loss: 52434833670.8222 - val_loss: 45903454991.2145
Epoch 2/2500
0s - loss: 36267012559.4119 - val_loss: 25086082923.8243
Epoch 3/2500
0s - loss: 16281743308.3286 - val_loss: 8492976337.0336
Epoch 4/2500
0s - loss: 6019658697.0327 - val_loss: 4972799309.3953
Epoch 5/2500
0s - loss: 5038184582.0691 - val_loss: 4810777971.7623
Epoch 6/2500
0s - loss: 4942226533.2872 - val_loss: 4743782536.2687
Epoch 7/2500
0s - loss: 4901620190.0840 - val_loss: 4678944943.9587
Epoch 8/2500
0s - loss: 4884071860.6725 - val_loss: 4668051941.5401
Epoch 9/2500
0s - loss: 4883036420.3945 - val_loss: 4653472631.7313
Epoch 10/2500
0s - loss: 4877422721.2493 - val_loss: 4654740769.7364
Epoch 11/2500
0s - loss: 4877471814.3836 - val_loss: 4652889203.1008
Epoch 12/2500
0s - loss: 4878547233.1009 - val_loss: 4636915454.0155
Epoch 13/2500
0s - loss: 4881717804.2999 - val_loss: 4641813632.3307
Epoch 14/2500
0s - loss: 4879179555.8829 - val_loss: 4639436219.2041
Epoch 15/2500
0s - loss: 4877461726.0840 - val_loss: 4645732801.8191
Epoch 16/2500
0s - loss: 4880467321.9398 - val_loss: 4641577034.0879
Epoch 17/2500
0s - loss: 4871725562.3651 - val_loss: 4651378325.4987
Epoch 18/2500
0s - loss: 4873049241.1712 - val_loss: 4641420626.6873
Epoch 19/2500
0s - loss: 4876180709.5796 - val_loss: 4641743565.0646
Epoch 20/2500
0s - loss: 4870422403.4111 - val_loss: 4659149296.1240
Epoch 21/2500
0s - loss: 4871711275.5113 - val_loss: 4642737208.8889
Epoch 22/2500
0s - loss: 4864878373.7612 - val_loss: 4653137220.1344
Epoch 23/2500
0s - loss: 4873217192.6761 - val_loss: 4652979876.0517
Epoch 24/2500
0s - loss: 4869968450.5738 - val_loss: 4657796663.5659
Epoch 25/2500
0s - loss: 4875313226.8490 - val_loss: 4636155472.7028
Epoch 26/2500
0s - loss: 4875262335.2469 - val_loss: 4644033726.5116
Epoch 27/2500
0s - loss: 4875198258.1652 - val_loss: 4651404090.8734
Epoch 28/2500
0s - loss: 4876890017.3844 - val_loss: 4640562254.0568
Epoch 29/2500
0s - loss: 4869483874.5938 - val_loss: 4643983524.0517
Epoch 30/2500
0s - loss: 4869039746.6846 - val_loss: 4643223316.5065
Epoch 31/2500
0s - loss: 4876347376.4065 - val_loss: 4646858144.7442
Epoch 32/2500
0s - loss: 4868477983.9668 - val_loss: 4646906942.1809
Epoch 33/2500
0s - loss: 4875671191.4523 - val_loss: 4652578130.6873
Epoch 34/2500
0s - loss: 4870172751.8815 - val_loss: 4637344398.8837
Epoch 35/2500
0s - loss: 4873272797.9777 - val_loss: 4645474901.9948
Epoch 36/2500
0s - loss: 4872068415.0298 - val_loss: 4647497802.0879
Epoch 37/2500
0s - loss: 4869477672.1357 - val_loss: 4645390892.9819
Epoch 38/2500
0s - loss: 4871455849.0084 - val_loss: 4642797485.9742
Epoch 39/2500
0s - loss: 4872119755.4072 - val_loss: 4645525836.0724
Epoch 40/2500
0s - loss: 4872507376.7608 - val_loss: 4646927079.5245
Epoch 41/2500
0s - loss: 4867275547.9266 - val_loss: 4635622460.8579
Epoch 42/2500
0s - loss: 4878048175.1971 - val_loss: 4645861573.1266
Epoch 43/2500
0s - loss: 4872384288.4629 - val_loss: 4646310884.2171
Epoch 44/2500
0s - loss: 4869885174.9097 - val_loss: 4641099674.1292
Epoch 45/2500
0s - loss: 4868188942.5835 - val_loss: 4650323011.4729
Epoch 46/2500
0s - loss: 4873462453.5940 - val_loss: 4652098966.1602
Epoch 47/2500
0s - loss: 4871969565.2202 - val_loss: 4636501459.0181
Epoch 48/2500
0s - loss: 4871895580.9544 - val_loss: 4645589470.9251
Epoch 49/2500
0s - loss: 4880602674.7499 - val_loss: 4639324432.5375
Epoch 50/2500
0s - loss: 4876630559.1162 - val_loss: 4646486135.0698
Epoch 51/2500
0s - loss: 4869693637.9672 - val_loss: 4644879240.9302
Epoch 52/2500
0s - loss: 4869702163.1730 - val_loss: 4644872659.0181
Epoch 53/2500
0s - loss: 4870505419.9034 - val_loss: 4643624753.6124
Epoch 54/2500
0s - loss: 4866606770.4753 - val_loss: 4643500110.0568
Epoch 55/2500
0s - loss: 4874166437.7878 - val_loss: 4644786033.1163
Epoch 56/2500
0s - loss: 4868452536.1811 - val_loss: 4644730464.5788
Epoch 57/2500
0s - loss: 4873386596.5429 - val_loss: 4649476604.0310
Epoch 58/2500
0s - loss: 4874909629.6211 - val_loss: 4641020517.8708
Epoch 59/2500
0s - loss: 4877484740.4433 - val_loss: 4648091562.0052
Epoch 60/2500
0s - loss: 4865917550.2358 - val_loss: 4645135662.9664
Epoch 61/2500
0s - loss: 4866061247.3577 - val_loss: 4657987288.9716
Epoch 62/2500
0s - loss: 4868160385.1252 - val_loss: 4652993066.3359
Epoch 63/2500
0s - loss: 4870022821.3271 - val_loss: 4657771382.4083
Epoch 64/2500
0s - loss: 4870409831.0592 - val_loss: 4637026771.0181
Epoch 65/2500
0s - loss: 4866687745.2581 - val_loss: 4638199587.0594
Epoch 66/2500
0s - loss: 4862842078.7751 - val_loss: 4638680660.6718
Epoch 67/2500
0s - loss: 4864896543.5415 - val_loss: 4648844364.7339
Epoch 68/2500
0s - loss: 4871727421.5236 - val_loss: 4642149877.4160
Epoch 69/2500
0s - loss: 4861141606.3858 - val_loss: 4651288771.8036
Epoch 70/2500
0s - loss: 4869480758.4357 - val_loss: 4644417345.4884
Epoch 71/2500
0s - loss: 4873661771.0440 - val_loss: 4639687257.9638
Epoch 72/2500
0s - loss: 4867351883.8945 - val_loss: 4644929098.0879
Epoch 73/2500
0s - loss: 4868462851.8098 - val_loss: 4644112013.5607
Epoch 74/2500
0s - loss: 4871533878.1876 - val_loss: 4647476013.6434
Epoch 75/2500
0s - loss: 4871579196.7794 - val_loss: 4638390989.0646
Epoch 76/2500
0s - loss: 4868883206.0779 - val_loss: 4639316178.3566
Epoch 77/2500
0s - loss: 4871547124.8719 - val_loss: 4635780154.2119
Epoch 78/2500
0s - loss: 4867196853.7977 - val_loss: 4639957813.5814
Epoch 79/2500
0s - loss: 4870641860.1420 - val_loss: 4652295911.5245
Epoch 80/2500
0s - loss: 4872078052.6581 - val_loss: 4644465630.9251
Epoch 81/2500
0s - loss: 4866929872.0144 - val_loss: 4639490556.0310
Epoch 82/2500
0s - loss: 4871088570.6264 - val_loss: 4638743156.4238
Epoch 83/2500
0s - loss: 4868197481.9830 - val_loss: 4644027922.5220
Epoch 84/2500
0s - loss: 4867334817.6590 - val_loss: 4645628539.0388
Epoch 85/2500
0s - loss: 4877637765.2894 - val_loss: 4644693362.4393
Epoch 86/2500
0s - loss: 4872029519.1018 - val_loss: 4649218026.8320
Epoch 87/2500
0s - loss: 4869940803.6547 - val_loss: 4639407647.7519
Epoch 88/2500
0s - loss: 4870070500.9062 - val_loss: 4645330721.7364
Epoch 89/2500
0s - loss: 4867425386.0361 - val_loss: 4656318356.8372
Epoch 90/2500
0s - loss: 4868283156.2007 - val_loss: 4635651994.1292
Epoch 91/2500
0s - loss: 4870616652.0540 - val_loss: 4638947207.6072
Epoch 92/2500
0s - loss: 4869689908.4156 - val_loss: 4640712361.3437
----------- Model lr = 0.1, hdn = 8, hdl = 1 
loss: 5005152044.32
Train on 14447 samples, validate on 3096 samples
Epoch 1/2500
0s - loss: 12405133317.1742 - val_loss: 4728403686.2016
Epoch 2/2500
0s - loss: 4990098900.0900 - val_loss: 4770365758.8424
Epoch 3/2500
0s - loss: 4951713010.1076 - val_loss: 4766853290.6667
Epoch 4/2500
0s - loss: 4944429312.3190 - val_loss: 4728270464.3307
Epoch 5/2500
0s - loss: 4964871365.1521 - val_loss: 4714267778.9767
Epoch 6/2500
0s - loss: 4954161844.0346 - val_loss: 4675166914.4806
Epoch 7/2500
0s - loss: 4931054330.9853 - val_loss: 4723267843.3075
Epoch 8/2500
0s - loss: 4967720885.3636 - val_loss: 4708991798.9044
Epoch 9/2500
0s - loss: 4974175524.0955 - val_loss: 4681013815.5659
Epoch 10/2500
0s - loss: 4947874457.4281 - val_loss: 4685306637.8915
Epoch 11/2500
0s - loss: 4947278213.1299 - val_loss: 4966585087.3385
Epoch 12/2500
0s - loss: 4938176720.9181 - val_loss: 4719433689.6331
Epoch 13/2500
0s - loss: 4929073767.9629 - val_loss: 4723967674.5426
Epoch 14/2500
0s - loss: 4929998151.6772 - val_loss: 4651820137.8398
Epoch 15/2500
0s - loss: 4936295327.6035 - val_loss: 4658256167.0284
Epoch 16/2500
0s - loss: 4918091921.2326 - val_loss: 4702036386.0672
Epoch 17/2500
0s - loss: 4932283151.5758 - val_loss: 4718878137.8811
Epoch 18/2500
0s - loss: 4928221647.2524 - val_loss: 4723006044.6098
Epoch 19/2500
0s - loss: 4924659289.7338 - val_loss: 4758976146.8527
Epoch 20/2500
0s - loss: 4938514765.7019 - val_loss: 4726861306.7080
Epoch 21/2500
0s - loss: 4924897140.5441 - val_loss: 4679895983.2972
Epoch 22/2500
0s - loss: 4938945878.5619 - val_loss: 4668483986.1912
Epoch 23/2500
0s - loss: 4927941398.0259 - val_loss: 4660180179.6796
Epoch 24/2500
0s - loss: 4930863861.9174 - val_loss: 4732517768.9302
Epoch 25/2500
0s - loss: 4927115841.3511 - val_loss: 4738471982.3049
Epoch 26/2500
0s - loss: 4935165074.0655 - val_loss: 4706146429.6848
Epoch 27/2500
0s - loss: 4953105794.9858 - val_loss: 4732545184.0827
Epoch 28/2500
0s - loss: 4934031464.0869 - val_loss: 4724028798.3463
Epoch 29/2500
0s - loss: 4936263028.3491 - val_loss: 4659340126.5943
Epoch 30/2500
0s - loss: 4920736954.5024 - val_loss: 4653183362.3152
Epoch 31/2500
0s - loss: 4926635295.7364 - val_loss: 4661221778.1912
Epoch 32/2500
0s - loss: 4914410526.8150 - val_loss: 4659778815.3385
Epoch 33/2500
0s - loss: 4929149920.0155 - val_loss: 4849037453.5607
Epoch 34/2500
0s - loss: 4930101329.6889 - val_loss: 4772406698.0052
Epoch 35/2500
0s - loss: 4921552133.0502 - val_loss: 4692768705.8191
Epoch 36/2500
0s - loss: 4929389903.0487 - val_loss: 4638239448.9716
Epoch 37/2500
0s - loss: 4936688703.8272 - val_loss: 4661818024.0207
Epoch 38/2500
0s - loss: 4926615747.2738 - val_loss: 4666014274.1499
Epoch 39/2500
0s - loss: 4938276471.4678 - val_loss: 4800198534.2842
Epoch 40/2500
0s - loss: 4932650458.0439 - val_loss: 4902864231.8553
Epoch 41/2500
0s - loss: 4940064048.9248 - val_loss: 4657535147.9897
Epoch 42/2500
0s - loss: 4941482784.9768 - val_loss: 4660318886.6977
Epoch 43/2500
0s - loss: 4917530553.7050 - val_loss: 4798113294.5530
Epoch 44/2500
0s - loss: 4919448195.2693 - val_loss: 4675965205.8295
Epoch 45/2500
0s - loss: 4919966480.7099 - val_loss: 4647401989.2920
Epoch 46/2500
0s - loss: 4914752195.4155 - val_loss: 4655617975.2351
Epoch 47/2500
0s - loss: 4919963616.5648 - val_loss: 4771597024.9096
Epoch 48/2500
0s - loss: 4937908619.8103 - val_loss: 4707172472.3928
Epoch 49/2500
0s - loss: 4929269464.5554 - val_loss: 4657738610.4393
Epoch 50/2500
0s - loss: 4929103645.2911 - val_loss: 4758127635.8450
Epoch 51/2500
0s - loss: 4932846856.2752 - val_loss: 4671233113.9638
Epoch 52/2500
0s - loss: 4929940129.4464 - val_loss: 4646718761.6744
Epoch 53/2500
0s - loss: 4927562930.6347 - val_loss: 4840889994.9147
Epoch 54/2500
0s - loss: 4921122668.5701 - val_loss: 4698842163.5969
Epoch 55/2500
0s - loss: 4929711437.4539 - val_loss: 4827457700.0517
Epoch 56/2500
0s - loss: 4937149979.1470 - val_loss: 4665669678.3049
Epoch 57/2500
0s - loss: 4938646079.2425 - val_loss: 4733997725.4367
Epoch 58/2500
0s - loss: 4928661096.7957 - val_loss: 4789152963.8036
Epoch 59/2500
0s - loss: 4943053026.1419 - val_loss: 4643114240.6615
Epoch 60/2500
0s - loss: 4946340996.9173 - val_loss: 4654573742.6357
Epoch 61/2500
0s - loss: 4924932392.1711 - val_loss: 4875806518.9044
Epoch 62/2500
1s - loss: 4944841862.0558 - val_loss: 4656292255.4212
Epoch 63/2500
0s - loss: 4924019115.4759 - val_loss: 4804466631.1111
Epoch 64/2500
0s - loss: 4931411181.8725 - val_loss: 4741956824.9716
Epoch 65/2500
0s - loss: 4939424074.6718 - val_loss: 4678501346.8941
Epoch 66/2500
0s - loss: 4924916979.5606 - val_loss: 4648454147.9690
Epoch 67/2500
0s - loss: 4945108083.1087 - val_loss: 4651459779.8036
Epoch 68/2500
0s - loss: 4935219303.2718 - val_loss: 4664682740.7545
Epoch 69/2500
0s - loss: 4926214830.0453 - val_loss: 5102551518.9251
Epoch 70/2500
0s - loss: 4943106828.5280 - val_loss: 4646718991.8760
Epoch 71/2500
0s - loss: 4916862148.4078 - val_loss: 4658613746.7700
Epoch 72/2500
0s - loss: 4940765521.9902 - val_loss: 4665751245.0646
Epoch 73/2500
0s - loss: 4949581985.3578 - val_loss: 4665708565.1680
Epoch 74/2500
0s - loss: 4926592126.2369 - val_loss: 4639980648.5168
Epoch 75/2500
0s - loss: 4927923431.7768 - val_loss: 4649570634.7494
Epoch 76/2500
0s - loss: 4927745303.9042 - val_loss: 5106476579.7209
Epoch 77/2500
0s - loss: 4934770731.2544 - val_loss: 4674753747.6796
Epoch 78/2500
0s - loss: 4924399765.3437 - val_loss: 4747619498.6667
Epoch 79/2500
0s - loss: 4933400094.9213 - val_loss: 4636380509.2713
Epoch 80/2500
0s - loss: 4942937794.4941 - val_loss: 4778836845.1473
Epoch 81/2500
0s - loss: 4944422714.6353 - val_loss: 4785641104.2067
Epoch 82/2500
0s - loss: 4930163282.6104 - val_loss: 4663270216.1034
Epoch 83/2500
0s - loss: 4941177463.3615 - val_loss: 4638089640.6822
Epoch 84/2500
0s - loss: 4932830239.2491 - val_loss: 4845184709.1266
Epoch 85/2500
0s - loss: 4934541444.0490 - val_loss: 4751889869.7261
Epoch 86/2500
0s - loss: 4943200172.6808 - val_loss: 5156349817.0543
Epoch 87/2500
0s - loss: 4954425418.4946 - val_loss: 4753062328.5581
Epoch 88/2500
0s - loss: 4956089892.0069 - val_loss: 4646473466.0465
Epoch 89/2500
0s - loss: 4946201559.0315 - val_loss: 5771534177.2403
Epoch 90/2500
0s - loss: 4922332008.8843 - val_loss: 4804295926.0775
Epoch 91/2500
0s - loss: 4938140633.5123 - val_loss: 4638926982.9457
Epoch 92/2500
0s - loss: 4929504260.0756 - val_loss: 4646997781.8295
Epoch 93/2500
0s - loss: 4932531324.0042 - val_loss: 4652176710.7804
Epoch 94/2500
0s - loss: 4924039355.2776 - val_loss: 4701509999.7933
Epoch 95/2500
0s - loss: 4938465619.1420 - val_loss: 4778622422.9871
Epoch 96/2500
0s - loss: 4933860230.5918 - val_loss: 4664152414.5943
Epoch 97/2500
0s - loss: 4917210785.9248 - val_loss: 4641229892.7959
Epoch 98/2500
0s - loss: 4939215625.6751 - val_loss: 4643255814.6150
Epoch 99/2500
0s - loss: 4933182379.4936 - val_loss: 4666743571.1835
Epoch 100/2500
0s - loss: 4937117770.8490 - val_loss: 4865959450.4599
Epoch 101/2500
0s - loss: 4929959727.3654 - val_loss: 4663719199.0904
Epoch 102/2500
0s - loss: 4919246015.7564 - val_loss: 4720169850.3773
Epoch 103/2500
0s - loss: 4941670775.6628 - val_loss: 4655842289.4470
Epoch 104/2500
0s - loss: 4934594004.4089 - val_loss: 4661398985.7571
Epoch 105/2500
0s - loss: 4949743606.7502 - val_loss: 4945234302.3463
Epoch 106/2500
0s - loss: 4925049585.2747 - val_loss: 4692902450.2739
Epoch 107/2500
0s - loss: 4936485262.8936 - val_loss: 4666439349.2506
Epoch 108/2500
0s - loss: 4935213531.2134 - val_loss: 4686786505.7571
Epoch 109/2500
0s - loss: 4929488204.2489 - val_loss: 4796396864.1654
Epoch 110/2500
0s - loss: 4960772241.7288 - val_loss: 4655984225.9018
Epoch 111/2500
0s - loss: 4940449320.4901 - val_loss: 4694235486.5943
Epoch 112/2500
0s - loss: 4941213300.6504 - val_loss: 4791278154.0879
Epoch 113/2500
0s - loss: 4923625594.0727 - val_loss: 4646183015.1938
Epoch 114/2500
0s - loss: 4941510940.4051 - val_loss: 4745830545.5297
Epoch 115/2500
0s - loss: 4952607802.3695 - val_loss: 4722934930.8527
Epoch 116/2500
0s - loss: 4951232811.9277 - val_loss: 4649826659.8863
Epoch 117/2500
0s - loss: 4949183211.3385 - val_loss: 4649980472.8889
Epoch 118/2500
0s - loss: 4934343521.3534 - val_loss: 4645741278.2636
Epoch 119/2500
0s - loss: 4918491245.3675 - val_loss: 4988303770.1292
Epoch 120/2500
0s - loss: 4934747004.8370 - val_loss: 5276910905.5504
Epoch 121/2500
0s - loss: 4938242300.7218 - val_loss: 4665305551.0491
Epoch 122/2500
0s - loss: 4930417962.1469 - val_loss: 4638372722.4393
Epoch 123/2500
0s - loss: 4930361044.1431 - val_loss: 4644843193.2196
Epoch 124/2500
0s - loss: 4950982609.6801 - val_loss: 4640380650.1705
Epoch 125/2500
0s - loss: 4925648104.9641 - val_loss: 4795925341.2713
Epoch 126/2500
0s - loss: 4929059565.4295 - val_loss: 4680253478.3669
Epoch 127/2500
0s - loss: 4947926305.2249 - val_loss: 4644073388.6512
Epoch 128/2500
0s - loss: 4947791693.5247 - val_loss: 4847508006.3669
Epoch 129/2500
0s - loss: 4942359291.6941 - val_loss: 4724136111.9587
Epoch 130/2500
0s - loss: 4947547920.4973 - val_loss: 4692092621.0646
----------- Model lr = 0.1, hdn = 8, hdl = 2 
loss: 5016470919.61
Train on 14447 samples, validate on 3096 samples
Epoch 1/2500
0s - loss: 7164416368.5748 - val_loss: 5969197058.6460
Epoch 2/2500
0s - loss: 5228261473.7078 - val_loss: 6396726991.7106
Epoch 3/2500
0s - loss: 5228900960.5648 - val_loss: 4731645891.1421
Epoch 4/2500
0s - loss: 5233375848.7780 - val_loss: 4698004456.1860
Epoch 5/2500
0s - loss: 5205713724.9389 - val_loss: 4741173300.9199
Epoch 6/2500
0s - loss: 5215738095.7863 - val_loss: 5027936340.6718
Epoch 7/2500
0s - loss: 5242214386.2139 - val_loss: 4650389232.7855
Epoch 8/2500
0s - loss: 5169670570.4481 - val_loss: 5036560927.7519
Epoch 9/2500
0s - loss: 5191473460.2915 - val_loss: 4914931161.6331
Epoch 10/2500
0s - loss: 5183513363.7932 - val_loss: 6091247563.0801
Epoch 11/2500
0s - loss: 5196251993.7781 - val_loss: 4711416959.0078
Epoch 12/2500
0s - loss: 5130304727.1910 - val_loss: 4774545496.6408
Epoch 13/2500
0s - loss: 5113652869.3957 - val_loss: 5199223465.3437
Epoch 14/2500
0s - loss: 5135271193.7471 - val_loss: 4971847645.6021
Epoch 15/2500
0s - loss: 5102506327.8023 - val_loss: 5099077720.6408
Epoch 16/2500
0s - loss: 5062886099.1863 - val_loss: 4684907306.9974
Epoch 17/2500
0s - loss: 5074491445.2661 - val_loss: 4785595487.2558
Epoch 18/2500
0s - loss: 5061472928.2237 - val_loss: 4739376838.4496
Epoch 19/2500
0s - loss: 5063268847.4496 - val_loss: 4714222218.9147
Epoch 20/2500
0s - loss: 5061071993.8600 - val_loss: 4703960095.7519
Epoch 21/2500
0s - loss: 5042479828.0191 - val_loss: 4665393110.9871
Epoch 22/2500
0s - loss: 5072976968.5809 - val_loss: 5195862382.4703
Epoch 23/2500
0s - loss: 5063582376.2863 - val_loss: 4773603936.5788
Epoch 24/2500
0s - loss: 5036990539.9477 - val_loss: 5643043170.5633
Epoch 25/2500
0s - loss: 5072475485.8094 - val_loss: 4666192415.7519
Epoch 26/2500
0s - loss: 5074702981.2185 - val_loss: 5993792760.7235
Epoch 27/2500
0s - loss: 5058428756.7545 - val_loss: 4703316215.4005
Epoch 28/2500
0s - loss: 5069421776.5283 - val_loss: 4923479243.7416
Epoch 29/2500
0s - loss: 5075790620.2987 - val_loss: 4881012390.6977
Epoch 30/2500
0s - loss: 5075267970.2239 - val_loss: 5322255091.4315
Epoch 31/2500
0s - loss: 5042671329.7875 - val_loss: 4715643481.9638
Epoch 32/2500
0s - loss: 5061495387.0451 - val_loss: 6163873241.6331
Epoch 33/2500
0s - loss: 5062652413.5546 - val_loss: 5369895080.0207
Epoch 34/2500
0s - loss: 5058239792.8184 - val_loss: 5764021045.5814
Epoch 35/2500
0s - loss: 5065083526.7336 - val_loss: 4636046694.5323
Epoch 36/2500
0s - loss: 5062682005.8044 - val_loss: 4722444978.6047
Epoch 37/2500
0s - loss: 5052947334.7424 - val_loss: 5091747440.4548
Epoch 38/2500
0s - loss: 5070496079.1195 - val_loss: 4881335569.8605
Epoch 39/2500
0s - loss: 5050226306.4897 - val_loss: 4637406462.0155
Epoch 40/2500
0s - loss: 5011309585.5427 - val_loss: 4736043373.1473
Epoch 41/2500
0s - loss: 5064121333.2263 - val_loss: 4825604357.9535
Epoch 42/2500
0s - loss: 5023214305.6812 - val_loss: 5096032398.8837
Epoch 43/2500
0s - loss: 5077931673.3484 - val_loss: 5904344646.1189
Epoch 44/2500
0s - loss: 5051989555.0512 - val_loss: 5168086016.0000
Epoch 45/2500
0s - loss: 5054455867.1846 - val_loss: 4736299844.1344
Epoch 46/2500
0s - loss: 5047398527.3134 - val_loss: 5269917512.1034
Epoch 47/2500
0s - loss: 5059145107.5362 - val_loss: 5380243884.6512
Epoch 48/2500
0s - loss: 5030426237.2091 - val_loss: 5235547826.6047
Epoch 49/2500
0s - loss: 5065022805.6582 - val_loss: 4874959180.0724
Epoch 50/2500
0s - loss: 5034209808.2137 - val_loss: 4643060746.5840
Epoch 51/2500
0s - loss: 5046219536.7808 - val_loss: 6566818882.1499
Epoch 52/2500
0s - loss: 5073702138.6309 - val_loss: 4863073381.8708
Epoch 53/2500
0s - loss: 5046199837.2911 - val_loss: 4933607484.8579
Epoch 54/2500
0s - loss: 5036390377.7260 - val_loss: 5726266227.7623
Epoch 55/2500
0s - loss: 5067942423.7093 - val_loss: 5160887785.5090
Epoch 56/2500
0s - loss: 5041748723.0379 - val_loss: 4663191561.2610
Epoch 57/2500
0s - loss: 5065254789.8742 - val_loss: 4678194117.7881
Epoch 58/2500
0s - loss: 5061280017.7022 - val_loss: 5358875559.3592
Epoch 59/2500
0s - loss: 5038142416.6700 - val_loss: 4740957844.1757
Epoch 60/2500
0s - loss: 5084303206.8997 - val_loss: 4916319259.7829
Epoch 61/2500
0s - loss: 5044034623.3665 - val_loss: 4763794334.0982
Epoch 62/2500
0s - loss: 5054766404.8951 - val_loss: 4947428056.9716
Epoch 63/2500
0s - loss: 5039696461.2589 - val_loss: 4963682774.9871
Epoch 64/2500
0s - loss: 5046334392.5355 - val_loss: 5948666882.6460
Epoch 65/2500
0s - loss: 5020856284.9677 - val_loss: 4639947695.2972
Epoch 66/2500
0s - loss: 5007019379.5163 - val_loss: 5058791729.6124
Epoch 67/2500
0s - loss: 5023388685.9633 - val_loss: 4695699306.5013
Epoch 68/2500
0s - loss: 5018313566.8903 - val_loss: 5313770931.2661
Epoch 69/2500
0s - loss: 5031932070.7801 - val_loss: 4712600749.3127
Epoch 70/2500
0s - loss: 5008453746.7543 - val_loss: 4674715636.0930
Epoch 71/2500
0s - loss: 5028387130.2986 - val_loss: 4722112865.2403
Epoch 72/2500
0s - loss: 5006786227.2904 - val_loss: 4806547171.5556
Epoch 73/2500
0s - loss: 5000666098.3911 - val_loss: 4968857667.4729
Epoch 74/2500
0s - loss: 4995071695.7840 - val_loss: 5114170258.1912
Epoch 75/2500
0s - loss: 4978378421.6648 - val_loss: 5122405671.0284
Epoch 76/2500
0s - loss: 4975783369.1834 - val_loss: 5081463380.6718
Epoch 77/2500
0s - loss: 4979879805.4926 - val_loss: 4667364994.9767
Epoch 78/2500
0s - loss: 4995687777.5483 - val_loss: 5432094551.9793
Epoch 79/2500
0s - loss: 4986930423.1090 - val_loss: 4665805433.7158
Epoch 80/2500
0s - loss: 4982700910.6699 - val_loss: 4858558456.0620
Epoch 81/2500
0s - loss: 4992245237.4566 - val_loss: 4643006993.1990
Epoch 82/2500
0s - loss: 4975135397.1676 - val_loss: 4768596317.2713
Epoch 83/2500
0s - loss: 4983980932.9527 - val_loss: 4791004009.1783
Epoch 84/2500
0s - loss: 4990272718.7208 - val_loss: 4923839228.6925
Epoch 85/2500
0s - loss: 4974388068.4544 - val_loss: 4783586162.4393
Epoch 86/2500
0s - loss: 4971116220.6111 - val_loss: 4647206303.4212
----------- Model lr = 0.1, hdn = 8, hdl = 3 
loss: 5007833912.23
Train on 14447 samples, validate on 3096 samples
Epoch 1/2500
0s - loss: 6789238988.6122 - val_loss: 5055905695.4212
Epoch 2/2500
0s - loss: 5698051086.3886 - val_loss: 9809305039.0491
Epoch 3/2500
0s - loss: 5621324711.6129 - val_loss: 7259029847.9793
Epoch 4/2500
0s - loss: 5712592695.1976 - val_loss: 5993953544.5995
Epoch 5/2500
0s - loss: 5639891917.0374 - val_loss: 5741847476.5891
Epoch 6/2500
0s - loss: 5670152002.3612 - val_loss: 4888547481.4677
Epoch 7/2500
0s - loss: 5661520991.5282 - val_loss: 4721289325.8088
Epoch 8/2500
0s - loss: 5618893297.2216 - val_loss: 9540567307.2455
Epoch 9/2500
0s - loss: 5674917487.6356 - val_loss: 6828382271.5039
Epoch 10/2500
0s - loss: 5753936687.0819 - val_loss: 5417184803.7209
Epoch 11/2500
0s - loss: 5594470776.6905 - val_loss: 6885293622.2429
Epoch 12/2500
0s - loss: 5541168978.7698 - val_loss: 12664831992.0620
Epoch 13/2500
0s - loss: 5476137123.3424 - val_loss: 4807170774.3256
Epoch 14/2500
0s - loss: 5471379470.8670 - val_loss: 4732193298.5220
Epoch 15/2500
0s - loss: 5409837240.8367 - val_loss: 4805439575.3178
Epoch 16/2500
0s - loss: 5405278419.3989 - val_loss: 5000381832.9302
Epoch 17/2500
0s - loss: 5432056555.9233 - val_loss: 4896693811.5969
Epoch 18/2500
0s - loss: 5325046587.6276 - val_loss: 6378357498.0465
Epoch 19/2500
0s - loss: 5308727598.2313 - val_loss: 7353975249.6951
Epoch 20/2500
0s - loss: 5318248317.2623 - val_loss: 4661570614.2429
Epoch 21/2500
0s - loss: 5243356536.9209 - val_loss: 5705657943.3178
Epoch 22/2500
0s - loss: 5278721542.2374 - val_loss: 4727722014.4289
Epoch 23/2500
0s - loss: 5261128421.3315 - val_loss: 4754953501.7674
Epoch 24/2500
0s - loss: 5207444581.8897 - val_loss: 4680126851.6382
Epoch 25/2500
0s - loss: 5216126850.8972 - val_loss: 7250403589.9535
Epoch 26/2500
0s - loss: 5220535164.5180 - val_loss: 4989945018.5426
Epoch 27/2500
0s - loss: 5179102196.1985 - val_loss: 5183733200.3721
Epoch 28/2500
0s - loss: 5189366398.0065 - val_loss: 4980697469.0233
Epoch 29/2500
0s - loss: 5172534284.4040 - val_loss: 5941172843.1628
Epoch 30/2500
0s - loss: 5151757435.3308 - val_loss: 4920354417.7778
Epoch 31/2500
0s - loss: 5163751816.0714 - val_loss: 5128099710.3463
Epoch 32/2500
0s - loss: 5150047716.2683 - val_loss: 4982351365.2920
Epoch 33/2500
0s - loss: 5151010222.1161 - val_loss: 4664434365.1886
Epoch 34/2500
0s - loss: 5111045595.8247 - val_loss: 4719111900.9406
Epoch 35/2500
0s - loss: 5108179666.0522 - val_loss: 6842861419.8243
Epoch 36/2500
0s - loss: 5129164377.3439 - val_loss: 5175601152.0000
Epoch 37/2500
0s - loss: 5114900609.7986 - val_loss: 5013502942.9251
Epoch 38/2500
0s - loss: 5094899936.9901 - val_loss: 4871982258.6047
Epoch 39/2500
0s - loss: 5102459519.0697 - val_loss: 5202880142.8837
Epoch 40/2500
0s - loss: 5128170433.0942 - val_loss: 5619838082.9767
Epoch 41/2500
0s - loss: 5131339498.2576 - val_loss: 5117181839.5452
Epoch 42/2500
0s - loss: 5116162391.7669 - val_loss: 4762721015.4005
Epoch 43/2500
0s - loss: 5134854989.0995 - val_loss: 4688587635.7623
Epoch 44/2500
0s - loss: 5120581746.5771 - val_loss: 5951969023.3385
Epoch 45/2500
0s - loss: 5097533523.5850 - val_loss: 4689317927.6899
Epoch 46/2500
0s - loss: 5085364009.8722 - val_loss: 4653238598.7804
Epoch 47/2500
0s - loss: 5077458136.2365 - val_loss: 4720027124.0930
Epoch 48/2500
0s - loss: 5071712460.7362 - val_loss: 4894452601.0543
Epoch 49/2500
0s - loss: 5056301944.6817 - val_loss: 5163506179.9690
Epoch 50/2500
0s - loss: 5058859372.8004 - val_loss: 4895887983.1318
Epoch 51/2500
0s - loss: 5065147624.1667 - val_loss: 4662532346.0465
Epoch 52/2500
0s - loss: 5070115460.4743 - val_loss: 5214627798.9871
Epoch 53/2500
0s - loss: 5071726428.7285 - val_loss: 4771019580.1964
Epoch 54/2500
0s - loss: 5045981158.8022 - val_loss: 4796030833.1163
Epoch 55/2500
0s - loss: 5063718332.9477 - val_loss: 5226781651.0181
Epoch 56/2500
0s - loss: 5060209358.7917 - val_loss: 4753310233.1370
Epoch 57/2500
0s - loss: 5104313621.2108 - val_loss: 6072484554.4186
Epoch 58/2500
0s - loss: 5047268916.4865 - val_loss: 4682877302.4083
Epoch 59/2500
0s - loss: 5055980470.1433 - val_loss: 9904757728.2481
Epoch 60/2500
0s - loss: 5103118738.2781 - val_loss: 4827527677.3540
Epoch 61/2500
0s - loss: 5049208198.1931 - val_loss: 4666955671.4832
Epoch 62/2500
0s - loss: 5068807070.3986 - val_loss: 6703091479.1525
Epoch 63/2500
0s - loss: 5079010533.5796 - val_loss: 4669788435.1835
Epoch 64/2500
0s - loss: 5077342673.2902 - val_loss: 5015838869.4987
Epoch 65/2500
0s - loss: 5071911157.2263 - val_loss: 5459172086.0775
Epoch 66/2500
0s - loss: 5055983875.5617 - val_loss: 5021119071.2558
Epoch 67/2500
0s - loss: 5076231394.8330 - val_loss: 4726306850.3979
Epoch 68/2500
0s - loss: 5065176485.5574 - val_loss: 4675061826.1499
Epoch 69/2500
0s - loss: 5054192571.6542 - val_loss: 4690321945.1370
Epoch 70/2500
0s - loss: 5072752720.1827 - val_loss: 4900777212.6925
Epoch 71/2500
0s - loss: 5057340938.2421 - val_loss: 4813141773.8915
Epoch 72/2500
0s - loss: 5085081436.8348 - val_loss: 4651480807.5245
Epoch 73/2500
0s - loss: 5076440400.7498 - val_loss: 6069468134.8630
Epoch 74/2500
0s - loss: 5052458445.9234 - val_loss: 5237945051.6176
Epoch 75/2500
0s - loss: 5061540950.9695 - val_loss: 5127792674.3979
Epoch 76/2500
0s - loss: 5090508933.7767 - val_loss: 4966840367.6279
Epoch 77/2500
0s - loss: 5045544220.6177 - val_loss: 4844974504.6822
Epoch 78/2500
0s - loss: 5032664896.1639 - val_loss: 4752522794.3359
Epoch 79/2500
0s - loss: 5033125080.0415 - val_loss: 4651908465.1163
Epoch 80/2500
0s - loss: 5037631525.9738 - val_loss: 4933120480.2481
Epoch 81/2500
0s - loss: 5053564169.8346 - val_loss: 5225671111.1111
Epoch 82/2500
0s - loss: 5048148532.0435 - val_loss: 4793011657.7571
Epoch 83/2500
0s - loss: 5028433301.1488 - val_loss: 4932439761.0336
Epoch 84/2500
0s - loss: 5021375129.9154 - val_loss: 4921117734.3669
Epoch 85/2500
0s - loss: 5033560444.7307 - val_loss: 4704381807.7933
Epoch 86/2500
0s - loss: 5033444646.9307 - val_loss: 5376631710.0982
Epoch 87/2500
0s - loss: 5048173416.8135 - val_loss: 7756044060.4444
Epoch 88/2500
0s - loss: 5058923576.1368 - val_loss: 4645309180.6925
Epoch 89/2500
0s - loss: 5003503652.4676 - val_loss: 4670695201.7364
Epoch 90/2500
0s - loss: 5028475522.4542 - val_loss: 4713182301.9328
Epoch 91/2500
0s - loss: 5010152424.9286 - val_loss: 5511311178.7494
Epoch 92/2500
0s - loss: 5030546440.8068 - val_loss: 4668562488.8889
Epoch 93/2500
0s - loss: 5010444310.1145 - val_loss: 5923350131.1008
Epoch 94/2500
0s - loss: 5015636947.3457 - val_loss: 4737862552.8062
Epoch 95/2500
0s - loss: 5041074797.8991 - val_loss: 4837435582.5116
Epoch 96/2500
0s - loss: 5020734870.0347 - val_loss: 5465359801.8811
Epoch 97/2500
0s - loss: 5035219391.3931 - val_loss: 5229143170.9767
Epoch 98/2500
0s - loss: 5049975517.8005 - val_loss: 5632798899.9276
Epoch 99/2500
0s - loss: 5030782143.0919 - val_loss: 4999645313.6537
Epoch 100/2500
0s - loss: 5023155733.3525 - val_loss: 4843263747.3075
Epoch 101/2500
0s - loss: 5042249196.8093 - val_loss: 4662010185.4264
Epoch 102/2500
0s - loss: 5018520433.0355 - val_loss: 4750382771.9276
Epoch 103/2500
0s - loss: 5071507256.9519 - val_loss: 4653080310.0775
Epoch 104/2500
0s - loss: 5016698522.1281 - val_loss: 5014077168.7855
Epoch 105/2500
0s - loss: 5018732802.4099 - val_loss: 5132228208.4548
Epoch 106/2500
0s - loss: 5036924080.3489 - val_loss: 5355753711.4625
Epoch 107/2500
0s - loss: 5022217917.1072 - val_loss: 4772810525.7674
Epoch 108/2500
0s - loss: 5013916701.1670 - val_loss: 4653290241.9845
Epoch 109/2500
0s - loss: 5034455068.2101 - val_loss: 5008795921.8605
Epoch 110/2500
0s - loss: 5002147883.4139 - val_loss: 6355508284.8579
Epoch 111/2500
0s - loss: 4988890202.7615 - val_loss: 5790533327.7106
Epoch 112/2500
0s - loss: 5038475117.7573 - val_loss: 4635397474.5633
Epoch 113/2500
0s - loss: 5014685788.6044 - val_loss: 4709407931.8656
Epoch 114/2500
0s - loss: 5018603390.3963 - val_loss: 4725076298.7494
Epoch 115/2500
0s - loss: 5007863519.2358 - val_loss: 4685554722.3979
Epoch 116/2500
0s - loss: 4995262242.3412 - val_loss: 4958680746.6667
Epoch 117/2500
0s - loss: 5030821479.0503 - val_loss: 4925277008.0413
Epoch 118/2500
0s - loss: 5009699090.1629 - val_loss: 4652832756.0930
Epoch 119/2500
0s - loss: 5021770107.7118 - val_loss: 4663879382.3256
Epoch 120/2500
0s - loss: 5031166142.6666 - val_loss: 4671024569.8811
Epoch 121/2500
0s - loss: 5020217811.9394 - val_loss: 4834547173.5401
Epoch 122/2500
0s - loss: 5000425316.7024 - val_loss: 4688277451.0801
Epoch 123/2500
0s - loss: 5029356609.7055 - val_loss: 7923808211.0181
Epoch 124/2500
0s - loss: 5035188444.3475 - val_loss: 4665817343.3385
Epoch 125/2500
0s - loss: 5042948621.1836 - val_loss: 5005124518.0362
Epoch 126/2500
0s - loss: 5027217717.4611 - val_loss: 4851325909.6641
Epoch 127/2500
0s - loss: 5001090621.7451 - val_loss: 4877625911.5659
Epoch 128/2500
0s - loss: 5022232713.8966 - val_loss: 5012941666.5633
Epoch 129/2500
0s - loss: 5017613575.6727 - val_loss: 4687751384.9716
Epoch 130/2500
0s - loss: 5018127704.4402 - val_loss: 4693616128.0000
Epoch 131/2500
0s - loss: 5038898043.9510 - val_loss: 4715168512.6615
Epoch 132/2500
0s - loss: 5025550583.5121 - val_loss: 5422556235.4109
Epoch 133/2500
0s - loss: 5030647166.2546 - val_loss: 5079788070.3669
Epoch 134/2500
0s - loss: 5039022956.8802 - val_loss: 5129628734.1809
Epoch 135/2500
0s - loss: 5037033706.1868 - val_loss: 5581693687.4005
Epoch 136/2500
0s - loss: 5055890405.1720 - val_loss: 6551558908.6925
Epoch 137/2500
0s - loss: 5012915003.8225 - val_loss: 4655472096.2481
Epoch 138/2500
0s - loss: 5034148310.4999 - val_loss: 5090095137.0749
Epoch 139/2500
0s - loss: 5066766741.7867 - val_loss: 5993890112.1654
Epoch 140/2500
0s - loss: 5055657336.9740 - val_loss: 4702051951.1318
Epoch 141/2500
0s - loss: 5011890973.0253 - val_loss: 4695404566.4910
Epoch 142/2500
0s - loss: 5057964121.8578 - val_loss: 4638562772.3411
Epoch 143/2500
0s - loss: 5030293771.1458 - val_loss: 5097609477.9535
Epoch 144/2500
0s - loss: 5044015521.5527 - val_loss: 6551794661.5401
Epoch 145/2500
0s - loss: 5022687719.7414 - val_loss: 4779367996.8579
Epoch 146/2500
0s - loss: 5029884828.2722 - val_loss: 6953719318.4910
Epoch 147/2500
0s - loss: 5038345566.5004 - val_loss: 4647601271.0698
Epoch 148/2500
0s - loss: 5043904367.4053 - val_loss: 5314348849.6124
Epoch 149/2500
0s - loss: 5051515890.3468 - val_loss: 4720314498.9767
Epoch 150/2500
0s - loss: 5030698610.0455 - val_loss: 4804811473.0336
Epoch 151/2500
0s - loss: 5025010134.4290 - val_loss: 4644762491.7003
Epoch 152/2500
0s - loss: 5037566775.8976 - val_loss: 4654560958.5116
Epoch 153/2500
0s - loss: 5039773060.9527 - val_loss: 4898027729.0336
Epoch 154/2500
0s - loss: 5028775619.9471 - val_loss: 6982619622.8630
Epoch 155/2500
0s - loss: 5060661953.0056 - val_loss: 4697623913.1783
Epoch 156/2500
0s - loss: 5043194737.4962 - val_loss: 4710988143.7933
Epoch 157/2500
1s - loss: 5026614429.1050 - val_loss: 4746122023.0284
Epoch 158/2500
0s - loss: 5029194572.5324 - val_loss: 5040788469.4160
Epoch 159/2500
0s - loss: 5047262346.3750 - val_loss: 4645681314.7287
Epoch 160/2500
0s - loss: 5022781463.0714 - val_loss: 5237966765.9742
Epoch 161/2500
0s - loss: 5031114858.7804 - val_loss: 5896001657.7158
Epoch 162/2500
0s - loss: 5042662065.2614 - val_loss: 5209305761.4057
Epoch 163/2500
0s - loss: 5056276201.9741 - val_loss: 4765014793.9225
----------- Model lr = 0.1, hdn = 8, hdl = 4 
loss: 5066859121.78
