y_train: mean(206633.04), std_dev(115302.73)
Train on 9631 samples, validate on 4816 samples
Epoch 1/2500
0s - loss: 32847683435.1473 - val_loss: 9994864325.3156
Epoch 2/2500
0s - loss: 9069129401.3216 - val_loss: 8392173277.1296
Epoch 3/2500
0s - loss: 8586634857.8449 - val_loss: 8209609889.5947
Epoch 4/2500
0s - loss: 8511792531.7628 - val_loss: 8187359208.1860
Epoch 5/2500
0s - loss: 8422033354.6789 - val_loss: 8225197285.6346
Epoch 6/2500
0s - loss: 8450076593.8524 - val_loss: 8179603335.2292
Epoch 7/2500
0s - loss: 8420380192.4818 - val_loss: 8122413525.4751
Epoch 8/2500
0s - loss: 8456249532.7239 - val_loss: 8123648748.4385
Epoch 9/2500
0s - loss: 8398593737.8548 - val_loss: 8143523020.1196
Epoch 10/2500
0s - loss: 8431120897.2227 - val_loss: 8155443608.2392
----------- Model 0 KF: loss: 8155443608.24 
Train on 9631 samples, validate on 4816 samples
Epoch 1/2500
0s - loss: 33183086646.0123 - val_loss: 9674260599.0698
Epoch 2/2500
0s - loss: 9212171869.5114 - val_loss: 8403490446.8837
Epoch 3/2500
0s - loss: 8579925904.7326 - val_loss: 8116452663.2824
Epoch 4/2500
0s - loss: 8473420750.2407 - val_loss: 8168149990.4851
Epoch 5/2500
0s - loss: 8443542485.0454 - val_loss: 8102936577.7010
Epoch 6/2500
0s - loss: 8473912859.0593 - val_loss: 8289899496.1860
Epoch 7/2500
0s - loss: 8429667407.8488 - val_loss: 8108767078.9103
Epoch 8/2500
0s - loss: 8450554119.5224 - val_loss: 8139943856.0532
----------- Model 0 KF: loss: 8139943856.05 
Train on 9632 samples, validate on 4815 samples
Epoch 1/2500
0s - loss: 32497283703.0698 - val_loss: 10385283484.1520
Epoch 2/2500
0s - loss: 8826742751.6811 - val_loss: 8901435311.7176
Epoch 3/2500
0s - loss: 8282334579.6678 - val_loss: 8675135755.7499
Epoch 4/2500
0s - loss: 8188259432.6113 - val_loss: 8693154173.2087
Epoch 5/2500
0s - loss: 8185357693.0233 - val_loss: 8716128405.0808
Epoch 6/2500
0s - loss: 8176364481.0631 - val_loss: 8628642815.0430
Epoch 7/2500
0s - loss: 8161073062.6977 - val_loss: 8614302612.2833
Epoch 8/2500
0s - loss: 8146421549.0764 - val_loss: 8637310825.2179
Epoch 9/2500
0s - loss: 8147738548.7309 - val_loss: 8743480270.6609
Epoch 10/2500
0s - loss: 8155476153.4086 - val_loss: 8711572071.8887
----------- Model 0 KF: loss: 8711572071.89 
----------- Model 0: average loss: 8335653178.73 
Train on 9631 samples, validate on 4816 samples
Epoch 1/2500
0s - loss: 48115196250.1888 - val_loss: 35582831823.5216
Epoch 2/2500
0s - loss: 20542001082.7835 - val_loss: 10557211146.2060
Epoch 3/2500
0s - loss: 9315423730.9222 - val_loss: 9101518225.4352
Epoch 4/2500
0s - loss: 8585587343.1112 - val_loss: 8801386116.6777
Epoch 5/2500
0s - loss: 8314354166.4841 - val_loss: 8649725263.0963
Epoch 6/2500
0s - loss: 8215803562.1705 - val_loss: 8704788204.4385
Epoch 7/2500
0s - loss: 8170545651.7197 - val_loss: 8654754637.3953
Epoch 8/2500
0s - loss: 8163455020.0179 - val_loss: 8651547540.8372
----------- Model 1 KF: loss: 8651547540.84 
Train on 9631 samples, validate on 4816 samples
Epoch 1/2500
0s - loss: 47934775387.4381 - val_loss: 34741246496.3189
Epoch 2/2500
0s - loss: 20433261058.0733 - val_loss: 10286619137.7010
Epoch 3/2500
0s - loss: 9467193635.0601 - val_loss: 8899421794.6578
Epoch 4/2500
0s - loss: 8817723281.4237 - val_loss: 8454230675.9867
Epoch 5/2500
0s - loss: 8564361386.8616 - val_loss: 8272098720.7442
Epoch 6/2500
0s - loss: 8475870631.1137 - val_loss: 8223092916.3056
Epoch 7/2500
0s - loss: 8413948639.5448 - val_loss: 8191887980.8638
Epoch 8/2500
0s - loss: 8407913918.1327 - val_loss: 8218571309.9269
Epoch 9/2500
0s - loss: 8412735555.4090 - val_loss: 8169126888.1860
Epoch 10/2500
0s - loss: 8435800989.9699 - val_loss: 8187530752.0000
Epoch 11/2500
0s - loss: 8418849804.7056 - val_loss: 8187489166.0332
Epoch 12/2500
0s - loss: 8381489068.6425 - val_loss: 8178125070.4585
----------- Model 1 KF: loss: 8178125070.46 
Train on 9632 samples, validate on 4815 samples
Epoch 1/2500
0s - loss: 48353443350.1130 - val_loss: 35199066289.7911
Epoch 2/2500
0s - loss: 20759359186.9236 - val_loss: 10357595622.1607
Epoch 3/2500
0s - loss: 9441865204.9435 - val_loss: 8863933704.9853
Epoch 4/2500
0s - loss: 8786632698.0465 - val_loss: 8431597337.6798
Epoch 5/2500
0s - loss: 8554742639.4153 - val_loss: 8256804780.9529
Epoch 6/2500
0s - loss: 8522996107.4817 - val_loss: 8206219763.6652
Epoch 7/2500
0s - loss: 8466279035.3223 - val_loss: 8180589849.1481
Epoch 8/2500
0s - loss: 8426337354.8439 - val_loss: 8232092583.6361
Epoch 9/2500
0s - loss: 8454027544.6645 - val_loss: 8175855226.6035
Epoch 10/2500
0s - loss: 8435910196.7309 - val_loss: 8140288788.1504
Epoch 11/2500
0s - loss: 8440318452.0930 - val_loss: 8137766204.7701
Epoch 12/2500
0s - loss: 8416271194.1528 - val_loss: 8134282580.9080
Epoch 13/2500
0s - loss: 8432516902.2724 - val_loss: 8177949635.2831
Epoch 14/2500
0s - loss: 8405326100.4120 - val_loss: 8126126003.6519
Epoch 15/2500
0s - loss: 8420855463.5482 - val_loss: 8108142507.2515
Epoch 16/2500
0s - loss: 8405834743.4950 - val_loss: 8126674236.5574
Epoch 17/2500
0s - loss: 8443027249.3289 - val_loss: 8107918703.8106
Epoch 18/2500
0s - loss: 8415046463.7874 - val_loss: 8101226392.1113
Epoch 19/2500
0s - loss: 8420697598.2990 - val_loss: 8103534016.3057
Epoch 20/2500
0s - loss: 8421987170.6578 - val_loss: 8099648602.1715
Epoch 21/2500
0s - loss: 8407771623.3355 - val_loss: 8101050410.4274
Epoch 22/2500
0s - loss: 8438810564.4651 - val_loss: 8121103165.1954
Epoch 23/2500
0s - loss: 8398912328.2924 - val_loss: 8085029250.4191
Epoch 24/2500
0s - loss: 8427665274.4718 - val_loss: 8096501926.4133
Epoch 25/2500
0s - loss: 8433075217.8605 - val_loss: 8126088254.8436
Epoch 26/2500
0s - loss: 8420752111.8405 - val_loss: 8104882609.0999
----------- Model 1 KF: loss: 8104882609.1 
----------- Model 1: average loss: 8311518406.8 
Train on 9631 samples, validate on 4816 samples
Epoch 1/2500
0s - loss: 53955088894.7773 - val_loss: 53456612858.8970
Epoch 2/2500
0s - loss: 47310107187.9389 - val_loss: 44015749956.8904
Epoch 3/2500
0s - loss: 36313491476.2014 - val_loss: 31397353274.6844
Epoch 4/2500
0s - loss: 23881522403.9572 - val_loss: 18919945988.2525
Epoch 5/2500
0s - loss: 13780315788.6126 - val_loss: 10977359492.6777
Epoch 6/2500
0s - loss: 9811960465.5035 - val_loss: 9523456930.4452
Epoch 7/2500
0s - loss: 9234730234.2320 - val_loss: 9162080213.4751
Epoch 8/2500
0s - loss: 8939900809.1305 - val_loss: 8911022768.9037
Epoch 9/2500
0s - loss: 8715883141.6484 - val_loss: 8761682508.5449
Epoch 10/2500
0s - loss: 8570625864.8581 - val_loss: 8623425372.7043
Epoch 11/2500
0s - loss: 8457941908.8261 - val_loss: 8551004098.7641
Epoch 12/2500
0s - loss: 8400265896.5225 - val_loss: 8498333760.6379
Epoch 13/2500
0s - loss: 8353102368.9071 - val_loss: 8481556401.7542
Epoch 14/2500
0s - loss: 8330892358.9177 - val_loss: 8451508994.5515
Epoch 15/2500
0s - loss: 8322070107.8634 - val_loss: 8453177478.3787
Epoch 16/2500
0s - loss: 8315613005.4831 - val_loss: 8467502518.8571
Epoch 17/2500
0s - loss: 8278236074.0376 - val_loss: 8487991534.1395
----------- Model 2 KF: loss: 8487991534.14 
Train on 9631 samples, validate on 4816 samples
Epoch 1/2500
0s - loss: 54562416456.9112 - val_loss: 52360352737.3821
Epoch 2/2500
0s - loss: 47908859284.9856 - val_loss: 43139012410.6844
Epoch 3/2500
0s - loss: 36880901189.8544 - val_loss: 30723401476.2525
Epoch 4/2500
0s - loss: 24223896209.5035 - val_loss: 18518204657.5415
Epoch 5/2500
0s - loss: 14030230844.7372 - val_loss: 10869656960.4252
Epoch 6/2500
0s - loss: 9857196093.8802 - val_loss: 9476040681.8870
Epoch 7/2500
0s - loss: 9300164382.8072 - val_loss: 9094101805.0764
Epoch 8/2500
0s - loss: 9022618897.9421 - val_loss: 8765162371.8272
Epoch 9/2500
0s - loss: 8838846932.0885 - val_loss: 8571063675.3223
Epoch 10/2500
0s - loss: 8694193409.0367 - val_loss: 8422101420.6512
Epoch 11/2500
0s - loss: 8632935858.0118 - val_loss: 8285557964.1196
Epoch 12/2500
0s - loss: 8561446131.9589 - val_loss: 8218649218.9767
Epoch 13/2500
0s - loss: 8521466838.4276 - val_loss: 8181070545.2226
Epoch 14/2500
0s - loss: 8492663227.4746 - val_loss: 8105195618.6578
Epoch 15/2500
0s - loss: 8478245905.2244 - val_loss: 8116939614.4053
Epoch 16/2500
0s - loss: 8469834027.1939 - val_loss: 8120690999.2824
Epoch 17/2500
0s - loss: 8462405058.3325 - val_loss: 8037096274.4983
Epoch 18/2500
0s - loss: 8457412048.2077 - val_loss: 8020923089.2226
Epoch 19/2500
0s - loss: 8457095817.8482 - val_loss: 8021164055.8140
Epoch 20/2500
0s - loss: 8448280152.7800 - val_loss: 8027108459.1628
Epoch 21/2500
0s - loss: 8447373197.0645 - val_loss: 8024844364.5449
----------- Model 2 KF: loss: 8024844364.54 
Train on 9632 samples, validate on 4815 samples
Epoch 1/2500
0s - loss: 55299022045.1296 - val_loss: 50627517595.4609
Epoch 2/2500
0s - loss: 48440234882.1263 - val_loss: 41439161596.4378
Epoch 3/2500
0s - loss: 37216304689.3289 - val_loss: 29279127725.9630
Epoch 4/2500
0s - loss: 24457175557.1030 - val_loss: 17441062856.7061
Epoch 5/2500
0s - loss: 14049737391.2027 - val_loss: 10363263949.5975
Epoch 6/2500
0s - loss: 9830760103.5482 - val_loss: 9416322479.2922
Epoch 7/2500
0s - loss: 9263606237.1296 - val_loss: 9101127491.4692
Epoch 8/2500
0s - loss: 8916437931.8007 - val_loss: 8885340596.3963
Epoch 9/2500
0s - loss: 8696531011.1894 - val_loss: 8748916414.9765
Epoch 10/2500
0s - loss: 8539678136.5581 - val_loss: 8654196828.0856
Epoch 11/2500
0s - loss: 8421988882.7110 - val_loss: 8612554902.8885
Epoch 12/2500
0s - loss: 8341277594.7907 - val_loss: 8588228437.3333
Epoch 13/2500
0s - loss: 8294128780.3322 - val_loss: 8558828206.8137
Epoch 14/2500
0s - loss: 8257651334.3787 - val_loss: 8570290749.3549
Epoch 15/2500
0s - loss: 8242946850.0199 - val_loss: 8552676286.1790
Epoch 16/2500
0s - loss: 8224514861.9269 - val_loss: 8528839089.9506
Epoch 17/2500
0s - loss: 8227858864.0532 - val_loss: 8531880625.1531
Epoch 18/2500
0s - loss: 8221989281.5947 - val_loss: 8541114602.0420
Epoch 19/2500
0s - loss: 8210429144.0266 - val_loss: 8535012695.6727
----------- Model 2 KF: loss: 8535012695.67 
----------- Model 2: average loss: 8349282864.79 
Train on 9631 samples, validate on 4816 samples
Epoch 1/2500
0s - loss: 56096922227.9456 - val_loss: 55711031881.1429
Epoch 2/2500
0s - loss: 56022777332.4639 - val_loss: 55605482234.0465
Epoch 3/2500
0s - loss: 55882863689.6821 - val_loss: 55436181150.1927
Epoch 4/2500
0s - loss: 55678817522.5235 - val_loss: 55203300797.6611
Epoch 5/2500
0s - loss: 55411828233.0906 - val_loss: 54909024276.4120
Epoch 6/2500
0s - loss: 55081713922.5783 - val_loss: 54552914784.1063
Epoch 7/2500
0s - loss: 54691197789.6443 - val_loss: 54137480052.5183
Epoch 8/2500
0s - loss: 54239696878.3503 - val_loss: 53662275373.0764
Epoch 9/2500
0s - loss: 53729146057.2701 - val_loss: 53128623726.5648
Epoch 10/2500
0s - loss: 53160995478.3944 - val_loss: 52539092597.3688
Epoch 11/2500
0s - loss: 52537144652.6857 - val_loss: 51893570182.3787
Epoch 12/2500
0s - loss: 51858399839.3189 - val_loss: 51197848946.8173
Epoch 13/2500
0s - loss: 51127886454.7100 - val_loss: 50447409573.8472
Epoch 14/2500
0s - loss: 50346679654.4159 - val_loss: 49643844441.3023
Epoch 15/2500
0s - loss: 49508556329.2003 - val_loss: 48791517462.9635
Epoch 16/2500
0s - loss: 48629643322.4778 - val_loss: 47894761363.1362
Epoch 17/2500
0s - loss: 47708675310.9085 - val_loss: 46957191208.8239
Epoch 18/2500
0s - loss: 46736318497.5982 - val_loss: 45969400161.8073
Epoch 19/2500
0s - loss: 45728415197.9234 - val_loss: 44941050944.6379
Epoch 20/2500
0s - loss: 44675386896.9586 - val_loss: 43876960330.8439
Epoch 21/2500
0s - loss: 43583815395.0535 - val_loss: 42775514999.9203
Epoch 22/2500
0s - loss: 42465725760.9901 - val_loss: 41643149672.6113
Epoch 23/2500
0s - loss: 41316766467.4821 - val_loss: 40478254811.4286
Epoch 24/2500
0s - loss: 40128552021.8029 - val_loss: 39282817234.9236
Epoch 25/2500
0s - loss: 38916995879.6320 - val_loss: 38065919203.9336
Epoch 26/2500
0s - loss: 37688722860.8020 - val_loss: 36831371508.9435
Epoch 27/2500
0s - loss: 36443443772.8701 - val_loss: 35574359866.6844
Epoch 28/2500
0s - loss: 35177291568.2442 - val_loss: 34302106885.9535
Epoch 29/2500
0s - loss: 33896985191.8247 - val_loss: 33018843802.7907
Epoch 30/2500
0s - loss: 32611908310.6136 - val_loss: 31731445052.3854
Epoch 31/2500
0s - loss: 31315982129.7327 - val_loss: 30435693714.2857
Epoch 32/2500
0s - loss: 30024582118.5887 - val_loss: 29141491548.7043
Epoch 33/2500
0s - loss: 28728545016.7434 - val_loss: 27854479570.9236
Epoch 34/2500
0s - loss: 27444572457.7053 - val_loss: 26572707295.6811
Epoch 35/2500
0s - loss: 26167421464.5075 - val_loss: 25302377291.6944
Epoch 36/2500
0s - loss: 24907253086.5480 - val_loss: 24054234183.4419
Epoch 37/2500
0s - loss: 23678027584.4054 - val_loss: 22824406856.2924
Epoch 38/2500
0s - loss: 22449079768.3946 - val_loss: 21612778179.6146
Epoch 39/2500
0s - loss: 21258507721.7219 - val_loss: 20436116211.2425
Epoch 40/2500
0s - loss: 20107773942.8562 - val_loss: 19300971251.2425
Epoch 41/2500
0s - loss: 18985183668.7762 - val_loss: 18192733058.1262
Epoch 42/2500
0s - loss: 17907282413.3403 - val_loss: 17128486813.3422
Epoch 43/2500
0s - loss: 16867931852.7256 - val_loss: 16120801797.1030
Epoch 44/2500
0s - loss: 15892569145.6272 - val_loss: 15167115189.1561
Epoch 45/2500
0s - loss: 14971796123.7105 - val_loss: 14272811861.9003
Epoch 46/2500
0s - loss: 14111257690.5875 - val_loss: 13436303115.0565
Epoch 47/2500
0s - loss: 13322362991.5863 - val_loss: 12679536541.3422
Epoch 48/2500
0s - loss: 12602430090.2735 - val_loss: 11993723291.6412
Epoch 49/2500
0s - loss: 11970720230.2166 - val_loss: 11398749456.1595
Epoch 50/2500
0s - loss: 11427953059.3392 - val_loss: 10884315215.9468
Epoch 51/2500
0s - loss: 10964690447.5764 - val_loss: 10457776626.3920
Epoch 52/2500
0s - loss: 10591665518.6028 - val_loss: 10116556999.0166
Epoch 53/2500
0s - loss: 10296820879.0049 - val_loss: 9860756520.8239
Epoch 54/2500
0s - loss: 10087999608.8896 - val_loss: 9680371996.0664
Epoch 55/2500
0s - loss: 9945213139.4771 - val_loss: 9552923011.8272
Epoch 56/2500
0s - loss: 9842194745.8665 - val_loss: 9466300334.3522
Epoch 57/2500
0s - loss: 9773170358.2914 - val_loss: 9400946880.2126
Epoch 58/2500
0s - loss: 9716129210.0392 - val_loss: 9344292744.9302
Epoch 59/2500
0s - loss: 9668689503.6378 - val_loss: 9295539575.9203
Epoch 60/2500
0s - loss: 9623545514.7021 - val_loss: 9247791255.3887
Epoch 61/2500
0s - loss: 9582226273.0466 - val_loss: 9207628085.5814
Epoch 62/2500
0s - loss: 9544055582.5945 - val_loss: 9166186382.0332
Epoch 63/2500
0s - loss: 9508110127.8189 - val_loss: 9128450684.1728
Epoch 64/2500
0s - loss: 9471379556.6350 - val_loss: 9088560662.1130
Epoch 65/2500
0s - loss: 9433494000.6363 - val_loss: 9051247104.0000
Epoch 66/2500
0s - loss: 9398355404.0079 - val_loss: 9013962609.1163
Epoch 67/2500
0s - loss: 9363812011.2337 - val_loss: 8979188955.4286
Epoch 68/2500
0s - loss: 9332529461.7199 - val_loss: 8945463540.9435
Epoch 69/2500
0s - loss: 9301940460.2504 - val_loss: 8911578741.3688
Epoch 70/2500
0s - loss: 9270344035.3326 - val_loss: 8878737567.8937
Epoch 71/2500
0s - loss: 9238835825.8191 - val_loss: 8849154243.6146
Epoch 72/2500
0s - loss: 9211593281.4420 - val_loss: 8819092702.8306
Epoch 73/2500
0s - loss: 9185346575.4169 - val_loss: 8790118682.3654
Epoch 74/2500
0s - loss: 9157492425.4296 - val_loss: 8759837185.7010
Epoch 75/2500
0s - loss: 9128861265.8158 - val_loss: 8730306372.8904
Epoch 76/2500
0s - loss: 9104652032.6114 - val_loss: 8703528851.1362
Epoch 77/2500
0s - loss: 9078531851.8816 - val_loss: 8675610103.4950
Epoch 78/2500
0s - loss: 9052151247.1444 - val_loss: 8653456397.6080
Epoch 79/2500
0s - loss: 9032899346.6863 - val_loss: 8628387331.4020
Epoch 80/2500
0s - loss: 9012145159.1237 - val_loss: 8605091339.9070
Epoch 81/2500
0s - loss: 8989186564.2529 - val_loss: 8581023582.4053
Epoch 82/2500
0s - loss: 8967188017.5998 - val_loss: 8561001034.8439
Epoch 83/2500
0s - loss: 8951623096.4976 - val_loss: 8539411008.6379
Epoch 84/2500
0s - loss: 8929893447.6619 - val_loss: 8518571953.7542
Epoch 85/2500
0s - loss: 8910389625.3947 - val_loss: 8499023819.2691
Epoch 86/2500
0s - loss: 8892925634.6249 - val_loss: 8477770563.1894
Epoch 87/2500
0s - loss: 8875006384.6296 - val_loss: 8459747749.8472
Epoch 88/2500
0s - loss: 8859106422.9758 - val_loss: 8441854640.9037
Epoch 89/2500
0s - loss: 8845968059.5012 - val_loss: 8424332976.9037
Epoch 90/2500
0s - loss: 8826137454.3370 - val_loss: 8407287403.1628
Epoch 91/2500
0s - loss: 8815245580.5196 - val_loss: 8391647682.7641
Epoch 92/2500
0s - loss: 8798756641.6779 - val_loss: 8376371138.7641
Epoch 93/2500
0s - loss: 8786324178.8923 - val_loss: 8362941002.8439
Epoch 94/2500
0s - loss: 8773977099.2703 - val_loss: 8348017083.9601
Epoch 95/2500
0s - loss: 8762073138.1580 - val_loss: 8333115242.3123
Epoch 96/2500
0s - loss: 8749246246.7283 - val_loss: 8319966903.7076
Epoch 97/2500
0s - loss: 8737779124.0320 - val_loss: 8306471553.2757
Epoch 98/2500
0s - loss: 8726270892.2172 - val_loss: 8295585718.8571
Epoch 99/2500
0s - loss: 8720153758.4218 - val_loss: 8284582119.3355
Epoch 100/2500
0s - loss: 8708350518.9160 - val_loss: 8273570234.2591
Epoch 101/2500
0s - loss: 8695858122.0941 - val_loss: 8263035842.7641
Epoch 102/2500
0s - loss: 8687560996.1765 - val_loss: 8251497218.5515
Epoch 103/2500
0s - loss: 8678994167.6270 - val_loss: 8241073041.4352
Epoch 104/2500
0s - loss: 8669186031.3604 - val_loss: 8230757551.2027
Epoch 105/2500
0s - loss: 8663422437.5787 - val_loss: 8220447715.0831
Epoch 106/2500
0s - loss: 8653047881.0441 - val_loss: 8213637176.1329
Epoch 107/2500
0s - loss: 8645705772.9748 - val_loss: 8203926822.2724
Epoch 108/2500
0s - loss: 8638814367.2723 - val_loss: 8196201989.1030
Epoch 109/2500
0s - loss: 8633734286.3138 - val_loss: 8187684387.7209
Epoch 110/2500
0s - loss: 8626064225.4188 - val_loss: 8180002264.8771
Epoch 111/2500
0s - loss: 8618005219.4788 - val_loss: 8171530672.0532
Epoch 112/2500
0s - loss: 8613404633.5641 - val_loss: 8165699862.9635
Epoch 113/2500
0s - loss: 8607587818.4695 - val_loss: 8158095948.5449
Epoch 114/2500
0s - loss: 8602760144.1013 - val_loss: 8150518642.8173
Epoch 115/2500
0s - loss: 8593987586.5518 - val_loss: 8149142174.1927
Epoch 116/2500
0s - loss: 8595049514.2104 - val_loss: 8141208198.3787
Epoch 117/2500
0s - loss: 8588685084.8934 - val_loss: 8134776510.5116
Epoch 118/2500
0s - loss: 8583647866.7503 - val_loss: 8128211864.2392
Epoch 119/2500
0s - loss: 8580187459.5419 - val_loss: 8123341999.2027
Epoch 120/2500
0s - loss: 8575700437.7365 - val_loss: 8118477014.3256
Epoch 121/2500
0s - loss: 8570257774.4965 - val_loss: 8112503625.9934
Epoch 122/2500
0s - loss: 8563858667.0809 - val_loss: 8106549836.5449
Epoch 123/2500
0s - loss: 8561684655.5398 - val_loss: 8101368168.6113
Epoch 124/2500
0s - loss: 8557893081.4046 - val_loss: 8098819604.4120
Epoch 125/2500
0s - loss: 8557976134.1734 - val_loss: 8095220882.2857
Epoch 126/2500
0s - loss: 8552130291.7994 - val_loss: 8091658758.8040
Epoch 127/2500
0s - loss: 8549821445.3162 - val_loss: 8086996485.1030
Epoch 128/2500
0s - loss: 8546710589.8802 - val_loss: 8082026172.8106
Epoch 129/2500
0s - loss: 8543670301.9832 - val_loss: 8079583223.4950
Epoch 130/2500
0s - loss: 8541646533.9209 - val_loss: 8077350580.3056
Epoch 131/2500
0s - loss: 8542485947.1556 - val_loss: 8075293408.5316
Epoch 132/2500
0s - loss: 8536236002.3890 - val_loss: 8072706294.6445
Epoch 133/2500
0s - loss: 8534449031.7483 - val_loss: 8068893124.4651
Epoch 134/2500
0s - loss: 8529515707.8733 - val_loss: 8067454981.1030
Epoch 135/2500
0s - loss: 8532597053.9599 - val_loss: 8063994696.2924
Epoch 136/2500
0s - loss: 8528689198.8886 - val_loss: 8060502560.3189
Epoch 137/2500
0s - loss: 8527456326.8113 - val_loss: 8059197974.1130
Epoch 138/2500
0s - loss: 8526971972.8975 - val_loss: 8054542844.5980
Epoch 139/2500
0s - loss: 8524290497.7477 - val_loss: 8052444682.2060
Epoch 140/2500
0s - loss: 8522360425.4196 - val_loss: 8049816140.5449
Epoch 141/2500
0s - loss: 8519483976.6188 - val_loss: 8049431060.4120
Epoch 142/2500
0s - loss: 8518797908.2081 - val_loss: 8045536647.2292
Epoch 143/2500
0s - loss: 8517310939.5843 - val_loss: 8042376078.0332
Epoch 144/2500
0s - loss: 8516278451.5801 - val_loss: 8041300401.7542
Epoch 145/2500
0s - loss: 8515846051.1797 - val_loss: 8040674946.9767
Epoch 146/2500
0s - loss: 8512317043.4140 - val_loss: 8039543765.4751
Epoch 147/2500
0s - loss: 8513606794.8583 - val_loss: 8037930545.3289
Epoch 148/2500
0s - loss: 8509521378.4953 - val_loss: 8034106005.6877
Epoch 149/2500
0s - loss: 8510342594.8109 - val_loss: 8033524812.5449
Epoch 150/2500
0s - loss: 8509735506.2943 - val_loss: 8032509470.6179
Epoch 151/2500
0s - loss: 8509576943.4401 - val_loss: 8031233258.7375
Epoch 152/2500
0s - loss: 8508169111.9626 - val_loss: 8030030359.8140
Epoch 153/2500
0s - loss: 8508616097.3191 - val_loss: 8029380747.4817
Epoch 154/2500
0s - loss: 8505345304.1620 - val_loss: 8028416918.5382
Epoch 155/2500
0s - loss: 8509192926.2158 - val_loss: 8028139996.2791
Epoch 156/2500
0s - loss: 8505249573.9308 - val_loss: 8029488629.7940
Epoch 157/2500
0s - loss: 8508350750.3287 - val_loss: 8027856268.3322
Epoch 158/2500
0s - loss: 8505588267.2736 - val_loss: 8024345793.9136
Epoch 159/2500
0s - loss: 8503197319.5091 - val_loss: 8025021181.4485
Epoch 160/2500
0s - loss: 8505187028.6998 - val_loss: 8024186468.3588
Epoch 161/2500
0s - loss: 8505568799.6844 - val_loss: 8023585203.4551
Epoch 162/2500
0s - loss: 8503101227.6723 - val_loss: 8020736554.5249
Epoch 163/2500
0s - loss: 8502898627.8210 - val_loss: 8021195864.4518
Epoch 164/2500
0s - loss: 8501168224.6479 - val_loss: 8019107110.2724
Epoch 165/2500
0s - loss: 8498805871.4269 - val_loss: 8019074083.7209
Epoch 166/2500
0s - loss: 8503241499.7238 - val_loss: 8017749973.4751
Epoch 167/2500
0s - loss: 8503300322.0434 - val_loss: 8018878001.3289
Epoch 168/2500
0s - loss: 8503461026.7810 - val_loss: 8017549687.9203
Epoch 169/2500
0s - loss: 8502011104.7675 - val_loss: 8016023795.2425
Epoch 170/2500
0s - loss: 8503181666.4288 - val_loss: 8013785530.2591
Epoch 171/2500
0s - loss: 8497478824.1503 - val_loss: 8013959435.0565
Epoch 172/2500
0s - loss: 8499251122.3840 - val_loss: 8014245440.6379
Epoch 173/2500
0s - loss: 8500279829.4773 - val_loss: 8012323555.9336
Epoch 174/2500
0s - loss: 8496904106.3034 - val_loss: 8010916581.6346
Epoch 175/2500
0s - loss: 8496516601.3548 - val_loss: 8010573400.4518
Epoch 176/2500
0s - loss: 8496415980.9415 - val_loss: 8011001350.8040
Epoch 177/2500
0s - loss: 8498120612.4556 - val_loss: 8011737921.4884
Epoch 178/2500
0s - loss: 8497649112.2882 - val_loss: 8011569553.4352
----------- Model 3 KF: loss: 8011569553.44 
Train on 9631 samples, validate on 4816 samples
Epoch 1/2500
0s - loss: 56184155836.7771 - val_loss: 55536172947.1362
Epoch 2/2500
0s - loss: 56109965405.1392 - val_loss: 55428873627.6412
Epoch 3/2500
0s - loss: 55970632801.0732 - val_loss: 55257704087.3887
Epoch 4/2500
0s - loss: 55767756614.1468 - val_loss: 55022808951.9203
Epoch 5/2500
0s - loss: 55501229015.0655 - val_loss: 54725623154.8173
Epoch 6/2500
0s - loss: 55173700518.1568 - val_loss: 54366976864.1063
Epoch 7/2500
0s - loss: 54784079738.2453 - val_loss: 53947075968.4252
Epoch 8/2500
0s - loss: 54335691349.7498 - val_loss: 53468107690.9502
Epoch 9/2500
0s - loss: 53825463555.9605 - val_loss: 52930233258.9502
Epoch 10/2500
0s - loss: 53257520033.6912 - val_loss: 52334790662.8040
Epoch 11/2500
0s - loss: 52634521076.0386 - val_loss: 51685028928.6379
Epoch 12/2500
0s - loss: 51952884841.3664 - val_loss: 50980198651.7475
Epoch 13/2500
0s - loss: 51218556530.9887 - val_loss: 50224402785.8073
Epoch 14/2500
0s - loss: 50434955459.8476 - val_loss: 49417686727.0166
Epoch 15/2500
0s - loss: 49602614759.0672 - val_loss: 48563833886.6179
Epoch 16/2500
0s - loss: 48720623884.9980 - val_loss: 47663967262.6179
Epoch 17/2500
0s - loss: 47795502974.0729 - val_loss: 46719151420.3854
Epoch 18/2500
0s - loss: 46819229087.4053 - val_loss: 45730520448.4252
Epoch 19/2500
0s - loss: 45810344437.4208 - val_loss: 44703822286.6711
Epoch 20/2500
0s - loss: 44760527592.6886 - val_loss: 43639592776.2924
Epoch 21/2500
0s - loss: 43664006544.5200 - val_loss: 42539288392.2924
Epoch 22/2500
0s - loss: 42548220453.4790 - val_loss: 41407348273.3289
Epoch 23/2500
0s - loss: 41392048629.6335 - val_loss: 40246402241.9136
Epoch 24/2500
0s - loss: 40206631012.5819 - val_loss: 39055982279.0166
Epoch 25/2500
0s - loss: 39001289902.4766 - val_loss: 37846816325.7409
Epoch 26/2500
0s - loss: 37763579434.2635 - val_loss: 36611845409.1694
Epoch 27/2500
0s - loss: 36515869709.2904 - val_loss: 35360040585.7807
Epoch 28/2500
0s - loss: 35239116371.7296 - val_loss: 34095459685.2093
Epoch 29/2500
0s - loss: 33959277016.0756 - val_loss: 32818118812.4917
Epoch 30/2500
0s - loss: 32667889013.3012 - val_loss: 31536228283.9601
Epoch 31/2500
0s - loss: 31372741058.5983 - val_loss: 30252104918.3256
Epoch 32/2500
0s - loss: 30072019330.3790 - val_loss: 28962817394.8173
Epoch 33/2500
0s - loss: 28770408268.3136 - val_loss: 27683039966.8306
Epoch 34/2500
0s - loss: 27479132824.9461 - val_loss: 26411302034.2857
Epoch 35/2500
0s - loss: 26194968931.7579 - val_loss: 25145839051.2691
Epoch 36/2500
0s - loss: 24929601330.7960 - val_loss: 23905347754.0997
Epoch 37/2500
0s - loss: 23682407688.4261 - val_loss: 22683106688.4253
Epoch 38/2500
0s - loss: 22450743965.6243 - val_loss: 21486336210.9236
Epoch 39/2500
0s - loss: 21262701465.0790 - val_loss: 20322162323.9867
Epoch 40/2500
0s - loss: 20085223714.4753 - val_loss: 19188626870.8571
Epoch 41/2500
0s - loss: 18957997996.5362 - val_loss: 18093790541.3953
Epoch 42/2500
0s - loss: 17866411011.2960 - val_loss: 17049810651.4286
Epoch 43/2500
0s - loss: 16833836819.9622 - val_loss: 16057354791.1229
Epoch 44/2500
0s - loss: 15839627088.0349 - val_loss: 15114334833.9668
Epoch 45/2500
0s - loss: 14909815662.2307 - val_loss: 14229324636.7043
Epoch 46/2500
0s - loss: 14039019588.3659 - val_loss: 13416338700.7575
Epoch 47/2500
0s - loss: 13237342644.6699 - val_loss: 12679126784.8505
Epoch 48/2500
0s - loss: 12506902729.8017 - val_loss: 12005091731.1362
Epoch 49/2500
0s - loss: 11860248996.7214 - val_loss: 11422689989.3156
Epoch 50/2500
0s - loss: 11293888017.2775 - val_loss: 10921828067.9336
Epoch 51/2500
0s - loss: 10814433061.7182 - val_loss: 10515189406.1927
Epoch 52/2500
0s - loss: 10433546655.7242 - val_loss: 10196414264.9834
Epoch 53/2500
0s - loss: 10131748312.9262 - val_loss: 9955509661.3422
Epoch 54/2500
0s - loss: 9912612989.0894 - val_loss: 9788321638.9103
Epoch 55/2500
0s - loss: 9756738481.3207 - val_loss: 9681388443.6412
Epoch 56/2500
0s - loss: 9650448114.2577 - val_loss: 9608825879.8140
Epoch 57/2500
0s - loss: 9574523735.2117 - val_loss: 9553388838.2724
Epoch 58/2500
0s - loss: 9510569551.4235 - val_loss: 9506497823.4684
Epoch 59/2500
0s - loss: 9456468470.0588 - val_loss: 9468395110.0598
Epoch 60/2500
0s - loss: 9408025622.7532 - val_loss: 9431246693.2093
Epoch 61/2500
0s - loss: 9361351395.5319 - val_loss: 9398448736.9568
Epoch 62/2500
0s - loss: 9316778219.6125 - val_loss: 9362336781.6080
Epoch 63/2500
0s - loss: 9274104550.9874 - val_loss: 9329505698.4452
Epoch 64/2500
0s - loss: 9233748109.6758 - val_loss: 9301034302.0864
Epoch 65/2500
0s - loss: 9193590066.4238 - val_loss: 9270052462.5648
Epoch 66/2500
0s - loss: 9155078023.6420 - val_loss: 9240000984.8771
Epoch 67/2500
0s - loss: 9117783262.5347 - val_loss: 9212864314.6844
Epoch 68/2500
0s - loss: 9082652654.4566 - val_loss: 9184873728.8505
Epoch 69/2500
0s - loss: 9047194590.0829 - val_loss: 9159039193.7276
Epoch 70/2500
0s - loss: 9013777194.9280 - val_loss: 9133812633.9402
Epoch 71/2500
0s - loss: 8980814726.1535 - val_loss: 9108364464.9037
Epoch 72/2500
0s - loss: 8950785770.8151 - val_loss: 9086246796.3322
Epoch 73/2500
0s - loss: 8920667029.9425 - val_loss: 9065527678.7243
Epoch 74/2500
0s - loss: 8890331121.7527 - val_loss: 9044998045.3422
Epoch 75/2500
0s - loss: 8861114404.8942 - val_loss: 9020551162.8970
Epoch 76/2500
0s - loss: 8833301250.0467 - val_loss: 9000351893.6877
Epoch 77/2500
0s - loss: 8807183070.6942 - val_loss: 8980804000.7442
Epoch 78/2500
0s - loss: 8781655460.1898 - val_loss: 8963917327.3090
Epoch 79/2500
0s - loss: 8756988746.0276 - val_loss: 8944893446.8040
Epoch 80/2500
0s - loss: 8733454881.4387 - val_loss: 8931974494.4053
Epoch 81/2500
0s - loss: 8709880693.5670 - val_loss: 8917241469.8738
Epoch 82/2500
0s - loss: 8686555572.1915 - val_loss: 8901616726.7508
Epoch 83/2500
0s - loss: 8664353969.1347 - val_loss: 8887353388.2259
Epoch 84/2500
0s - loss: 8643795079.5622 - val_loss: 8876080002.1262
Epoch 85/2500
0s - loss: 8624245189.1500 - val_loss: 8864833381.2093
Epoch 86/2500
0s - loss: 8604571176.3497 - val_loss: 8846300142.9900
Epoch 87/2500
0s - loss: 8586647327.2325 - val_loss: 8836947923.7741
Epoch 88/2500
0s - loss: 8569192443.9597 - val_loss: 8825366305.1694
Epoch 89/2500
0s - loss: 8551976674.9471 - val_loss: 8815659043.7209
Epoch 90/2500
0s - loss: 8535215840.7144 - val_loss: 8809003713.9136
Epoch 91/2500
0s - loss: 8519985380.9141 - val_loss: 8794551520.5316
Epoch 92/2500
0s - loss: 8503871818.1339 - val_loss: 8786035616.7442
Epoch 93/2500
0s - loss: 8490049293.9018 - val_loss: 8775381282.8704
Epoch 94/2500
0s - loss: 8475741669.9508 - val_loss: 8771676333.5017
Epoch 95/2500
0s - loss: 8461722430.0662 - val_loss: 8760263030.2193
Epoch 96/2500
0s - loss: 8448565305.5741 - val_loss: 8750393752.2392
Epoch 97/2500
0s - loss: 8436279648.8871 - val_loss: 8741553194.5249
Epoch 98/2500
0s - loss: 8424340934.7980 - val_loss: 8735778564.2525
Epoch 99/2500
0s - loss: 8412888957.0097 - val_loss: 8729385489.0100
Epoch 100/2500
0s - loss: 8400807121.0317 - val_loss: 8724419905.4884
Epoch 101/2500
0s - loss: 8390777355.0045 - val_loss: 8717112282.5781
Epoch 102/2500
0s - loss: 8380386449.3440 - val_loss: 8712916823.6013
Epoch 103/2500
0s - loss: 8371114875.3616 - val_loss: 8712750146.3389
Epoch 104/2500
0s - loss: 8360898729.2667 - val_loss: 8704644295.0166
Epoch 105/2500
0s - loss: 8351409311.0065 - val_loss: 8698760605.3422
Epoch 106/2500
0s - loss: 8342434297.6206 - val_loss: 8694484444.2791
Epoch 107/2500
0s - loss: 8334086180.2563 - val_loss: 8686197338.1528
Epoch 108/2500
0s - loss: 8327087682.6116 - val_loss: 8679255604.7309
Epoch 109/2500
0s - loss: 8319682655.5847 - val_loss: 8680680252.3854
Epoch 110/2500
0s - loss: 8311715326.4583 - val_loss: 8678396747.6944
Epoch 111/2500
0s - loss: 8303946658.6481 - val_loss: 8679861011.5615
Epoch 112/2500
0s - loss: 8296480240.5300 - val_loss: 8668581983.2558
Epoch 113/2500
0s - loss: 8291217325.9184 - val_loss: 8667466855.7608
Epoch 114/2500
0s - loss: 8285207502.9849 - val_loss: 8663061303.2824
Epoch 115/2500
0s - loss: 8278935584.8539 - val_loss: 8662718996.4120
Epoch 116/2500
0s - loss: 8273089453.9184 - val_loss: 8661477211.0033
Epoch 117/2500
0s - loss: 8267480044.0112 - val_loss: 8662829200.5847
Epoch 118/2500
0s - loss: 8261603274.7852 - val_loss: 8649726110.1927
Epoch 119/2500
0s - loss: 8257974416.7592 - val_loss: 8647373771.2691
Epoch 120/2500
0s - loss: 8252357915.4580 - val_loss: 8646057873.4352
Epoch 121/2500
0s - loss: 8248741079.0389 - val_loss: 8647316214.6445
Epoch 122/2500
0s - loss: 8243786214.8014 - val_loss: 8641250916.3588
Epoch 123/2500
0s - loss: 8239600701.4549 - val_loss: 8639523321.1960
Epoch 124/2500
0s - loss: 8236001789.0761 - val_loss: 8642863219.6678
Epoch 125/2500
0s - loss: 8231579202.8242 - val_loss: 8643477750.6445
Epoch 126/2500
0s - loss: 8228658979.4854 - val_loss: 8641556571.8538
----------- Model 3 KF: loss: 8641556571.85 
Train on 9632 samples, validate on 4815 samples
Epoch 1/2500
0s - loss: 55649829558.0066 - val_loss: 56604438477.8102
Epoch 2/2500
0s - loss: 55575838978.5515 - val_loss: 56496996590.1890
Epoch 3/2500
0s - loss: 55437485120.6379 - val_loss: 56325010138.7298
Epoch 4/2500
0s - loss: 55236215226.2591 - val_loss: 56089011985.3857
Epoch 5/2500
0s - loss: 54971177191.3355 - val_loss: 55790878848.4519
Epoch 6/2500
0s - loss: 54645974604.5449 - val_loss: 55429617987.6818
Epoch 7/2500
0s - loss: 54259833349.1030 - val_loss: 55008460694.5163
Epoch 8/2500
0s - loss: 53814123611.8538 - val_loss: 54526588292.1205
Epoch 9/2500
0s - loss: 53305796240.5847 - val_loss: 53985435778.1533
Epoch 10/2500
0s - loss: 52743732064.1063 - val_loss: 53387558202.5371
Epoch 11/2500
0s - loss: 52124228461.7143 - val_loss: 52732333560.2376
Epoch 12/2500
0s - loss: 51446969422.2458 - val_loss: 52023646172.6970
Epoch 13/2500
0s - loss: 50719897470.7243 - val_loss: 51261770599.5165
Epoch 14/2500
0s - loss: 49940765828.6777 - val_loss: 50448937967.1992
Epoch 15/2500
