Train on 2576 samples, validate on 644 samples
Epoch 1/200
0s - loss: 0.7118 - acc: 0.3828 - val_loss: 0.7006 - val_acc: 0.3882
Epoch 2/200
0s - loss: 0.7107 - acc: 0.3828 - val_loss: 0.6996 - val_acc: 0.3882
Epoch 3/200
0s - loss: 0.7096 - acc: 0.3835 - val_loss: 0.6986 - val_acc: 0.3898
Epoch 4/200
0s - loss: 0.7085 - acc: 0.3835 - val_loss: 0.6976 - val_acc: 0.3898
Epoch 5/200
0s - loss: 0.7075 - acc: 0.3835 - val_loss: 0.6967 - val_acc: 0.3898
Epoch 6/200
0s - loss: 0.7065 - acc: 0.3839 - val_loss: 0.6958 - val_acc: 0.3929
Epoch 7/200
0s - loss: 0.7056 - acc: 0.3859 - val_loss: 0.6949 - val_acc: 0.3944
Epoch 8/200
0s - loss: 0.7046 - acc: 0.3855 - val_loss: 0.6940 - val_acc: 0.4130
Epoch 9/200
0s - loss: 0.7037 - acc: 0.3932 - val_loss: 0.6932 - val_acc: 0.5093
Epoch 10/200
0s - loss: 0.7029 - acc: 0.4864 - val_loss: 0.6924 - val_acc: 0.5963
Epoch 11/200
0s - loss: 0.7020 - acc: 0.5920 - val_loss: 0.6916 - val_acc: 0.5994
Epoch 12/200
0s - loss: 0.7012 - acc: 0.6106 - val_loss: 0.6908 - val_acc: 0.6040
Epoch 13/200
0s - loss: 0.7004 - acc: 0.6118 - val_loss: 0.6901 - val_acc: 0.6102
Epoch 14/200
0s - loss: 0.6996 - acc: 0.6153 - val_loss: 0.6894 - val_acc: 0.6118
Epoch 15/200
0s - loss: 0.6989 - acc: 0.6176 - val_loss: 0.6887 - val_acc: 0.6118
Epoch 16/200
0s - loss: 0.6981 - acc: 0.6176 - val_loss: 0.6880 - val_acc: 0.6118
Epoch 17/200
0s - loss: 0.6974 - acc: 0.6176 - val_loss: 0.6874 - val_acc: 0.6118
Epoch 18/200
0s - loss: 0.6967 - acc: 0.6176 - val_loss: 0.6867 - val_acc: 0.6118
Epoch 19/200
0s - loss: 0.6961 - acc: 0.6176 - val_loss: 0.6861 - val_acc: 0.6118
Epoch 20/200
0s - loss: 0.6954 - acc: 0.6176 - val_loss: 0.6855 - val_acc: 0.6118
Epoch 21/200
0s - loss: 0.6948 - acc: 0.6176 - val_loss: 0.6850 - val_acc: 0.6118
Epoch 22/200
0s - loss: 0.6942 - acc: 0.6176 - val_loss: 0.6844 - val_acc: 0.6118
Epoch 23/200
0s - loss: 0.6936 - acc: 0.6176 - val_loss: 0.6839 - val_acc: 0.6118
Epoch 24/200
0s - loss: 0.6930 - acc: 0.6176 - val_loss: 0.6833 - val_acc: 0.6118
Epoch 25/200
0s - loss: 0.6925 - acc: 0.6176 - val_loss: 0.6828 - val_acc: 0.6118
Epoch 26/200
0s - loss: 0.6919 - acc: 0.6176 - val_loss: 0.6823 - val_acc: 0.6118
Epoch 27/200
0s - loss: 0.6914 - acc: 0.6176 - val_loss: 0.6819 - val_acc: 0.6118
Epoch 28/200
0s - loss: 0.6909 - acc: 0.6176 - val_loss: 0.6814 - val_acc: 0.6118
Epoch 29/200
0s - loss: 0.6904 - acc: 0.6176 - val_loss: 0.6809 - val_acc: 0.6118
Epoch 30/200
0s - loss: 0.6899 - acc: 0.6176 - val_loss: 0.6805 - val_acc: 0.6118
Epoch 31/200
0s - loss: 0.6895 - acc: 0.6176 - val_loss: 0.6801 - val_acc: 0.6118
Epoch 32/200
0s - loss: 0.6890 - acc: 0.6176 - val_loss: 0.6797 - val_acc: 0.6118
Epoch 33/200
0s - loss: 0.6886 - acc: 0.6176 - val_loss: 0.6793 - val_acc: 0.6118
Epoch 34/200
0s - loss: 0.6881 - acc: 0.6176 - val_loss: 0.6789 - val_acc: 0.6118
Epoch 35/200
0s - loss: 0.6877 - acc: 0.6176 - val_loss: 0.6785 - val_acc: 0.6118
Epoch 36/200
0s - loss: 0.6873 - acc: 0.6176 - val_loss: 0.6781 - val_acc: 0.6118
Epoch 37/200
0s - loss: 0.6869 - acc: 0.6176 - val_loss: 0.6778 - val_acc: 0.6118
Epoch 38/200
0s - loss: 0.6865 - acc: 0.6176 - val_loss: 0.6774 - val_acc: 0.6118
Epoch 39/200
0s - loss: 0.6862 - acc: 0.6176 - val_loss: 0.6771 - val_acc: 0.6118
Epoch 40/200
0s - loss: 0.6858 - acc: 0.6176 - val_loss: 0.6768 - val_acc: 0.6118
Epoch 41/200
0s - loss: 0.6855 - acc: 0.6176 - val_loss: 0.6765 - val_acc: 0.6118
Epoch 42/200
0s - loss: 0.6851 - acc: 0.6176 - val_loss: 0.6762 - val_acc: 0.6118
Epoch 43/200
0s - loss: 0.6848 - acc: 0.6176 - val_loss: 0.6759 - val_acc: 0.6118
Epoch 44/200
0s - loss: 0.6845 - acc: 0.6176 - val_loss: 0.6756 - val_acc: 0.6118
Epoch 45/200
0s - loss: 0.6842 - acc: 0.6176 - val_loss: 0.6753 - val_acc: 0.6118
Epoch 46/200
0s - loss: 0.6839 - acc: 0.6176 - val_loss: 0.6750 - val_acc: 0.6118
Epoch 47/200
0s - loss: 0.6836 - acc: 0.6176 - val_loss: 0.6748 - val_acc: 0.6118
Epoch 48/200
0s - loss: 0.6833 - acc: 0.6176 - val_loss: 0.6745 - val_acc: 0.6118
Epoch 49/200
0s - loss: 0.6830 - acc: 0.6176 - val_loss: 0.6743 - val_acc: 0.6118
Epoch 50/200
0s - loss: 0.6828 - acc: 0.6176 - val_loss: 0.6740 - val_acc: 0.6118
Epoch 51/200
0s - loss: 0.6825 - acc: 0.6176 - val_loss: 0.6738 - val_acc: 0.6118
Epoch 52/200
0s - loss: 0.6822 - acc: 0.6176 - val_loss: 0.6736 - val_acc: 0.6118
Epoch 53/200
0s - loss: 0.6820 - acc: 0.6176 - val_loss: 0.6734 - val_acc: 0.6118
Epoch 54/200
0s - loss: 0.6818 - acc: 0.6176 - val_loss: 0.6731 - val_acc: 0.6118
Epoch 55/200
0s - loss: 0.6815 - acc: 0.6176 - val_loss: 0.6729 - val_acc: 0.6118
Epoch 56/200
0s - loss: 0.6813 - acc: 0.6176 - val_loss: 0.6727 - val_acc: 0.6118
Epoch 57/200
0s - loss: 0.6811 - acc: 0.6176 - val_loss: 0.6725 - val_acc: 0.6118
Epoch 58/200
0s - loss: 0.6809 - acc: 0.6176 - val_loss: 0.6723 - val_acc: 0.6118
Epoch 59/200
0s - loss: 0.6807 - acc: 0.6176 - val_loss: 0.6722 - val_acc: 0.6118
Epoch 60/200
0s - loss: 0.6805 - acc: 0.6176 - val_loss: 0.6720 - val_acc: 0.6118
Epoch 61/200
0s - loss: 0.6803 - acc: 0.6176 - val_loss: 0.6718 - val_acc: 0.6118
Epoch 62/200
0s - loss: 0.6801 - acc: 0.6176 - val_loss: 0.6716 - val_acc: 0.6118
Epoch 63/200
0s - loss: 0.6799 - acc: 0.6176 - val_loss: 0.6715 - val_acc: 0.6118
Epoch 64/200
0s - loss: 0.6797 - acc: 0.6176 - val_loss: 0.6713 - val_acc: 0.6118
Epoch 65/200
0s - loss: 0.6795 - acc: 0.6176 - val_loss: 0.6712 - val_acc: 0.6118
Epoch 66/200
0s - loss: 0.6794 - acc: 0.6176 - val_loss: 0.6710 - val_acc: 0.6118
Epoch 67/200
0s - loss: 0.6792 - acc: 0.6176 - val_loss: 0.6709 - val_acc: 0.6118
Epoch 68/200
0s - loss: 0.6790 - acc: 0.6176 - val_loss: 0.6707 - val_acc: 0.6118
Epoch 69/200
0s - loss: 0.6789 - acc: 0.6176 - val_loss: 0.6706 - val_acc: 0.6118
Epoch 70/200
0s - loss: 0.6787 - acc: 0.6176 - val_loss: 0.6705 - val_acc: 0.6118
Epoch 71/200
0s - loss: 0.6786 - acc: 0.6176 - val_loss: 0.6703 - val_acc: 0.6118
Epoch 72/200
0s - loss: 0.6784 - acc: 0.6176 - val_loss: 0.6702 - val_acc: 0.6118
Epoch 73/200
0s - loss: 0.6783 - acc: 0.6176 - val_loss: 0.6701 - val_acc: 0.6118
Epoch 74/200
0s - loss: 0.6781 - acc: 0.6176 - val_loss: 0.6700 - val_acc: 0.6118
Epoch 75/200
0s - loss: 0.6780 - acc: 0.6176 - val_loss: 0.6698 - val_acc: 0.6118
Epoch 76/200
0s - loss: 0.6779 - acc: 0.6176 - val_loss: 0.6697 - val_acc: 0.6118
Epoch 77/200
0s - loss: 0.6777 - acc: 0.6176 - val_loss: 0.6696 - val_acc: 0.6118
Epoch 78/200
0s - loss: 0.6776 - acc: 0.6176 - val_loss: 0.6695 - val_acc: 0.6118
Epoch 79/200
0s - loss: 0.6775 - acc: 0.6176 - val_loss: 0.6694 - val_acc: 0.6118
Epoch 80/200
0s - loss: 0.6774 - acc: 0.6176 - val_loss: 0.6693 - val_acc: 0.6118
Epoch 81/200
0s - loss: 0.6773 - acc: 0.6176 - val_loss: 0.6692 - val_acc: 0.6118
Epoch 82/200
0s - loss: 0.6771 - acc: 0.6176 - val_loss: 0.6691 - val_acc: 0.6118
Epoch 83/200
0s - loss: 0.6770 - acc: 0.6176 - val_loss: 0.6690 - val_acc: 0.6118
Epoch 84/200
0s - loss: 0.6769 - acc: 0.6176 - val_loss: 0.6689 - val_acc: 0.6118
Epoch 85/200
0s - loss: 0.6768 - acc: 0.6176 - val_loss: 0.6688 - val_acc: 0.6118
Epoch 86/200
0s - loss: 0.6767 - acc: 0.6176 - val_loss: 0.6687 - val_acc: 0.6118
Epoch 87/200
0s - loss: 0.6766 - acc: 0.6176 - val_loss: 0.6687 - val_acc: 0.6118
Epoch 88/200
0s - loss: 0.6765 - acc: 0.6176 - val_loss: 0.6686 - val_acc: 0.6118
Epoch 89/200
0s - loss: 0.6764 - acc: 0.6176 - val_loss: 0.6685 - val_acc: 0.6118
Epoch 90/200
0s - loss: 0.6763 - acc: 0.6176 - val_loss: 0.6684 - val_acc: 0.6118
Epoch 91/200
0s - loss: 0.6763 - acc: 0.6176 - val_loss: 0.6683 - val_acc: 0.6118
Epoch 92/200
0s - loss: 0.6762 - acc: 0.6176 - val_loss: 0.6683 - val_acc: 0.6118
Epoch 93/200
0s - loss: 0.6761 - acc: 0.6176 - val_loss: 0.6682 - val_acc: 0.6118
Epoch 94/200
0s - loss: 0.6760 - acc: 0.6176 - val_loss: 0.6681 - val_acc: 0.6118
Epoch 95/200
0s - loss: 0.6759 - acc: 0.6176 - val_loss: 0.6681 - val_acc: 0.6118
Epoch 96/200
0s - loss: 0.6758 - acc: 0.6176 - val_loss: 0.6680 - val_acc: 0.6118
Epoch 97/200
0s - loss: 0.6758 - acc: 0.6176 - val_loss: 0.6679 - val_acc: 0.6118
Epoch 98/200
0s - loss: 0.6757 - acc: 0.6176 - val_loss: 0.6679 - val_acc: 0.6118
Epoch 99/200
0s - loss: 0.6756 - acc: 0.6176 - val_loss: 0.6678 - val_acc: 0.6118
Epoch 100/200
0s - loss: 0.6755 - acc: 0.6176 - val_loss: 0.6677 - val_acc: 0.6118
Epoch 101/200
0s - loss: 0.6755 - acc: 0.6176 - val_loss: 0.6677 - val_acc: 0.6118
Epoch 102/200
0s - loss: 0.6754 - acc: 0.6176 - val_loss: 0.6676 - val_acc: 0.6118
Epoch 103/200
0s - loss: 0.6753 - acc: 0.6176 - val_loss: 0.6676 - val_acc: 0.6118
Epoch 104/200
0s - loss: 0.6753 - acc: 0.6176 - val_loss: 0.6675 - val_acc: 0.6118
Epoch 105/200
0s - loss: 0.6752 - acc: 0.6176 - val_loss: 0.6675 - val_acc: 0.6118
Epoch 106/200
0s - loss: 0.6751 - acc: 0.6176 - val_loss: 0.6674 - val_acc: 0.6118
Epoch 107/200
0s - loss: 0.6751 - acc: 0.6176 - val_loss: 0.6674 - val_acc: 0.6118
Epoch 108/200
0s - loss: 0.6750 - acc: 0.6176 - val_loss: 0.6673 - val_acc: 0.6118
Epoch 109/200
0s - loss: 0.6749 - acc: 0.6176 - val_loss: 0.6673 - val_acc: 0.6118
Epoch 110/200
0s - loss: 0.6749 - acc: 0.6176 - val_loss: 0.6672 - val_acc: 0.6118
Epoch 111/200
0s - loss: 0.6748 - acc: 0.6176 - val_loss: 0.6672 - val_acc: 0.6118
Epoch 112/200
0s - loss: 0.6748 - acc: 0.6176 - val_loss: 0.6671 - val_acc: 0.6118
Epoch 113/200
0s - loss: 0.6747 - acc: 0.6176 - val_loss: 0.6671 - val_acc: 0.6118
Epoch 114/200
0s - loss: 0.6747 - acc: 0.6176 - val_loss: 0.6670 - val_acc: 0.6118
Epoch 115/200
0s - loss: 0.6746 - acc: 0.6176 - val_loss: 0.6670 - val_acc: 0.6118
Epoch 116/200
0s - loss: 0.6746 - acc: 0.6176 - val_loss: 0.6670 - val_acc: 0.6118
Epoch 117/200
0s - loss: 0.6745 - acc: 0.6176 - val_loss: 0.6669 - val_acc: 0.6118
Epoch 118/200
0s - loss: 0.6745 - acc: 0.6176 - val_loss: 0.6669 - val_acc: 0.6118
Epoch 119/200
0s - loss: 0.6744 - acc: 0.6176 - val_loss: 0.6668 - val_acc: 0.6118
Epoch 120/200
0s - loss: 0.6744 - acc: 0.6176 - val_loss: 0.6668 - val_acc: 0.6118
Epoch 121/200
0s - loss: 0.6743 - acc: 0.6176 - val_loss: 0.6668 - val_acc: 0.6118
Epoch 122/200
0s - loss: 0.6743 - acc: 0.6176 - val_loss: 0.6667 - val_acc: 0.6118
Epoch 123/200
0s - loss: 0.6742 - acc: 0.6176 - val_loss: 0.6667 - val_acc: 0.6118
Epoch 124/200
0s - loss: 0.6742 - acc: 0.6176 - val_loss: 0.6667 - val_acc: 0.6118
Epoch 125/200
0s - loss: 0.6741 - acc: 0.6176 - val_loss: 0.6666 - val_acc: 0.6118
Epoch 126/200
0s - loss: 0.6741 - acc: 0.6176 - val_loss: 0.6666 - val_acc: 0.6118
Epoch 127/200
0s - loss: 0.6740 - acc: 0.6176 - val_loss: 0.6666 - val_acc: 0.6118
Epoch 128/200
0s - loss: 0.6740 - acc: 0.6176 - val_loss: 0.6665 - val_acc: 0.6118
Epoch 129/200
0s - loss: 0.6740 - acc: 0.6176 - val_loss: 0.6665 - val_acc: 0.6118
Epoch 130/200
0s - loss: 0.6739 - acc: 0.6176 - val_loss: 0.6665 - val_acc: 0.6118
Epoch 131/200
0s - loss: 0.6739 - acc: 0.6176 - val_loss: 0.6664 - val_acc: 0.6118
Epoch 132/200
0s - loss: 0.6738 - acc: 0.6176 - val_loss: 0.6664 - val_acc: 0.6118
Epoch 133/200
0s - loss: 0.6738 - acc: 0.6176 - val_loss: 0.6664 - val_acc: 0.6118
Epoch 134/200
0s - loss: 0.6738 - acc: 0.6176 - val_loss: 0.6663 - val_acc: 0.6118
Epoch 135/200
0s - loss: 0.6737 - acc: 0.6176 - val_loss: 0.6663 - val_acc: 0.6118
Epoch 136/200
0s - loss: 0.6737 - acc: 0.6176 - val_loss: 0.6663 - val_acc: 0.6118
Epoch 137/200
0s - loss: 0.6737 - acc: 0.6176 - val_loss: 0.6663 - val_acc: 0.6118
Epoch 138/200
0s - loss: 0.6736 - acc: 0.6176 - val_loss: 0.6662 - val_acc: 0.6118
Epoch 139/200
0s - loss: 0.6736 - acc: 0.6176 - val_loss: 0.6662 - val_acc: 0.6118
Epoch 140/200
0s - loss: 0.6736 - acc: 0.6176 - val_loss: 0.6662 - val_acc: 0.6118
Epoch 141/200
0s - loss: 0.6735 - acc: 0.6176 - val_loss: 0.6662 - val_acc: 0.6118
Epoch 142/200
0s - loss: 0.6735 - acc: 0.6176 - val_loss: 0.6661 - val_acc: 0.6118
Epoch 143/200
0s - loss: 0.6735 - acc: 0.6176 - val_loss: 0.6661 - val_acc: 0.6118
Epoch 144/200
0s - loss: 0.6734 - acc: 0.6176 - val_loss: 0.6661 - val_acc: 0.6118
Epoch 145/200
0s - loss: 0.6734 - acc: 0.6176 - val_loss: 0.6661 - val_acc: 0.6118
Epoch 146/200
0s - loss: 0.6734 - acc: 0.6176 - val_loss: 0.6660 - val_acc: 0.6118
Epoch 147/200
0s - loss: 0.6733 - acc: 0.6176 - val_loss: 0.6660 - val_acc: 0.6118
Epoch 148/200
0s - loss: 0.6733 - acc: 0.6176 - val_loss: 0.6660 - val_acc: 0.6118
Epoch 149/200
0s - loss: 0.6733 - acc: 0.6176 - val_loss: 0.6660 - val_acc: 0.6118
Epoch 150/200
0s - loss: 0.6732 - acc: 0.6176 - val_loss: 0.6659 - val_acc: 0.6118
Epoch 151/200
0s - loss: 0.6732 - acc: 0.6176 - val_loss: 0.6659 - val_acc: 0.6118
Epoch 152/200
0s - loss: 0.6732 - acc: 0.6176 - val_loss: 0.6659 - val_acc: 0.6118
Epoch 153/200
0s - loss: 0.6732 - acc: 0.6176 - val_loss: 0.6659 - val_acc: 0.6118
Epoch 154/200
0s - loss: 0.6731 - acc: 0.6176 - val_loss: 0.6658 - val_acc: 0.6118
Epoch 155/200
0s - loss: 0.6731 - acc: 0.6176 - val_loss: 0.6658 - val_acc: 0.6118
Epoch 156/200
0s - loss: 0.6731 - acc: 0.6176 - val_loss: 0.6658 - val_acc: 0.6118
Epoch 157/200
0s - loss: 0.6730 - acc: 0.6176 - val_loss: 0.6658 - val_acc: 0.6118
Epoch 158/200
0s - loss: 0.6730 - acc: 0.6176 - val_loss: 0.6658 - val_acc: 0.6118
Epoch 159/200
0s - loss: 0.6730 - acc: 0.6176 - val_loss: 0.6657 - val_acc: 0.6118
Epoch 160/200
0s - loss: 0.6730 - acc: 0.6176 - val_loss: 0.6657 - val_acc: 0.6118
Epoch 161/200
0s - loss: 0.6729 - acc: 0.6176 - val_loss: 0.6657 - val_acc: 0.6118
Epoch 162/200
0s - loss: 0.6729 - acc: 0.6176 - val_loss: 0.6657 - val_acc: 0.6118
Epoch 163/200
0s - loss: 0.6729 - acc: 0.6176 - val_loss: 0.6657 - val_acc: 0.6118
Epoch 164/200
0s - loss: 0.6729 - acc: 0.6176 - val_loss: 0.6656 - val_acc: 0.6118
Epoch 165/200
0s - loss: 0.6728 - acc: 0.6176 - val_loss: 0.6656 - val_acc: 0.6118
Epoch 166/200
0s - loss: 0.6728 - acc: 0.6176 - val_loss: 0.6656 - val_acc: 0.6118
Epoch 167/200
0s - loss: 0.6728 - acc: 0.6176 - val_loss: 0.6656 - val_acc: 0.6118
Epoch 168/200
0s - loss: 0.6728 - acc: 0.6176 - val_loss: 0.6656 - val_acc: 0.6118
Epoch 169/200
0s - loss: 0.6727 - acc: 0.6176 - val_loss: 0.6656 - val_acc: 0.6118
Epoch 170/200
0s - loss: 0.6727 - acc: 0.6176 - val_loss: 0.6655 - val_acc: 0.6118
Epoch 171/200
0s - loss: 0.6727 - acc: 0.6176 - val_loss: 0.6655 - val_acc: 0.6118
Epoch 172/200
0s - loss: 0.6727 - acc: 0.6176 - val_loss: 0.6655 - val_acc: 0.6118
Epoch 173/200
0s - loss: 0.6726 - acc: 0.6176 - val_loss: 0.6655 - val_acc: 0.6118
Epoch 174/200
0s - loss: 0.6726 - acc: 0.6176 - val_loss: 0.6655 - val_acc: 0.6118
Epoch 175/200
0s - loss: 0.6726 - acc: 0.6176 - val_loss: 0.6654 - val_acc: 0.6118
Epoch 176/200
0s - loss: 0.6726 - acc: 0.6176 - val_loss: 0.6654 - val_acc: 0.6118
Epoch 177/200
0s - loss: 0.6725 - acc: 0.6176 - val_loss: 0.6654 - val_acc: 0.6118
Epoch 178/200
0s - loss: 0.6725 - acc: 0.6176 - val_loss: 0.6654 - val_acc: 0.6118
Epoch 179/200
0s - loss: 0.6725 - acc: 0.6176 - val_loss: 0.6654 - val_acc: 0.6118
Epoch 180/200
0s - loss: 0.6725 - acc: 0.6176 - val_loss: 0.6654 - val_acc: 0.6118
Epoch 181/200
0s - loss: 0.6724 - acc: 0.6176 - val_loss: 0.6653 - val_acc: 0.6118
Epoch 182/200
0s - loss: 0.6724 - acc: 0.6176 - val_loss: 0.6653 - val_acc: 0.6118
Epoch 183/200
0s - loss: 0.6724 - acc: 0.6176 - val_loss: 0.6653 - val_acc: 0.6118
Epoch 184/200
0s - loss: 0.6724 - acc: 0.6176 - val_loss: 0.6653 - val_acc: 0.6118
Epoch 185/200
0s - loss: 0.6724 - acc: 0.6176 - val_loss: 0.6653 - val_acc: 0.6118
Epoch 186/200
0s - loss: 0.6723 - acc: 0.6176 - val_loss: 0.6653 - val_acc: 0.6118
Epoch 187/200
0s - loss: 0.6723 - acc: 0.6176 - val_loss: 0.6652 - val_acc: 0.6118
Epoch 188/200
0s - loss: 0.6723 - acc: 0.6176 - val_loss: 0.6652 - val_acc: 0.6118
Epoch 189/200
0s - loss: 0.6723 - acc: 0.6176 - val_loss: 0.6652 - val_acc: 0.6118
Epoch 190/200
0s - loss: 0.6723 - acc: 0.6176 - val_loss: 0.6652 - val_acc: 0.6118
Epoch 191/200
0s - loss: 0.6722 - acc: 0.6176 - val_loss: 0.6652 - val_acc: 0.6118
Epoch 192/200
0s - loss: 0.6722 - acc: 0.6176 - val_loss: 0.6652 - val_acc: 0.6118
Epoch 193/200
0s - loss: 0.6722 - acc: 0.6176 - val_loss: 0.6651 - val_acc: 0.6118
Epoch 194/200
0s - loss: 0.6722 - acc: 0.6176 - val_loss: 0.6651 - val_acc: 0.6118
Epoch 195/200
0s - loss: 0.6721 - acc: 0.6176 - val_loss: 0.6651 - val_acc: 0.6118
Epoch 196/200
0s - loss: 0.6721 - acc: 0.6176 - val_loss: 0.6651 - val_acc: 0.6118
Epoch 197/200
0s - loss: 0.6721 - acc: 0.6176 - val_loss: 0.6651 - val_acc: 0.6118
Epoch 198/200
0s - loss: 0.6721 - acc: 0.6176 - val_loss: 0.6651 - val_acc: 0.6118
Epoch 199/200
0s - loss: 0.6721 - acc: 0.6176 - val_loss: 0.6651 - val_acc: 0.6118
Epoch 200/200
0s - loss: 0.6720 - acc: 0.6176 - val_loss: 0.6650 - val_acc: 0.6118
----------- Model 0 
loss: 0.665040552616
acc: 0.61180126667
Train on 2576 samples, validate on 644 samples
Epoch 1/200
0s - loss: 0.7001 - acc: 0.6180 - val_loss: 0.6898 - val_acc: 0.6071
Epoch 2/200
0s - loss: 0.6993 - acc: 0.6196 - val_loss: 0.6891 - val_acc: 0.6071
Epoch 3/200
0s - loss: 0.6985 - acc: 0.6192 - val_loss: 0.6884 - val_acc: 0.6071
Epoch 4/200
0s - loss: 0.6977 - acc: 0.6192 - val_loss: 0.6877 - val_acc: 0.6071
Epoch 5/200
0s - loss: 0.6970 - acc: 0.6188 - val_loss: 0.6870 - val_acc: 0.6071
Epoch 6/200
0s - loss: 0.6962 - acc: 0.6188 - val_loss: 0.6864 - val_acc: 0.6071
Epoch 7/200
0s - loss: 0.6955 - acc: 0.6188 - val_loss: 0.6858 - val_acc: 0.6071
Epoch 8/200
0s - loss: 0.6948 - acc: 0.6188 - val_loss: 0.6852 - val_acc: 0.6071
Epoch 9/200
0s - loss: 0.6942 - acc: 0.6188 - val_loss: 0.6846 - val_acc: 0.6071
Epoch 10/200
0s - loss: 0.6935 - acc: 0.6188 - val_loss: 0.6841 - val_acc: 0.6071
Epoch 11/200
0s - loss: 0.6929 - acc: 0.6188 - val_loss: 0.6835 - val_acc: 0.6071
Epoch 12/200
0s - loss: 0.6923 - acc: 0.6188 - val_loss: 0.6830 - val_acc: 0.6071
Epoch 13/200
0s - loss: 0.6917 - acc: 0.6188 - val_loss: 0.6825 - val_acc: 0.6071
Epoch 14/200
0s - loss: 0.6911 - acc: 0.6188 - val_loss: 0.6820 - val_acc: 0.6071
Epoch 15/200
0s - loss: 0.6905 - acc: 0.6188 - val_loss: 0.6816 - val_acc: 0.6071
Epoch 16/200
0s - loss: 0.6900 - acc: 0.6188 - val_loss: 0.6811 - val_acc: 0.6071
Epoch 17/200
0s - loss: 0.6894 - acc: 0.6188 - val_loss: 0.6807 - val_acc: 0.6071
Epoch 18/200
0s - loss: 0.6889 - acc: 0.6188 - val_loss: 0.6802 - val_acc: 0.6071
Epoch 19/200
0s - loss: 0.6884 - acc: 0.6188 - val_loss: 0.6798 - val_acc: 0.6071
Epoch 20/200
0s - loss: 0.6879 - acc: 0.6188 - val_loss: 0.6794 - val_acc: 0.6071
Epoch 21/200
0s - loss: 0.6875 - acc: 0.6188 - val_loss: 0.6790 - val_acc: 0.6071
Epoch 22/200
0s - loss: 0.6870 - acc: 0.6188 - val_loss: 0.6786 - val_acc: 0.6071
Epoch 23/200
0s - loss: 0.6866 - acc: 0.6188 - val_loss: 0.6783 - val_acc: 0.6071
Epoch 24/200
0s - loss: 0.6861 - acc: 0.6188 - val_loss: 0.6779 - val_acc: 0.6071
Epoch 25/200
0s - loss: 0.6857 - acc: 0.6188 - val_loss: 0.6776 - val_acc: 0.6071
Epoch 26/200
0s - loss: 0.6853 - acc: 0.6188 - val_loss: 0.6773 - val_acc: 0.6071
Epoch 27/200
0s - loss: 0.6849 - acc: 0.6188 - val_loss: 0.6769 - val_acc: 0.6071
Epoch 28/200
0s - loss: 0.6845 - acc: 0.6188 - val_loss: 0.6766 - val_acc: 0.6071
Epoch 29/200
0s - loss: 0.6842 - acc: 0.6188 - val_loss: 0.6763 - val_acc: 0.6071
Epoch 30/200
0s - loss: 0.6838 - acc: 0.6188 - val_loss: 0.6760 - val_acc: 0.6071
Epoch 31/200
0s - loss: 0.6835 - acc: 0.6188 - val_loss: 0.6757 - val_acc: 0.6071
Epoch 32/200
0s - loss: 0.6831 - acc: 0.6188 - val_loss: 0.6755 - val_acc: 0.6071
Epoch 33/200
0s - loss: 0.6828 - acc: 0.6188 - val_loss: 0.6752 - val_acc: 0.6071
Epoch 34/200
0s - loss: 0.6825 - acc: 0.6188 - val_loss: 0.6749 - val_acc: 0.6071
Epoch 35/200
0s - loss: 0.6822 - acc: 0.6188 - val_loss: 0.6747 - val_acc: 0.6071
Epoch 36/200
0s - loss: 0.6819 - acc: 0.6188 - val_loss: 0.6745 - val_acc: 0.6071
Epoch 37/200
0s - loss: 0.6816 - acc: 0.6188 - val_loss: 0.6742 - val_acc: 0.6071
Epoch 38/200
0s - loss: 0.6813 - acc: 0.6188 - val_loss: 0.6740 - val_acc: 0.6071
Epoch 39/200
0s - loss: 0.6810 - acc: 0.6188 - val_loss: 0.6738 - val_acc: 0.6071
Epoch 40/200
0s - loss: 0.6807 - acc: 0.6188 - val_loss: 0.6736 - val_acc: 0.6071
Epoch 41/200
0s - loss: 0.6805 - acc: 0.6188 - val_loss: 0.6734 - val_acc: 0.6071
Epoch 42/200
0s - loss: 0.6802 - acc: 0.6188 - val_loss: 0.6732 - val_acc: 0.6071
Epoch 43/200
0s - loss: 0.6800 - acc: 0.6188 - val_loss: 0.6730 - val_acc: 0.6071
Epoch 44/200
0s - loss: 0.6797 - acc: 0.6188 - val_loss: 0.6728 - val_acc: 0.6071
Epoch 45/200
0s - loss: 0.6795 - acc: 0.6188 - val_loss: 0.6726 - val_acc: 0.6071
Epoch 46/200
0s - loss: 0.6793 - acc: 0.6188 - val_loss: 0.6724 - val_acc: 0.6071
Epoch 47/200
0s - loss: 0.6790 - acc: 0.6188 - val_loss: 0.6722 - val_acc: 0.6071
Epoch 48/200
0s - loss: 0.6788 - acc: 0.6188 - val_loss: 0.6721 - val_acc: 0.6071
Epoch 49/200
0s - loss: 0.6786 - acc: 0.6188 - val_loss: 0.6719 - val_acc: 0.6071
Epoch 50/200
0s - loss: 0.6784 - acc: 0.6188 - val_loss: 0.6718 - val_acc: 0.6071
Epoch 51/200
0s - loss: 0.6782 - acc: 0.6188 - val_loss: 0.6716 - val_acc: 0.6071
Epoch 52/200
0s - loss: 0.6780 - acc: 0.6188 - val_loss: 0.6715 - val_acc: 0.6071
Epoch 53/200
0s - loss: 0.6778 - acc: 0.6188 - val_loss: 0.6713 - val_acc: 0.6071
Epoch 54/200
0s - loss: 0.6776 - acc: 0.6188 - val_loss: 0.6712 - val_acc: 0.6071
Epoch 55/200
0s - loss: 0.6775 - acc: 0.6188 - val_loss: 0.6711 - val_acc: 0.6071
Epoch 56/200
0s - loss: 0.6773 - acc: 0.6188 - val_loss: 0.6709 - val_acc: 0.6071
Epoch 57/200
0s - loss: 0.6771 - acc: 0.6188 - val_loss: 0.6708 - val_acc: 0.6071
Epoch 58/200
0s - loss: 0.6770 - acc: 0.6188 - val_loss: 0.6707 - val_acc: 0.6071
Epoch 59/200
0s - loss: 0.6768 - acc: 0.6188 - val_loss: 0.6706 - val_acc: 0.6071
Epoch 60/200
0s - loss: 0.6767 - acc: 0.6188 - val_loss: 0.6704 - val_acc: 0.6071
Epoch 61/200
0s - loss: 0.6765 - acc: 0.6188 - val_loss: 0.6703 - val_acc: 0.6071
Epoch 62/200
0s - loss: 0.6764 - acc: 0.6188 - val_loss: 0.6702 - val_acc: 0.6071
Epoch 63/200
0s - loss: 0.6762 - acc: 0.6188 - val_loss: 0.6701 - val_acc: 0.6071
Epoch 64/200
0s - loss: 0.6761 - acc: 0.6188 - val_loss: 0.6700 - val_acc: 0.6071
Epoch 65/200
0s - loss: 0.6759 - acc: 0.6188 - val_loss: 0.6699 - val_acc: 0.6071
Epoch 66/200
0s - loss: 0.6758 - acc: 0.6188 - val_loss: 0.6698 - val_acc: 0.6071
Epoch 67/200
0s - loss: 0.6757 - acc: 0.6188 - val_loss: 0.6697 - val_acc: 0.6071
Epoch 68/200
0s - loss: 0.6755 - acc: 0.6188 - val_loss: 0.6697 - val_acc: 0.6071
Epoch 69/200
0s - loss: 0.6754 - acc: 0.6188 - val_loss: 0.6696 - val_acc: 0.6071
Epoch 70/200
0s - loss: 0.6753 - acc: 0.6188 - val_loss: 0.6695 - val_acc: 0.6071
Epoch 71/200
0s - loss: 0.6752 - acc: 0.6188 - val_loss: 0.6694 - val_acc: 0.6071
Epoch 72/200
0s - loss: 0.6751 - acc: 0.6188 - val_loss: 0.6693 - val_acc: 0.6071
Epoch 73/200
0s - loss: 0.6750 - acc: 0.6188 - val_loss: 0.6692 - val_acc: 0.6071
Epoch 74/200
0s - loss: 0.6749 - acc: 0.6188 - val_loss: 0.6692 - val_acc: 0.6071
Epoch 75/200
0s - loss: 0.6748 - acc: 0.6188 - val_loss: 0.6691 - val_acc: 0.6071
Epoch 76/200
0s - loss: 0.6746 - acc: 0.6188 - val_loss: 0.6690 - val_acc: 0.6071
Epoch 77/200
0s - loss: 0.6745 - acc: 0.6188 - val_loss: 0.6690 - val_acc: 0.6071
Epoch 78/200
0s - loss: 0.6745 - acc: 0.6188 - val_loss: 0.6689 - val_acc: 0.6071
Epoch 79/200
0s - loss: 0.6744 - acc: 0.6188 - val_loss: 0.6688 - val_acc: 0.6071
Epoch 80/200
0s - loss: 0.6743 - acc: 0.6188 - val_loss: 0.6688 - val_acc: 0.6071
Epoch 81/200
0s - loss: 0.6742 - acc: 0.6188 - val_loss: 0.6687 - val_acc: 0.6071
Epoch 82/200
0s - loss: 0.6741 - acc: 0.6188 - val_loss: 0.6687 - val_acc: 0.6071
Epoch 83/200
0s - loss: 0.6740 - acc: 0.6188 - val_loss: 0.6686 - val_acc: 0.6071
Epoch 84/200
0s - loss: 0.6739 - acc: 0.6188 - val_loss: 0.6685 - val_acc: 0.6071
Epoch 85/200
0s - loss: 0.6738 - acc: 0.6188 - val_loss: 0.6685 - val_acc: 0.6071
Epoch 86/200
0s - loss: 0.6738 - acc: 0.6188 - val_loss: 0.6684 - val_acc: 0.6071
Epoch 87/200
0s - loss: 0.6737 - acc: 0.6188 - val_loss: 0.6684 - val_acc: 0.6071
Epoch 88/200
0s - loss: 0.6736 - acc: 0.6188 - val_loss: 0.6683 - val_acc: 0.6071
Epoch 89/200
0s - loss: 0.6735 - acc: 0.6188 - val_loss: 0.6683 - val_acc: 0.6071
Epoch 90/200
0s - loss: 0.6734 - acc: 0.6188 - val_loss: 0.6682 - val_acc: 0.6071
Epoch 91/200
0s - loss: 0.6734 - acc: 0.6188 - val_loss: 0.6682 - val_acc: 0.6071
Epoch 92/200
0s - loss: 0.6733 - acc: 0.6188 - val_loss: 0.6682 - val_acc: 0.6071
Epoch 93/200
0s - loss: 0.6732 - acc: 0.6188 - val_loss: 0.6681 - val_acc: 0.6071
Epoch 94/200
0s - loss: 0.6732 - acc: 0.6188 - val_loss: 0.6681 - val_acc: 0.6071
Epoch 95/200
0s - loss: 0.6731 - acc: 0.6188 - val_loss: 0.6680 - val_acc: 0.6071
Epoch 96/200
0s - loss: 0.6730 - acc: 0.6188 - val_loss: 0.6680 - val_acc: 0.6071
Epoch 97/200
0s - loss: 0.6730 - acc: 0.6188 - val_loss: 0.6679 - val_acc: 0.6071
Epoch 98/200
0s - loss: 0.6729 - acc: 0.6188 - val_loss: 0.6679 - val_acc: 0.6071
Epoch 99/200
0s - loss: 0.6729 - acc: 0.6188 - val_loss: 0.6679 - val_acc: 0.6071
Epoch 100/200
0s - loss: 0.6728 - acc: 0.6188 - val_loss: 0.6678 - val_acc: 0.6071
Epoch 101/200
0s - loss: 0.6727 - acc: 0.6188 - val_loss: 0.6678 - val_acc: 0.6071
Epoch 102/200
0s - loss: 0.6727 - acc: 0.6188 - val_loss: 0.6678 - val_acc: 0.6071
Epoch 103/200
0s - loss: 0.6726 - acc: 0.6188 - val_loss: 0.6677 - val_acc: 0.6071
Epoch 104/200
0s - loss: 0.6726 - acc: 0.6188 - val_loss: 0.6677 - val_acc: 0.6071
Epoch 105/200
0s - loss: 0.6725 - acc: 0.6188 - val_loss: 0.6677 - val_acc: 0.6071
Epoch 106/200
0s - loss: 0.6725 - acc: 0.6188 - val_loss: 0.6676 - val_acc: 0.6071
Epoch 107/200
0s - loss: 0.6724 - acc: 0.6188 - val_loss: 0.6676 - val_acc: 0.6071
Epoch 108/200
0s - loss: 0.6724 - acc: 0.6188 - val_loss: 0.6676 - val_acc: 0.6071
Epoch 109/200
0s - loss: 0.6723 - acc: 0.6188 - val_loss: 0.6676 - val_acc: 0.6071
Epoch 110/200
0s - loss: 0.6723 - acc: 0.6188 - val_loss: 0.6675 - val_acc: 0.6071
Epoch 111/200
0s - loss: 0.6722 - acc: 0.6188 - val_loss: 0.6675 - val_acc: 0.6071
Epoch 112/200
0s - loss: 0.6722 - acc: 0.6188 - val_loss: 0.6675 - val_acc: 0.6071
Epoch 113/200
0s - loss: 0.6721 - acc: 0.6188 - val_loss: 0.6674 - val_acc: 0.6071
Epoch 114/200
0s - loss: 0.6721 - acc: 0.6188 - val_loss: 0.6674 - val_acc: 0.6071
Epoch 115/200
0s - loss: 0.6720 - acc: 0.6188 - val_loss: 0.6674 - val_acc: 0.6071
Epoch 116/200
0s - loss: 0.6720 - acc: 0.6188 - val_loss: 0.6674 - val_acc: 0.6071
Epoch 117/200
0s - loss: 0.6720 - acc: 0.6188 - val_loss: 0.6674 - val_acc: 0.6071
Epoch 118/200
0s - loss: 0.6719 - acc: 0.6188 - val_loss: 0.6673 - val_acc: 0.6071
Epoch 119/200
0s - loss: 0.6719 - acc: 0.6188 - val_loss: 0.6673 - val_acc: 0.6071
Epoch 120/200
0s - loss: 0.6718 - acc: 0.6188 - val_loss: 0.6673 - val_acc: 0.6071
Epoch 121/200
0s - loss: 0.6718 - acc: 0.6188 - val_loss: 0.6673 - val_acc: 0.6071
Epoch 122/200
0s - loss: 0.6718 - acc: 0.6188 - val_loss: 0.6672 - val_acc: 0.6071
Epoch 123/200
0s - loss: 0.6717 - acc: 0.6188 - val_loss: 0.6672 - val_acc: 0.6071
Epoch 124/200
0s - loss: 0.6717 - acc: 0.6188 - val_loss: 0.6672 - val_acc: 0.6071
Epoch 125/200
0s - loss: 0.6716 - acc: 0.6188 - val_loss: 0.6672 - val_acc: 0.6071
Epoch 126/200
0s - loss: 0.6716 - acc: 0.6188 - val_loss: 0.6672 - val_acc: 0.6071
Epoch 127/200
0s - loss: 0.6716 - acc: 0.6188 - val_loss: 0.6671 - val_acc: 0.6071
Epoch 128/200
0s - loss: 0.6715 - acc: 0.6188 - val_loss: 0.6671 - val_acc: 0.6071
Epoch 129/200
0s - loss: 0.6715 - acc: 0.6188 - val_loss: 0.6671 - val_acc: 0.6071
Epoch 130/200
0s - loss: 0.6715 - acc: 0.6188 - val_loss: 0.6671 - val_acc: 0.6071
Epoch 131/200
0s - loss: 0.6714 - acc: 0.6188 - val_loss: 0.6671 - val_acc: 0.6071
Epoch 132/200
0s - loss: 0.6714 - acc: 0.6188 - val_loss: 0.6670 - val_acc: 0.6071
Epoch 133/200
0s - loss: 0.6714 - acc: 0.6188 - val_loss: 0.6670 - val_acc: 0.6071
Epoch 134/200
0s - loss: 0.6713 - acc: 0.6188 - val_loss: 0.6670 - val_acc: 0.6071
Epoch 135/200
0s - loss: 0.6713 - acc: 0.6188 - val_loss: 0.6670 - val_acc: 0.6071
Epoch 136/200
0s - loss: 0.6713 - acc: 0.6188 - val_loss: 0.6670 - val_acc: 0.6071
Epoch 137/200
0s - loss: 0.6712 - acc: 0.6188 - val_loss: 0.6670 - val_acc: 0.6071
Epoch 138/200
0s - loss: 0.6712 - acc: 0.6188 - val_loss: 0.6669 - val_acc: 0.6071
Epoch 139/200
0s - loss: 0.6712 - acc: 0.6188 - val_loss: 0.6669 - val_acc: 0.6071
Epoch 140/200
0s - loss: 0.6711 - acc: 0.6188 - val_loss: 0.6669 - val_acc: 0.6071
Epoch 141/200
0s - loss: 0.6711 - acc: 0.6188 - val_loss: 0.6669 - val_acc: 0.6071
Epoch 142/200
0s - loss: 0.6711 - acc: 0.6188 - val_loss: 0.6669 - val_acc: 0.6071
Epoch 143/200
0s - loss: 0.6711 - acc: 0.6188 - val_loss: 0.6669 - val_acc: 0.6071
Epoch 144/200
0s - loss: 0.6710 - acc: 0.6188 - val_loss: 0.6669 - val_acc: 0.6071
Epoch 145/200
0s - loss: 0.6710 - acc: 0.6188 - val_loss: 0.6668 - val_acc: 0.6071
Epoch 146/200
0s - loss: 0.6710 - acc: 0.6188 - val_loss: 0.6668 - val_acc: 0.6071
Epoch 147/200
0s - loss: 0.6709 - acc: 0.6188 - val_loss: 0.6668 - val_acc: 0.6071
Epoch 148/200
0s - loss: 0.6709 - acc: 0.6188 - val_loss: 0.6668 - val_acc: 0.6071
Epoch 149/200
0s - loss: 0.6709 - acc: 0.6188 - val_loss: 0.6668 - val_acc: 0.6071
Epoch 150/200
0s - loss: 0.6709 - acc: 0.6188 - val_loss: 0.6668 - val_acc: 0.6071
Epoch 151/200
0s - loss: 0.6708 - acc: 0.6188 - val_loss: 0.6668 - val_acc: 0.6071
Epoch 152/200
0s - loss: 0.6708 - acc: 0.6188 - val_loss: 0.6667 - val_acc: 0.6071
Epoch 153/200
0s - loss: 0.6708 - acc: 0.6188 - val_loss: 0.6667 - val_acc: 0.6071
Epoch 154/200
0s - loss: 0.6708 - acc: 0.6188 - val_loss: 0.6667 - val_acc: 0.6071
Epoch 155/200
0s - loss: 0.6707 - acc: 0.6188 - val_loss: 0.6667 - val_acc: 0.6071
Epoch 156/200
0s - loss: 0.6707 - acc: 0.6188 - val_loss: 0.6667 - val_acc: 0.6071
Epoch 157/200
0s - loss: 0.6707 - acc: 0.6188 - val_loss: 0.6667 - val_acc: 0.6071
Epoch 158/200
0s - loss: 0.6707 - acc: 0.6188 - val_loss: 0.6667 - val_acc: 0.6071
Epoch 159/200
0s - loss: 0.6706 - acc: 0.6188 - val_loss: 0.6667 - val_acc: 0.6071
Epoch 160/200
0s - loss: 0.6706 - acc: 0.6188 - val_loss: 0.6666 - val_acc: 0.6071
Epoch 161/200
0s - loss: 0.6706 - acc: 0.6188 - val_loss: 0.6666 - val_acc: 0.6071
Epoch 162/200
0s - loss: 0.6706 - acc: 0.6188 - val_loss: 0.6666 - val_acc: 0.6071
Epoch 163/200
0s - loss: 0.6705 - acc: 0.6188 - val_loss: 0.6666 - val_acc: 0.6071
Epoch 164/200
0s - loss: 0.6705 - acc: 0.6188 - val_loss: 0.6666 - val_acc: 0.6071
Epoch 165/200
0s - loss: 0.6705 - acc: 0.6188 - val_loss: 0.6666 - val_acc: 0.6071
Epoch 166/200
0s - loss: 0.6705 - acc: 0.6188 - val_loss: 0.6666 - val_acc: 0.6071
Epoch 167/200
0s - loss: 0.6704 - acc: 0.6188 - val_loss: 0.6666 - val_acc: 0.6071
Epoch 168/200
0s - loss: 0.6704 - acc: 0.6188 - val_loss: 0.6665 - val_acc: 0.6071
Epoch 169/200
0s - loss: 0.6704 - acc: 0.6188 - val_loss: 0.6665 - val_acc: 0.6071
Epoch 170/200
0s - loss: 0.6704 - acc: 0.6188 - val_loss: 0.6665 - val_acc: 0.6071
Epoch 171/200
0s - loss: 0.6703 - acc: 0.6188 - val_loss: 0.6665 - val_acc: 0.6071
Epoch 172/200
0s - loss: 0.6703 - acc: 0.6188 - val_loss: 0.6665 - val_acc: 0.6071
Epoch 173/200
0s - loss: 0.6703 - acc: 0.6188 - val_loss: 0.6665 - val_acc: 0.6071
Epoch 174/200
0s - loss: 0.6703 - acc: 0.6188 - val_loss: 0.6665 - val_acc: 0.6071
Epoch 175/200
0s - loss: 0.6703 - acc: 0.6188 - val_loss: 0.6665 - val_acc: 0.6071
Epoch 176/200
0s - loss: 0.6702 - acc: 0.6188 - val_loss: 0.6664 - val_acc: 0.6071
Epoch 177/200
0s - loss: 0.6702 - acc: 0.6188 - val_loss: 0.6664 - val_acc: 0.6071
Epoch 178/200
0s - loss: 0.6702 - acc: 0.6188 - val_loss: 0.6664 - val_acc: 0.6071
Epoch 179/200
0s - loss: 0.6702 - acc: 0.6188 - val_loss: 0.6664 - val_acc: 0.6071
Epoch 180/200
0s - loss: 0.6701 - acc: 0.6188 - val_loss: 0.6664 - val_acc: 0.6071
Epoch 181/200
0s - loss: 0.6701 - acc: 0.6188 - val_loss: 0.6664 - val_acc: 0.6071
Epoch 182/200
0s - loss: 0.6701 - acc: 0.6188 - val_loss: 0.6664 - val_acc: 0.6071
Epoch 183/200
0s - loss: 0.6701 - acc: 0.6188 - val_loss: 0.6664 - val_acc: 0.6071
Epoch 184/200
0s - loss: 0.6701 - acc: 0.6188 - val_loss: 0.6664 - val_acc: 0.6071
Epoch 185/200
0s - loss: 0.6700 - acc: 0.6188 - val_loss: 0.6663 - val_acc: 0.6071
Epoch 186/200
0s - loss: 0.6700 - acc: 0.6188 - val_loss: 0.6663 - val_acc: 0.6071
Epoch 187/200
0s - loss: 0.6700 - acc: 0.6188 - val_loss: 0.6663 - val_acc: 0.6071
Epoch 188/200
0s - loss: 0.6700 - acc: 0.6188 - val_loss: 0.6663 - val_acc: 0.6071
Epoch 189/200
0s - loss: 0.6700 - acc: 0.6188 - val_loss: 0.6663 - val_acc: 0.6071
Epoch 190/200
0s - loss: 0.6699 - acc: 0.6188 - val_loss: 0.6663 - val_acc: 0.6071
Epoch 191/200
0s - loss: 0.6699 - acc: 0.6188 - val_loss: 0.6663 - val_acc: 0.6071
Epoch 192/200
0s - loss: 0.6699 - acc: 0.6188 - val_loss: 0.6663 - val_acc: 0.6071
Epoch 193/200
0s - loss: 0.6699 - acc: 0.6188 - val_loss: 0.6662 - val_acc: 0.6071
Epoch 194/200
0s - loss: 0.6699 - acc: 0.6188 - val_loss: 0.6662 - val_acc: 0.6071
Epoch 195/200
0s - loss: 0.6698 - acc: 0.6188 - val_loss: 0.6662 - val_acc: 0.6071
Epoch 196/200
0s - loss: 0.6698 - acc: 0.6188 - val_loss: 0.6662 - val_acc: 0.6071
Epoch 197/200
0s - loss: 0.6698 - acc: 0.6188 - val_loss: 0.6662 - val_acc: 0.6071
Epoch 198/200
0s - loss: 0.6698 - acc: 0.6188 - val_loss: 0.6662 - val_acc: 0.6071
Epoch 199/200
0s - loss: 0.6698 - acc: 0.6188 - val_loss: 0.6662 - val_acc: 0.6071
Epoch 200/200
0s - loss: 0.6697 - acc: 0.6188 - val_loss: 0.6662 - val_acc: 0.6071
----------- Model 1 
loss: 0.66616666317
acc: 0.607142865658
Train on 2576 samples, validate on 644 samples
Epoch 1/200
0s - loss: 0.6941 - acc: 0.6157 - val_loss: 0.6839 - val_acc: 0.6196
Epoch 2/200
0s - loss: 0.6936 - acc: 0.6157 - val_loss: 0.6833 - val_acc: 0.6196
Epoch 3/200
0s - loss: 0.6930 - acc: 0.6157 - val_loss: 0.6828 - val_acc: 0.6196
Epoch 4/200
0s - loss: 0.6925 - acc: 0.6157 - val_loss: 0.6823 - val_acc: 0.6196
Epoch 5/200
0s - loss: 0.6920 - acc: 0.6157 - val_loss: 0.6818 - val_acc: 0.6196
Epoch 6/200
0s - loss: 0.6915 - acc: 0.6157 - val_loss: 0.6813 - val_acc: 0.6196
Epoch 7/200
0s - loss: 0.6910 - acc: 0.6157 - val_loss: 0.6808 - val_acc: 0.6196
Epoch 8/200
0s - loss: 0.6906 - acc: 0.6157 - val_loss: 0.6803 - val_acc: 0.6196
Epoch 9/200
0s - loss: 0.6901 - acc: 0.6157 - val_loss: 0.6799 - val_acc: 0.6196
Epoch 10/200
0s - loss: 0.6897 - acc: 0.6157 - val_loss: 0.6794 - val_acc: 0.6196
Epoch 11/200
0s - loss: 0.6893 - acc: 0.6157 - val_loss: 0.6790 - val_acc: 0.6196
Epoch 12/200
0s - loss: 0.6889 - acc: 0.6157 - val_loss: 0.6786 - val_acc: 0.6196
Epoch 13/200
0s - loss: 0.6885 - acc: 0.6157 - val_loss: 0.6782 - val_acc: 0.6196
Epoch 14/200
0s - loss: 0.6881 - acc: 0.6157 - val_loss: 0.6778 - val_acc: 0.6196
Epoch 15/200
0s - loss: 0.6877 - acc: 0.6157 - val_loss: 0.6774 - val_acc: 0.6196
Epoch 16/200
0s - loss: 0.6874 - acc: 0.6157 - val_loss: 0.6771 - val_acc: 0.6196
Epoch 17/200
0s - loss: 0.6870 - acc: 0.6157 - val_loss: 0.6767 - val_acc: 0.6196
Epoch 18/200
0s - loss: 0.6867 - acc: 0.6157 - val_loss: 0.6763 - val_acc: 0.6196
Epoch 19/200
0s - loss: 0.6863 - acc: 0.6157 - val_loss: 0.6760 - val_acc: 0.6196
Epoch 20/200
0s - loss: 0.6860 - acc: 0.6157 - val_loss: 0.6757 - val_acc: 0.6196
Epoch 21/200
0s - loss: 0.6857 - acc: 0.6157 - val_loss: 0.6753 - val_acc: 0.6196
Epoch 22/200
0s - loss: 0.6854 - acc: 0.6157 - val_loss: 0.6750 - val_acc: 0.6196
Epoch 23/200
0s - loss: 0.6851 - acc: 0.6157 - val_loss: 0.6747 - val_acc: 0.6196
Epoch 24/200
0s - loss: 0.6848 - acc: 0.6157 - val_loss: 0.6744 - val_acc: 0.6196
Epoch 25/200
0s - loss: 0.6845 - acc: 0.6157 - val_loss: 0.6742 - val_acc: 0.6196
Epoch 26/200
0s - loss: 0.6842 - acc: 0.6157 - val_loss: 0.6739 - val_acc: 0.6196
Epoch 27/200
0s - loss: 0.6840 - acc: 0.6157 - val_loss: 0.6736 - val_acc: 0.6196
Epoch 28/200
0s - loss: 0.6837 - acc: 0.6157 - val_loss: 0.6733 - val_acc: 0.6196
Epoch 29/200
0s - loss: 0.6835 - acc: 0.6157 - val_loss: 0.6731 - val_acc: 0.6196
Epoch 30/200
0s - loss: 0.6832 - acc: 0.6157 - val_loss: 0.6728 - val_acc: 0.6196
Epoch 31/200
0s - loss: 0.6830 - acc: 0.6157 - val_loss: 0.6726 - val_acc: 0.6196
Epoch 32/200
0s - loss: 0.6828 - acc: 0.6157 - val_loss: 0.6723 - val_acc: 0.6196
Epoch 33/200
0s - loss: 0.6825 - acc: 0.6157 - val_loss: 0.6721 - val_acc: 0.6196
Epoch 34/200
0s - loss: 0.6823 - acc: 0.6157 - val_loss: 0.6719 - val_acc: 0.6196
Epoch 35/200
0s - loss: 0.6821 - acc: 0.6157 - val_loss: 0.6717 - val_acc: 0.6196
Epoch 36/200
0s - loss: 0.6819 - acc: 0.6157 - val_loss: 0.6715 - val_acc: 0.6196
Epoch 37/200
0s - loss: 0.6817 - acc: 0.6157 - val_loss: 0.6712 - val_acc: 0.6196
Epoch 38/200
0s - loss: 0.6815 - acc: 0.6157 - val_loss: 0.6710 - val_acc: 0.6196
Epoch 39/200
0s - loss: 0.6813 - acc: 0.6157 - val_loss: 0.6708 - val_acc: 0.6196
Epoch 40/200
0s - loss: 0.6811 - acc: 0.6157 - val_loss: 0.6707 - val_acc: 0.6196
Epoch 41/200
0s - loss: 0.6809 - acc: 0.6157 - val_loss: 0.6705 - val_acc: 0.6196
Epoch 42/200
0s - loss: 0.6808 - acc: 0.6157 - val_loss: 0.6703 - val_acc: 0.6196
Epoch 43/200
0s - loss: 0.6806 - acc: 0.6157 - val_loss: 0.6701 - val_acc: 0.6196
Epoch 44/200
0s - loss: 0.6804 - acc: 0.6157 - val_loss: 0.6699 - val_acc: 0.6196
Epoch 45/200
0s - loss: 0.6803 - acc: 0.6157 - val_loss: 0.6698 - val_acc: 0.6196
Epoch 46/200
0s - loss: 0.6801 - acc: 0.6157 - val_loss: 0.6696 - val_acc: 0.6196
Epoch 47/200
0s - loss: 0.6800 - acc: 0.6157 - val_loss: 0.6694 - val_acc: 0.6196
Epoch 48/200
0s - loss: 0.6798 - acc: 0.6157 - val_loss: 0.6693 - val_acc: 0.6196
Epoch 49/200
0s - loss: 0.6797 - acc: 0.6157 - val_loss: 0.6691 - val_acc: 0.6196
Epoch 50/200
0s - loss: 0.6795 - acc: 0.6157 - val_loss: 0.6690 - val_acc: 0.6196
Epoch 51/200
0s - loss: 0.6794 - acc: 0.6157 - val_loss: 0.6688 - val_acc: 0.6196
Epoch 52/200
0s - loss: 0.6792 - acc: 0.6157 - val_loss: 0.6687 - val_acc: 0.6196
Epoch 53/200
0s - loss: 0.6791 - acc: 0.6157 - val_loss: 0.6686 - val_acc: 0.6196
Epoch 54/200
0s - loss: 0.6790 - acc: 0.6157 - val_loss: 0.6684 - val_acc: 0.6196
Epoch 55/200
0s - loss: 0.6789 - acc: 0.6157 - val_loss: 0.6683 - val_acc: 0.6196
Epoch 56/200
0s - loss: 0.6787 - acc: 0.6157 - val_loss: 0.6682 - val_acc: 0.6196
Epoch 57/200
0s - loss: 0.6786 - acc: 0.6157 - val_loss: 0.6681 - val_acc: 0.6196
Epoch 58/200
0s - loss: 0.6785 - acc: 0.6157 - val_loss: 0.6679 - val_acc: 0.6196
Epoch 59/200
0s - loss: 0.6784 - acc: 0.6157 - val_loss: 0.6678 - val_acc: 0.6196
Epoch 60/200
0s - loss: 0.6783 - acc: 0.6157 - val_loss: 0.6677 - val_acc: 0.6196
Epoch 61/200
0s - loss: 0.6782 - acc: 0.6157 - val_loss: 0.6676 - val_acc: 0.6196
Epoch 62/200
0s - loss: 0.6781 - acc: 0.6157 - val_loss: 0.6675 - val_acc: 0.6196
Epoch 63/200
0s - loss: 0.6780 - acc: 0.6157 - val_loss: 0.6674 - val_acc: 0.6196
Epoch 64/200
0s - loss: 0.6779 - acc: 0.6157 - val_loss: 0.6673 - val_acc: 0.6196
Epoch 65/200
0s - loss: 0.6778 - acc: 0.6157 - val_loss: 0.6672 - val_acc: 0.6196
Epoch 66/200
0s - loss: 0.6777 - acc: 0.6157 - val_loss: 0.6671 - val_acc: 0.6196
Epoch 67/200
0s - loss: 0.6776 - acc: 0.6157 - val_loss: 0.6670 - val_acc: 0.6196
Epoch 68/200
0s - loss: 0.6775 - acc: 0.6157 - val_loss: 0.6669 - val_acc: 0.6196
Epoch 69/200
0s - loss: 0.6774 - acc: 0.6157 - val_loss: 0.6668 - val_acc: 0.6196
Epoch 70/200
0s - loss: 0.6773 - acc: 0.6157 - val_loss: 0.6667 - val_acc: 0.6196
Epoch 71/200
0s - loss: 0.6772 - acc: 0.6157 - val_loss: 0.6666 - val_acc: 0.6196
Epoch 72/200
0s - loss: 0.6772 - acc: 0.6157 - val_loss: 0.6665 - val_acc: 0.6196
Epoch 73/200
0s - loss: 0.6771 - acc: 0.6157 - val_loss: 0.6664 - val_acc: 0.6196
Epoch 74/200
0s - loss: 0.6770 - acc: 0.6157 - val_loss: 0.6663 - val_acc: 0.6196
Epoch 75/200
0s - loss: 0.6769 - acc: 0.6157 - val_loss: 0.6663 - val_acc: 0.6196
Epoch 76/200
0s - loss: 0.6768 - acc: 0.6157 - val_loss: 0.6662 - val_acc: 0.6196
Epoch 77/200
0s - loss: 0.6768 - acc: 0.6157 - val_loss: 0.6661 - val_acc: 0.6196
Epoch 78/200
0s - loss: 0.6767 - acc: 0.6157 - val_loss: 0.6660 - val_acc: 0.6196
Epoch 79/200
0s - loss: 0.6766 - acc: 0.6157 - val_loss: 0.6659 - val_acc: 0.6196
Epoch 80/200
0s - loss: 0.6766 - acc: 0.6157 - val_loss: 0.6659 - val_acc: 0.6196
Epoch 81/200
0s - loss: 0.6765 - acc: 0.6157 - val_loss: 0.6658 - val_acc: 0.6196
Epoch 82/200
0s - loss: 0.6764 - acc: 0.6157 - val_loss: 0.6657 - val_acc: 0.6196
Epoch 83/200
0s - loss: 0.6764 - acc: 0.6157 - val_loss: 0.6657 - val_acc: 0.6196
Epoch 84/200
0s - loss: 0.6763 - acc: 0.6157 - val_loss: 0.6656 - val_acc: 0.6196
Epoch 85/200
0s - loss: 0.6762 - acc: 0.6157 - val_loss: 0.6655 - val_acc: 0.6196
Epoch 86/200
0s - loss: 0.6762 - acc: 0.6157 - val_loss: 0.6655 - val_acc: 0.6196
Epoch 87/200
0s - loss: 0.6761 - acc: 0.6157 - val_loss: 0.6654 - val_acc: 0.6196
Epoch 88/200
0s - loss: 0.6760 - acc: 0.6157 - val_loss: 0.6653 - val_acc: 0.6196
Epoch 89/200
0s - loss: 0.6760 - acc: 0.6157 - val_loss: 0.6653 - val_acc: 0.6196
Epoch 90/200
0s - loss: 0.6759 - acc: 0.6157 - val_loss: 0.6652 - val_acc: 0.6196
Epoch 91/200
0s - loss: 0.6759 - acc: 0.6157 - val_loss: 0.6652 - val_acc: 0.6196
Epoch 92/200
0s - loss: 0.6758 - acc: 0.6157 - val_loss: 0.6651 - val_acc: 0.6196
Epoch 93/200
0s - loss: 0.6758 - acc: 0.6157 - val_loss: 0.6650 - val_acc: 0.6196
Epoch 94/200
0s - loss: 0.6757 - acc: 0.6157 - val_loss: 0.6650 - val_acc: 0.6196
Epoch 95/200
0s - loss: 0.6757 - acc: 0.6157 - val_loss: 0.6649 - val_acc: 0.6196
Epoch 96/200
0s - loss: 0.6756 - acc: 0.6157 - val_loss: 0.6649 - val_acc: 0.6196
Epoch 97/200
0s - loss: 0.6756 - acc: 0.6157 - val_loss: 0.6648 - val_acc: 0.6196
Epoch 98/200
0s - loss: 0.6755 - acc: 0.6157 - val_loss: 0.6648 - val_acc: 0.6196
Epoch 99/200
0s - loss: 0.6755 - acc: 0.6157 - val_loss: 0.6647 - val_acc: 0.6196
Epoch 100/200
0s - loss: 0.6754 - acc: 0.6157 - val_loss: 0.6647 - val_acc: 0.6196
Epoch 101/200
0s - loss: 0.6754 - acc: 0.6157 - val_loss: 0.6646 - val_acc: 0.6196
Epoch 102/200
0s - loss: 0.6753 - acc: 0.6157 - val_loss: 0.6646 - val_acc: 0.6196
Epoch 103/200
0s - loss: 0.6753 - acc: 0.6157 - val_loss: 0.6645 - val_acc: 0.6196
Epoch 104/200
0s - loss: 0.6752 - acc: 0.6157 - val_loss: 0.6645 - val_acc: 0.6196
Epoch 105/200
0s - loss: 0.6752 - acc: 0.6157 - val_loss: 0.6644 - val_acc: 0.6196
Epoch 106/200
0s - loss: 0.6752 - acc: 0.6157 - val_loss: 0.6644 - val_acc: 0.6196
Epoch 107/200
0s - loss: 0.6751 - acc: 0.6157 - val_loss: 0.6644 - val_acc: 0.6196
Epoch 108/200
0s - loss: 0.6751 - acc: 0.6157 - val_loss: 0.6643 - val_acc: 0.6196
Epoch 109/200
0s - loss: 0.6750 - acc: 0.6157 - val_loss: 0.6643 - val_acc: 0.6196
Epoch 110/200
0s - loss: 0.6750 - acc: 0.6157 - val_loss: 0.6642 - val_acc: 0.6196
Epoch 111/200
0s - loss: 0.6750 - acc: 0.6157 - val_loss: 0.6642 - val_acc: 0.6196
Epoch 112/200
0s - loss: 0.6749 - acc: 0.6157 - val_loss: 0.6641 - val_acc: 0.6196
Epoch 113/200
0s - loss: 0.6749 - acc: 0.6157 - val_loss: 0.6641 - val_acc: 0.6196
Epoch 114/200
0s - loss: 0.6748 - acc: 0.6157 - val_loss: 0.6641 - val_acc: 0.6196
Epoch 115/200
0s - loss: 0.6748 - acc: 0.6157 - val_loss: 0.6640 - val_acc: 0.6196
Epoch 116/200
0s - loss: 0.6748 - acc: 0.6157 - val_loss: 0.6640 - val_acc: 0.6196
Epoch 117/200
0s - loss: 0.6747 - acc: 0.6157 - val_loss: 0.6639 - val_acc: 0.6196
Epoch 118/200
0s - loss: 0.6747 - acc: 0.6157 - val_loss: 0.6639 - val_acc: 0.6196
Epoch 119/200
0s - loss: 0.6747 - acc: 0.6157 - val_loss: 0.6639 - val_acc: 0.6196
Epoch 120/200
0s - loss: 0.6746 - acc: 0.6157 - val_loss: 0.6638 - val_acc: 0.6196
Epoch 121/200
0s - loss: 0.6746 - acc: 0.6157 - val_loss: 0.6638 - val_acc: 0.6196
Epoch 122/200
0s - loss: 0.6746 - acc: 0.6157 - val_loss: 0.6638 - val_acc: 0.6196
Epoch 123/200
0s - loss: 0.6745 - acc: 0.6157 - val_loss: 0.6637 - val_acc: 0.6196
Epoch 124/200
0s - loss: 0.6745 - acc: 0.6157 - val_loss: 0.6637 - val_acc: 0.6196
Epoch 125/200
0s - loss: 0.6745 - acc: 0.6157 - val_loss: 0.6637 - val_acc: 0.6196
Epoch 126/200
0s - loss: 0.6744 - acc: 0.6157 - val_loss: 0.6636 - val_acc: 0.6196
Epoch 127/200
0s - loss: 0.6744 - acc: 0.6157 - val_loss: 0.6636 - val_acc: 0.6196
Epoch 128/200
0s - loss: 0.6744 - acc: 0.6157 - val_loss: 0.6636 - val_acc: 0.6196
Epoch 129/200
0s - loss: 0.6743 - acc: 0.6157 - val_loss: 0.6635 - val_acc: 0.6196
Epoch 130/200
0s - loss: 0.6743 - acc: 0.6157 - val_loss: 0.6635 - val_acc: 0.6196
Epoch 131/200
0s - loss: 0.6743 - acc: 0.6157 - val_loss: 0.6635 - val_acc: 0.6196
Epoch 132/200
0s - loss: 0.6742 - acc: 0.6157 - val_loss: 0.6634 - val_acc: 0.6196
Epoch 133/200
0s - loss: 0.6742 - acc: 0.6157 - val_loss: 0.6634 - val_acc: 0.6196
Epoch 134/200
0s - loss: 0.6742 - acc: 0.6157 - val_loss: 0.6634 - val_acc: 0.6196
Epoch 135/200
0s - loss: 0.6742 - acc: 0.6157 - val_loss: 0.6633 - val_acc: 0.6196
Epoch 136/200
0s - loss: 0.6741 - acc: 0.6157 - val_loss: 0.6633 - val_acc: 0.6196
Epoch 137/200
0s - loss: 0.6741 - acc: 0.6157 - val_loss: 0.6633 - val_acc: 0.6196
Epoch 138/200
0s - loss: 0.6741 - acc: 0.6157 - val_loss: 0.6633 - val_acc: 0.6196
Epoch 139/200
0s - loss: 0.6740 - acc: 0.6157 - val_loss: 0.6632 - val_acc: 0.6196
Epoch 140/200
0s - loss: 0.6740 - acc: 0.6157 - val_loss: 0.6632 - val_acc: 0.6196
Epoch 141/200
0s - loss: 0.6740 - acc: 0.6157 - val_loss: 0.6632 - val_acc: 0.6196
Epoch 142/200
0s - loss: 0.6740 - acc: 0.6157 - val_loss: 0.6631 - val_acc: 0.6196
Epoch 143/200
0s - loss: 0.6739 - acc: 0.6157 - val_loss: 0.6631 - val_acc: 0.6196
Epoch 144/200
0s - loss: 0.6739 - acc: 0.6157 - val_loss: 0.6631 - val_acc: 0.6196
Epoch 145/200
0s - loss: 0.6739 - acc: 0.6157 - val_loss: 0.6631 - val_acc: 0.6196
Epoch 146/200
0s - loss: 0.6739 - acc: 0.6157 - val_loss: 0.6630 - val_acc: 0.6196
Epoch 147/200
0s - loss: 0.6738 - acc: 0.6157 - val_loss: 0.6630 - val_acc: 0.6196
Epoch 148/200
0s - loss: 0.6738 - acc: 0.6157 - val_loss: 0.6630 - val_acc: 0.6196
Epoch 149/200
0s - loss: 0.6738 - acc: 0.6157 - val_loss: 0.6630 - val_acc: 0.6196
Epoch 150/200
0s - loss: 0.6738 - acc: 0.6157 - val_loss: 0.6629 - val_acc: 0.6196
Epoch 151/200
0s - loss: 0.6737 - acc: 0.6157 - val_loss: 0.6629 - val_acc: 0.6196
Epoch 152/200
0s - loss: 0.6737 - acc: 0.6157 - val_loss: 0.6629 - val_acc: 0.6196
Epoch 153/200
0s - loss: 0.6737 - acc: 0.6157 - val_loss: 0.6629 - val_acc: 0.6196
Epoch 154/200
0s - loss: 0.6737 - acc: 0.6157 - val_loss: 0.6628 - val_acc: 0.6196
Epoch 155/200
0s - loss: 0.6736 - acc: 0.6157 - val_loss: 0.6628 - val_acc: 0.6196
Epoch 156/200
0s - loss: 0.6736 - acc: 0.6157 - val_loss: 0.6628 - val_acc: 0.6196
Epoch 157/200
0s - loss: 0.6736 - acc: 0.6157 - val_loss: 0.6628 - val_acc: 0.6196
Epoch 158/200
0s - loss: 0.6736 - acc: 0.6157 - val_loss: 0.6627 - val_acc: 0.6196
Epoch 159/200
0s - loss: 0.6735 - acc: 0.6157 - val_loss: 0.6627 - val_acc: 0.6196
Epoch 160/200
0s - loss: 0.6735 - acc: 0.6157 - val_loss: 0.6627 - val_acc: 0.6196
Epoch 161/200
0s - loss: 0.6735 - acc: 0.6157 - val_loss: 0.6627 - val_acc: 0.6196
Epoch 162/200
0s - loss: 0.6735 - acc: 0.6157 - val_loss: 0.6626 - val_acc: 0.6196
Epoch 163/200
0s - loss: 0.6734 - acc: 0.6157 - val_loss: 0.6626 - val_acc: 0.6196
Epoch 164/200
0s - loss: 0.6734 - acc: 0.6157 - val_loss: 0.6626 - val_acc: 0.6196
Epoch 165/200
0s - loss: 0.6734 - acc: 0.6157 - val_loss: 0.6626 - val_acc: 0.6196
Epoch 166/200
0s - loss: 0.6734 - acc: 0.6157 - val_loss: 0.6625 - val_acc: 0.6196
Epoch 167/200
0s - loss: 0.6733 - acc: 0.6157 - val_loss: 0.6625 - val_acc: 0.6196
Epoch 168/200
0s - loss: 0.6733 - acc: 0.6157 - val_loss: 0.6625 - val_acc: 0.6196
Epoch 169/200
0s - loss: 0.6733 - acc: 0.6157 - val_loss: 0.6625 - val_acc: 0.6196
Epoch 170/200
0s - loss: 0.6733 - acc: 0.6157 - val_loss: 0.6625 - val_acc: 0.6196
Epoch 171/200
0s - loss: 0.6733 - acc: 0.6157 - val_loss: 0.6624 - val_acc: 0.6196
Epoch 172/200
0s - loss: 0.6732 - acc: 0.6157 - val_loss: 0.6624 - val_acc: 0.6196
Epoch 173/200
0s - loss: 0.6732 - acc: 0.6157 - val_loss: 0.6624 - val_acc: 0.6196
Epoch 174/200
0s - loss: 0.6732 - acc: 0.6157 - val_loss: 0.6624 - val_acc: 0.6196
Epoch 175/200
0s - loss: 0.6732 - acc: 0.6157 - val_loss: 0.6623 - val_acc: 0.6196
Epoch 176/200
0s - loss: 0.6731 - acc: 0.6157 - val_loss: 0.6623 - val_acc: 0.6196
Epoch 177/200
0s - loss: 0.6731 - acc: 0.6157 - val_loss: 0.6623 - val_acc: 0.6196
Epoch 178/200
0s - loss: 0.6731 - acc: 0.6157 - val_loss: 0.6623 - val_acc: 0.6196
Epoch 179/200
0s - loss: 0.6731 - acc: 0.6157 - val_loss: 0.6623 - val_acc: 0.6196
Epoch 180/200
0s - loss: 0.6731 - acc: 0.6157 - val_loss: 0.6622 - val_acc: 0.6196
Epoch 181/200
0s - loss: 0.6730 - acc: 0.6157 - val_loss: 0.6622 - val_acc: 0.6196
Epoch 182/200
0s - loss: 0.6730 - acc: 0.6157 - val_loss: 0.6622 - val_acc: 0.6196
Epoch 183/200
0s - loss: 0.6730 - acc: 0.6157 - val_loss: 0.6622 - val_acc: 0.6196
Epoch 184/200
0s - loss: 0.6730 - acc: 0.6157 - val_loss: 0.6621 - val_acc: 0.6196
Epoch 185/200
0s - loss: 0.6729 - acc: 0.6157 - val_loss: 0.6621 - val_acc: 0.6196
Epoch 186/200
0s - loss: 0.6729 - acc: 0.6157 - val_loss: 0.6621 - val_acc: 0.6196
Epoch 187/200
0s - loss: 0.6729 - acc: 0.6157 - val_loss: 0.6621 - val_acc: 0.6196
Epoch 188/200
0s - loss: 0.6729 - acc: 0.6157 - val_loss: 0.6621 - val_acc: 0.6196
Epoch 189/200
0s - loss: 0.6729 - acc: 0.6157 - val_loss: 0.6620 - val_acc: 0.6196
Epoch 190/200
0s - loss: 0.6728 - acc: 0.6157 - val_loss: 0.6620 - val_acc: 0.6196
Epoch 191/200
0s - loss: 0.6728 - acc: 0.6157 - val_loss: 0.6620 - val_acc: 0.6196
Epoch 192/200
0s - loss: 0.6728 - acc: 0.6157 - val_loss: 0.6620 - val_acc: 0.6196
Epoch 193/200
0s - loss: 0.6728 - acc: 0.6157 - val_loss: 0.6620 - val_acc: 0.6196
Epoch 194/200
0s - loss: 0.6728 - acc: 0.6157 - val_loss: 0.6619 - val_acc: 0.6196
Epoch 195/200
0s - loss: 0.6727 - acc: 0.6157 - val_loss: 0.6619 - val_acc: 0.6196
Epoch 196/200
0s - loss: 0.6727 - acc: 0.6157 - val_loss: 0.6619 - val_acc: 0.6196
Epoch 197/200
0s - loss: 0.6727 - acc: 0.6157 - val_loss: 0.6619 - val_acc: 0.6196
Epoch 198/200
0s - loss: 0.6727 - acc: 0.6157 - val_loss: 0.6619 - val_acc: 0.6196
Epoch 199/200
0s - loss: 0.6726 - acc: 0.6157 - val_loss: 0.6618 - val_acc: 0.6196
Epoch 200/200
0s - loss: 0.6726 - acc: 0.6157 - val_loss: 0.6618 - val_acc: 0.6196
----------- Model 2 
loss: 0.661822676659
acc: 0.619565188885
Train on 2576 samples, validate on 644 samples
Epoch 1/200
0s - loss: 0.7065 - acc: 0.3847 - val_loss: 0.6959 - val_acc: 0.3804
Epoch 2/200
0s - loss: 0.7056 - acc: 0.3874 - val_loss: 0.6951 - val_acc: 0.3711
Epoch 3/200
0s - loss: 0.7048 - acc: 0.3742 - val_loss: 0.6942 - val_acc: 0.3649
Epoch 4/200
0s - loss: 0.7039 - acc: 0.3513 - val_loss: 0.6934 - val_acc: 0.4612
Epoch 5/200
0s - loss: 0.7031 - acc: 0.4037 - val_loss: 0.6926 - val_acc: 0.6118
Epoch 6/200
0s - loss: 0.7024 - acc: 0.5912 - val_loss: 0.6918 - val_acc: 0.6211
Epoch 7/200
0s - loss: 0.7016 - acc: 0.6068 - val_loss: 0.6911 - val_acc: 0.6242
Epoch 8/200
0s - loss: 0.7009 - acc: 0.6118 - val_loss: 0.6903 - val_acc: 0.6227
Epoch 9/200
0s - loss: 0.7002 - acc: 0.6153 - val_loss: 0.6896 - val_acc: 0.6227
Epoch 10/200
0s - loss: 0.6995 - acc: 0.6145 - val_loss: 0.6889 - val_acc: 0.6227
Epoch 11/200
0s - loss: 0.6988 - acc: 0.6153 - val_loss: 0.6882 - val_acc: 0.6211
Epoch 12/200
0s - loss: 0.6982 - acc: 0.6153 - val_loss: 0.6876 - val_acc: 0.6211
Epoch 13/200
0s - loss: 0.6976 - acc: 0.6153 - val_loss: 0.6870 - val_acc: 0.6211
Epoch 14/200
0s - loss: 0.6970 - acc: 0.6153 - val_loss: 0.6863 - val_acc: 0.6211
Epoch 15/200
0s - loss: 0.6964 - acc: 0.6153 - val_loss: 0.6857 - val_acc: 0.6211
Epoch 16/200
0s - loss: 0.6958 - acc: 0.6153 - val_loss: 0.6852 - val_acc: 0.6211
Epoch 17/200
0s - loss: 0.6952 - acc: 0.6153 - val_loss: 0.6846 - val_acc: 0.6211
Epoch 18/200
0s - loss: 0.6947 - acc: 0.6153 - val_loss: 0.6841 - val_acc: 0.6211
Epoch 19/200
0s - loss: 0.6942 - acc: 0.6153 - val_loss: 0.6835 - val_acc: 0.6211
Epoch 20/200
0s - loss: 0.6937 - acc: 0.6153 - val_loss: 0.6830 - val_acc: 0.6211
Epoch 21/200
0s - loss: 0.6932 - acc: 0.6153 - val_loss: 0.6825 - val_acc: 0.6211
Epoch 22/200
0s - loss: 0.6927 - acc: 0.6153 - val_loss: 0.6820 - val_acc: 0.6211
Epoch 23/200
0s - loss: 0.6922 - acc: 0.6153 - val_loss: 0.6815 - val_acc: 0.6211
Epoch 24/200
0s - loss: 0.6918 - acc: 0.6153 - val_loss: 0.6811 - val_acc: 0.6211
Epoch 25/200
0s - loss: 0.6913 - acc: 0.6153 - val_loss: 0.6806 - val_acc: 0.6211
Epoch 26/200
0s - loss: 0.6909 - acc: 0.6153 - val_loss: 0.6802 - val_acc: 0.6211
Epoch 27/200
0s - loss: 0.6905 - acc: 0.6153 - val_loss: 0.6798 - val_acc: 0.6211
Epoch 28/200
0s - loss: 0.6901 - acc: 0.6153 - val_loss: 0.6794 - val_acc: 0.6211
Epoch 29/200
0s - loss: 0.6897 - acc: 0.6153 - val_loss: 0.6790 - val_acc: 0.6211
Epoch 30/200
0s - loss: 0.6893 - acc: 0.6153 - val_loss: 0.6786 - val_acc: 0.6211
Epoch 31/200
0s - loss: 0.6890 - acc: 0.6153 - val_loss: 0.6782 - val_acc: 0.6211
Epoch 32/200
0s - loss: 0.6886 - acc: 0.6153 - val_loss: 0.6778 - val_acc: 0.6211
Epoch 33/200
0s - loss: 0.6883 - acc: 0.6153 - val_loss: 0.6775 - val_acc: 0.6211
Epoch 34/200
0s - loss: 0.6879 - acc: 0.6153 - val_loss: 0.6771 - val_acc: 0.6211
Epoch 35/200
0s - loss: 0.6876 - acc: 0.6153 - val_loss: 0.6768 - val_acc: 0.6211
Epoch 36/200
0s - loss: 0.6873 - acc: 0.6153 - val_loss: 0.6765 - val_acc: 0.6211
Epoch 37/200
0s - loss: 0.6870 - acc: 0.6153 - val_loss: 0.6761 - val_acc: 0.6211
Epoch 38/200
0s - loss: 0.6867 - acc: 0.6153 - val_loss: 0.6758 - val_acc: 0.6211
Epoch 39/200
0s - loss: 0.6864 - acc: 0.6153 - val_loss: 0.6755 - val_acc: 0.6211
Epoch 40/200
0s - loss: 0.6861 - acc: 0.6153 - val_loss: 0.6752 - val_acc: 0.6211
Epoch 41/200
0s - loss: 0.6858 - acc: 0.6153 - val_loss: 0.6749 - val_acc: 0.6211
Epoch 42/200
0s - loss: 0.6855 - acc: 0.6153 - val_loss: 0.6747 - val_acc: 0.6211
Epoch 43/200
0s - loss: 0.6853 - acc: 0.6153 - val_loss: 0.6744 - val_acc: 0.6211
Epoch 44/200
0s - loss: 0.6850 - acc: 0.6153 - val_loss: 0.6741 - val_acc: 0.6211
Epoch 45/200
0s - loss: 0.6848 - acc: 0.6153 - val_loss: 0.6739 - val_acc: 0.6211
Epoch 46/200
0s - loss: 0.6845 - acc: 0.6153 - val_loss: 0.6736 - val_acc: 0.6211
Epoch 47/200
0s - loss: 0.6843 - acc: 0.6153 - val_loss: 0.6734 - val_acc: 0.6211
Epoch 48/200
0s - loss: 0.6841 - acc: 0.6153 - val_loss: 0.6731 - val_acc: 0.6211
Epoch 49/200
0s - loss: 0.6839 - acc: 0.6153 - val_loss: 0.6729 - val_acc: 0.6211
Epoch 50/200
0s - loss: 0.6836 - acc: 0.6153 - val_loss: 0.6727 - val_acc: 0.6211
Epoch 51/200
0s - loss: 0.6834 - acc: 0.6153 - val_loss: 0.6725 - val_acc: 0.6211
Epoch 52/200
0s - loss: 0.6832 - acc: 0.6153 - val_loss: 0.6723 - val_acc: 0.6211
Epoch 53/200
0s - loss: 0.6830 - acc: 0.6153 - val_loss: 0.6721 - val_acc: 0.6211
Epoch 54/200
0s - loss: 0.6828 - acc: 0.6153 - val_loss: 0.6719 - val_acc: 0.6211
Epoch 55/200
0s - loss: 0.6826 - acc: 0.6153 - val_loss: 0.6717 - val_acc: 0.6211
Epoch 56/200
0s - loss: 0.6825 - acc: 0.6153 - val_loss: 0.6715 - val_acc: 0.6211
Epoch 57/200
0s - loss: 0.6823 - acc: 0.6153 - val_loss: 0.6713 - val_acc: 0.6211
Epoch 58/200
0s - loss: 0.6821 - acc: 0.6153 - val_loss: 0.6711 - val_acc: 0.6211
Epoch 59/200
0s - loss: 0.6819 - acc: 0.6153 - val_loss: 0.6709 - val_acc: 0.6211
Epoch 60/200
0s - loss: 0.6818 - acc: 0.6153 - val_loss: 0.6707 - val_acc: 0.6211
Epoch 61/200
0s - loss: 0.6816 - acc: 0.6153 - val_loss: 0.6706 - val_acc: 0.6211
Epoch 62/200
0s - loss: 0.6815 - acc: 0.6153 - val_loss: 0.6704 - val_acc: 0.6211
Epoch 63/200
0s - loss: 0.6813 - acc: 0.6153 - val_loss: 0.6703 - val_acc: 0.6211
Epoch 64/200
0s - loss: 0.6812 - acc: 0.6153 - val_loss: 0.6701 - val_acc: 0.6211
Epoch 65/200
0s - loss: 0.6810 - acc: 0.6153 - val_loss: 0.6700 - val_acc: 0.6211
Epoch 66/200
0s - loss: 0.6809 - acc: 0.6153 - val_loss: 0.6698 - val_acc: 0.6211
Epoch 67/200
0s - loss: 0.6808 - acc: 0.6153 - val_loss: 0.6697 - val_acc: 0.6211
Epoch 68/200
0s - loss: 0.6806 - acc: 0.6153 - val_loss: 0.6695 - val_acc: 0.6211
Epoch 69/200
0s - loss: 0.6805 - acc: 0.6153 - val_loss: 0.6694 - val_acc: 0.6211
Epoch 70/200
0s - loss: 0.6804 - acc: 0.6153 - val_loss: 0.6692 - val_acc: 0.6211
Epoch 71/200
0s - loss: 0.6802 - acc: 0.6153 - val_loss: 0.6691 - val_acc: 0.6211
Epoch 72/200
0s - loss: 0.6801 - acc: 0.6153 - val_loss: 0.6690 - val_acc: 0.6211
Epoch 73/200
0s - loss: 0.6800 - acc: 0.6153 - val_loss: 0.6689 - val_acc: 0.6211
Epoch 74/200
0s - loss: 0.6799 - acc: 0.6153 - val_loss: 0.6687 - val_acc: 0.6211
Epoch 75/200
0s - loss: 0.6798 - acc: 0.6153 - val_loss: 0.6686 - val_acc: 0.6211
Epoch 76/200
0s - loss: 0.6797 - acc: 0.6153 - val_loss: 0.6685 - val_acc: 0.6211
Epoch 77/200
0s - loss: 0.6796 - acc: 0.6153 - val_loss: 0.6684 - val_acc: 0.6211
Epoch 78/200
0s - loss: 0.6795 - acc: 0.6153 - val_loss: 0.6683 - val_acc: 0.6211
Epoch 79/200
0s - loss: 0.6794 - acc: 0.6153 - val_loss: 0.6682 - val_acc: 0.6211
Epoch 80/200
0s - loss: 0.6793 - acc: 0.6153 - val_loss: 0.6681 - val_acc: 0.6211
Epoch 81/200
0s - loss: 0.6792 - acc: 0.6153 - val_loss: 0.6680 - val_acc: 0.6211
Epoch 82/200
0s - loss: 0.6791 - acc: 0.6153 - val_loss: 0.6679 - val_acc: 0.6211
Epoch 83/200
0s - loss: 0.6790 - acc: 0.6153 - val_loss: 0.6678 - val_acc: 0.6211
Epoch 84/200
0s - loss: 0.6789 - acc: 0.6153 - val_loss: 0.6677 - val_acc: 0.6211
Epoch 85/200
0s - loss: 0.6788 - acc: 0.6153 - val_loss: 0.6676 - val_acc: 0.6211
Epoch 86/200
0s - loss: 0.6787 - acc: 0.6153 - val_loss: 0.6675 - val_acc: 0.6211
Epoch 87/200
0s - loss: 0.6786 - acc: 0.6153 - val_loss: 0.6674 - val_acc: 0.6211
Epoch 88/200
0s - loss: 0.6786 - acc: 0.6153 - val_loss: 0.6673 - val_acc: 0.6211
Epoch 89/200
0s - loss: 0.6785 - acc: 0.6153 - val_loss: 0.6672 - val_acc: 0.6211
Epoch 90/200
0s - loss: 0.6784 - acc: 0.6153 - val_loss: 0.6671 - val_acc: 0.6211
Epoch 91/200
0s - loss: 0.6783 - acc: 0.6153 - val_loss: 0.6671 - val_acc: 0.6211
Epoch 92/200
0s - loss: 0.6783 - acc: 0.6153 - val_loss: 0.6670 - val_acc: 0.6211
Epoch 93/200
0s - loss: 0.6782 - acc: 0.6153 - val_loss: 0.6669 - val_acc: 0.6211
Epoch 94/200
0s - loss: 0.6781 - acc: 0.6153 - val_loss: 0.6668 - val_acc: 0.6211
Epoch 95/200
0s - loss: 0.6780 - acc: 0.6153 - val_loss: 0.6668 - val_acc: 0.6211
Epoch 96/200
0s - loss: 0.6780 - acc: 0.6153 - val_loss: 0.6667 - val_acc: 0.6211
Epoch 97/200
0s - loss: 0.6779 - acc: 0.6153 - val_loss: 0.6666 - val_acc: 0.6211
Epoch 98/200
0s - loss: 0.6778 - acc: 0.6153 - val_loss: 0.6665 - val_acc: 0.6211
Epoch 99/200
0s - loss: 0.6778 - acc: 0.6153 - val_loss: 0.6665 - val_acc: 0.6211
Epoch 100/200
0s - loss: 0.6777 - acc: 0.6153 - val_loss: 0.6664 - val_acc: 0.6211
Epoch 101/200
0s - loss: 0.6777 - acc: 0.6153 - val_loss: 0.6663 - val_acc: 0.6211
Epoch 102/200
0s - loss: 0.6776 - acc: 0.6153 - val_loss: 0.6663 - val_acc: 0.6211
Epoch 103/200
0s - loss: 0.6775 - acc: 0.6153 - val_loss: 0.6662 - val_acc: 0.6211
Epoch 104/200
0s - loss: 0.6775 - acc: 0.6153 - val_loss: 0.6661 - val_acc: 0.6211
Epoch 105/200
0s - loss: 0.6774 - acc: 0.6153 - val_loss: 0.6661 - val_acc: 0.6211
Epoch 106/200
0s - loss: 0.6774 - acc: 0.6153 - val_loss: 0.6660 - val_acc: 0.6211
Epoch 107/200
0s - loss: 0.6773 - acc: 0.6153 - val_loss: 0.6660 - val_acc: 0.6211
Epoch 108/200
0s - loss: 0.6773 - acc: 0.6153 - val_loss: 0.6659 - val_acc: 0.6211
Epoch 109/200
0s - loss: 0.6772 - acc: 0.6153 - val_loss: 0.6658 - val_acc: 0.6211
Epoch 110/200
0s - loss: 0.6772 - acc: 0.6153 - val_loss: 0.6658 - val_acc: 0.6211
Epoch 111/200
0s - loss: 0.6771 - acc: 0.6153 - val_loss: 0.6657 - val_acc: 0.6211
Epoch 112/200
0s - loss: 0.6771 - acc: 0.6153 - val_loss: 0.6657 - val_acc: 0.6211
Epoch 113/200
0s - loss: 0.6770 - acc: 0.6153 - val_loss: 0.6656 - val_acc: 0.6211
Epoch 114/200
0s - loss: 0.6770 - acc: 0.6153 - val_loss: 0.6656 - val_acc: 0.6211
Epoch 115/200
0s - loss: 0.6769 - acc: 0.6153 - val_loss: 0.6655 - val_acc: 0.6211
Epoch 116/200
0s - loss: 0.6769 - acc: 0.6153 - val_loss: 0.6655 - val_acc: 0.6211
Epoch 117/200
0s - loss: 0.6768 - acc: 0.6153 - val_loss: 0.6654 - val_acc: 0.6211
Epoch 118/200
0s - loss: 0.6768 - acc: 0.6153 - val_loss: 0.6654 - val_acc: 0.6211
Epoch 119/200
0s - loss: 0.6767 - acc: 0.6153 - val_loss: 0.6653 - val_acc: 0.6211
Epoch 120/200
0s - loss: 0.6767 - acc: 0.6153 - val_loss: 0.6653 - val_acc: 0.6211
Epoch 121/200
0s - loss: 0.6767 - acc: 0.6153 - val_loss: 0.6652 - val_acc: 0.6211
Epoch 122/200
0s - loss: 0.6766 - acc: 0.6153 - val_loss: 0.6652 - val_acc: 0.6211
Epoch 123/200
0s - loss: 0.6766 - acc: 0.6153 - val_loss: 0.6652 - val_acc: 0.6211
Epoch 124/200
0s - loss: 0.6765 - acc: 0.6153 - val_loss: 0.6651 - val_acc: 0.6211
Epoch 125/200
0s - loss: 0.6765 - acc: 0.6153 - val_loss: 0.6651 - val_acc: 0.6211
Epoch 126/200
0s - loss: 0.6765 - acc: 0.6153 - val_loss: 0.6650 - val_acc: 0.6211
Epoch 127/200
0s - loss: 0.6764 - acc: 0.6153 - val_loss: 0.6650 - val_acc: 0.6211
Epoch 128/200
0s - loss: 0.6764 - acc: 0.6153 - val_loss: 0.6649 - val_acc: 0.6211
Epoch 129/200
0s - loss: 0.6763 - acc: 0.6153 - val_loss: 0.6649 - val_acc: 0.6211
Epoch 130/200
0s - loss: 0.6763 - acc: 0.6153 - val_loss: 0.6649 - val_acc: 0.6211
Epoch 131/200
0s - loss: 0.6763 - acc: 0.6153 - val_loss: 0.6648 - val_acc: 0.6211
Epoch 132/200
0s - loss: 0.6762 - acc: 0.6153 - val_loss: 0.6648 - val_acc: 0.6211
Epoch 133/200
0s - loss: 0.6762 - acc: 0.6153 - val_loss: 0.6647 - val_acc: 0.6211
Epoch 134/200
0s - loss: 0.6762 - acc: 0.6153 - val_loss: 0.6647 - val_acc: 0.6211
Epoch 135/200
0s - loss: 0.6761 - acc: 0.6153 - val_loss: 0.6647 - val_acc: 0.6211
Epoch 136/200
0s - loss: 0.6761 - acc: 0.6153 - val_loss: 0.6646 - val_acc: 0.6211
Epoch 137/200
0s - loss: 0.6761 - acc: 0.6153 - val_loss: 0.6646 - val_acc: 0.6211
Epoch 138/200
0s - loss: 0.6760 - acc: 0.6153 - val_loss: 0.6646 - val_acc: 0.6211
Epoch 139/200
0s - loss: 0.6760 - acc: 0.6153 - val_loss: 0.6645 - val_acc: 0.6211
Epoch 140/200
0s - loss: 0.6760 - acc: 0.6153 - val_loss: 0.6645 - val_acc: 0.6211
Epoch 141/200
0s - loss: 0.6759 - acc: 0.6153 - val_loss: 0.6645 - val_acc: 0.6211
Epoch 142/200
0s - loss: 0.6759 - acc: 0.6153 - val_loss: 0.6644 - val_acc: 0.6211
Epoch 143/200
0s - loss: 0.6759 - acc: 0.6153 - val_loss: 0.6644 - val_acc: 0.6211
Epoch 144/200
0s - loss: 0.6758 - acc: 0.6153 - val_loss: 0.6644 - val_acc: 0.6211
Epoch 145/200
0s - loss: 0.6758 - acc: 0.6153 - val_loss: 0.6643 - val_acc: 0.6211
Epoch 146/200
0s - loss: 0.6758 - acc: 0.6153 - val_loss: 0.6643 - val_acc: 0.6211
Epoch 147/200
0s - loss: 0.6757 - acc: 0.6153 - val_loss: 0.6643 - val_acc: 0.6211
Epoch 148/200
0s - loss: 0.6757 - acc: 0.6153 - val_loss: 0.6642 - val_acc: 0.6211
Epoch 149/200
0s - loss: 0.6757 - acc: 0.6153 - val_loss: 0.6642 - val_acc: 0.6211
Epoch 150/200
0s - loss: 0.6757 - acc: 0.6153 - val_loss: 0.6642 - val_acc: 0.6211
Epoch 151/200
0s - loss: 0.6756 - acc: 0.6153 - val_loss: 0.6641 - val_acc: 0.6211
Epoch 152/200
0s - loss: 0.6756 - acc: 0.6153 - val_loss: 0.6641 - val_acc: 0.6211
Epoch 153/200
0s - loss: 0.6756 - acc: 0.6153 - val_loss: 0.6641 - val_acc: 0.6211
Epoch 154/200
0s - loss: 0.6756 - acc: 0.6153 - val_loss: 0.6641 - val_acc: 0.6211
Epoch 155/200
0s - loss: 0.6755 - acc: 0.6153 - val_loss: 0.6640 - val_acc: 0.6211
Epoch 156/200
0s - loss: 0.6755 - acc: 0.6153 - val_loss: 0.6640 - val_acc: 0.6211
Epoch 157/200
0s - loss: 0.6755 - acc: 0.6153 - val_loss: 0.6640 - val_acc: 0.6211
Epoch 158/200
0s - loss: 0.6754 - acc: 0.6153 - val_loss: 0.6639 - val_acc: 0.6211
Epoch 159/200
0s - loss: 0.6754 - acc: 0.6153 - val_loss: 0.6639 - val_acc: 0.6211
Epoch 160/200
0s - loss: 0.6754 - acc: 0.6153 - val_loss: 0.6639 - val_acc: 0.6211
Epoch 161/200
0s - loss: 0.6754 - acc: 0.6153 - val_loss: 0.6639 - val_acc: 0.6211
Epoch 162/200
0s - loss: 0.6753 - acc: 0.6153 - val_loss: 0.6638 - val_acc: 0.6211
Epoch 163/200
0s - loss: 0.6753 - acc: 0.6153 - val_loss: 0.6638 - val_acc: 0.6211
Epoch 164/200
0s - loss: 0.6753 - acc: 0.6153 - val_loss: 0.6638 - val_acc: 0.6211
Epoch 165/200
0s - loss: 0.6753 - acc: 0.6153 - val_loss: 0.6637 - val_acc: 0.6211
Epoch 166/200
0s - loss: 0.6752 - acc: 0.6153 - val_loss: 0.6637 - val_acc: 0.6211
Epoch 167/200
0s - loss: 0.6752 - acc: 0.6153 - val_loss: 0.6637 - val_acc: 0.6211
Epoch 168/200
0s - loss: 0.6752 - acc: 0.6153 - val_loss: 0.6637 - val_acc: 0.6211
Epoch 169/200
0s - loss: 0.6752 - acc: 0.6153 - val_loss: 0.6636 - val_acc: 0.6211
Epoch 170/200
0s - loss: 0.6751 - acc: 0.6153 - val_loss: 0.6636 - val_acc: 0.6211
Epoch 171/200
0s - loss: 0.6751 - acc: 0.6153 - val_loss: 0.6636 - val_acc: 0.6211
Epoch 172/200
0s - loss: 0.6751 - acc: 0.6153 - val_loss: 0.6636 - val_acc: 0.6211
Epoch 173/200
0s - loss: 0.6751 - acc: 0.6153 - val_loss: 0.6635 - val_acc: 0.6211
Epoch 174/200
0s - loss: 0.6750 - acc: 0.6153 - val_loss: 0.6635 - val_acc: 0.6211
Epoch 175/200
0s - loss: 0.6750 - acc: 0.6153 - val_loss: 0.6635 - val_acc: 0.6211
Epoch 176/200
0s - loss: 0.6750 - acc: 0.6153 - val_loss: 0.6635 - val_acc: 0.6211
Epoch 177/200
0s - loss: 0.6750 - acc: 0.6153 - val_loss: 0.6635 - val_acc: 0.6211
Epoch 178/200
0s - loss: 0.6750 - acc: 0.6153 - val_loss: 0.6634 - val_acc: 0.6211
Epoch 179/200
0s - loss: 0.6749 - acc: 0.6153 - val_loss: 0.6634 - val_acc: 0.6211
Epoch 180/200
0s - loss: 0.6749 - acc: 0.6153 - val_loss: 0.6634 - val_acc: 0.6211
Epoch 181/200
0s - loss: 0.6749 - acc: 0.6153 - val_loss: 0.6634 - val_acc: 0.6211
Epoch 182/200
0s - loss: 0.6749 - acc: 0.6153 - val_loss: 0.6633 - val_acc: 0.6211
Epoch 183/200
0s - loss: 0.6748 - acc: 0.6153 - val_loss: 0.6633 - val_acc: 0.6211
Epoch 184/200
0s - loss: 0.6748 - acc: 0.6153 - val_loss: 0.6633 - val_acc: 0.6211
Epoch 185/200
0s - loss: 0.6748 - acc: 0.6153 - val_loss: 0.6633 - val_acc: 0.6211
Epoch 186/200
0s - loss: 0.6748 - acc: 0.6153 - val_loss: 0.6632 - val_acc: 0.6211
Epoch 187/200
0s - loss: 0.6748 - acc: 0.6153 - val_loss: 0.6632 - val_acc: 0.6211
Epoch 188/200
0s - loss: 0.6747 - acc: 0.6153 - val_loss: 0.6632 - val_acc: 0.6211
Epoch 189/200
0s - loss: 0.6747 - acc: 0.6153 - val_loss: 0.6632 - val_acc: 0.6211
Epoch 190/200
0s - loss: 0.6747 - acc: 0.6153 - val_loss: 0.6632 - val_acc: 0.6211
Epoch 191/200
0s - loss: 0.6747 - acc: 0.6153 - val_loss: 0.6631 - val_acc: 0.6211
Epoch 192/200
0s - loss: 0.6746 - acc: 0.6153 - val_loss: 0.6631 - val_acc: 0.6211
Epoch 193/200
0s - loss: 0.6746 - acc: 0.6153 - val_loss: 0.6631 - val_acc: 0.6211
Epoch 194/200
0s - loss: 0.6746 - acc: 0.6153 - val_loss: 0.6631 - val_acc: 0.6211
Epoch 195/200
0s - loss: 0.6746 - acc: 0.6153 - val_loss: 0.6630 - val_acc: 0.6211
Epoch 196/200
0s - loss: 0.6746 - acc: 0.6153 - val_loss: 0.6630 - val_acc: 0.6211
Epoch 197/200
0s - loss: 0.6745 - acc: 0.6153 - val_loss: 0.6630 - val_acc: 0.6211
Epoch 198/200
0s - loss: 0.6745 - acc: 0.6153 - val_loss: 0.6630 - val_acc: 0.6211
Epoch 199/200
0s - loss: 0.6745 - acc: 0.6153 - val_loss: 0.6630 - val_acc: 0.6211
Epoch 200/200
0s - loss: 0.6745 - acc: 0.6153 - val_loss: 0.6629 - val_acc: 0.6211
----------- Model 3 
loss: 0.66293823719
acc: 0.62111800909
Train on 2576 samples, validate on 644 samples
Epoch 1/200
0s - loss: 0.7064 - acc: 0.3859 - val_loss: 0.6963 - val_acc: 0.3789
Epoch 2/200
0s - loss: 0.7055 - acc: 0.3866 - val_loss: 0.6953 - val_acc: 0.3773
Epoch 3/200
0s - loss: 0.7046 - acc: 0.3870 - val_loss: 0.6944 - val_acc: 0.3789
Epoch 4/200
0s - loss: 0.7037 - acc: 0.3863 - val_loss: 0.6935 - val_acc: 0.3991
Epoch 5/200
0s - loss: 0.7028 - acc: 0.4064 - val_loss: 0.6926 - val_acc: 0.6258
Epoch 6/200
0s - loss: 0.7020 - acc: 0.6118 - val_loss: 0.6918 - val_acc: 0.6289
Epoch 7/200
0s - loss: 0.7012 - acc: 0.6114 - val_loss: 0.6909 - val_acc: 0.6258
Epoch 8/200
0s - loss: 0.7004 - acc: 0.6157 - val_loss: 0.6901 - val_acc: 0.6227
Epoch 9/200
0s - loss: 0.6997 - acc: 0.6153 - val_loss: 0.6893 - val_acc: 0.6227
Epoch 10/200
0s - loss: 0.6990 - acc: 0.6149 - val_loss: 0.6886 - val_acc: 0.6227
Epoch 11/200
0s - loss: 0.6982 - acc: 0.6145 - val_loss: 0.6878 - val_acc: 0.6227
Epoch 12/200
0s - loss: 0.6976 - acc: 0.6145 - val_loss: 0.6871 - val_acc: 0.6227
Epoch 13/200
0s - loss: 0.6969 - acc: 0.6145 - val_loss: 0.6864 - val_acc: 0.6227
Epoch 14/200
0s - loss: 0.6962 - acc: 0.6145 - val_loss: 0.6858 - val_acc: 0.6227
Epoch 15/200
0s - loss: 0.6956 - acc: 0.6145 - val_loss: 0.6851 - val_acc: 0.6227
Epoch 16/200
0s - loss: 0.6950 - acc: 0.6145 - val_loss: 0.6845 - val_acc: 0.6227
Epoch 17/200
0s - loss: 0.6944 - acc: 0.6149 - val_loss: 0.6838 - val_acc: 0.6227
Epoch 18/200
0s - loss: 0.6938 - acc: 0.6149 - val_loss: 0.6832 - val_acc: 0.6227
Epoch 19/200
0s - loss: 0.6933 - acc: 0.6149 - val_loss: 0.6827 - val_acc: 0.6227
Epoch 20/200
0s - loss: 0.6927 - acc: 0.6149 - val_loss: 0.6821 - val_acc: 0.6227
Epoch 21/200
0s - loss: 0.6922 - acc: 0.6149 - val_loss: 0.6815 - val_acc: 0.6227
Epoch 22/200
0s - loss: 0.6917 - acc: 0.6149 - val_loss: 0.6810 - val_acc: 0.6227
Epoch 23/200
0s - loss: 0.6912 - acc: 0.6149 - val_loss: 0.6805 - val_acc: 0.6227
Epoch 24/200
0s - loss: 0.6907 - acc: 0.6149 - val_loss: 0.6800 - val_acc: 0.6227
Epoch 25/200
0s - loss: 0.6903 - acc: 0.6149 - val_loss: 0.6795 - val_acc: 0.6227
Epoch 26/200
0s - loss: 0.6898 - acc: 0.6149 - val_loss: 0.6790 - val_acc: 0.6227
Epoch 27/200
0s - loss: 0.6894 - acc: 0.6149 - val_loss: 0.6785 - val_acc: 0.6227
Epoch 28/200
0s - loss: 0.6889 - acc: 0.6149 - val_loss: 0.6781 - val_acc: 0.6227
Epoch 29/200
0s - loss: 0.6885 - acc: 0.6149 - val_loss: 0.6776 - val_acc: 0.6227
Epoch 30/200
0s - loss: 0.6881 - acc: 0.6149 - val_loss: 0.6772 - val_acc: 0.6227
Epoch 31/200
0s - loss: 0.6877 - acc: 0.6149 - val_loss: 0.6768 - val_acc: 0.6227
Epoch 32/200
0s - loss: 0.6874 - acc: 0.6149 - val_loss: 0.6764 - val_acc: 0.6227
Epoch 33/200
0s - loss: 0.6870 - acc: 0.6149 - val_loss: 0.6760 - val_acc: 0.6227
Epoch 34/200
0s - loss: 0.6866 - acc: 0.6149 - val_loss: 0.6756 - val_acc: 0.6227
Epoch 35/200
0s - loss: 0.6863 - acc: 0.6149 - val_loss: 0.6752 - val_acc: 0.6227
Epoch 36/200
0s - loss: 0.6859 - acc: 0.6149 - val_loss: 0.6749 - val_acc: 0.6227
Epoch 37/200
0s - loss: 0.6856 - acc: 0.6149 - val_loss: 0.6745 - val_acc: 0.6227
Epoch 38/200
0s - loss: 0.6853 - acc: 0.6149 - val_loss: 0.6742 - val_acc: 0.6227
Epoch 39/200
0s - loss: 0.6850 - acc: 0.6149 - val_loss: 0.6738 - val_acc: 0.6227
Epoch 40/200
0s - loss: 0.6847 - acc: 0.6149 - val_loss: 0.6735 - val_acc: 0.6227
Epoch 41/200
0s - loss: 0.6844 - acc: 0.6149 - val_loss: 0.6732 - val_acc: 0.6227
Epoch 42/200
0s - loss: 0.6841 - acc: 0.6149 - val_loss: 0.6729 - val_acc: 0.6227
Epoch 43/200
0s - loss: 0.6838 - acc: 0.6149 - val_loss: 0.6726 - val_acc: 0.6227
Epoch 44/200
0s - loss: 0.6836 - acc: 0.6149 - val_loss: 0.6723 - val_acc: 0.6227
Epoch 45/200
0s - loss: 0.6833 - acc: 0.6149 - val_loss: 0.6720 - val_acc: 0.6227
Epoch 46/200
0s - loss: 0.6830 - acc: 0.6149 - val_loss: 0.6717 - val_acc: 0.6227
Epoch 47/200
0s - loss: 0.6828 - acc: 0.6149 - val_loss: 0.6715 - val_acc: 0.6227
Epoch 48/200
0s - loss: 0.6826 - acc: 0.6149 - val_loss: 0.6712 - val_acc: 0.6227
Epoch 49/200
0s - loss: 0.6823 - acc: 0.6149 - val_loss: 0.6710 - val_acc: 0.6227
Epoch 50/200
0s - loss: 0.6821 - acc: 0.6149 - val_loss: 0.6707 - val_acc: 0.6227
Epoch 51/200
0s - loss: 0.6819 - acc: 0.6149 - val_loss: 0.6705 - val_acc: 0.6227
Epoch 52/200
0s - loss: 0.6817 - acc: 0.6149 - val_loss: 0.6702 - val_acc: 0.6227
Epoch 53/200
0s - loss: 0.6815 - acc: 0.6149 - val_loss: 0.6700 - val_acc: 0.6227
Epoch 54/200
0s - loss: 0.6813 - acc: 0.6149 - val_loss: 0.6698 - val_acc: 0.6227
Epoch 55/200
0s - loss: 0.6811 - acc: 0.6149 - val_loss: 0.6696 - val_acc: 0.6227
Epoch 56/200
0s - loss: 0.6809 - acc: 0.6149 - val_loss: 0.6694 - val_acc: 0.6227
Epoch 57/200
0s - loss: 0.6807 - acc: 0.6149 - val_loss: 0.6692 - val_acc: 0.6227
Epoch 58/200
0s - loss: 0.6805 - acc: 0.6149 - val_loss: 0.6690 - val_acc: 0.6227
Epoch 59/200
0s - loss: 0.6803 - acc: 0.6149 - val_loss: 0.6688 - val_acc: 0.6227
Epoch 60/200
0s - loss: 0.6802 - acc: 0.6149 - val_loss: 0.6686 - val_acc: 0.6227
Epoch 61/200
0s - loss: 0.6800 - acc: 0.6149 - val_loss: 0.6684 - val_acc: 0.6227
Epoch 62/200
0s - loss: 0.6798 - acc: 0.6149 - val_loss: 0.6682 - val_acc: 0.6227
Epoch 63/200
0s - loss: 0.6797 - acc: 0.6149 - val_loss: 0.6680 - val_acc: 0.6227
Epoch 64/200
0s - loss: 0.6795 - acc: 0.6149 - val_loss: 0.6679 - val_acc: 0.6227
Epoch 65/200
0s - loss: 0.6794 - acc: 0.6149 - val_loss: 0.6677 - val_acc: 0.6227
Epoch 66/200
0s - loss: 0.6792 - acc: 0.6149 - val_loss: 0.6675 - val_acc: 0.6227
Epoch 67/200
0s - loss: 0.6791 - acc: 0.6149 - val_loss: 0.6674 - val_acc: 0.6227
Epoch 68/200
0s - loss: 0.6789 - acc: 0.6149 - val_loss: 0.6672 - val_acc: 0.6227
Epoch 69/200
0s - loss: 0.6788 - acc: 0.6149 - val_loss: 0.6671 - val_acc: 0.6227
Epoch 70/200
0s - loss: 0.6787 - acc: 0.6149 - val_loss: 0.6669 - val_acc: 0.6227
Epoch 71/200
0s - loss: 0.6785 - acc: 0.6149 - val_loss: 0.6668 - val_acc: 0.6227
Epoch 72/200
0s - loss: 0.6784 - acc: 0.6149 - val_loss: 0.6666 - val_acc: 0.6227
Epoch 73/200
0s - loss: 0.6783 - acc: 0.6149 - val_loss: 0.6665 - val_acc: 0.6227
Epoch 74/200
0s - loss: 0.6782 - acc: 0.6149 - val_loss: 0.6663 - val_acc: 0.6227
Epoch 75/200
0s - loss: 0.6781 - acc: 0.6149 - val_loss: 0.6662 - val_acc: 0.6227
Epoch 76/200
0s - loss: 0.6780 - acc: 0.6149 - val_loss: 0.6661 - val_acc: 0.6227
Epoch 77/200
0s - loss: 0.6778 - acc: 0.6149 - val_loss: 0.6660 - val_acc: 0.6227
Epoch 78/200
0s - loss: 0.6777 - acc: 0.6149 - val_loss: 0.6658 - val_acc: 0.6227
Epoch 79/200
0s - loss: 0.6776 - acc: 0.6149 - val_loss: 0.6657 - val_acc: 0.6227
Epoch 80/200
0s - loss: 0.6775 - acc: 0.6149 - val_loss: 0.6656 - val_acc: 0.6227
Epoch 81/200
0s - loss: 0.6774 - acc: 0.6149 - val_loss: 0.6655 - val_acc: 0.6227
Epoch 82/200
0s - loss: 0.6773 - acc: 0.6149 - val_loss: 0.6654 - val_acc: 0.6227
Epoch 83/200
0s - loss: 0.6772 - acc: 0.6149 - val_loss: 0.6653 - val_acc: 0.6227
Epoch 84/200
0s - loss: 0.6772 - acc: 0.6149 - val_loss: 0.6652 - val_acc: 0.6227
Epoch 85/200
0s - loss: 0.6771 - acc: 0.6149 - val_loss: 0.6651 - val_acc: 0.6227
Epoch 86/200
0s - loss: 0.6770 - acc: 0.6149 - val_loss: 0.6650 - val_acc: 0.6227
Epoch 87/200
0s - loss: 0.6769 - acc: 0.6149 - val_loss: 0.6649 - val_acc: 0.6227
Epoch 88/200
0s - loss: 0.6768 - acc: 0.6149 - val_loss: 0.6648 - val_acc: 0.6227
Epoch 89/200
0s - loss: 0.6767 - acc: 0.6149 - val_loss: 0.6647 - val_acc: 0.6227
Epoch 90/200
0s - loss: 0.6766 - acc: 0.6149 - val_loss: 0.6646 - val_acc: 0.6227
Epoch 91/200
0s - loss: 0.6766 - acc: 0.6149 - val_loss: 0.6645 - val_acc: 0.6227
Epoch 92/200
0s - loss: 0.6765 - acc: 0.6149 - val_loss: 0.6644 - val_acc: 0.6227
Epoch 93/200
0s - loss: 0.6764 - acc: 0.6149 - val_loss: 0.6643 - val_acc: 0.6227
Epoch 94/200
0s - loss: 0.6763 - acc: 0.6149 - val_loss: 0.6642 - val_acc: 0.6227
Epoch 95/200
0s - loss: 0.6763 - acc: 0.6149 - val_loss: 0.6642 - val_acc: 0.6227
Epoch 96/200
0s - loss: 0.6762 - acc: 0.6149 - val_loss: 0.6641 - val_acc: 0.6227
Epoch 97/200
0s - loss: 0.6761 - acc: 0.6149 - val_loss: 0.6640 - val_acc: 0.6227
Epoch 98/200
0s - loss: 0.6761 - acc: 0.6149 - val_loss: 0.6639 - val_acc: 0.6227
Epoch 99/200
0s - loss: 0.6760 - acc: 0.6149 - val_loss: 0.6638 - val_acc: 0.6227
Epoch 100/200
0s - loss: 0.6759 - acc: 0.6149 - val_loss: 0.6638 - val_acc: 0.6227
Epoch 101/200
0s - loss: 0.6759 - acc: 0.6149 - val_loss: 0.6637 - val_acc: 0.6227
Epoch 102/200
0s - loss: 0.6758 - acc: 0.6149 - val_loss: 0.6636 - val_acc: 0.6227
Epoch 103/200
0s - loss: 0.6758 - acc: 0.6149 - val_loss: 0.6635 - val_acc: 0.6227
Epoch 104/200
0s - loss: 0.6757 - acc: 0.6149 - val_loss: 0.6635 - val_acc: 0.6227
Epoch 105/200
0s - loss: 0.6756 - acc: 0.6149 - val_loss: 0.6634 - val_acc: 0.6227
Epoch 106/200
0s - loss: 0.6756 - acc: 0.6149 - val_loss: 0.6633 - val_acc: 0.6227
Epoch 107/200
0s - loss: 0.6755 - acc: 0.6149 - val_loss: 0.6633 - val_acc: 0.6227
Epoch 108/200
0s - loss: 0.6755 - acc: 0.6149 - val_loss: 0.6632 - val_acc: 0.6227
Epoch 109/200
0s - loss: 0.6754 - acc: 0.6149 - val_loss: 0.6632 - val_acc: 0.6227
Epoch 110/200
0s - loss: 0.6754 - acc: 0.6149 - val_loss: 0.6631 - val_acc: 0.6227
Epoch 111/200
0s - loss: 0.6753 - acc: 0.6149 - val_loss: 0.6630 - val_acc: 0.6227
Epoch 112/200
0s - loss: 0.6753 - acc: 0.6149 - val_loss: 0.6630 - val_acc: 0.6227
Epoch 113/200
0s - loss: 0.6752 - acc: 0.6149 - val_loss: 0.6629 - val_acc: 0.6227
Epoch 114/200
0s - loss: 0.6752 - acc: 0.6149 - val_loss: 0.6629 - val_acc: 0.6227
Epoch 115/200
0s - loss: 0.6751 - acc: 0.6149 - val_loss: 0.6628 - val_acc: 0.6227
Epoch 116/200
0s - loss: 0.6751 - acc: 0.6149 - val_loss: 0.6628 - val_acc: 0.6227
Epoch 117/200
0s - loss: 0.6750 - acc: 0.6149 - val_loss: 0.6627 - val_acc: 0.6227
Epoch 118/200
0s - loss: 0.6750 - acc: 0.6149 - val_loss: 0.6626 - val_acc: 0.6227
Epoch 119/200
0s - loss: 0.6749 - acc: 0.6149 - val_loss: 0.6626 - val_acc: 0.6227
Epoch 120/200
0s - loss: 0.6749 - acc: 0.6149 - val_loss: 0.6625 - val_acc: 0.6227
Epoch 121/200
0s - loss: 0.6749 - acc: 0.6149 - val_loss: 0.6625 - val_acc: 0.6227
Epoch 122/200
0s - loss: 0.6748 - acc: 0.6149 - val_loss: 0.6624 - val_acc: 0.6227
Epoch 123/200
0s - loss: 0.6748 - acc: 0.6149 - val_loss: 0.6624 - val_acc: 0.6227
Epoch 124/200
0s - loss: 0.6747 - acc: 0.6149 - val_loss: 0.6624 - val_acc: 0.6227
Epoch 125/200
0s - loss: 0.6747 - acc: 0.6149 - val_loss: 0.6623 - val_acc: 0.6227
Epoch 126/200
0s - loss: 0.6747 - acc: 0.6149 - val_loss: 0.6623 - val_acc: 0.6227
Epoch 127/200
0s - loss: 0.6746 - acc: 0.6149 - val_loss: 0.6622 - val_acc: 0.6227
Epoch 128/200
0s - loss: 0.6746 - acc: 0.6149 - val_loss: 0.6622 - val_acc: 0.6227
Epoch 129/200
0s - loss: 0.6746 - acc: 0.6149 - val_loss: 0.6621 - val_acc: 0.6227
Epoch 130/200
0s - loss: 0.6745 - acc: 0.6149 - val_loss: 0.6621 - val_acc: 0.6227
Epoch 131/200
0s - loss: 0.6745 - acc: 0.6149 - val_loss: 0.6620 - val_acc: 0.6227
Epoch 132/200
0s - loss: 0.6744 - acc: 0.6149 - val_loss: 0.6620 - val_acc: 0.6227
Epoch 133/200
0s - loss: 0.6744 - acc: 0.6149 - val_loss: 0.6620 - val_acc: 0.6227
Epoch 134/200
0s - loss: 0.6744 - acc: 0.6149 - val_loss: 0.6619 - val_acc: 0.6227
Epoch 135/200
0s - loss: 0.6743 - acc: 0.6149 - val_loss: 0.6619 - val_acc: 0.6227
Epoch 136/200
0s - loss: 0.6743 - acc: 0.6149 - val_loss: 0.6618 - val_acc: 0.6227
Epoch 137/200
0s - loss: 0.6743 - acc: 0.6149 - val_loss: 0.6618 - val_acc: 0.6227
Epoch 138/200
0s - loss: 0.6742 - acc: 0.6149 - val_loss: 0.6618 - val_acc: 0.6227
Epoch 139/200
0s - loss: 0.6742 - acc: 0.6149 - val_loss: 0.6617 - val_acc: 0.6227
Epoch 140/200
0s - loss: 0.6742 - acc: 0.6149 - val_loss: 0.6617 - val_acc: 0.6227
Epoch 141/200
0s - loss: 0.6741 - acc: 0.6149 - val_loss: 0.6617 - val_acc: 0.6227
Epoch 142/200
0s - loss: 0.6741 - acc: 0.6149 - val_loss: 0.6616 - val_acc: 0.6227
Epoch 143/200
0s - loss: 0.6741 - acc: 0.6149 - val_loss: 0.6616 - val_acc: 0.6227
Epoch 144/200
0s - loss: 0.6741 - acc: 0.6149 - val_loss: 0.6615 - val_acc: 0.6227
Epoch 145/200
0s - loss: 0.6740 - acc: 0.6149 - val_loss: 0.6615 - val_acc: 0.6227
Epoch 146/200
0s - loss: 0.6740 - acc: 0.6149 - val_loss: 0.6615 - val_acc: 0.6227
Epoch 147/200
0s - loss: 0.6740 - acc: 0.6149 - val_loss: 0.6614 - val_acc: 0.6227
Epoch 148/200
0s - loss: 0.6739 - acc: 0.6149 - val_loss: 0.6614 - val_acc: 0.6227
Epoch 149/200
0s - loss: 0.6739 - acc: 0.6149 - val_loss: 0.6614 - val_acc: 0.6227
Epoch 150/200
0s - loss: 0.6739 - acc: 0.6149 - val_loss: 0.6613 - val_acc: 0.6227
Epoch 151/200
0s - loss: 0.6739 - acc: 0.6149 - val_loss: 0.6613 - val_acc: 0.6227
Epoch 152/200
0s - loss: 0.6738 - acc: 0.6149 - val_loss: 0.6613 - val_acc: 0.6227
Epoch 153/200
0s - loss: 0.6738 - acc: 0.6149 - val_loss: 0.6613 - val_acc: 0.6227
Epoch 154/200
0s - loss: 0.6738 - acc: 0.6149 - val_loss: 0.6612 - val_acc: 0.6227
Epoch 155/200
0s - loss: 0.6738 - acc: 0.6149 - val_loss: 0.6612 - val_acc: 0.6227
Epoch 156/200
0s - loss: 0.6737 - acc: 0.6149 - val_loss: 0.6612 - val_acc: 0.6227
Epoch 157/200
0s - loss: 0.6737 - acc: 0.6149 - val_loss: 0.6611 - val_acc: 0.6227
Epoch 158/200
0s - loss: 0.6737 - acc: 0.6149 - val_loss: 0.6611 - val_acc: 0.6227
Epoch 159/200
0s - loss: 0.6736 - acc: 0.6149 - val_loss: 0.6611 - val_acc: 0.6227
Epoch 160/200
0s - loss: 0.6736 - acc: 0.6149 - val_loss: 0.6610 - val_acc: 0.6227
Epoch 161/200
0s - loss: 0.6736 - acc: 0.6149 - val_loss: 0.6610 - val_acc: 0.6227
Epoch 162/200
0s - loss: 0.6736 - acc: 0.6149 - val_loss: 0.6610 - val_acc: 0.6227
Epoch 163/200
0s - loss: 0.6735 - acc: 0.6149 - val_loss: 0.6610 - val_acc: 0.6227
Epoch 164/200
0s - loss: 0.6735 - acc: 0.6149 - val_loss: 0.6609 - val_acc: 0.6227
Epoch 165/200
0s - loss: 0.6735 - acc: 0.6149 - val_loss: 0.6609 - val_acc: 0.6227
Epoch 166/200
0s - loss: 0.6735 - acc: 0.6149 - val_loss: 0.6609 - val_acc: 0.6227
Epoch 167/200
0s - loss: 0.6735 - acc: 0.6149 - val_loss: 0.6609 - val_acc: 0.6227
Epoch 168/200
0s - loss: 0.6734 - acc: 0.6149 - val_loss: 0.6608 - val_acc: 0.6227
Epoch 169/200
0s - loss: 0.6734 - acc: 0.6149 - val_loss: 0.6608 - val_acc: 0.6227
Epoch 170/200
0s - loss: 0.6734 - acc: 0.6149 - val_loss: 0.6608 - val_acc: 0.6227
Epoch 171/200
0s - loss: 0.6734 - acc: 0.6149 - val_loss: 0.6607 - val_acc: 0.6227
Epoch 172/200
0s - loss: 0.6733 - acc: 0.6149 - val_loss: 0.6607 - val_acc: 0.6227
Epoch 173/200
0s - loss: 0.6733 - acc: 0.6149 - val_loss: 0.6607 - val_acc: 0.6227
Epoch 174/200
0s - loss: 0.6733 - acc: 0.6149 - val_loss: 0.6607 - val_acc: 0.6227
Epoch 175/200
0s - loss: 0.6733 - acc: 0.6149 - val_loss: 0.6606 - val_acc: 0.6227
Epoch 176/200
0s - loss: 0.6732 - acc: 0.6149 - val_loss: 0.6606 - val_acc: 0.6227
Epoch 177/200
0s - loss: 0.6732 - acc: 0.6149 - val_loss: 0.6606 - val_acc: 0.6227
Epoch 178/200
0s - loss: 0.6732 - acc: 0.6149 - val_loss: 0.6606 - val_acc: 0.6227
Epoch 179/200
0s - loss: 0.6732 - acc: 0.6149 - val_loss: 0.6605 - val_acc: 0.6227
Epoch 180/200
0s - loss: 0.6732 - acc: 0.6149 - val_loss: 0.6605 - val_acc: 0.6227
Epoch 181/200
0s - loss: 0.6731 - acc: 0.6149 - val_loss: 0.6605 - val_acc: 0.6227
Epoch 182/200
0s - loss: 0.6731 - acc: 0.6149 - val_loss: 0.6605 - val_acc: 0.6227
Epoch 183/200
0s - loss: 0.6731 - acc: 0.6149 - val_loss: 0.6605 - val_acc: 0.6227
Epoch 184/200
0s - loss: 0.6731 - acc: 0.6149 - val_loss: 0.6604 - val_acc: 0.6227
Epoch 185/200
0s - loss: 0.6731 - acc: 0.6149 - val_loss: 0.6604 - val_acc: 0.6227
Epoch 186/200
0s - loss: 0.6730 - acc: 0.6149 - val_loss: 0.6604 - val_acc: 0.6227
Epoch 187/200
0s - loss: 0.6730 - acc: 0.6149 - val_loss: 0.6604 - val_acc: 0.6227
Epoch 188/200
0s - loss: 0.6730 - acc: 0.6149 - val_loss: 0.6603 - val_acc: 0.6227
Epoch 189/200
0s - loss: 0.6730 - acc: 0.6149 - val_loss: 0.6603 - val_acc: 0.6227
Epoch 190/200
0s - loss: 0.6729 - acc: 0.6149 - val_loss: 0.6603 - val_acc: 0.6227
Epoch 191/200
0s - loss: 0.6729 - acc: 0.6149 - val_loss: 0.6603 - val_acc: 0.6227
Epoch 192/200
0s - loss: 0.6729 - acc: 0.6149 - val_loss: 0.6602 - val_acc: 0.6227
Epoch 193/200
0s - loss: 0.6729 - acc: 0.6149 - val_loss: 0.6602 - val_acc: 0.6227
Epoch 194/200
0s - loss: 0.6729 - acc: 0.6149 - val_loss: 0.6602 - val_acc: 0.6227
Epoch 195/200
0s - loss: 0.6728 - acc: 0.6149 - val_loss: 0.6602 - val_acc: 0.6227
Epoch 196/200
0s - loss: 0.6728 - acc: 0.6149 - val_loss: 0.6602 - val_acc: 0.6227
Epoch 197/200
0s - loss: 0.6728 - acc: 0.6149 - val_loss: 0.6601 - val_acc: 0.6227
Epoch 198/200
0s - loss: 0.6728 - acc: 0.6149 - val_loss: 0.6601 - val_acc: 0.6227
Epoch 199/200
0s - loss: 0.6728 - acc: 0.6149 - val_loss: 0.6601 - val_acc: 0.6227
Epoch 200/200
0s - loss: 0.6727 - acc: 0.6149 - val_loss: 0.6601 - val_acc: 0.6227
----------- Model 4 
loss: 0.660076439381
acc: 0.622670829296
-----------------  Best model (index: 4) re-training....
loss: 0.305754477045
acc: 0.888405797101
