Train on 2576 samples, validate on 644 samples
Epoch 1/500
0s - loss: 0.6371 - acc: 0.6266 - val_loss: 0.5548 - val_acc: 0.6879
Epoch 2/500
0s - loss: 0.4211 - acc: 0.8366 - val_loss: 0.3291 - val_acc: 0.8851
Epoch 3/500
0s - loss: 0.2961 - acc: 0.8971 - val_loss: 0.2754 - val_acc: 0.8975
Epoch 4/500
0s - loss: 0.2595 - acc: 0.9068 - val_loss: 0.2505 - val_acc: 0.9099
Epoch 5/500
0s - loss: 0.2409 - acc: 0.9161 - val_loss: 0.2393 - val_acc: 0.9146
Epoch 6/500
0s - loss: 0.2300 - acc: 0.9196 - val_loss: 0.2320 - val_acc: 0.9193
Epoch 7/500
0s - loss: 0.2209 - acc: 0.9220 - val_loss: 0.2239 - val_acc: 0.9224
Epoch 8/500
0s - loss: 0.2160 - acc: 0.9231 - val_loss: 0.2197 - val_acc: 0.9239
Epoch 9/500
0s - loss: 0.2109 - acc: 0.9247 - val_loss: 0.2155 - val_acc: 0.9286
Epoch 10/500
0s - loss: 0.2071 - acc: 0.9278 - val_loss: 0.2123 - val_acc: 0.9317
Epoch 11/500
0s - loss: 0.2039 - acc: 0.9282 - val_loss: 0.2087 - val_acc: 0.9332
Epoch 12/500
0s - loss: 0.2012 - acc: 0.9278 - val_loss: 0.2075 - val_acc: 0.9363
Epoch 13/500
0s - loss: 0.1989 - acc: 0.9274 - val_loss: 0.2041 - val_acc: 0.9379
Epoch 14/500
0s - loss: 0.1963 - acc: 0.9301 - val_loss: 0.2024 - val_acc: 0.9317
Epoch 15/500
0s - loss: 0.1941 - acc: 0.9297 - val_loss: 0.2014 - val_acc: 0.9332
Epoch 16/500
0s - loss: 0.1922 - acc: 0.9301 - val_loss: 0.1983 - val_acc: 0.9379
Epoch 17/500
0s - loss: 0.1899 - acc: 0.9321 - val_loss: 0.1972 - val_acc: 0.9348
Epoch 18/500
0s - loss: 0.1881 - acc: 0.9328 - val_loss: 0.1960 - val_acc: 0.9348
Epoch 19/500
0s - loss: 0.1867 - acc: 0.9352 - val_loss: 0.1951 - val_acc: 0.9363
Epoch 20/500
0s - loss: 0.1845 - acc: 0.9363 - val_loss: 0.1945 - val_acc: 0.9363
Epoch 21/500
0s - loss: 0.1830 - acc: 0.9344 - val_loss: 0.1943 - val_acc: 0.9348
Epoch 22/500
0s - loss: 0.1814 - acc: 0.9352 - val_loss: 0.1922 - val_acc: 0.9379
Epoch 23/500
0s - loss: 0.1807 - acc: 0.9356 - val_loss: 0.1912 - val_acc: 0.9379
Epoch 24/500
0s - loss: 0.1793 - acc: 0.9379 - val_loss: 0.1907 - val_acc: 0.9394
Epoch 25/500
0s - loss: 0.1779 - acc: 0.9367 - val_loss: 0.1920 - val_acc: 0.9363
Epoch 26/500
0s - loss: 0.1770 - acc: 0.9367 - val_loss: 0.1903 - val_acc: 0.9379
Epoch 27/500
0s - loss: 0.1759 - acc: 0.9375 - val_loss: 0.1891 - val_acc: 0.9379
Epoch 28/500
0s - loss: 0.1748 - acc: 0.9379 - val_loss: 0.1900 - val_acc: 0.9363
Epoch 29/500
0s - loss: 0.1739 - acc: 0.9383 - val_loss: 0.1881 - val_acc: 0.9363
Epoch 30/500
0s - loss: 0.1732 - acc: 0.9375 - val_loss: 0.1885 - val_acc: 0.9363
Epoch 31/500
0s - loss: 0.1719 - acc: 0.9379 - val_loss: 0.1883 - val_acc: 0.9394
Epoch 32/500
0s - loss: 0.1711 - acc: 0.9387 - val_loss: 0.1883 - val_acc: 0.9394
Epoch 33/500
0s - loss: 0.1695 - acc: 0.9402 - val_loss: 0.1887 - val_acc: 0.9363
Epoch 34/500
0s - loss: 0.1694 - acc: 0.9398 - val_loss: 0.1877 - val_acc: 0.9379
Epoch 35/500
0s - loss: 0.1690 - acc: 0.9402 - val_loss: 0.1875 - val_acc: 0.9379
Epoch 36/500
0s - loss: 0.1677 - acc: 0.9394 - val_loss: 0.1877 - val_acc: 0.9410
Epoch 37/500
0s - loss: 0.1673 - acc: 0.9422 - val_loss: 0.1873 - val_acc: 0.9379
Epoch 38/500
0s - loss: 0.1663 - acc: 0.9402 - val_loss: 0.1869 - val_acc: 0.9379
Epoch 39/500
0s - loss: 0.1648 - acc: 0.9391 - val_loss: 0.1868 - val_acc: 0.9379
Epoch 40/500
0s - loss: 0.1649 - acc: 0.9406 - val_loss: 0.1867 - val_acc: 0.9348
Epoch 41/500
0s - loss: 0.1638 - acc: 0.9406 - val_loss: 0.1851 - val_acc: 0.9441
Epoch 42/500
0s - loss: 0.1626 - acc: 0.9402 - val_loss: 0.1870 - val_acc: 0.9394
Epoch 43/500
0s - loss: 0.1630 - acc: 0.9418 - val_loss: 0.1852 - val_acc: 0.9441
Epoch 44/500
0s - loss: 0.1611 - acc: 0.9425 - val_loss: 0.1868 - val_acc: 0.9317
Epoch 45/500
0s - loss: 0.1613 - acc: 0.9406 - val_loss: 0.1849 - val_acc: 0.9441
Epoch 46/500
0s - loss: 0.1598 - acc: 0.9422 - val_loss: 0.1868 - val_acc: 0.9317
Epoch 47/500
0s - loss: 0.1598 - acc: 0.9425 - val_loss: 0.1833 - val_acc: 0.9457
Epoch 48/500
0s - loss: 0.1587 - acc: 0.9425 - val_loss: 0.1836 - val_acc: 0.9441
Epoch 49/500
0s - loss: 0.1583 - acc: 0.9414 - val_loss: 0.1834 - val_acc: 0.9425
Epoch 50/500
0s - loss: 0.1582 - acc: 0.9418 - val_loss: 0.1823 - val_acc: 0.9488
Epoch 51/500
0s - loss: 0.1575 - acc: 0.9414 - val_loss: 0.1822 - val_acc: 0.9472
Epoch 52/500
0s - loss: 0.1567 - acc: 0.9425 - val_loss: 0.1829 - val_acc: 0.9410
Epoch 53/500
0s - loss: 0.1556 - acc: 0.9425 - val_loss: 0.1841 - val_acc: 0.9425
Epoch 54/500
0s - loss: 0.1559 - acc: 0.9437 - val_loss: 0.1820 - val_acc: 0.9472
Epoch 55/500
0s - loss: 0.1556 - acc: 0.9441 - val_loss: 0.1821 - val_acc: 0.9425
Epoch 56/500
0s - loss: 0.1548 - acc: 0.9418 - val_loss: 0.1815 - val_acc: 0.9441
Epoch 57/500
0s - loss: 0.1540 - acc: 0.9425 - val_loss: 0.1817 - val_acc: 0.9394
Epoch 58/500
0s - loss: 0.1538 - acc: 0.9429 - val_loss: 0.1801 - val_acc: 0.9457
Epoch 59/500
0s - loss: 0.1532 - acc: 0.9418 - val_loss: 0.1802 - val_acc: 0.9425
Epoch 60/500
0s - loss: 0.1526 - acc: 0.9433 - val_loss: 0.1797 - val_acc: 0.9441
Epoch 61/500
0s - loss: 0.1523 - acc: 0.9422 - val_loss: 0.1792 - val_acc: 0.9425
Epoch 62/500
0s - loss: 0.1517 - acc: 0.9429 - val_loss: 0.1803 - val_acc: 0.9410
Epoch 63/500
0s - loss: 0.1515 - acc: 0.9418 - val_loss: 0.1793 - val_acc: 0.9441
Epoch 64/500
0s - loss: 0.1503 - acc: 0.9449 - val_loss: 0.1788 - val_acc: 0.9457
Epoch 65/500
0s - loss: 0.1505 - acc: 0.9429 - val_loss: 0.1787 - val_acc: 0.9425
Epoch 66/500
0s - loss: 0.1498 - acc: 0.9429 - val_loss: 0.1790 - val_acc: 0.9472
Epoch 67/500
0s - loss: 0.1495 - acc: 0.9445 - val_loss: 0.1784 - val_acc: 0.9457
Epoch 68/500
0s - loss: 0.1490 - acc: 0.9437 - val_loss: 0.1784 - val_acc: 0.9425
Epoch 69/500
0s - loss: 0.1485 - acc: 0.9441 - val_loss: 0.1781 - val_acc: 0.9441
Epoch 70/500
0s - loss: 0.1477 - acc: 0.9453 - val_loss: 0.1792 - val_acc: 0.9363
Epoch 71/500
0s - loss: 0.1477 - acc: 0.9449 - val_loss: 0.1773 - val_acc: 0.9425
Epoch 72/500
0s - loss: 0.1473 - acc: 0.9441 - val_loss: 0.1772 - val_acc: 0.9394
Epoch 73/500
0s - loss: 0.1469 - acc: 0.9433 - val_loss: 0.1774 - val_acc: 0.9410
Epoch 74/500
0s - loss: 0.1463 - acc: 0.9437 - val_loss: 0.1775 - val_acc: 0.9410
Epoch 75/500
0s - loss: 0.1465 - acc: 0.9449 - val_loss: 0.1769 - val_acc: 0.9410
Epoch 76/500
0s - loss: 0.1453 - acc: 0.9433 - val_loss: 0.1768 - val_acc: 0.9363
Epoch 77/500
0s - loss: 0.1453 - acc: 0.9433 - val_loss: 0.1763 - val_acc: 0.9394
Epoch 78/500
0s - loss: 0.1449 - acc: 0.9437 - val_loss: 0.1764 - val_acc: 0.9363
Epoch 79/500
0s - loss: 0.1441 - acc: 0.9425 - val_loss: 0.1797 - val_acc: 0.9379
Epoch 80/500
0s - loss: 0.1441 - acc: 0.9437 - val_loss: 0.1757 - val_acc: 0.9441
Epoch 81/500
0s - loss: 0.1440 - acc: 0.9437 - val_loss: 0.1753 - val_acc: 0.9394
Epoch 82/500
0s - loss: 0.1433 - acc: 0.9460 - val_loss: 0.1750 - val_acc: 0.9425
Epoch 83/500
0s - loss: 0.1430 - acc: 0.9441 - val_loss: 0.1746 - val_acc: 0.9410
Epoch 84/500
0s - loss: 0.1427 - acc: 0.9445 - val_loss: 0.1746 - val_acc: 0.9394
Epoch 85/500
0s - loss: 0.1421 - acc: 0.9453 - val_loss: 0.1755 - val_acc: 0.9363
Epoch 86/500
0s - loss: 0.1420 - acc: 0.9449 - val_loss: 0.1746 - val_acc: 0.9379
Epoch 87/500
0s - loss: 0.1419 - acc: 0.9460 - val_loss: 0.1746 - val_acc: 0.9394
Epoch 88/500
0s - loss: 0.1413 - acc: 0.9445 - val_loss: 0.1744 - val_acc: 0.9379
Epoch 89/500
0s - loss: 0.1412 - acc: 0.9441 - val_loss: 0.1741 - val_acc: 0.9394
Epoch 90/500
0s - loss: 0.1405 - acc: 0.9445 - val_loss: 0.1740 - val_acc: 0.9363
Epoch 91/500
0s - loss: 0.1405 - acc: 0.9457 - val_loss: 0.1740 - val_acc: 0.9379
Epoch 92/500
0s - loss: 0.1401 - acc: 0.9453 - val_loss: 0.1737 - val_acc: 0.9379
Epoch 93/500
0s - loss: 0.1395 - acc: 0.9453 - val_loss: 0.1747 - val_acc: 0.9379
Epoch 94/500
0s - loss: 0.1392 - acc: 0.9464 - val_loss: 0.1732 - val_acc: 0.9410
Epoch 95/500
0s - loss: 0.1392 - acc: 0.9441 - val_loss: 0.1734 - val_acc: 0.9379
Epoch 96/500
0s - loss: 0.1388 - acc: 0.9453 - val_loss: 0.1732 - val_acc: 0.9410
Epoch 97/500
0s - loss: 0.1385 - acc: 0.9468 - val_loss: 0.1731 - val_acc: 0.9394
Epoch 98/500
0s - loss: 0.1381 - acc: 0.9433 - val_loss: 0.1737 - val_acc: 0.9394
Epoch 99/500
0s - loss: 0.1374 - acc: 0.9468 - val_loss: 0.1734 - val_acc: 0.9363
Epoch 100/500
0s - loss: 0.1376 - acc: 0.9449 - val_loss: 0.1729 - val_acc: 0.9348
Epoch 101/500
0s - loss: 0.1372 - acc: 0.9464 - val_loss: 0.1728 - val_acc: 0.9394
Epoch 102/500
0s - loss: 0.1369 - acc: 0.9476 - val_loss: 0.1732 - val_acc: 0.9348
Epoch 103/500
0s - loss: 0.1365 - acc: 0.9464 - val_loss: 0.1730 - val_acc: 0.9410
Epoch 104/500
0s - loss: 0.1362 - acc: 0.9472 - val_loss: 0.1735 - val_acc: 0.9332
Epoch 105/500
0s - loss: 0.1362 - acc: 0.9472 - val_loss: 0.1733 - val_acc: 0.9332
Epoch 106/500
0s - loss: 0.1353 - acc: 0.9468 - val_loss: 0.1730 - val_acc: 0.9410
----------- Model 0 KF 
loss: 0.172992578945
acc: 0.94099378882
Train on 2576 samples, validate on 644 samples
Epoch 1/500
0s - loss: 0.6460 - acc: 0.6130 - val_loss: 0.5843 - val_acc: 0.6429
Epoch 2/500
0s - loss: 0.4410 - acc: 0.8152 - val_loss: 0.3655 - val_acc: 0.8711
Epoch 3/500
0s - loss: 0.2935 - acc: 0.9002 - val_loss: 0.3104 - val_acc: 0.8898
Epoch 4/500
0s - loss: 0.2516 - acc: 0.9095 - val_loss: 0.2939 - val_acc: 0.9022
Epoch 5/500
0s - loss: 0.2320 - acc: 0.9165 - val_loss: 0.2791 - val_acc: 0.9022
Epoch 6/500
0s - loss: 0.2207 - acc: 0.9224 - val_loss: 0.2735 - val_acc: 0.9068
Epoch 7/500
0s - loss: 0.2135 - acc: 0.9266 - val_loss: 0.2689 - val_acc: 0.9084
Epoch 8/500
0s - loss: 0.2080 - acc: 0.9313 - val_loss: 0.2656 - val_acc: 0.9130
Epoch 9/500
0s - loss: 0.2041 - acc: 0.9336 - val_loss: 0.2622 - val_acc: 0.9115
Epoch 10/500
0s - loss: 0.2016 - acc: 0.9317 - val_loss: 0.2601 - val_acc: 0.9208
Epoch 11/500
0s - loss: 0.1982 - acc: 0.9336 - val_loss: 0.2616 - val_acc: 0.9161
Epoch 12/500
0s - loss: 0.1970 - acc: 0.9348 - val_loss: 0.2572 - val_acc: 0.9177
Epoch 13/500
0s - loss: 0.1952 - acc: 0.9344 - val_loss: 0.2563 - val_acc: 0.9193
Epoch 14/500
0s - loss: 0.1934 - acc: 0.9313 - val_loss: 0.2544 - val_acc: 0.9146
Epoch 15/500
0s - loss: 0.1920 - acc: 0.9356 - val_loss: 0.2529 - val_acc: 0.9224
Epoch 16/500
0s - loss: 0.1909 - acc: 0.9367 - val_loss: 0.2510 - val_acc: 0.9193
Epoch 17/500
0s - loss: 0.1893 - acc: 0.9367 - val_loss: 0.2496 - val_acc: 0.9177
Epoch 18/500
0s - loss: 0.1891 - acc: 0.9352 - val_loss: 0.2481 - val_acc: 0.9270
Epoch 19/500
0s - loss: 0.1871 - acc: 0.9375 - val_loss: 0.2480 - val_acc: 0.9270
Epoch 20/500
0s - loss: 0.1864 - acc: 0.9375 - val_loss: 0.2463 - val_acc: 0.9255
Epoch 21/500
0s - loss: 0.1852 - acc: 0.9367 - val_loss: 0.2432 - val_acc: 0.9255
Epoch 22/500
0s - loss: 0.1837 - acc: 0.9387 - val_loss: 0.2410 - val_acc: 0.9239
Epoch 23/500
0s - loss: 0.1829 - acc: 0.9371 - val_loss: 0.2384 - val_acc: 0.9270
Epoch 24/500
0s - loss: 0.1810 - acc: 0.9363 - val_loss: 0.2397 - val_acc: 0.9270
Epoch 25/500
0s - loss: 0.1807 - acc: 0.9383 - val_loss: 0.2364 - val_acc: 0.9270
Epoch 26/500
0s - loss: 0.1791 - acc: 0.9352 - val_loss: 0.2353 - val_acc: 0.9270
Epoch 27/500
0s - loss: 0.1785 - acc: 0.9391 - val_loss: 0.2336 - val_acc: 0.9255
Epoch 28/500
0s - loss: 0.1783 - acc: 0.9398 - val_loss: 0.2328 - val_acc: 0.9270
Epoch 29/500
0s - loss: 0.1770 - acc: 0.9394 - val_loss: 0.2317 - val_acc: 0.9286
Epoch 30/500
0s - loss: 0.1766 - acc: 0.9410 - val_loss: 0.2311 - val_acc: 0.9286
Epoch 31/500
0s - loss: 0.1756 - acc: 0.9391 - val_loss: 0.2296 - val_acc: 0.9255
Epoch 32/500
0s - loss: 0.1750 - acc: 0.9398 - val_loss: 0.2289 - val_acc: 0.9286
Epoch 33/500
0s - loss: 0.1740 - acc: 0.9425 - val_loss: 0.2274 - val_acc: 0.9255
Epoch 34/500
0s - loss: 0.1727 - acc: 0.9383 - val_loss: 0.2288 - val_acc: 0.9270
Epoch 35/500
0s - loss: 0.1723 - acc: 0.9406 - val_loss: 0.2257 - val_acc: 0.9270
Epoch 36/500
0s - loss: 0.1715 - acc: 0.9402 - val_loss: 0.2238 - val_acc: 0.9270
Epoch 37/500
0s - loss: 0.1708 - acc: 0.9433 - val_loss: 0.2232 - val_acc: 0.9270
Epoch 38/500
0s - loss: 0.1703 - acc: 0.9402 - val_loss: 0.2227 - val_acc: 0.9270
Epoch 39/500
0s - loss: 0.1692 - acc: 0.9425 - val_loss: 0.2212 - val_acc: 0.9255
Epoch 40/500
0s - loss: 0.1685 - acc: 0.9429 - val_loss: 0.2210 - val_acc: 0.9255
Epoch 41/500
0s - loss: 0.1670 - acc: 0.9433 - val_loss: 0.2196 - val_acc: 0.9286
Epoch 42/500
0s - loss: 0.1669 - acc: 0.9437 - val_loss: 0.2184 - val_acc: 0.9301
Epoch 43/500
0s - loss: 0.1666 - acc: 0.9422 - val_loss: 0.2193 - val_acc: 0.9255
Epoch 44/500
0s - loss: 0.1658 - acc: 0.9414 - val_loss: 0.2175 - val_acc: 0.9317
Epoch 45/500
0s - loss: 0.1653 - acc: 0.9425 - val_loss: 0.2191 - val_acc: 0.9270
Epoch 46/500
0s - loss: 0.1650 - acc: 0.9441 - val_loss: 0.2181 - val_acc: 0.9286
Epoch 47/500
0s - loss: 0.1643 - acc: 0.9433 - val_loss: 0.2164 - val_acc: 0.9301
Epoch 48/500
0s - loss: 0.1638 - acc: 0.9433 - val_loss: 0.2178 - val_acc: 0.9255
Epoch 49/500
0s - loss: 0.1634 - acc: 0.9433 - val_loss: 0.2152 - val_acc: 0.9286
Epoch 50/500
0s - loss: 0.1627 - acc: 0.9441 - val_loss: 0.2162 - val_acc: 0.9270
Epoch 51/500
0s - loss: 0.1621 - acc: 0.9425 - val_loss: 0.2152 - val_acc: 0.9301
Epoch 52/500
0s - loss: 0.1615 - acc: 0.9418 - val_loss: 0.2138 - val_acc: 0.9317
Epoch 53/500
0s - loss: 0.1611 - acc: 0.9441 - val_loss: 0.2143 - val_acc: 0.9270
Epoch 54/500
0s - loss: 0.1605 - acc: 0.9457 - val_loss: 0.2142 - val_acc: 0.9255
Epoch 55/500
0s - loss: 0.1599 - acc: 0.9441 - val_loss: 0.2143 - val_acc: 0.9255
Epoch 56/500
0s - loss: 0.1593 - acc: 0.9453 - val_loss: 0.2122 - val_acc: 0.9286
Epoch 57/500
0s - loss: 0.1588 - acc: 0.9449 - val_loss: 0.2114 - val_acc: 0.9301
Epoch 58/500
0s - loss: 0.1581 - acc: 0.9453 - val_loss: 0.2125 - val_acc: 0.9270
Epoch 59/500
0s - loss: 0.1572 - acc: 0.9449 - val_loss: 0.2112 - val_acc: 0.9286
Epoch 60/500
0s - loss: 0.1569 - acc: 0.9457 - val_loss: 0.2100 - val_acc: 0.9286
Epoch 61/500
0s - loss: 0.1565 - acc: 0.9453 - val_loss: 0.2103 - val_acc: 0.9301
Epoch 62/500
0s - loss: 0.1561 - acc: 0.9460 - val_loss: 0.2099 - val_acc: 0.9301
Epoch 63/500
0s - loss: 0.1552 - acc: 0.9464 - val_loss: 0.2095 - val_acc: 0.9301
Epoch 64/500
0s - loss: 0.1550 - acc: 0.9472 - val_loss: 0.2098 - val_acc: 0.9286
Epoch 65/500
0s - loss: 0.1543 - acc: 0.9472 - val_loss: 0.2093 - val_acc: 0.9317
Epoch 66/500
0s - loss: 0.1534 - acc: 0.9468 - val_loss: 0.2098 - val_acc: 0.9270
Epoch 67/500
0s - loss: 0.1536 - acc: 0.9453 - val_loss: 0.2089 - val_acc: 0.9317
Epoch 68/500
0s - loss: 0.1530 - acc: 0.9457 - val_loss: 0.2086 - val_acc: 0.9301
Epoch 69/500
0s - loss: 0.1521 - acc: 0.9460 - val_loss: 0.2103 - val_acc: 0.9270
Epoch 70/500
0s - loss: 0.1518 - acc: 0.9460 - val_loss: 0.2078 - val_acc: 0.9317
Epoch 71/500
0s - loss: 0.1511 - acc: 0.9460 - val_loss: 0.2077 - val_acc: 0.9317
Epoch 72/500
0s - loss: 0.1513 - acc: 0.9476 - val_loss: 0.2089 - val_acc: 0.9286
Epoch 73/500
0s - loss: 0.1507 - acc: 0.9460 - val_loss: 0.2077 - val_acc: 0.9317
Epoch 74/500
0s - loss: 0.1503 - acc: 0.9480 - val_loss: 0.2081 - val_acc: 0.9301
Epoch 75/500
0s - loss: 0.1495 - acc: 0.9480 - val_loss: 0.2096 - val_acc: 0.9270
Epoch 76/500
0s - loss: 0.1493 - acc: 0.9476 - val_loss: 0.2080 - val_acc: 0.9317
Epoch 77/500
0s - loss: 0.1490 - acc: 0.9476 - val_loss: 0.2070 - val_acc: 0.9332
Epoch 78/500
0s - loss: 0.1484 - acc: 0.9484 - val_loss: 0.2084 - val_acc: 0.9286
Epoch 79/500
0s - loss: 0.1480 - acc: 0.9457 - val_loss: 0.2075 - val_acc: 0.9332
Epoch 80/500
0s - loss: 0.1479 - acc: 0.9468 - val_loss: 0.2069 - val_acc: 0.9317
Epoch 81/500
0s - loss: 0.1473 - acc: 0.9484 - val_loss: 0.2057 - val_acc: 0.9332
Epoch 82/500
0s - loss: 0.1470 - acc: 0.9472 - val_loss: 0.2050 - val_acc: 0.9332
Epoch 83/500
0s - loss: 0.1465 - acc: 0.9491 - val_loss: 0.2048 - val_acc: 0.9332
Epoch 84/500
0s - loss: 0.1462 - acc: 0.9503 - val_loss: 0.2049 - val_acc: 0.9317
Epoch 85/500
0s - loss: 0.1460 - acc: 0.9476 - val_loss: 0.2045 - val_acc: 0.9317
Epoch 86/500
0s - loss: 0.1450 - acc: 0.9495 - val_loss: 0.2047 - val_acc: 0.9301
Epoch 87/500
0s - loss: 0.1450 - acc: 0.9491 - val_loss: 0.2034 - val_acc: 0.9317
Epoch 88/500
0s - loss: 0.1445 - acc: 0.9491 - val_loss: 0.2036 - val_acc: 0.9301
Epoch 89/500
0s - loss: 0.1444 - acc: 0.9495 - val_loss: 0.2037 - val_acc: 0.9317
Epoch 90/500
0s - loss: 0.1439 - acc: 0.9491 - val_loss: 0.2036 - val_acc: 0.9317
Epoch 91/500
0s - loss: 0.1427 - acc: 0.9484 - val_loss: 0.2074 - val_acc: 0.9255
Epoch 92/500
0s - loss: 0.1433 - acc: 0.9488 - val_loss: 0.2038 - val_acc: 0.9301
----------- Model 0 KF 
loss: 0.203830043166
acc: 0.930124223602
Train on 2576 samples, validate on 644 samples
Epoch 1/500
0s - loss: 0.6340 - acc: 0.6262 - val_loss: 0.5433 - val_acc: 0.7314
Epoch 2/500
0s - loss: 0.4091 - acc: 0.8412 - val_loss: 0.3306 - val_acc: 0.8866
Epoch 3/500
0s - loss: 0.2900 - acc: 0.8971 - val_loss: 0.2799 - val_acc: 0.9053
Epoch 4/500
0s - loss: 0.2555 - acc: 0.9080 - val_loss: 0.2599 - val_acc: 0.9146
Epoch 5/500
0s - loss: 0.2395 - acc: 0.9127 - val_loss: 0.2473 - val_acc: 0.9177
Epoch 6/500
0s - loss: 0.2284 - acc: 0.9177 - val_loss: 0.2405 - val_acc: 0.9193
Epoch 7/500
0s - loss: 0.2200 - acc: 0.9243 - val_loss: 0.2351 - val_acc: 0.9301
Epoch 8/500
0s - loss: 0.2139 - acc: 0.9251 - val_loss: 0.2335 - val_acc: 0.9270
Epoch 9/500
0s - loss: 0.2086 - acc: 0.9259 - val_loss: 0.2302 - val_acc: 0.9286
Epoch 10/500
0s - loss: 0.2054 - acc: 0.9282 - val_loss: 0.2252 - val_acc: 0.9301
Epoch 11/500
0s - loss: 0.2014 - acc: 0.9278 - val_loss: 0.2243 - val_acc: 0.9270
Epoch 12/500
0s - loss: 0.1983 - acc: 0.9286 - val_loss: 0.2210 - val_acc: 0.9301
Epoch 13/500
0s - loss: 0.1959 - acc: 0.9309 - val_loss: 0.2194 - val_acc: 0.9301
Epoch 14/500
0s - loss: 0.1927 - acc: 0.9321 - val_loss: 0.2200 - val_acc: 0.9301
Epoch 15/500
0s - loss: 0.1911 - acc: 0.9301 - val_loss: 0.2180 - val_acc: 0.9348
Epoch 16/500
0s - loss: 0.1885 - acc: 0.9340 - val_loss: 0.2160 - val_acc: 0.9332
Epoch 17/500
0s - loss: 0.1865 - acc: 0.9340 - val_loss: 0.2169 - val_acc: 0.9317
Epoch 18/500
0s - loss: 0.1848 - acc: 0.9325 - val_loss: 0.2156 - val_acc: 0.9301
Epoch 19/500
0s - loss: 0.1831 - acc: 0.9344 - val_loss: 0.2147 - val_acc: 0.9301
Epoch 20/500
0s - loss: 0.1815 - acc: 0.9340 - val_loss: 0.2154 - val_acc: 0.9332
Epoch 21/500
0s - loss: 0.1806 - acc: 0.9344 - val_loss: 0.2135 - val_acc: 0.9332
Epoch 22/500
0s - loss: 0.1791 - acc: 0.9363 - val_loss: 0.2101 - val_acc: 0.9332
Epoch 23/500
0s - loss: 0.1776 - acc: 0.9363 - val_loss: 0.2106 - val_acc: 0.9317
Epoch 24/500
0s - loss: 0.1758 - acc: 0.9336 - val_loss: 0.2113 - val_acc: 0.9317
Epoch 25/500
0s - loss: 0.1748 - acc: 0.9356 - val_loss: 0.2096 - val_acc: 0.9332
Epoch 26/500
0s - loss: 0.1741 - acc: 0.9387 - val_loss: 0.2095 - val_acc: 0.9348
Epoch 27/500
0s - loss: 0.1725 - acc: 0.9363 - val_loss: 0.2090 - val_acc: 0.9301
Epoch 28/500
0s - loss: 0.1718 - acc: 0.9391 - val_loss: 0.2086 - val_acc: 0.9363
Epoch 29/500
0s - loss: 0.1712 - acc: 0.9391 - val_loss: 0.2098 - val_acc: 0.9286
Epoch 30/500
0s - loss: 0.1703 - acc: 0.9391 - val_loss: 0.2103 - val_acc: 0.9286
Epoch 31/500
0s - loss: 0.1688 - acc: 0.9429 - val_loss: 0.2097 - val_acc: 0.9301
Epoch 32/500
0s - loss: 0.1687 - acc: 0.9379 - val_loss: 0.2106 - val_acc: 0.9332
Epoch 33/500
0s - loss: 0.1675 - acc: 0.9422 - val_loss: 0.2116 - val_acc: 0.9317
----------- Model 0 KF 
loss: 0.211570092425
acc: 0.931677018634
Train on 2576 samples, validate on 644 samples
Epoch 1/500
0s - loss: 0.6397 - acc: 0.6184 - val_loss: 0.5650 - val_acc: 0.6211
Epoch 2/500
0s - loss: 0.4220 - acc: 0.8304 - val_loss: 0.3315 - val_acc: 0.8680
Epoch 3/500
0s - loss: 0.2955 - acc: 0.8944 - val_loss: 0.2710 - val_acc: 0.9130
Epoch 4/500
0s - loss: 0.2593 - acc: 0.9068 - val_loss: 0.2493 - val_acc: 0.9130
Epoch 5/500
0s - loss: 0.2403 - acc: 0.9130 - val_loss: 0.2382 - val_acc: 0.9161
Epoch 6/500
0s - loss: 0.2284 - acc: 0.9177 - val_loss: 0.2298 - val_acc: 0.9255
Epoch 7/500
0s - loss: 0.2206 - acc: 0.9247 - val_loss: 0.2246 - val_acc: 0.9270
Epoch 8/500
0s - loss: 0.2140 - acc: 0.9282 - val_loss: 0.2220 - val_acc: 0.9255
Epoch 9/500
0s - loss: 0.2094 - acc: 0.9282 - val_loss: 0.2206 - val_acc: 0.9239
Epoch 10/500
0s - loss: 0.2054 - acc: 0.9290 - val_loss: 0.2201 - val_acc: 0.9208
Epoch 11/500
0s - loss: 0.2027 - acc: 0.9328 - val_loss: 0.2177 - val_acc: 0.9208
Epoch 12/500
0s - loss: 0.1998 - acc: 0.9317 - val_loss: 0.2186 - val_acc: 0.9177
Epoch 13/500
0s - loss: 0.1975 - acc: 0.9348 - val_loss: 0.2179 - val_acc: 0.9161
Epoch 14/500
0s - loss: 0.1953 - acc: 0.9325 - val_loss: 0.2170 - val_acc: 0.9161
Epoch 15/500
0s - loss: 0.1936 - acc: 0.9340 - val_loss: 0.2137 - val_acc: 0.9193
Epoch 16/500
0s - loss: 0.1914 - acc: 0.9348 - val_loss: 0.2116 - val_acc: 0.9193
Epoch 17/500
0s - loss: 0.1898 - acc: 0.9375 - val_loss: 0.2113 - val_acc: 0.9177
Epoch 18/500
0s - loss: 0.1880 - acc: 0.9383 - val_loss: 0.2084 - val_acc: 0.9224
Epoch 19/500
0s - loss: 0.1865 - acc: 0.9375 - val_loss: 0.2112 - val_acc: 0.9146
Epoch 20/500
0s - loss: 0.1855 - acc: 0.9391 - val_loss: 0.2099 - val_acc: 0.9146
Epoch 21/500
0s - loss: 0.1840 - acc: 0.9367 - val_loss: 0.2085 - val_acc: 0.9224
Epoch 22/500
0s - loss: 0.1831 - acc: 0.9375 - val_loss: 0.2089 - val_acc: 0.9146
Epoch 23/500
0s - loss: 0.1819 - acc: 0.9375 - val_loss: 0.2076 - val_acc: 0.9146
Epoch 24/500
0s - loss: 0.1810 - acc: 0.9371 - val_loss: 0.2053 - val_acc: 0.9146
Epoch 25/500
0s - loss: 0.1797 - acc: 0.9398 - val_loss: 0.2040 - val_acc: 0.9177
Epoch 26/500
0s - loss: 0.1789 - acc: 0.9379 - val_loss: 0.2049 - val_acc: 0.9161
Epoch 27/500
0s - loss: 0.1778 - acc: 0.9387 - val_loss: 0.2039 - val_acc: 0.9146
Epoch 28/500
0s - loss: 0.1767 - acc: 0.9406 - val_loss: 0.2029 - val_acc: 0.9146
Epoch 29/500
0s - loss: 0.1758 - acc: 0.9375 - val_loss: 0.2037 - val_acc: 0.9146
Epoch 30/500
0s - loss: 0.1748 - acc: 0.9429 - val_loss: 0.2017 - val_acc: 0.9146
Epoch 31/500
0s - loss: 0.1741 - acc: 0.9394 - val_loss: 0.2006 - val_acc: 0.9146
Epoch 32/500
0s - loss: 0.1732 - acc: 0.9398 - val_loss: 0.2014 - val_acc: 0.9161
Epoch 33/500
0s - loss: 0.1725 - acc: 0.9429 - val_loss: 0.2024 - val_acc: 0.9146
Epoch 34/500
0s - loss: 0.1715 - acc: 0.9422 - val_loss: 0.2009 - val_acc: 0.9161
Epoch 35/500
0s - loss: 0.1708 - acc: 0.9422 - val_loss: 0.2002 - val_acc: 0.9177
Epoch 36/500
0s - loss: 0.1697 - acc: 0.9429 - val_loss: 0.2000 - val_acc: 0.9146
Epoch 37/500
0s - loss: 0.1695 - acc: 0.9445 - val_loss: 0.1990 - val_acc: 0.9177
Epoch 38/500
0s - loss: 0.1686 - acc: 0.9429 - val_loss: 0.1987 - val_acc: 0.9161
Epoch 39/500
0s - loss: 0.1676 - acc: 0.9429 - val_loss: 0.1994 - val_acc: 0.9177
Epoch 40/500
0s - loss: 0.1671 - acc: 0.9453 - val_loss: 0.1985 - val_acc: 0.9177
Epoch 41/500
0s - loss: 0.1657 - acc: 0.9449 - val_loss: 0.2009 - val_acc: 0.9193
Epoch 42/500
0s - loss: 0.1653 - acc: 0.9433 - val_loss: 0.1983 - val_acc: 0.9208
Epoch 43/500
0s - loss: 0.1647 - acc: 0.9441 - val_loss: 0.1985 - val_acc: 0.9177
Epoch 44/500
0s - loss: 0.1640 - acc: 0.9449 - val_loss: 0.1987 - val_acc: 0.9193
Epoch 45/500
0s - loss: 0.1636 - acc: 0.9449 - val_loss: 0.1982 - val_acc: 0.9208
Epoch 46/500
0s - loss: 0.1627 - acc: 0.9464 - val_loss: 0.1972 - val_acc: 0.9224
Epoch 47/500
0s - loss: 0.1624 - acc: 0.9441 - val_loss: 0.1975 - val_acc: 0.9208
Epoch 48/500
0s - loss: 0.1615 - acc: 0.9457 - val_loss: 0.1969 - val_acc: 0.9224
Epoch 49/500
0s - loss: 0.1608 - acc: 0.9433 - val_loss: 0.1981 - val_acc: 0.9224
Epoch 50/500
0s - loss: 0.1607 - acc: 0.9460 - val_loss: 0.1981 - val_acc: 0.9224
Epoch 51/500
0s - loss: 0.1599 - acc: 0.9457 - val_loss: 0.1979 - val_acc: 0.9224
Epoch 52/500
0s - loss: 0.1594 - acc: 0.9457 - val_loss: 0.1974 - val_acc: 0.9224
Epoch 53/500
0s - loss: 0.1587 - acc: 0.9468 - val_loss: 0.1962 - val_acc: 0.9224
Epoch 54/500
0s - loss: 0.1582 - acc: 0.9476 - val_loss: 0.1970 - val_acc: 0.9239
Epoch 55/500
0s - loss: 0.1575 - acc: 0.9441 - val_loss: 0.1959 - val_acc: 0.9224
Epoch 56/500
0s - loss: 0.1570 - acc: 0.9464 - val_loss: 0.1957 - val_acc: 0.9224
Epoch 57/500
0s - loss: 0.1560 - acc: 0.9457 - val_loss: 0.1977 - val_acc: 0.9208
Epoch 58/500
0s - loss: 0.1555 - acc: 0.9460 - val_loss: 0.1959 - val_acc: 0.9239
Epoch 59/500
0s - loss: 0.1554 - acc: 0.9457 - val_loss: 0.1960 - val_acc: 0.9239
Epoch 60/500
0s - loss: 0.1546 - acc: 0.9464 - val_loss: 0.1966 - val_acc: 0.9239
Epoch 61/500
0s - loss: 0.1542 - acc: 0.9460 - val_loss: 0.1953 - val_acc: 0.9239
Epoch 62/500
0s - loss: 0.1538 - acc: 0.9472 - val_loss: 0.1957 - val_acc: 0.9208
Epoch 63/500
0s - loss: 0.1531 - acc: 0.9472 - val_loss: 0.1955 - val_acc: 0.9193
Epoch 64/500
0s - loss: 0.1526 - acc: 0.9464 - val_loss: 0.1958 - val_acc: 0.9208
Epoch 65/500
0s - loss: 0.1524 - acc: 0.9472 - val_loss: 0.1950 - val_acc: 0.9193
Epoch 66/500
0s - loss: 0.1514 - acc: 0.9476 - val_loss: 0.1947 - val_acc: 0.9224
Epoch 67/500
0s - loss: 0.1510 - acc: 0.9484 - val_loss: 0.1952 - val_acc: 0.9208
Epoch 68/500
0s - loss: 0.1509 - acc: 0.9468 - val_loss: 0.1940 - val_acc: 0.9208
Epoch 69/500
0s - loss: 0.1499 - acc: 0.9472 - val_loss: 0.1939 - val_acc: 0.9224
Epoch 70/500
0s - loss: 0.1495 - acc: 0.9491 - val_loss: 0.1950 - val_acc: 0.9208
Epoch 71/500
0s - loss: 0.1494 - acc: 0.9464 - val_loss: 0.1949 - val_acc: 0.9208
Epoch 72/500
0s - loss: 0.1488 - acc: 0.9464 - val_loss: 0.1933 - val_acc: 0.9208
Epoch 73/500
0s - loss: 0.1478 - acc: 0.9495 - val_loss: 0.1922 - val_acc: 0.9208
Epoch 74/500
0s - loss: 0.1477 - acc: 0.9499 - val_loss: 0.1928 - val_acc: 0.9224
Epoch 75/500
0s - loss: 0.1475 - acc: 0.9472 - val_loss: 0.1922 - val_acc: 0.9224
Epoch 76/500
0s - loss: 0.1472 - acc: 0.9464 - val_loss: 0.1921 - val_acc: 0.9224
Epoch 77/500
0s - loss: 0.1464 - acc: 0.9480 - val_loss: 0.1917 - val_acc: 0.9239
Epoch 78/500
0s - loss: 0.1457 - acc: 0.9468 - val_loss: 0.1917 - val_acc: 0.9239
Epoch 79/500
0s - loss: 0.1457 - acc: 0.9488 - val_loss: 0.1916 - val_acc: 0.9224
Epoch 80/500
0s - loss: 0.1450 - acc: 0.9484 - val_loss: 0.1924 - val_acc: 0.9239
Epoch 81/500
0s - loss: 0.1445 - acc: 0.9464 - val_loss: 0.1924 - val_acc: 0.9239
Epoch 82/500
0s - loss: 0.1443 - acc: 0.9476 - val_loss: 0.1912 - val_acc: 0.9224
Epoch 83/500
0s - loss: 0.1438 - acc: 0.9488 - val_loss: 0.1921 - val_acc: 0.9239
Epoch 84/500
0s - loss: 0.1432 - acc: 0.9476 - val_loss: 0.1907 - val_acc: 0.9224
Epoch 85/500
0s - loss: 0.1431 - acc: 0.9488 - val_loss: 0.1916 - val_acc: 0.9224
Epoch 86/500
0s - loss: 0.1425 - acc: 0.9484 - val_loss: 0.1916 - val_acc: 0.9239
Epoch 87/500
0s - loss: 0.1421 - acc: 0.9488 - val_loss: 0.1905 - val_acc: 0.9224
Epoch 88/500
0s - loss: 0.1413 - acc: 0.9488 - val_loss: 0.1921 - val_acc: 0.9239
Epoch 89/500
0s - loss: 0.1413 - acc: 0.9464 - val_loss: 0.1910 - val_acc: 0.9239
Epoch 90/500
0s - loss: 0.1413 - acc: 0.9499 - val_loss: 0.1903 - val_acc: 0.9224
Epoch 91/500
0s - loss: 0.1404 - acc: 0.9499 - val_loss: 0.1907 - val_acc: 0.9255
Epoch 92/500
0s - loss: 0.1400 - acc: 0.9484 - val_loss: 0.1905 - val_acc: 0.9255
Epoch 93/500
0s - loss: 0.1398 - acc: 0.9484 - val_loss: 0.1891 - val_acc: 0.9255
Epoch 94/500
0s - loss: 0.1393 - acc: 0.9484 - val_loss: 0.1895 - val_acc: 0.9224
Epoch 95/500
0s - loss: 0.1391 - acc: 0.9476 - val_loss: 0.1896 - val_acc: 0.9224
Epoch 96/500
0s - loss: 0.1387 - acc: 0.9495 - val_loss: 0.1894 - val_acc: 0.9239
Epoch 97/500
0s - loss: 0.1378 - acc: 0.9507 - val_loss: 0.1909 - val_acc: 0.9255
Epoch 98/500
0s - loss: 0.1380 - acc: 0.9480 - val_loss: 0.1885 - val_acc: 0.9239
Epoch 99/500
0s - loss: 0.1378 - acc: 0.9499 - val_loss: 0.1884 - val_acc: 0.9255
Epoch 100/500
0s - loss: 0.1370 - acc: 0.9488 - val_loss: 0.1890 - val_acc: 0.9239
Epoch 101/500
0s - loss: 0.1367 - acc: 0.9495 - val_loss: 0.1881 - val_acc: 0.9270
Epoch 102/500
0s - loss: 0.1364 - acc: 0.9488 - val_loss: 0.1886 - val_acc: 0.9224
Epoch 103/500
0s - loss: 0.1361 - acc: 0.9503 - val_loss: 0.1894 - val_acc: 0.9255
Epoch 104/500
0s - loss: 0.1357 - acc: 0.9507 - val_loss: 0.1899 - val_acc: 0.9255
Epoch 105/500
0s - loss: 0.1357 - acc: 0.9488 - val_loss: 0.1885 - val_acc: 0.9255
Epoch 106/500
0s - loss: 0.1350 - acc: 0.9491 - val_loss: 0.1886 - val_acc: 0.9270
----------- Model 0 KF 
loss: 0.188585696615
acc: 0.92701863354
Train on 2576 samples, validate on 644 samples
Epoch 1/500
0s - loss: 0.6294 - acc: 0.6254 - val_loss: 0.5205 - val_acc: 0.6972
Epoch 2/500
0s - loss: 0.4126 - acc: 0.8397 - val_loss: 0.2879 - val_acc: 0.9037
Epoch 3/500
0s - loss: 0.3001 - acc: 0.8898 - val_loss: 0.2338 - val_acc: 0.9084
Epoch 4/500
0s - loss: 0.2653 - acc: 0.9064 - val_loss: 0.2146 - val_acc: 0.9224
Epoch 5/500
0s - loss: 0.2480 - acc: 0.9123 - val_loss: 0.2036 - val_acc: 0.9177
Epoch 6/500
0s - loss: 0.2357 - acc: 0.9165 - val_loss: 0.1973 - val_acc: 0.9239
Epoch 7/500
0s - loss: 0.2273 - acc: 0.9239 - val_loss: 0.1970 - val_acc: 0.9208
Epoch 8/500
0s - loss: 0.2204 - acc: 0.9231 - val_loss: 0.1931 - val_acc: 0.9286
Epoch 9/500
0s - loss: 0.2151 - acc: 0.9259 - val_loss: 0.1922 - val_acc: 0.9301
Epoch 10/500
0s - loss: 0.2100 - acc: 0.9251 - val_loss: 0.1919 - val_acc: 0.9301
Epoch 11/500
0s - loss: 0.2061 - acc: 0.9259 - val_loss: 0.1916 - val_acc: 0.9286
Epoch 12/500
0s - loss: 0.2031 - acc: 0.9274 - val_loss: 0.1890 - val_acc: 0.9332
Epoch 13/500
0s - loss: 0.2003 - acc: 0.9286 - val_loss: 0.1890 - val_acc: 0.9286
Epoch 14/500
0s - loss: 0.1981 - acc: 0.9301 - val_loss: 0.1894 - val_acc: 0.9348
Epoch 15/500
0s - loss: 0.1960 - acc: 0.9293 - val_loss: 0.1877 - val_acc: 0.9348
Epoch 16/500
0s - loss: 0.1941 - acc: 0.9297 - val_loss: 0.1898 - val_acc: 0.9332
Epoch 17/500
0s - loss: 0.1924 - acc: 0.9290 - val_loss: 0.1872 - val_acc: 0.9379
Epoch 18/500
0s - loss: 0.1907 - acc: 0.9321 - val_loss: 0.1881 - val_acc: 0.9379
Epoch 19/500
0s - loss: 0.1899 - acc: 0.9336 - val_loss: 0.1856 - val_acc: 0.9410
Epoch 20/500
0s - loss: 0.1882 - acc: 0.9348 - val_loss: 0.1864 - val_acc: 0.9394
Epoch 21/500
0s - loss: 0.1859 - acc: 0.9356 - val_loss: 0.1863 - val_acc: 0.9317
Epoch 22/500
0s - loss: 0.1861 - acc: 0.9352 - val_loss: 0.1817 - val_acc: 0.9441
Epoch 23/500
0s - loss: 0.1844 - acc: 0.9379 - val_loss: 0.1842 - val_acc: 0.9394
Epoch 24/500
0s - loss: 0.1835 - acc: 0.9348 - val_loss: 0.1833 - val_acc: 0.9410
Epoch 25/500
0s - loss: 0.1825 - acc: 0.9367 - val_loss: 0.1824 - val_acc: 0.9441
Epoch 26/500
0s - loss: 0.1814 - acc: 0.9367 - val_loss: 0.1805 - val_acc: 0.9441
Epoch 27/500
0s - loss: 0.1805 - acc: 0.9375 - val_loss: 0.1823 - val_acc: 0.9441
Epoch 28/500
0s - loss: 0.1796 - acc: 0.9371 - val_loss: 0.1806 - val_acc: 0.9425
Epoch 29/500
0s - loss: 0.1783 - acc: 0.9359 - val_loss: 0.1819 - val_acc: 0.9441
Epoch 30/500
0s - loss: 0.1768 - acc: 0.9379 - val_loss: 0.1822 - val_acc: 0.9441
Epoch 31/500
0s - loss: 0.1763 - acc: 0.9383 - val_loss: 0.1812 - val_acc: 0.9441
----------- Model 0 KF 
loss: 0.181164726985
acc: 0.944099378882
----------- Model 0: average loss: 0.191628627627 
-----------------  Best model (index: 0) re-training....
loss: 0.213305521357
acc: 0.922463768116
