Train on 2576 samples, validate on 644 samples
Epoch 1/500
0s - loss: 0.6638 - acc: 0.6102 - val_loss: 0.6490 - val_acc: 0.6165
Epoch 2/500
0s - loss: 0.6174 - acc: 0.6203 - val_loss: 0.5667 - val_acc: 0.6599
Epoch 3/500
0s - loss: 0.4939 - acc: 0.7667 - val_loss: 0.4255 - val_acc: 0.8494
Epoch 4/500
0s - loss: 0.3754 - acc: 0.8746 - val_loss: 0.3408 - val_acc: 0.8835
Epoch 5/500
0s - loss: 0.3154 - acc: 0.8917 - val_loss: 0.3002 - val_acc: 0.8944
Epoch 6/500
0s - loss: 0.2852 - acc: 0.8991 - val_loss: 0.2768 - val_acc: 0.9022
Epoch 7/500
0s - loss: 0.2666 - acc: 0.9076 - val_loss: 0.2621 - val_acc: 0.9099
Epoch 8/500
0s - loss: 0.2534 - acc: 0.9103 - val_loss: 0.2522 - val_acc: 0.9115
Epoch 9/500
0s - loss: 0.2436 - acc: 0.9115 - val_loss: 0.2438 - val_acc: 0.9115
Epoch 10/500
0s - loss: 0.2361 - acc: 0.9169 - val_loss: 0.2385 - val_acc: 0.9177
Epoch 11/500
0s - loss: 0.2304 - acc: 0.9169 - val_loss: 0.2335 - val_acc: 0.9193
Epoch 12/500
0s - loss: 0.2260 - acc: 0.9220 - val_loss: 0.2299 - val_acc: 0.9177
Epoch 13/500
0s - loss: 0.2222 - acc: 0.9216 - val_loss: 0.2265 - val_acc: 0.9193
Epoch 14/500
0s - loss: 0.2186 - acc: 0.9227 - val_loss: 0.2232 - val_acc: 0.9239
Epoch 15/500
0s - loss: 0.2156 - acc: 0.9220 - val_loss: 0.2196 - val_acc: 0.9270
Epoch 16/500
0s - loss: 0.2132 - acc: 0.9262 - val_loss: 0.2177 - val_acc: 0.9255
Epoch 17/500
0s - loss: 0.2110 - acc: 0.9270 - val_loss: 0.2153 - val_acc: 0.9301
Epoch 18/500
0s - loss: 0.2089 - acc: 0.9290 - val_loss: 0.2134 - val_acc: 0.9301
Epoch 19/500
0s - loss: 0.2073 - acc: 0.9282 - val_loss: 0.2113 - val_acc: 0.9348
Epoch 20/500
0s - loss: 0.2056 - acc: 0.9309 - val_loss: 0.2103 - val_acc: 0.9317
Epoch 21/500
0s - loss: 0.2040 - acc: 0.9282 - val_loss: 0.2083 - val_acc: 0.9332
Epoch 22/500
0s - loss: 0.2028 - acc: 0.9293 - val_loss: 0.2073 - val_acc: 0.9348
Epoch 23/500
0s - loss: 0.2016 - acc: 0.9297 - val_loss: 0.2059 - val_acc: 0.9363
Epoch 24/500
0s - loss: 0.2004 - acc: 0.9313 - val_loss: 0.2045 - val_acc: 0.9363
Epoch 25/500
0s - loss: 0.1992 - acc: 0.9293 - val_loss: 0.2037 - val_acc: 0.9363
Epoch 26/500
0s - loss: 0.1978 - acc: 0.9305 - val_loss: 0.2027 - val_acc: 0.9379
Epoch 27/500
0s - loss: 0.1969 - acc: 0.9301 - val_loss: 0.2018 - val_acc: 0.9379
Epoch 28/500
0s - loss: 0.1959 - acc: 0.9325 - val_loss: 0.2010 - val_acc: 0.9379
Epoch 29/500
0s - loss: 0.1949 - acc: 0.9301 - val_loss: 0.1997 - val_acc: 0.9379
Epoch 30/500
0s - loss: 0.1938 - acc: 0.9336 - val_loss: 0.1989 - val_acc: 0.9379
Epoch 31/500
0s - loss: 0.1924 - acc: 0.9328 - val_loss: 0.1983 - val_acc: 0.9379
Epoch 32/500
0s - loss: 0.1914 - acc: 0.9309 - val_loss: 0.1975 - val_acc: 0.9363
Epoch 33/500
0s - loss: 0.1907 - acc: 0.9336 - val_loss: 0.1966 - val_acc: 0.9379
Epoch 34/500
0s - loss: 0.1897 - acc: 0.9340 - val_loss: 0.1960 - val_acc: 0.9379
Epoch 35/500
0s - loss: 0.1891 - acc: 0.9325 - val_loss: 0.1952 - val_acc: 0.9363
Epoch 36/500
0s - loss: 0.1882 - acc: 0.9325 - val_loss: 0.1945 - val_acc: 0.9348
Epoch 37/500
0s - loss: 0.1876 - acc: 0.9340 - val_loss: 0.1938 - val_acc: 0.9348
Epoch 38/500
0s - loss: 0.1868 - acc: 0.9340 - val_loss: 0.1930 - val_acc: 0.9332
Epoch 39/500
0s - loss: 0.1862 - acc: 0.9359 - val_loss: 0.1927 - val_acc: 0.9348
Epoch 40/500
0s - loss: 0.1856 - acc: 0.9352 - val_loss: 0.1921 - val_acc: 0.9348
Epoch 41/500
0s - loss: 0.1851 - acc: 0.9344 - val_loss: 0.1919 - val_acc: 0.9348
Epoch 42/500
0s - loss: 0.1845 - acc: 0.9352 - val_loss: 0.1911 - val_acc: 0.9348
Epoch 43/500
0s - loss: 0.1839 - acc: 0.9352 - val_loss: 0.1908 - val_acc: 0.9348
Epoch 44/500
0s - loss: 0.1830 - acc: 0.9356 - val_loss: 0.1906 - val_acc: 0.9348
Epoch 45/500
0s - loss: 0.1827 - acc: 0.9379 - val_loss: 0.1904 - val_acc: 0.9363
Epoch 46/500
0s - loss: 0.1819 - acc: 0.9363 - val_loss: 0.1901 - val_acc: 0.9363
Epoch 47/500
0s - loss: 0.1816 - acc: 0.9375 - val_loss: 0.1897 - val_acc: 0.9363
Epoch 48/500
0s - loss: 0.1811 - acc: 0.9363 - val_loss: 0.1895 - val_acc: 0.9363
Epoch 49/500
0s - loss: 0.1805 - acc: 0.9348 - val_loss: 0.1891 - val_acc: 0.9379
Epoch 50/500
0s - loss: 0.1792 - acc: 0.9352 - val_loss: 0.1899 - val_acc: 0.9363
Epoch 51/500
0s - loss: 0.1793 - acc: 0.9371 - val_loss: 0.1889 - val_acc: 0.9394
Epoch 52/500
0s - loss: 0.1788 - acc: 0.9379 - val_loss: 0.1885 - val_acc: 0.9363
Epoch 53/500
0s - loss: 0.1780 - acc: 0.9375 - val_loss: 0.1882 - val_acc: 0.9363
Epoch 54/500
0s - loss: 0.1776 - acc: 0.9383 - val_loss: 0.1882 - val_acc: 0.9363
Epoch 55/500
0s - loss: 0.1771 - acc: 0.9363 - val_loss: 0.1879 - val_acc: 0.9363
Epoch 56/500
0s - loss: 0.1764 - acc: 0.9398 - val_loss: 0.1877 - val_acc: 0.9394
Epoch 57/500
0s - loss: 0.1760 - acc: 0.9387 - val_loss: 0.1876 - val_acc: 0.9363
Epoch 58/500
0s - loss: 0.1755 - acc: 0.9371 - val_loss: 0.1875 - val_acc: 0.9363
Epoch 59/500
0s - loss: 0.1751 - acc: 0.9371 - val_loss: 0.1873 - val_acc: 0.9363
Epoch 60/500
0s - loss: 0.1747 - acc: 0.9383 - val_loss: 0.1872 - val_acc: 0.9363
Epoch 61/500
0s - loss: 0.1742 - acc: 0.9367 - val_loss: 0.1872 - val_acc: 0.9363
Epoch 62/500
0s - loss: 0.1738 - acc: 0.9383 - val_loss: 0.1871 - val_acc: 0.9379
Epoch 63/500
0s - loss: 0.1733 - acc: 0.9375 - val_loss: 0.1870 - val_acc: 0.9410
Epoch 64/500
0s - loss: 0.1730 - acc: 0.9398 - val_loss: 0.1869 - val_acc: 0.9348
Epoch 65/500
0s - loss: 0.1726 - acc: 0.9375 - val_loss: 0.1868 - val_acc: 0.9379
Epoch 66/500
0s - loss: 0.1723 - acc: 0.9387 - val_loss: 0.1867 - val_acc: 0.9363
Epoch 67/500
0s - loss: 0.1717 - acc: 0.9375 - val_loss: 0.1864 - val_acc: 0.9379
Epoch 68/500
0s - loss: 0.1714 - acc: 0.9379 - val_loss: 0.1864 - val_acc: 0.9363
Epoch 69/500
0s - loss: 0.1709 - acc: 0.9383 - val_loss: 0.1865 - val_acc: 0.9348
Epoch 70/500
0s - loss: 0.1706 - acc: 0.9379 - val_loss: 0.1864 - val_acc: 0.9363
Epoch 71/500
0s - loss: 0.1701 - acc: 0.9371 - val_loss: 0.1863 - val_acc: 0.9363
Epoch 72/500
0s - loss: 0.1699 - acc: 0.9375 - val_loss: 0.1861 - val_acc: 0.9348
Epoch 73/500
0s - loss: 0.1694 - acc: 0.9383 - val_loss: 0.1860 - val_acc: 0.9379
Epoch 74/500
0s - loss: 0.1690 - acc: 0.9371 - val_loss: 0.1858 - val_acc: 0.9379
Epoch 75/500
0s - loss: 0.1687 - acc: 0.9383 - val_loss: 0.1856 - val_acc: 0.9379
Epoch 76/500
0s - loss: 0.1682 - acc: 0.9387 - val_loss: 0.1856 - val_acc: 0.9394
Epoch 77/500
0s - loss: 0.1676 - acc: 0.9387 - val_loss: 0.1855 - val_acc: 0.9363
Epoch 78/500
0s - loss: 0.1671 - acc: 0.9391 - val_loss: 0.1855 - val_acc: 0.9379
Epoch 79/500
0s - loss: 0.1668 - acc: 0.9379 - val_loss: 0.1852 - val_acc: 0.9379
Epoch 80/500
0s - loss: 0.1663 - acc: 0.9394 - val_loss: 0.1852 - val_acc: 0.9379
Epoch 81/500
0s - loss: 0.1657 - acc: 0.9387 - val_loss: 0.1853 - val_acc: 0.9394
Epoch 82/500
0s - loss: 0.1651 - acc: 0.9398 - val_loss: 0.1854 - val_acc: 0.9363
Epoch 83/500
0s - loss: 0.1649 - acc: 0.9383 - val_loss: 0.1851 - val_acc: 0.9410
Epoch 84/500
0s - loss: 0.1645 - acc: 0.9394 - val_loss: 0.1850 - val_acc: 0.9410
Epoch 85/500
0s - loss: 0.1643 - acc: 0.9402 - val_loss: 0.1850 - val_acc: 0.9410
Epoch 86/500
0s - loss: 0.1639 - acc: 0.9387 - val_loss: 0.1848 - val_acc: 0.9410
Epoch 87/500
0s - loss: 0.1636 - acc: 0.9387 - val_loss: 0.1847 - val_acc: 0.9394
Epoch 88/500
0s - loss: 0.1633 - acc: 0.9406 - val_loss: 0.1846 - val_acc: 0.9394
Epoch 89/500
0s - loss: 0.1629 - acc: 0.9398 - val_loss: 0.1844 - val_acc: 0.9394
Epoch 90/500
0s - loss: 0.1626 - acc: 0.9391 - val_loss: 0.1844 - val_acc: 0.9379
Epoch 91/500
0s - loss: 0.1623 - acc: 0.9402 - val_loss: 0.1844 - val_acc: 0.9425
Epoch 92/500
0s - loss: 0.1619 - acc: 0.9406 - val_loss: 0.1841 - val_acc: 0.9410
Epoch 93/500
0s - loss: 0.1618 - acc: 0.9414 - val_loss: 0.1839 - val_acc: 0.9410
Epoch 94/500
0s - loss: 0.1614 - acc: 0.9391 - val_loss: 0.1838 - val_acc: 0.9425
Epoch 95/500
0s - loss: 0.1609 - acc: 0.9410 - val_loss: 0.1836 - val_acc: 0.9410
Epoch 96/500
0s - loss: 0.1608 - acc: 0.9394 - val_loss: 0.1835 - val_acc: 0.9425
Epoch 97/500
0s - loss: 0.1604 - acc: 0.9414 - val_loss: 0.1835 - val_acc: 0.9379
Epoch 98/500
0s - loss: 0.1603 - acc: 0.9406 - val_loss: 0.1833 - val_acc: 0.9425
Epoch 99/500
0s - loss: 0.1600 - acc: 0.9398 - val_loss: 0.1831 - val_acc: 0.9425
Epoch 100/500
0s - loss: 0.1597 - acc: 0.9410 - val_loss: 0.1833 - val_acc: 0.9425
Epoch 101/500
0s - loss: 0.1594 - acc: 0.9398 - val_loss: 0.1831 - val_acc: 0.9441
Epoch 102/500
0s - loss: 0.1593 - acc: 0.9398 - val_loss: 0.1829 - val_acc: 0.9441
Epoch 103/500
0s - loss: 0.1590 - acc: 0.9402 - val_loss: 0.1829 - val_acc: 0.9441
Epoch 104/500
0s - loss: 0.1587 - acc: 0.9394 - val_loss: 0.1827 - val_acc: 0.9410
Epoch 105/500
0s - loss: 0.1585 - acc: 0.9406 - val_loss: 0.1827 - val_acc: 0.9425
Epoch 106/500
0s - loss: 0.1582 - acc: 0.9406 - val_loss: 0.1825 - val_acc: 0.9441
Epoch 107/500
0s - loss: 0.1580 - acc: 0.9402 - val_loss: 0.1827 - val_acc: 0.9441
Epoch 108/500
0s - loss: 0.1578 - acc: 0.9406 - val_loss: 0.1825 - val_acc: 0.9441
Epoch 109/500
0s - loss: 0.1576 - acc: 0.9398 - val_loss: 0.1823 - val_acc: 0.9425
Epoch 110/500
0s - loss: 0.1573 - acc: 0.9414 - val_loss: 0.1824 - val_acc: 0.9441
Epoch 111/500
0s - loss: 0.1572 - acc: 0.9398 - val_loss: 0.1821 - val_acc: 0.9441
Epoch 112/500
0s - loss: 0.1571 - acc: 0.9406 - val_loss: 0.1820 - val_acc: 0.9441
Epoch 113/500
0s - loss: 0.1567 - acc: 0.9406 - val_loss: 0.1819 - val_acc: 0.9441
Epoch 114/500
0s - loss: 0.1565 - acc: 0.9391 - val_loss: 0.1817 - val_acc: 0.9457
Epoch 115/500
0s - loss: 0.1563 - acc: 0.9410 - val_loss: 0.1818 - val_acc: 0.9457
Epoch 116/500
0s - loss: 0.1561 - acc: 0.9398 - val_loss: 0.1815 - val_acc: 0.9457
Epoch 117/500
0s - loss: 0.1558 - acc: 0.9418 - val_loss: 0.1815 - val_acc: 0.9441
Epoch 118/500
0s - loss: 0.1556 - acc: 0.9398 - val_loss: 0.1814 - val_acc: 0.9441
Epoch 119/500
0s - loss: 0.1554 - acc: 0.9402 - val_loss: 0.1814 - val_acc: 0.9441
Epoch 120/500
0s - loss: 0.1552 - acc: 0.9398 - val_loss: 0.1814 - val_acc: 0.9441
Epoch 121/500
0s - loss: 0.1550 - acc: 0.9410 - val_loss: 0.1814 - val_acc: 0.9425
Epoch 122/500
0s - loss: 0.1549 - acc: 0.9406 - val_loss: 0.1812 - val_acc: 0.9441
Epoch 123/500
0s - loss: 0.1545 - acc: 0.9402 - val_loss: 0.1810 - val_acc: 0.9441
Epoch 124/500
0s - loss: 0.1544 - acc: 0.9406 - val_loss: 0.1809 - val_acc: 0.9457
Epoch 125/500
0s - loss: 0.1541 - acc: 0.9406 - val_loss: 0.1809 - val_acc: 0.9425
Epoch 126/500
0s - loss: 0.1540 - acc: 0.9410 - val_loss: 0.1809 - val_acc: 0.9425
Epoch 127/500
0s - loss: 0.1538 - acc: 0.9406 - val_loss: 0.1807 - val_acc: 0.9457
Epoch 128/500
0s - loss: 0.1535 - acc: 0.9406 - val_loss: 0.1806 - val_acc: 0.9457
Epoch 129/500
0s - loss: 0.1534 - acc: 0.9402 - val_loss: 0.1805 - val_acc: 0.9441
Epoch 130/500
0s - loss: 0.1532 - acc: 0.9410 - val_loss: 0.1804 - val_acc: 0.9441
Epoch 131/500
0s - loss: 0.1530 - acc: 0.9414 - val_loss: 0.1803 - val_acc: 0.9457
Epoch 132/500
0s - loss: 0.1527 - acc: 0.9406 - val_loss: 0.1803 - val_acc: 0.9472
Epoch 133/500
0s - loss: 0.1526 - acc: 0.9429 - val_loss: 0.1804 - val_acc: 0.9441
Epoch 134/500
0s - loss: 0.1524 - acc: 0.9414 - val_loss: 0.1802 - val_acc: 0.9457
Epoch 135/500
0s - loss: 0.1522 - acc: 0.9410 - val_loss: 0.1801 - val_acc: 0.9441
Epoch 136/500
0s - loss: 0.1520 - acc: 0.9418 - val_loss: 0.1801 - val_acc: 0.9441
Epoch 137/500
0s - loss: 0.1519 - acc: 0.9414 - val_loss: 0.1799 - val_acc: 0.9441
Epoch 138/500
0s - loss: 0.1517 - acc: 0.9414 - val_loss: 0.1798 - val_acc: 0.9472
Epoch 139/500
0s - loss: 0.1516 - acc: 0.9422 - val_loss: 0.1796 - val_acc: 0.9457
Epoch 140/500
0s - loss: 0.1513 - acc: 0.9418 - val_loss: 0.1795 - val_acc: 0.9472
Epoch 141/500
0s - loss: 0.1511 - acc: 0.9433 - val_loss: 0.1794 - val_acc: 0.9472
Epoch 142/500
0s - loss: 0.1510 - acc: 0.9414 - val_loss: 0.1793 - val_acc: 0.9472
Epoch 143/500
0s - loss: 0.1509 - acc: 0.9410 - val_loss: 0.1792 - val_acc: 0.9441
Epoch 144/500
0s - loss: 0.1506 - acc: 0.9414 - val_loss: 0.1792 - val_acc: 0.9441
Epoch 145/500
0s - loss: 0.1505 - acc: 0.9414 - val_loss: 0.1791 - val_acc: 0.9410
Epoch 146/500
0s - loss: 0.1503 - acc: 0.9422 - val_loss: 0.1790 - val_acc: 0.9457
Epoch 147/500
0s - loss: 0.1501 - acc: 0.9410 - val_loss: 0.1789 - val_acc: 0.9457
Epoch 148/500
0s - loss: 0.1500 - acc: 0.9414 - val_loss: 0.1789 - val_acc: 0.9425
Epoch 149/500
0s - loss: 0.1498 - acc: 0.9410 - val_loss: 0.1790 - val_acc: 0.9457
Epoch 150/500
0s - loss: 0.1496 - acc: 0.9422 - val_loss: 0.1790 - val_acc: 0.9410
Epoch 151/500
0s - loss: 0.1495 - acc: 0.9418 - val_loss: 0.1789 - val_acc: 0.9410
Epoch 152/500
0s - loss: 0.1492 - acc: 0.9422 - val_loss: 0.1788 - val_acc: 0.9457
Epoch 153/500
0s - loss: 0.1491 - acc: 0.9418 - val_loss: 0.1787 - val_acc: 0.9410
Epoch 154/500
0s - loss: 0.1490 - acc: 0.9418 - val_loss: 0.1785 - val_acc: 0.9410
Epoch 155/500
0s - loss: 0.1488 - acc: 0.9422 - val_loss: 0.1786 - val_acc: 0.9410
Epoch 156/500
0s - loss: 0.1485 - acc: 0.9414 - val_loss: 0.1785 - val_acc: 0.9410
Epoch 157/500
0s - loss: 0.1485 - acc: 0.9414 - val_loss: 0.1784 - val_acc: 0.9410
Epoch 158/500
0s - loss: 0.1483 - acc: 0.9406 - val_loss: 0.1781 - val_acc: 0.9425
Epoch 159/500
0s - loss: 0.1481 - acc: 0.9418 - val_loss: 0.1780 - val_acc: 0.9425
Epoch 160/500
0s - loss: 0.1479 - acc: 0.9433 - val_loss: 0.1780 - val_acc: 0.9457
Epoch 161/500
0s - loss: 0.1479 - acc: 0.9425 - val_loss: 0.1781 - val_acc: 0.9410
Epoch 162/500
0s - loss: 0.1476 - acc: 0.9433 - val_loss: 0.1782 - val_acc: 0.9394
Epoch 163/500
0s - loss: 0.1475 - acc: 0.9422 - val_loss: 0.1780 - val_acc: 0.9410
Epoch 164/500
0s - loss: 0.1473 - acc: 0.9425 - val_loss: 0.1780 - val_acc: 0.9457
Epoch 165/500
0s - loss: 0.1473 - acc: 0.9410 - val_loss: 0.1779 - val_acc: 0.9410
Epoch 166/500
0s - loss: 0.1471 - acc: 0.9418 - val_loss: 0.1779 - val_acc: 0.9410
Epoch 167/500
0s - loss: 0.1469 - acc: 0.9418 - val_loss: 0.1780 - val_acc: 0.9410
Epoch 168/500
0s - loss: 0.1468 - acc: 0.9418 - val_loss: 0.1778 - val_acc: 0.9410
Epoch 169/500
0s - loss: 0.1466 - acc: 0.9410 - val_loss: 0.1778 - val_acc: 0.9410
Epoch 170/500
0s - loss: 0.1464 - acc: 0.9418 - val_loss: 0.1778 - val_acc: 0.9394
Epoch 171/500
0s - loss: 0.1463 - acc: 0.9418 - val_loss: 0.1777 - val_acc: 0.9410
Epoch 172/500
0s - loss: 0.1462 - acc: 0.9418 - val_loss: 0.1776 - val_acc: 0.9410
Epoch 173/500
0s - loss: 0.1460 - acc: 0.9414 - val_loss: 0.1776 - val_acc: 0.9410
Epoch 174/500
0s - loss: 0.1459 - acc: 0.9414 - val_loss: 0.1775 - val_acc: 0.9410
Epoch 175/500
0s - loss: 0.1457 - acc: 0.9414 - val_loss: 0.1775 - val_acc: 0.9410
Epoch 176/500
0s - loss: 0.1456 - acc: 0.9422 - val_loss: 0.1775 - val_acc: 0.9410
Epoch 177/500
0s - loss: 0.1455 - acc: 0.9414 - val_loss: 0.1774 - val_acc: 0.9410
Epoch 178/500
0s - loss: 0.1453 - acc: 0.9410 - val_loss: 0.1771 - val_acc: 0.9410
Epoch 179/500
0s - loss: 0.1451 - acc: 0.9414 - val_loss: 0.1773 - val_acc: 0.9410
Epoch 180/500
0s - loss: 0.1451 - acc: 0.9418 - val_loss: 0.1773 - val_acc: 0.9410
Epoch 181/500
0s - loss: 0.1449 - acc: 0.9414 - val_loss: 0.1772 - val_acc: 0.9394
Epoch 182/500
0s - loss: 0.1448 - acc: 0.9418 - val_loss: 0.1772 - val_acc: 0.9394
Epoch 183/500
0s - loss: 0.1446 - acc: 0.9422 - val_loss: 0.1772 - val_acc: 0.9410
----------- Model 0 KF 
loss: 0.177186979455
acc: 0.94099378882
Train on 2576 samples, validate on 644 samples
Epoch 1/500
0s - loss: 0.6620 - acc: 0.6122 - val_loss: 0.6478 - val_acc: 0.6165
Epoch 2/500
0s - loss: 0.6072 - acc: 0.6417 - val_loss: 0.5544 - val_acc: 0.6894
Epoch 3/500
0s - loss: 0.4698 - acc: 0.7966 - val_loss: 0.4206 - val_acc: 0.8478
Epoch 4/500
0s - loss: 0.3543 - acc: 0.8804 - val_loss: 0.3511 - val_acc: 0.8742
Epoch 5/500
0s - loss: 0.2985 - acc: 0.8979 - val_loss: 0.3223 - val_acc: 0.8882
Epoch 6/500
0s - loss: 0.2702 - acc: 0.9064 - val_loss: 0.3069 - val_acc: 0.8882
Epoch 7/500
0s - loss: 0.2530 - acc: 0.9119 - val_loss: 0.2972 - val_acc: 0.8975
Epoch 8/500
0s - loss: 0.2411 - acc: 0.9146 - val_loss: 0.2905 - val_acc: 0.8975
Epoch 9/500
0s - loss: 0.2322 - acc: 0.9181 - val_loss: 0.2847 - val_acc: 0.9006
Epoch 10/500
0s - loss: 0.2255 - acc: 0.9200 - val_loss: 0.2793 - val_acc: 0.9022
Epoch 11/500
0s - loss: 0.2201 - acc: 0.9235 - val_loss: 0.2751 - val_acc: 0.9037
Epoch 12/500
0s - loss: 0.2156 - acc: 0.9251 - val_loss: 0.2726 - val_acc: 0.9053
Epoch 13/500
0s - loss: 0.2117 - acc: 0.9286 - val_loss: 0.2691 - val_acc: 0.9084
Epoch 14/500
0s - loss: 0.2089 - acc: 0.9290 - val_loss: 0.2676 - val_acc: 0.9115
Epoch 15/500
0s - loss: 0.2064 - acc: 0.9305 - val_loss: 0.2660 - val_acc: 0.9146
Epoch 16/500
0s - loss: 0.2041 - acc: 0.9332 - val_loss: 0.2640 - val_acc: 0.9130
Epoch 17/500
0s - loss: 0.2024 - acc: 0.9332 - val_loss: 0.2630 - val_acc: 0.9177
Epoch 18/500
0s - loss: 0.2008 - acc: 0.9340 - val_loss: 0.2616 - val_acc: 0.9161
Epoch 19/500
0s - loss: 0.1991 - acc: 0.9332 - val_loss: 0.2623 - val_acc: 0.9177
Epoch 20/500
0s - loss: 0.1983 - acc: 0.9352 - val_loss: 0.2596 - val_acc: 0.9193
Epoch 21/500
0s - loss: 0.1970 - acc: 0.9359 - val_loss: 0.2587 - val_acc: 0.9177
Epoch 22/500
0s - loss: 0.1959 - acc: 0.9340 - val_loss: 0.2597 - val_acc: 0.9208
Epoch 23/500
0s - loss: 0.1953 - acc: 0.9371 - val_loss: 0.2575 - val_acc: 0.9193
Epoch 24/500
0s - loss: 0.1944 - acc: 0.9367 - val_loss: 0.2567 - val_acc: 0.9177
Epoch 25/500
0s - loss: 0.1934 - acc: 0.9352 - val_loss: 0.2557 - val_acc: 0.9193
Epoch 26/500
0s - loss: 0.1929 - acc: 0.9356 - val_loss: 0.2549 - val_acc: 0.9193
Epoch 27/500
0s - loss: 0.1920 - acc: 0.9387 - val_loss: 0.2546 - val_acc: 0.9224
Epoch 28/500
0s - loss: 0.1910 - acc: 0.9383 - val_loss: 0.2529 - val_acc: 0.9177
Epoch 29/500
0s - loss: 0.1907 - acc: 0.9359 - val_loss: 0.2520 - val_acc: 0.9193
Epoch 30/500
0s - loss: 0.1900 - acc: 0.9356 - val_loss: 0.2525 - val_acc: 0.9224
Epoch 31/500
0s - loss: 0.1897 - acc: 0.9391 - val_loss: 0.2512 - val_acc: 0.9239
Epoch 32/500
0s - loss: 0.1890 - acc: 0.9387 - val_loss: 0.2501 - val_acc: 0.9224
Epoch 33/500
0s - loss: 0.1883 - acc: 0.9387 - val_loss: 0.2491 - val_acc: 0.9224
Epoch 34/500
0s - loss: 0.1877 - acc: 0.9387 - val_loss: 0.2481 - val_acc: 0.9239
Epoch 35/500
0s - loss: 0.1870 - acc: 0.9379 - val_loss: 0.2470 - val_acc: 0.9224
Epoch 36/500
0s - loss: 0.1866 - acc: 0.9375 - val_loss: 0.2468 - val_acc: 0.9239
Epoch 37/500
0s - loss: 0.1859 - acc: 0.9383 - val_loss: 0.2467 - val_acc: 0.9270
Epoch 38/500
0s - loss: 0.1857 - acc: 0.9402 - val_loss: 0.2454 - val_acc: 0.9255
Epoch 39/500
0s - loss: 0.1849 - acc: 0.9387 - val_loss: 0.2456 - val_acc: 0.9270
Epoch 40/500
0s - loss: 0.1846 - acc: 0.9383 - val_loss: 0.2441 - val_acc: 0.9255
Epoch 41/500
0s - loss: 0.1843 - acc: 0.9402 - val_loss: 0.2430 - val_acc: 0.9255
Epoch 42/500
0s - loss: 0.1836 - acc: 0.9398 - val_loss: 0.2420 - val_acc: 0.9270
Epoch 43/500
0s - loss: 0.1832 - acc: 0.9402 - val_loss: 0.2413 - val_acc: 0.9255
Epoch 44/500
0s - loss: 0.1825 - acc: 0.9402 - val_loss: 0.2417 - val_acc: 0.9270
Epoch 45/500
0s - loss: 0.1822 - acc: 0.9398 - val_loss: 0.2403 - val_acc: 0.9270
Epoch 46/500
0s - loss: 0.1816 - acc: 0.9398 - val_loss: 0.2389 - val_acc: 0.9255
Epoch 47/500
0s - loss: 0.1811 - acc: 0.9387 - val_loss: 0.2385 - val_acc: 0.9270
Epoch 48/500
0s - loss: 0.1808 - acc: 0.9406 - val_loss: 0.2377 - val_acc: 0.9270
Epoch 49/500
0s - loss: 0.1803 - acc: 0.9406 - val_loss: 0.2368 - val_acc: 0.9286
Epoch 50/500
0s - loss: 0.1799 - acc: 0.9391 - val_loss: 0.2362 - val_acc: 0.9270
Epoch 51/500
0s - loss: 0.1795 - acc: 0.9406 - val_loss: 0.2354 - val_acc: 0.9270
Epoch 52/500
0s - loss: 0.1791 - acc: 0.9398 - val_loss: 0.2343 - val_acc: 0.9270
Epoch 53/500
0s - loss: 0.1786 - acc: 0.9391 - val_loss: 0.2326 - val_acc: 0.9270
Epoch 54/500
0s - loss: 0.1781 - acc: 0.9398 - val_loss: 0.2322 - val_acc: 0.9301
Epoch 55/500
0s - loss: 0.1776 - acc: 0.9414 - val_loss: 0.2317 - val_acc: 0.9286
Epoch 56/500
0s - loss: 0.1772 - acc: 0.9406 - val_loss: 0.2317 - val_acc: 0.9270
Epoch 57/500
0s - loss: 0.1769 - acc: 0.9410 - val_loss: 0.2307 - val_acc: 0.9270
Epoch 58/500
0s - loss: 0.1765 - acc: 0.9406 - val_loss: 0.2298 - val_acc: 0.9301
Epoch 59/500
0s - loss: 0.1762 - acc: 0.9398 - val_loss: 0.2295 - val_acc: 0.9286
Epoch 60/500
0s - loss: 0.1760 - acc: 0.9398 - val_loss: 0.2291 - val_acc: 0.9270
Epoch 61/500
0s - loss: 0.1755 - acc: 0.9398 - val_loss: 0.2286 - val_acc: 0.9270
Epoch 62/500
0s - loss: 0.1752 - acc: 0.9398 - val_loss: 0.2281 - val_acc: 0.9270
Epoch 63/500
0s - loss: 0.1748 - acc: 0.9410 - val_loss: 0.2278 - val_acc: 0.9286
Epoch 64/500
0s - loss: 0.1745 - acc: 0.9391 - val_loss: 0.2277 - val_acc: 0.9286
Epoch 65/500
0s - loss: 0.1741 - acc: 0.9422 - val_loss: 0.2285 - val_acc: 0.9301
Epoch 66/500
0s - loss: 0.1741 - acc: 0.9418 - val_loss: 0.2266 - val_acc: 0.9270
Epoch 67/500
0s - loss: 0.1737 - acc: 0.9394 - val_loss: 0.2264 - val_acc: 0.9286
Epoch 68/500
0s - loss: 0.1735 - acc: 0.9410 - val_loss: 0.2258 - val_acc: 0.9286
Epoch 69/500
0s - loss: 0.1732 - acc: 0.9410 - val_loss: 0.2259 - val_acc: 0.9301
Epoch 70/500
0s - loss: 0.1729 - acc: 0.9418 - val_loss: 0.2251 - val_acc: 0.9255
Epoch 71/500
0s - loss: 0.1727 - acc: 0.9418 - val_loss: 0.2250 - val_acc: 0.9270
Epoch 72/500
0s - loss: 0.1724 - acc: 0.9425 - val_loss: 0.2248 - val_acc: 0.9286
Epoch 73/500
0s - loss: 0.1722 - acc: 0.9406 - val_loss: 0.2245 - val_acc: 0.9286
Epoch 74/500
0s - loss: 0.1720 - acc: 0.9422 - val_loss: 0.2239 - val_acc: 0.9270
Epoch 75/500
0s - loss: 0.1717 - acc: 0.9410 - val_loss: 0.2243 - val_acc: 0.9286
Epoch 76/500
0s - loss: 0.1715 - acc: 0.9402 - val_loss: 0.2236 - val_acc: 0.9270
Epoch 77/500
0s - loss: 0.1713 - acc: 0.9422 - val_loss: 0.2236 - val_acc: 0.9286
Epoch 78/500
0s - loss: 0.1711 - acc: 0.9429 - val_loss: 0.2238 - val_acc: 0.9286
Epoch 79/500
0s - loss: 0.1708 - acc: 0.9418 - val_loss: 0.2232 - val_acc: 0.9270
Epoch 80/500
0s - loss: 0.1706 - acc: 0.9418 - val_loss: 0.2234 - val_acc: 0.9286
Epoch 81/500
0s - loss: 0.1703 - acc: 0.9425 - val_loss: 0.2235 - val_acc: 0.9286
Epoch 82/500
0s - loss: 0.1703 - acc: 0.9425 - val_loss: 0.2231 - val_acc: 0.9286
Epoch 83/500
0s - loss: 0.1699 - acc: 0.9422 - val_loss: 0.2223 - val_acc: 0.9286
Epoch 84/500
0s - loss: 0.1697 - acc: 0.9422 - val_loss: 0.2218 - val_acc: 0.9286
Epoch 85/500
0s - loss: 0.1695 - acc: 0.9429 - val_loss: 0.2216 - val_acc: 0.9286
Epoch 86/500
0s - loss: 0.1692 - acc: 0.9433 - val_loss: 0.2217 - val_acc: 0.9286
Epoch 87/500
0s - loss: 0.1691 - acc: 0.9425 - val_loss: 0.2213 - val_acc: 0.9286
Epoch 88/500
0s - loss: 0.1687 - acc: 0.9418 - val_loss: 0.2210 - val_acc: 0.9286
Epoch 89/500
0s - loss: 0.1685 - acc: 0.9414 - val_loss: 0.2204 - val_acc: 0.9286
Epoch 90/500
0s - loss: 0.1682 - acc: 0.9410 - val_loss: 0.2204 - val_acc: 0.9286
Epoch 91/500
0s - loss: 0.1681 - acc: 0.9418 - val_loss: 0.2199 - val_acc: 0.9286
Epoch 92/500
0s - loss: 0.1677 - acc: 0.9422 - val_loss: 0.2196 - val_acc: 0.9286
Epoch 93/500
0s - loss: 0.1676 - acc: 0.9422 - val_loss: 0.2194 - val_acc: 0.9286
Epoch 94/500
0s - loss: 0.1673 - acc: 0.9418 - val_loss: 0.2193 - val_acc: 0.9270
Epoch 95/500
0s - loss: 0.1671 - acc: 0.9418 - val_loss: 0.2186 - val_acc: 0.9286
Epoch 96/500
0s - loss: 0.1668 - acc: 0.9418 - val_loss: 0.2189 - val_acc: 0.9255
Epoch 97/500
0s - loss: 0.1667 - acc: 0.9425 - val_loss: 0.2181 - val_acc: 0.9286
Epoch 98/500
0s - loss: 0.1664 - acc: 0.9418 - val_loss: 0.2177 - val_acc: 0.9301
Epoch 99/500
0s - loss: 0.1663 - acc: 0.9422 - val_loss: 0.2174 - val_acc: 0.9301
Epoch 100/500
0s - loss: 0.1659 - acc: 0.9414 - val_loss: 0.2170 - val_acc: 0.9301
Epoch 101/500
0s - loss: 0.1657 - acc: 0.9422 - val_loss: 0.2175 - val_acc: 0.9255
Epoch 102/500
0s - loss: 0.1655 - acc: 0.9429 - val_loss: 0.2172 - val_acc: 0.9239
Epoch 103/500
0s - loss: 0.1652 - acc: 0.9406 - val_loss: 0.2165 - val_acc: 0.9286
Epoch 104/500
0s - loss: 0.1650 - acc: 0.9418 - val_loss: 0.2170 - val_acc: 0.9239
Epoch 105/500
0s - loss: 0.1649 - acc: 0.9418 - val_loss: 0.2160 - val_acc: 0.9286
Epoch 106/500
0s - loss: 0.1647 - acc: 0.9425 - val_loss: 0.2157 - val_acc: 0.9286
Epoch 107/500
0s - loss: 0.1644 - acc: 0.9422 - val_loss: 0.2154 - val_acc: 0.9301
Epoch 108/500
0s - loss: 0.1644 - acc: 0.9422 - val_loss: 0.2153 - val_acc: 0.9286
Epoch 109/500
0s - loss: 0.1642 - acc: 0.9425 - val_loss: 0.2154 - val_acc: 0.9286
Epoch 110/500
0s - loss: 0.1639 - acc: 0.9425 - val_loss: 0.2153 - val_acc: 0.9270
Epoch 111/500
0s - loss: 0.1637 - acc: 0.9418 - val_loss: 0.2154 - val_acc: 0.9255
Epoch 112/500
0s - loss: 0.1635 - acc: 0.9422 - val_loss: 0.2152 - val_acc: 0.9255
Epoch 113/500
0s - loss: 0.1634 - acc: 0.9433 - val_loss: 0.2152 - val_acc: 0.9255
Epoch 114/500
0s - loss: 0.1631 - acc: 0.9422 - val_loss: 0.2149 - val_acc: 0.9255
Epoch 115/500
0s - loss: 0.1629 - acc: 0.9425 - val_loss: 0.2149 - val_acc: 0.9255
Epoch 116/500
0s - loss: 0.1627 - acc: 0.9433 - val_loss: 0.2151 - val_acc: 0.9255
Epoch 117/500
0s - loss: 0.1626 - acc: 0.9429 - val_loss: 0.2151 - val_acc: 0.9255
Epoch 118/500
0s - loss: 0.1623 - acc: 0.9418 - val_loss: 0.2142 - val_acc: 0.9270
Epoch 119/500
0s - loss: 0.1623 - acc: 0.9422 - val_loss: 0.2142 - val_acc: 0.9255
Epoch 120/500
0s - loss: 0.1621 - acc: 0.9433 - val_loss: 0.2140 - val_acc: 0.9255
Epoch 121/500
0s - loss: 0.1619 - acc: 0.9433 - val_loss: 0.2143 - val_acc: 0.9255
Epoch 122/500
0s - loss: 0.1618 - acc: 0.9418 - val_loss: 0.2138 - val_acc: 0.9255
Epoch 123/500
0s - loss: 0.1615 - acc: 0.9425 - val_loss: 0.2134 - val_acc: 0.9255
Epoch 124/500
0s - loss: 0.1613 - acc: 0.9425 - val_loss: 0.2138 - val_acc: 0.9255
Epoch 125/500
0s - loss: 0.1611 - acc: 0.9433 - val_loss: 0.2136 - val_acc: 0.9255
Epoch 126/500
0s - loss: 0.1610 - acc: 0.9422 - val_loss: 0.2132 - val_acc: 0.9255
Epoch 127/500
0s - loss: 0.1607 - acc: 0.9437 - val_loss: 0.2132 - val_acc: 0.9255
Epoch 128/500
0s - loss: 0.1606 - acc: 0.9422 - val_loss: 0.2132 - val_acc: 0.9270
Epoch 129/500
0s - loss: 0.1603 - acc: 0.9429 - val_loss: 0.2127 - val_acc: 0.9270
Epoch 130/500
0s - loss: 0.1602 - acc: 0.9429 - val_loss: 0.2124 - val_acc: 0.9270
Epoch 131/500
0s - loss: 0.1598 - acc: 0.9429 - val_loss: 0.2119 - val_acc: 0.9270
Epoch 132/500
0s - loss: 0.1598 - acc: 0.9433 - val_loss: 0.2120 - val_acc: 0.9270
Epoch 133/500
0s - loss: 0.1596 - acc: 0.9429 - val_loss: 0.2118 - val_acc: 0.9270
Epoch 134/500
0s - loss: 0.1594 - acc: 0.9418 - val_loss: 0.2122 - val_acc: 0.9270
Epoch 135/500
0s - loss: 0.1593 - acc: 0.9422 - val_loss: 0.2117 - val_acc: 0.9270
Epoch 136/500
0s - loss: 0.1591 - acc: 0.9429 - val_loss: 0.2125 - val_acc: 0.9270
Epoch 137/500
0s - loss: 0.1590 - acc: 0.9425 - val_loss: 0.2117 - val_acc: 0.9270
Epoch 138/500
0s - loss: 0.1588 - acc: 0.9425 - val_loss: 0.2115 - val_acc: 0.9270
Epoch 139/500
0s - loss: 0.1586 - acc: 0.9425 - val_loss: 0.2115 - val_acc: 0.9270
Epoch 140/500
0s - loss: 0.1585 - acc: 0.9422 - val_loss: 0.2112 - val_acc: 0.9270
Epoch 141/500
0s - loss: 0.1582 - acc: 0.9441 - val_loss: 0.2111 - val_acc: 0.9270
Epoch 142/500
0s - loss: 0.1581 - acc: 0.9433 - val_loss: 0.2111 - val_acc: 0.9270
Epoch 143/500
0s - loss: 0.1580 - acc: 0.9433 - val_loss: 0.2111 - val_acc: 0.9270
Epoch 144/500
0s - loss: 0.1578 - acc: 0.9429 - val_loss: 0.2115 - val_acc: 0.9270
Epoch 145/500
0s - loss: 0.1576 - acc: 0.9437 - val_loss: 0.2110 - val_acc: 0.9270
Epoch 146/500
0s - loss: 0.1574 - acc: 0.9433 - val_loss: 0.2107 - val_acc: 0.9270
Epoch 147/500
0s - loss: 0.1573 - acc: 0.9445 - val_loss: 0.2108 - val_acc: 0.9270
Epoch 148/500
0s - loss: 0.1572 - acc: 0.9441 - val_loss: 0.2105 - val_acc: 0.9270
Epoch 149/500
0s - loss: 0.1570 - acc: 0.9437 - val_loss: 0.2110 - val_acc: 0.9270
Epoch 150/500
0s - loss: 0.1569 - acc: 0.9445 - val_loss: 0.2108 - val_acc: 0.9270
Epoch 151/500
0s - loss: 0.1567 - acc: 0.9433 - val_loss: 0.2104 - val_acc: 0.9270
Epoch 152/500
0s - loss: 0.1565 - acc: 0.9433 - val_loss: 0.2102 - val_acc: 0.9270
Epoch 153/500
0s - loss: 0.1564 - acc: 0.9429 - val_loss: 0.2103 - val_acc: 0.9270
Epoch 154/500
0s - loss: 0.1562 - acc: 0.9437 - val_loss: 0.2101 - val_acc: 0.9270
Epoch 155/500
0s - loss: 0.1561 - acc: 0.9429 - val_loss: 0.2105 - val_acc: 0.9270
Epoch 156/500
0s - loss: 0.1560 - acc: 0.9449 - val_loss: 0.2103 - val_acc: 0.9270
Epoch 157/500
0s - loss: 0.1558 - acc: 0.9437 - val_loss: 0.2103 - val_acc: 0.9270
Epoch 158/500
0s - loss: 0.1557 - acc: 0.9433 - val_loss: 0.2099 - val_acc: 0.9286
Epoch 159/500
0s - loss: 0.1555 - acc: 0.9445 - val_loss: 0.2097 - val_acc: 0.9286
Epoch 160/500
0s - loss: 0.1553 - acc: 0.9437 - val_loss: 0.2099 - val_acc: 0.9286
Epoch 161/500
0s - loss: 0.1552 - acc: 0.9437 - val_loss: 0.2097 - val_acc: 0.9286
Epoch 162/500
0s - loss: 0.1551 - acc: 0.9433 - val_loss: 0.2097 - val_acc: 0.9286
Epoch 163/500
0s - loss: 0.1549 - acc: 0.9441 - val_loss: 0.2096 - val_acc: 0.9286
Epoch 164/500
0s - loss: 0.1548 - acc: 0.9445 - val_loss: 0.2095 - val_acc: 0.9286
Epoch 165/500
0s - loss: 0.1545 - acc: 0.9441 - val_loss: 0.2091 - val_acc: 0.9286
Epoch 166/500
0s - loss: 0.1544 - acc: 0.9433 - val_loss: 0.2088 - val_acc: 0.9286
Epoch 167/500
0s - loss: 0.1543 - acc: 0.9429 - val_loss: 0.2087 - val_acc: 0.9286
Epoch 168/500
0s - loss: 0.1542 - acc: 0.9433 - val_loss: 0.2088 - val_acc: 0.9286
Epoch 169/500
0s - loss: 0.1540 - acc: 0.9429 - val_loss: 0.2089 - val_acc: 0.9286
Epoch 170/500
0s - loss: 0.1538 - acc: 0.9445 - val_loss: 0.2087 - val_acc: 0.9301
Epoch 171/500
0s - loss: 0.1537 - acc: 0.9437 - val_loss: 0.2086 - val_acc: 0.9301
Epoch 172/500
0s - loss: 0.1536 - acc: 0.9445 - val_loss: 0.2086 - val_acc: 0.9301
Epoch 173/500
0s - loss: 0.1533 - acc: 0.9453 - val_loss: 0.2081 - val_acc: 0.9301
Epoch 174/500
0s - loss: 0.1533 - acc: 0.9445 - val_loss: 0.2081 - val_acc: 0.9301
Epoch 175/500
0s - loss: 0.1531 - acc: 0.9441 - val_loss: 0.2084 - val_acc: 0.9301
Epoch 176/500
0s - loss: 0.1529 - acc: 0.9449 - val_loss: 0.2086 - val_acc: 0.9301
Epoch 177/500
0s - loss: 0.1527 - acc: 0.9449 - val_loss: 0.2084 - val_acc: 0.9301
Epoch 178/500
0s - loss: 0.1527 - acc: 0.9441 - val_loss: 0.2085 - val_acc: 0.9301
----------- Model 0 KF 
loss: 0.208493922438
acc: 0.930124223602
Train on 2576 samples, validate on 644 samples
Epoch 1/500
0s - loss: 0.6598 - acc: 0.6165 - val_loss: 0.6430 - val_acc: 0.6165
Epoch 2/500
0s - loss: 0.6027 - acc: 0.6339 - val_loss: 0.5466 - val_acc: 0.7407
Epoch 3/500
0s - loss: 0.4687 - acc: 0.8005 - val_loss: 0.4082 - val_acc: 0.8711
Epoch 4/500
0s - loss: 0.3583 - acc: 0.8719 - val_loss: 0.3367 - val_acc: 0.8898
Epoch 5/500
0s - loss: 0.3050 - acc: 0.8952 - val_loss: 0.3031 - val_acc: 0.8929
Epoch 6/500
0s - loss: 0.2783 - acc: 0.8987 - val_loss: 0.2844 - val_acc: 0.9053
Epoch 7/500
0s - loss: 0.2616 - acc: 0.9092 - val_loss: 0.2719 - val_acc: 0.9099
Epoch 8/500
0s - loss: 0.2502 - acc: 0.9092 - val_loss: 0.2622 - val_acc: 0.9115
Epoch 9/500
0s - loss: 0.2412 - acc: 0.9142 - val_loss: 0.2547 - val_acc: 0.9193
Epoch 10/500
0s - loss: 0.2333 - acc: 0.9177 - val_loss: 0.2496 - val_acc: 0.9193
Epoch 11/500
0s - loss: 0.2280 - acc: 0.9154 - val_loss: 0.2442 - val_acc: 0.9208
Epoch 12/500
0s - loss: 0.2233 - acc: 0.9196 - val_loss: 0.2416 - val_acc: 0.9224
Epoch 13/500
0s - loss: 0.2197 - acc: 0.9227 - val_loss: 0.2381 - val_acc: 0.9270
Epoch 14/500
0s - loss: 0.2165 - acc: 0.9270 - val_loss: 0.2361 - val_acc: 0.9270
Epoch 15/500
0s - loss: 0.2139 - acc: 0.9278 - val_loss: 0.2341 - val_acc: 0.9286
Epoch 16/500
0s - loss: 0.2113 - acc: 0.9286 - val_loss: 0.2323 - val_acc: 0.9255
Epoch 17/500
0s - loss: 0.2094 - acc: 0.9270 - val_loss: 0.2309 - val_acc: 0.9255
Epoch 18/500
0s - loss: 0.2074 - acc: 0.9286 - val_loss: 0.2293 - val_acc: 0.9286
Epoch 19/500
0s - loss: 0.2056 - acc: 0.9297 - val_loss: 0.2278 - val_acc: 0.9270
Epoch 20/500
0s - loss: 0.2042 - acc: 0.9297 - val_loss: 0.2265 - val_acc: 0.9301
Epoch 21/500
0s - loss: 0.2025 - acc: 0.9309 - val_loss: 0.2253 - val_acc: 0.9301
Epoch 22/500
0s - loss: 0.2009 - acc: 0.9309 - val_loss: 0.2243 - val_acc: 0.9286
Epoch 23/500
0s - loss: 0.1998 - acc: 0.9297 - val_loss: 0.2234 - val_acc: 0.9286
Epoch 24/500
0s - loss: 0.1984 - acc: 0.9313 - val_loss: 0.2223 - val_acc: 0.9270
Epoch 25/500
0s - loss: 0.1974 - acc: 0.9317 - val_loss: 0.2213 - val_acc: 0.9270
Epoch 26/500
0s - loss: 0.1960 - acc: 0.9332 - val_loss: 0.2206 - val_acc: 0.9317
Epoch 27/500
0s - loss: 0.1952 - acc: 0.9305 - val_loss: 0.2198 - val_acc: 0.9301
Epoch 28/500
0s - loss: 0.1942 - acc: 0.9321 - val_loss: 0.2189 - val_acc: 0.9255
Epoch 29/500
0s - loss: 0.1930 - acc: 0.9340 - val_loss: 0.2182 - val_acc: 0.9286
Epoch 30/500
0s - loss: 0.1921 - acc: 0.9317 - val_loss: 0.2177 - val_acc: 0.9286
Epoch 31/500
0s - loss: 0.1909 - acc: 0.9325 - val_loss: 0.2166 - val_acc: 0.9286
Epoch 32/500
0s - loss: 0.1901 - acc: 0.9348 - val_loss: 0.2160 - val_acc: 0.9301
Epoch 33/500
0s - loss: 0.1893 - acc: 0.9336 - val_loss: 0.2153 - val_acc: 0.9317
Epoch 34/500
0s - loss: 0.1884 - acc: 0.9328 - val_loss: 0.2149 - val_acc: 0.9348
Epoch 35/500
0s - loss: 0.1873 - acc: 0.9340 - val_loss: 0.2147 - val_acc: 0.9348
Epoch 36/500
0s - loss: 0.1865 - acc: 0.9348 - val_loss: 0.2144 - val_acc: 0.9317
Epoch 37/500
0s - loss: 0.1854 - acc: 0.9336 - val_loss: 0.2139 - val_acc: 0.9363
Epoch 38/500
0s - loss: 0.1847 - acc: 0.9340 - val_loss: 0.2136 - val_acc: 0.9348
Epoch 39/500
0s - loss: 0.1837 - acc: 0.9348 - val_loss: 0.2134 - val_acc: 0.9363
Epoch 40/500
0s - loss: 0.1829 - acc: 0.9344 - val_loss: 0.2135 - val_acc: 0.9348
Epoch 41/500
0s - loss: 0.1823 - acc: 0.9340 - val_loss: 0.2133 - val_acc: 0.9332
Epoch 42/500
0s - loss: 0.1817 - acc: 0.9336 - val_loss: 0.2130 - val_acc: 0.9332
Epoch 43/500
0s - loss: 0.1811 - acc: 0.9352 - val_loss: 0.2126 - val_acc: 0.9348
Epoch 44/500
0s - loss: 0.1805 - acc: 0.9348 - val_loss: 0.2122 - val_acc: 0.9348
Epoch 45/500
0s - loss: 0.1796 - acc: 0.9363 - val_loss: 0.2122 - val_acc: 0.9379
Epoch 46/500
0s - loss: 0.1790 - acc: 0.9367 - val_loss: 0.2123 - val_acc: 0.9363
Epoch 47/500
0s - loss: 0.1785 - acc: 0.9363 - val_loss: 0.2125 - val_acc: 0.9348
Epoch 48/500
0s - loss: 0.1776 - acc: 0.9363 - val_loss: 0.2126 - val_acc: 0.9394
Epoch 49/500
0s - loss: 0.1771 - acc: 0.9348 - val_loss: 0.2126 - val_acc: 0.9394
----------- Model 0 KF 
loss: 0.212600939207
acc: 0.939440993789
Train on 2576 samples, validate on 644 samples
Epoch 1/500
0s - loss: 0.6633 - acc: 0.6165 - val_loss: 0.6521 - val_acc: 0.6165
Epoch 2/500
0s - loss: 0.6285 - acc: 0.6165 - val_loss: 0.5889 - val_acc: 0.6180
Epoch 3/500
0s - loss: 0.5219 - acc: 0.7248 - val_loss: 0.4548 - val_acc: 0.8276
Epoch 4/500
0s - loss: 0.3968 - acc: 0.8614 - val_loss: 0.3570 - val_acc: 0.8742
Epoch 5/500
0s - loss: 0.3267 - acc: 0.8878 - val_loss: 0.3091 - val_acc: 0.8898
Epoch 6/500
0s - loss: 0.2913 - acc: 0.9002 - val_loss: 0.2848 - val_acc: 0.8975
Epoch 7/500
0s - loss: 0.2713 - acc: 0.9088 - val_loss: 0.2683 - val_acc: 0.9053
Epoch 8/500
0s - loss: 0.2578 - acc: 0.9107 - val_loss: 0.2563 - val_acc: 0.9130
Epoch 9/500
0s - loss: 0.2474 - acc: 0.9134 - val_loss: 0.2488 - val_acc: 0.9115
Epoch 10/500
0s - loss: 0.2397 - acc: 0.9150 - val_loss: 0.2419 - val_acc: 0.9161
Epoch 11/500
0s - loss: 0.2325 - acc: 0.9158 - val_loss: 0.2371 - val_acc: 0.9208
Epoch 12/500
0s - loss: 0.2266 - acc: 0.9177 - val_loss: 0.2330 - val_acc: 0.9270
Epoch 13/500
0s - loss: 0.2219 - acc: 0.9235 - val_loss: 0.2299 - val_acc: 0.9255
Epoch 14/500
0s - loss: 0.2180 - acc: 0.9235 - val_loss: 0.2275 - val_acc: 0.9239
Epoch 15/500
0s - loss: 0.2145 - acc: 0.9270 - val_loss: 0.2253 - val_acc: 0.9239
Epoch 16/500
0s - loss: 0.2114 - acc: 0.9297 - val_loss: 0.2239 - val_acc: 0.9239
Epoch 17/500
0s - loss: 0.2083 - acc: 0.9278 - val_loss: 0.2231 - val_acc: 0.9224
Epoch 18/500
0s - loss: 0.2065 - acc: 0.9297 - val_loss: 0.2220 - val_acc: 0.9224
Epoch 19/500
0s - loss: 0.2045 - acc: 0.9286 - val_loss: 0.2208 - val_acc: 0.9208
Epoch 20/500
0s - loss: 0.2026 - acc: 0.9313 - val_loss: 0.2194 - val_acc: 0.9224
Epoch 21/500
0s - loss: 0.2010 - acc: 0.9321 - val_loss: 0.2184 - val_acc: 0.9208
Epoch 22/500
0s - loss: 0.1995 - acc: 0.9325 - val_loss: 0.2176 - val_acc: 0.9208
Epoch 23/500
0s - loss: 0.1981 - acc: 0.9325 - val_loss: 0.2170 - val_acc: 0.9224
Epoch 24/500
0s - loss: 0.1969 - acc: 0.9328 - val_loss: 0.2168 - val_acc: 0.9224
Epoch 25/500
0s - loss: 0.1959 - acc: 0.9317 - val_loss: 0.2167 - val_acc: 0.9208
Epoch 26/500
0s - loss: 0.1945 - acc: 0.9356 - val_loss: 0.2159 - val_acc: 0.9224
Epoch 27/500
0s - loss: 0.1937 - acc: 0.9367 - val_loss: 0.2153 - val_acc: 0.9224
Epoch 28/500
0s - loss: 0.1927 - acc: 0.9363 - val_loss: 0.2151 - val_acc: 0.9208
Epoch 29/500
0s - loss: 0.1918 - acc: 0.9356 - val_loss: 0.2146 - val_acc: 0.9224
Epoch 30/500
0s - loss: 0.1909 - acc: 0.9363 - val_loss: 0.2140 - val_acc: 0.9239
Epoch 31/500
0s - loss: 0.1894 - acc: 0.9359 - val_loss: 0.2155 - val_acc: 0.9161
Epoch 32/500
0s - loss: 0.1893 - acc: 0.9383 - val_loss: 0.2136 - val_acc: 0.9193
Epoch 33/500
0s - loss: 0.1884 - acc: 0.9371 - val_loss: 0.2134 - val_acc: 0.9208
Epoch 34/500
0s - loss: 0.1875 - acc: 0.9367 - val_loss: 0.2130 - val_acc: 0.9208
Epoch 35/500
0s - loss: 0.1866 - acc: 0.9375 - val_loss: 0.2125 - val_acc: 0.9208
Epoch 36/500
0s - loss: 0.1862 - acc: 0.9375 - val_loss: 0.2121 - val_acc: 0.9193
Epoch 37/500
0s - loss: 0.1856 - acc: 0.9387 - val_loss: 0.2120 - val_acc: 0.9177
Epoch 38/500
0s - loss: 0.1849 - acc: 0.9383 - val_loss: 0.2117 - val_acc: 0.9177
Epoch 39/500
0s - loss: 0.1844 - acc: 0.9383 - val_loss: 0.2115 - val_acc: 0.9193
Epoch 40/500
0s - loss: 0.1838 - acc: 0.9406 - val_loss: 0.2110 - val_acc: 0.9161
Epoch 41/500
0s - loss: 0.1831 - acc: 0.9398 - val_loss: 0.2106 - val_acc: 0.9161
Epoch 42/500
0s - loss: 0.1826 - acc: 0.9410 - val_loss: 0.2104 - val_acc: 0.9161
Epoch 43/500
0s - loss: 0.1819 - acc: 0.9391 - val_loss: 0.2100 - val_acc: 0.9177
Epoch 44/500
0s - loss: 0.1814 - acc: 0.9394 - val_loss: 0.2095 - val_acc: 0.9177
Epoch 45/500
0s - loss: 0.1809 - acc: 0.9402 - val_loss: 0.2098 - val_acc: 0.9146
Epoch 46/500
0s - loss: 0.1805 - acc: 0.9398 - val_loss: 0.2090 - val_acc: 0.9161
Epoch 47/500
0s - loss: 0.1799 - acc: 0.9406 - val_loss: 0.2088 - val_acc: 0.9193
Epoch 48/500
0s - loss: 0.1792 - acc: 0.9410 - val_loss: 0.2087 - val_acc: 0.9177
Epoch 49/500
0s - loss: 0.1789 - acc: 0.9414 - val_loss: 0.2085 - val_acc: 0.9177
Epoch 50/500
0s - loss: 0.1781 - acc: 0.9406 - val_loss: 0.2080 - val_acc: 0.9177
Epoch 51/500
0s - loss: 0.1774 - acc: 0.9410 - val_loss: 0.2086 - val_acc: 0.9161
Epoch 52/500
0s - loss: 0.1769 - acc: 0.9394 - val_loss: 0.2077 - val_acc: 0.9146
Epoch 53/500
0s - loss: 0.1765 - acc: 0.9422 - val_loss: 0.2074 - val_acc: 0.9161
Epoch 54/500
0s - loss: 0.1760 - acc: 0.9410 - val_loss: 0.2067 - val_acc: 0.9161
Epoch 55/500
0s - loss: 0.1756 - acc: 0.9398 - val_loss: 0.2067 - val_acc: 0.9146
Epoch 56/500
0s - loss: 0.1752 - acc: 0.9422 - val_loss: 0.2061 - val_acc: 0.9177
Epoch 57/500
0s - loss: 0.1748 - acc: 0.9422 - val_loss: 0.2060 - val_acc: 0.9161
Epoch 58/500
0s - loss: 0.1743 - acc: 0.9402 - val_loss: 0.2060 - val_acc: 0.9161
Epoch 59/500
0s - loss: 0.1740 - acc: 0.9414 - val_loss: 0.2061 - val_acc: 0.9177
Epoch 60/500
0s - loss: 0.1737 - acc: 0.9422 - val_loss: 0.2056 - val_acc: 0.9161
Epoch 61/500
0s - loss: 0.1731 - acc: 0.9422 - val_loss: 0.2048 - val_acc: 0.9161
Epoch 62/500
0s - loss: 0.1727 - acc: 0.9418 - val_loss: 0.2044 - val_acc: 0.9177
Epoch 63/500
0s - loss: 0.1723 - acc: 0.9398 - val_loss: 0.2042 - val_acc: 0.9161
Epoch 64/500
0s - loss: 0.1720 - acc: 0.9406 - val_loss: 0.2043 - val_acc: 0.9177
Epoch 65/500
0s - loss: 0.1714 - acc: 0.9429 - val_loss: 0.2036 - val_acc: 0.9161
Epoch 66/500
0s - loss: 0.1711 - acc: 0.9406 - val_loss: 0.2041 - val_acc: 0.9177
Epoch 67/500
0s - loss: 0.1708 - acc: 0.9414 - val_loss: 0.2034 - val_acc: 0.9193
Epoch 68/500
0s - loss: 0.1703 - acc: 0.9445 - val_loss: 0.2031 - val_acc: 0.9177
Epoch 69/500
0s - loss: 0.1698 - acc: 0.9457 - val_loss: 0.2040 - val_acc: 0.9146
Epoch 70/500
0s - loss: 0.1698 - acc: 0.9425 - val_loss: 0.2034 - val_acc: 0.9161
Epoch 71/500
0s - loss: 0.1695 - acc: 0.9422 - val_loss: 0.2026 - val_acc: 0.9161
Epoch 72/500
0s - loss: 0.1691 - acc: 0.9429 - val_loss: 0.2024 - val_acc: 0.9177
Epoch 73/500
0s - loss: 0.1688 - acc: 0.9429 - val_loss: 0.2025 - val_acc: 0.9161
Epoch 74/500
0s - loss: 0.1685 - acc: 0.9441 - val_loss: 0.2019 - val_acc: 0.9193
Epoch 75/500
0s - loss: 0.1681 - acc: 0.9429 - val_loss: 0.2018 - val_acc: 0.9193
Epoch 76/500
0s - loss: 0.1679 - acc: 0.9441 - val_loss: 0.2018 - val_acc: 0.9146
Epoch 77/500
0s - loss: 0.1675 - acc: 0.9441 - val_loss: 0.2011 - val_acc: 0.9193
Epoch 78/500
0s - loss: 0.1671 - acc: 0.9441 - val_loss: 0.2012 - val_acc: 0.9146
Epoch 79/500
0s - loss: 0.1668 - acc: 0.9449 - val_loss: 0.2010 - val_acc: 0.9146
Epoch 80/500
0s - loss: 0.1666 - acc: 0.9437 - val_loss: 0.2007 - val_acc: 0.9177
Epoch 81/500
0s - loss: 0.1662 - acc: 0.9453 - val_loss: 0.2007 - val_acc: 0.9161
Epoch 82/500
0s - loss: 0.1658 - acc: 0.9441 - val_loss: 0.2000 - val_acc: 0.9193
Epoch 83/500
0s - loss: 0.1656 - acc: 0.9445 - val_loss: 0.1997 - val_acc: 0.9161
Epoch 84/500
0s - loss: 0.1654 - acc: 0.9453 - val_loss: 0.1998 - val_acc: 0.9177
Epoch 85/500
0s - loss: 0.1651 - acc: 0.9457 - val_loss: 0.1999 - val_acc: 0.9161
Epoch 86/500
0s - loss: 0.1648 - acc: 0.9449 - val_loss: 0.1995 - val_acc: 0.9177
Epoch 87/500
0s - loss: 0.1646 - acc: 0.9449 - val_loss: 0.1994 - val_acc: 0.9161
Epoch 88/500
0s - loss: 0.1642 - acc: 0.9449 - val_loss: 0.1995 - val_acc: 0.9161
Epoch 89/500
0s - loss: 0.1640 - acc: 0.9449 - val_loss: 0.1989 - val_acc: 0.9177
Epoch 90/500
0s - loss: 0.1638 - acc: 0.9449 - val_loss: 0.1988 - val_acc: 0.9161
Epoch 91/500
0s - loss: 0.1633 - acc: 0.9445 - val_loss: 0.1985 - val_acc: 0.9177
Epoch 92/500
0s - loss: 0.1630 - acc: 0.9457 - val_loss: 0.1989 - val_acc: 0.9161
Epoch 93/500
0s - loss: 0.1630 - acc: 0.9437 - val_loss: 0.1984 - val_acc: 0.9177
Epoch 94/500
0s - loss: 0.1627 - acc: 0.9445 - val_loss: 0.1980 - val_acc: 0.9161
Epoch 95/500
0s - loss: 0.1624 - acc: 0.9441 - val_loss: 0.1978 - val_acc: 0.9146
Epoch 96/500
0s - loss: 0.1621 - acc: 0.9457 - val_loss: 0.1976 - val_acc: 0.9130
Epoch 97/500
0s - loss: 0.1618 - acc: 0.9457 - val_loss: 0.1974 - val_acc: 0.9161
Epoch 98/500
0s - loss: 0.1615 - acc: 0.9445 - val_loss: 0.1966 - val_acc: 0.9161
Epoch 99/500
0s - loss: 0.1612 - acc: 0.9441 - val_loss: 0.1967 - val_acc: 0.9161
Epoch 100/500
0s - loss: 0.1610 - acc: 0.9441 - val_loss: 0.1966 - val_acc: 0.9161
Epoch 101/500
0s - loss: 0.1606 - acc: 0.9449 - val_loss: 0.1963 - val_acc: 0.9161
Epoch 102/500
0s - loss: 0.1603 - acc: 0.9441 - val_loss: 0.1957 - val_acc: 0.9161
Epoch 103/500
0s - loss: 0.1602 - acc: 0.9445 - val_loss: 0.1956 - val_acc: 0.9161
Epoch 104/500
0s - loss: 0.1599 - acc: 0.9441 - val_loss: 0.1955 - val_acc: 0.9161
Epoch 105/500
0s - loss: 0.1597 - acc: 0.9453 - val_loss: 0.1955 - val_acc: 0.9161
Epoch 106/500
0s - loss: 0.1593 - acc: 0.9464 - val_loss: 0.1956 - val_acc: 0.9161
Epoch 107/500
0s - loss: 0.1591 - acc: 0.9445 - val_loss: 0.1956 - val_acc: 0.9161
Epoch 108/500
0s - loss: 0.1590 - acc: 0.9449 - val_loss: 0.1953 - val_acc: 0.9161
Epoch 109/500
0s - loss: 0.1587 - acc: 0.9449 - val_loss: 0.1951 - val_acc: 0.9161
Epoch 110/500
0s - loss: 0.1585 - acc: 0.9449 - val_loss: 0.1950 - val_acc: 0.9146
Epoch 111/500
0s - loss: 0.1582 - acc: 0.9441 - val_loss: 0.1946 - val_acc: 0.9161
Epoch 112/500
0s - loss: 0.1581 - acc: 0.9437 - val_loss: 0.1944 - val_acc: 0.9161
Epoch 113/500
0s - loss: 0.1579 - acc: 0.9457 - val_loss: 0.1946 - val_acc: 0.9161
Epoch 114/500
0s - loss: 0.1576 - acc: 0.9445 - val_loss: 0.1943 - val_acc: 0.9177
Epoch 115/500
0s - loss: 0.1574 - acc: 0.9457 - val_loss: 0.1944 - val_acc: 0.9177
Epoch 116/500
0s - loss: 0.1572 - acc: 0.9437 - val_loss: 0.1942 - val_acc: 0.9177
Epoch 117/500
0s - loss: 0.1570 - acc: 0.9441 - val_loss: 0.1941 - val_acc: 0.9161
Epoch 118/500
0s - loss: 0.1568 - acc: 0.9445 - val_loss: 0.1942 - val_acc: 0.9177
Epoch 119/500
0s - loss: 0.1567 - acc: 0.9453 - val_loss: 0.1939 - val_acc: 0.9177
Epoch 120/500
0s - loss: 0.1564 - acc: 0.9457 - val_loss: 0.1941 - val_acc: 0.9161
Epoch 121/500
0s - loss: 0.1561 - acc: 0.9445 - val_loss: 0.1940 - val_acc: 0.9177
Epoch 122/500
0s - loss: 0.1561 - acc: 0.9453 - val_loss: 0.1938 - val_acc: 0.9177
Epoch 123/500
0s - loss: 0.1557 - acc: 0.9437 - val_loss: 0.1944 - val_acc: 0.9177
Epoch 124/500
0s - loss: 0.1557 - acc: 0.9437 - val_loss: 0.1939 - val_acc: 0.9146
Epoch 125/500
0s - loss: 0.1555 - acc: 0.9445 - val_loss: 0.1937 - val_acc: 0.9161
Epoch 126/500
0s - loss: 0.1553 - acc: 0.9449 - val_loss: 0.1935 - val_acc: 0.9146
Epoch 127/500
0s - loss: 0.1550 - acc: 0.9445 - val_loss: 0.1936 - val_acc: 0.9177
Epoch 128/500
0s - loss: 0.1547 - acc: 0.9460 - val_loss: 0.1942 - val_acc: 0.9177
Epoch 129/500
0s - loss: 0.1546 - acc: 0.9425 - val_loss: 0.1934 - val_acc: 0.9177
Epoch 130/500
0s - loss: 0.1545 - acc: 0.9453 - val_loss: 0.1936 - val_acc: 0.9161
Epoch 131/500
0s - loss: 0.1544 - acc: 0.9445 - val_loss: 0.1932 - val_acc: 0.9177
Epoch 132/500
0s - loss: 0.1541 - acc: 0.9464 - val_loss: 0.1934 - val_acc: 0.9161
Epoch 133/500
0s - loss: 0.1540 - acc: 0.9441 - val_loss: 0.1933 - val_acc: 0.9161
Epoch 134/500
0s - loss: 0.1538 - acc: 0.9441 - val_loss: 0.1931 - val_acc: 0.9177
Epoch 135/500
0s - loss: 0.1536 - acc: 0.9449 - val_loss: 0.1931 - val_acc: 0.9177
Epoch 136/500
0s - loss: 0.1535 - acc: 0.9445 - val_loss: 0.1928 - val_acc: 0.9177
Epoch 137/500
0s - loss: 0.1532 - acc: 0.9445 - val_loss: 0.1928 - val_acc: 0.9177
Epoch 138/500
0s - loss: 0.1532 - acc: 0.9445 - val_loss: 0.1928 - val_acc: 0.9177
Epoch 139/500
0s - loss: 0.1529 - acc: 0.9453 - val_loss: 0.1929 - val_acc: 0.9177
Epoch 140/500
0s - loss: 0.1527 - acc: 0.9441 - val_loss: 0.1928 - val_acc: 0.9177
Epoch 141/500
0s - loss: 0.1526 - acc: 0.9445 - val_loss: 0.1927 - val_acc: 0.9177
Epoch 142/500
0s - loss: 0.1524 - acc: 0.9453 - val_loss: 0.1928 - val_acc: 0.9177
Epoch 143/500
0s - loss: 0.1523 - acc: 0.9437 - val_loss: 0.1929 - val_acc: 0.9177
Epoch 144/500
0s - loss: 0.1521 - acc: 0.9445 - val_loss: 0.1927 - val_acc: 0.9177
Epoch 145/500
0s - loss: 0.1520 - acc: 0.9441 - val_loss: 0.1926 - val_acc: 0.9177
Epoch 146/500
0s - loss: 0.1517 - acc: 0.9445 - val_loss: 0.1929 - val_acc: 0.9177
Epoch 147/500
0s - loss: 0.1515 - acc: 0.9441 - val_loss: 0.1930 - val_acc: 0.9177
Epoch 148/500
0s - loss: 0.1514 - acc: 0.9437 - val_loss: 0.1926 - val_acc: 0.9177
Epoch 149/500
0s - loss: 0.1513 - acc: 0.9441 - val_loss: 0.1925 - val_acc: 0.9177
Epoch 150/500
0s - loss: 0.1510 - acc: 0.9445 - val_loss: 0.1928 - val_acc: 0.9177
Epoch 151/500
0s - loss: 0.1509 - acc: 0.9433 - val_loss: 0.1926 - val_acc: 0.9177
Epoch 152/500
0s - loss: 0.1507 - acc: 0.9441 - val_loss: 0.1927 - val_acc: 0.9177
Epoch 153/500
0s - loss: 0.1506 - acc: 0.9449 - val_loss: 0.1924 - val_acc: 0.9177
Epoch 154/500
0s - loss: 0.1504 - acc: 0.9449 - val_loss: 0.1923 - val_acc: 0.9177
Epoch 155/500
0s - loss: 0.1502 - acc: 0.9441 - val_loss: 0.1923 - val_acc: 0.9193
Epoch 156/500
0s - loss: 0.1500 - acc: 0.9445 - val_loss: 0.1926 - val_acc: 0.9208
Epoch 157/500
0s - loss: 0.1501 - acc: 0.9437 - val_loss: 0.1923 - val_acc: 0.9208
Epoch 158/500
0s - loss: 0.1498 - acc: 0.9445 - val_loss: 0.1922 - val_acc: 0.9177
Epoch 159/500
0s - loss: 0.1496 - acc: 0.9445 - val_loss: 0.1920 - val_acc: 0.9177
Epoch 160/500
0s - loss: 0.1495 - acc: 0.9453 - val_loss: 0.1918 - val_acc: 0.9193
Epoch 161/500
0s - loss: 0.1492 - acc: 0.9433 - val_loss: 0.1921 - val_acc: 0.9224
Epoch 162/500
0s - loss: 0.1492 - acc: 0.9437 - val_loss: 0.1922 - val_acc: 0.9208
Epoch 163/500
0s - loss: 0.1490 - acc: 0.9433 - val_loss: 0.1920 - val_acc: 0.9193
Epoch 164/500
0s - loss: 0.1489 - acc: 0.9437 - val_loss: 0.1920 - val_acc: 0.9177
Epoch 165/500
0s - loss: 0.1487 - acc: 0.9445 - val_loss: 0.1922 - val_acc: 0.9193
----------- Model 0 KF 
loss: 0.192159264262
acc: 0.919254658385
Train on 2576 samples, validate on 644 samples
Epoch 1/500
0s - loss: 0.6630 - acc: 0.6165 - val_loss: 0.6499 - val_acc: 0.6165
Epoch 2/500
0s - loss: 0.6346 - acc: 0.6165 - val_loss: 0.5986 - val_acc: 0.6211
Epoch 3/500
0s - loss: 0.5583 - acc: 0.6708 - val_loss: 0.4789 - val_acc: 0.7857
Epoch 4/500
0s - loss: 0.4442 - acc: 0.8234 - val_loss: 0.3604 - val_acc: 0.8866
Epoch 5/500
0s - loss: 0.3600 - acc: 0.8715 - val_loss: 0.2919 - val_acc: 0.9068
Epoch 6/500
0s - loss: 0.3138 - acc: 0.8921 - val_loss: 0.2573 - val_acc: 0.9099
Epoch 7/500
0s - loss: 0.2886 - acc: 0.8998 - val_loss: 0.2378 - val_acc: 0.9130
Epoch 8/500
0s - loss: 0.2720 - acc: 0.9041 - val_loss: 0.2254 - val_acc: 0.9161
Epoch 9/500
0s - loss: 0.2601 - acc: 0.9064 - val_loss: 0.2165 - val_acc: 0.9193
Epoch 10/500
0s - loss: 0.2509 - acc: 0.9107 - val_loss: 0.2104 - val_acc: 0.9177
Epoch 11/500
0s - loss: 0.2435 - acc: 0.9130 - val_loss: 0.2050 - val_acc: 0.9208
Epoch 12/500
0s - loss: 0.2367 - acc: 0.9161 - val_loss: 0.2009 - val_acc: 0.9208
Epoch 13/500
0s - loss: 0.2311 - acc: 0.9173 - val_loss: 0.1976 - val_acc: 0.9224
Epoch 14/500
0s - loss: 0.2266 - acc: 0.9220 - val_loss: 0.1948 - val_acc: 0.9255
Epoch 15/500
0s - loss: 0.2226 - acc: 0.9235 - val_loss: 0.1934 - val_acc: 0.9224
Epoch 16/500
0s - loss: 0.2198 - acc: 0.9243 - val_loss: 0.1909 - val_acc: 0.9286
Epoch 17/500
0s - loss: 0.2167 - acc: 0.9278 - val_loss: 0.1899 - val_acc: 0.9270
Epoch 18/500
0s - loss: 0.2142 - acc: 0.9266 - val_loss: 0.1882 - val_acc: 0.9301
Epoch 19/500
0s - loss: 0.2117 - acc: 0.9274 - val_loss: 0.1875 - val_acc: 0.9332
Epoch 20/500
0s - loss: 0.2097 - acc: 0.9270 - val_loss: 0.1865 - val_acc: 0.9317
Epoch 21/500
0s - loss: 0.2077 - acc: 0.9282 - val_loss: 0.1852 - val_acc: 0.9332
Epoch 22/500
0s - loss: 0.2059 - acc: 0.9286 - val_loss: 0.1847 - val_acc: 0.9348
Epoch 23/500
0s - loss: 0.2041 - acc: 0.9278 - val_loss: 0.1847 - val_acc: 0.9348
Epoch 24/500
0s - loss: 0.2025 - acc: 0.9297 - val_loss: 0.1840 - val_acc: 0.9332
Epoch 25/500
0s - loss: 0.2015 - acc: 0.9305 - val_loss: 0.1829 - val_acc: 0.9348
Epoch 26/500
0s - loss: 0.1999 - acc: 0.9313 - val_loss: 0.1829 - val_acc: 0.9363
Epoch 27/500
0s - loss: 0.1989 - acc: 0.9309 - val_loss: 0.1828 - val_acc: 0.9348
Epoch 28/500
0s - loss: 0.1974 - acc: 0.9313 - val_loss: 0.1822 - val_acc: 0.9363
Epoch 29/500
0s - loss: 0.1964 - acc: 0.9321 - val_loss: 0.1813 - val_acc: 0.9379
Epoch 30/500
0s - loss: 0.1952 - acc: 0.9321 - val_loss: 0.1812 - val_acc: 0.9379
Epoch 31/500
0s - loss: 0.1939 - acc: 0.9336 - val_loss: 0.1815 - val_acc: 0.9379
Epoch 32/500
0s - loss: 0.1933 - acc: 0.9328 - val_loss: 0.1812 - val_acc: 0.9379
Epoch 33/500
0s - loss: 0.1920 - acc: 0.9328 - val_loss: 0.1808 - val_acc: 0.9394
Epoch 34/500
0s - loss: 0.1914 - acc: 0.9344 - val_loss: 0.1805 - val_acc: 0.9379
Epoch 35/500
0s - loss: 0.1904 - acc: 0.9336 - val_loss: 0.1802 - val_acc: 0.9379
Epoch 36/500
0s - loss: 0.1894 - acc: 0.9332 - val_loss: 0.1804 - val_acc: 0.9394
Epoch 37/500
0s - loss: 0.1887 - acc: 0.9348 - val_loss: 0.1812 - val_acc: 0.9394
Epoch 38/500
0s - loss: 0.1877 - acc: 0.9340 - val_loss: 0.1802 - val_acc: 0.9379
Epoch 39/500
0s - loss: 0.1866 - acc: 0.9344 - val_loss: 0.1804 - val_acc: 0.9394
Epoch 40/500
0s - loss: 0.1856 - acc: 0.9344 - val_loss: 0.1804 - val_acc: 0.9394
Epoch 41/500
0s - loss: 0.1846 - acc: 0.9332 - val_loss: 0.1799 - val_acc: 0.9394
Epoch 42/500
0s - loss: 0.1837 - acc: 0.9348 - val_loss: 0.1800 - val_acc: 0.9410
Epoch 43/500
0s - loss: 0.1830 - acc: 0.9344 - val_loss: 0.1802 - val_acc: 0.9394
Epoch 44/500
0s - loss: 0.1821 - acc: 0.9340 - val_loss: 0.1807 - val_acc: 0.9394
Epoch 45/500
0s - loss: 0.1816 - acc: 0.9348 - val_loss: 0.1799 - val_acc: 0.9425
Epoch 46/500
0s - loss: 0.1808 - acc: 0.9344 - val_loss: 0.1799 - val_acc: 0.9425
----------- Model 0 KF 
loss: 0.179922733803
acc: 0.942546583851
----------- Model 0: average loss: 0.194072767833 
Train on 2576 samples, validate on 644 samples
Epoch 1/500
0s - loss: 0.6152 - acc: 0.6374 - val_loss: 0.4756 - val_acc: 0.8292
Epoch 2/500
0s - loss: 0.3550 - acc: 0.8769 - val_loss: 0.3083 - val_acc: 0.8773
Epoch 3/500
0s - loss: 0.2651 - acc: 0.9049 - val_loss: 0.2728 - val_acc: 0.8960
Epoch 4/500
0s - loss: 0.2353 - acc: 0.9150 - val_loss: 0.2618 - val_acc: 0.9006
Epoch 5/500
0s - loss: 0.2208 - acc: 0.9231 - val_loss: 0.2573 - val_acc: 0.9037
Epoch 6/500
0s - loss: 0.2119 - acc: 0.9270 - val_loss: 0.2527 - val_acc: 0.9099
Epoch 7/500
0s - loss: 0.2056 - acc: 0.9278 - val_loss: 0.2517 - val_acc: 0.9161
Epoch 8/500
0s - loss: 0.2007 - acc: 0.9328 - val_loss: 0.2485 - val_acc: 0.9130
Epoch 9/500
0s - loss: 0.1966 - acc: 0.9309 - val_loss: 0.2480 - val_acc: 0.9146
Epoch 10/500
0s - loss: 0.1931 - acc: 0.9313 - val_loss: 0.2477 - val_acc: 0.9053
Epoch 11/500
0s - loss: 0.1911 - acc: 0.9340 - val_loss: 0.2464 - val_acc: 0.9146
Epoch 12/500
0s - loss: 0.1878 - acc: 0.9325 - val_loss: 0.2457 - val_acc: 0.9161
Epoch 13/500
0s - loss: 0.1856 - acc: 0.9367 - val_loss: 0.2425 - val_acc: 0.9130
Epoch 14/500
0s - loss: 0.1834 - acc: 0.9367 - val_loss: 0.2421 - val_acc: 0.9099
Epoch 15/500
0s - loss: 0.1802 - acc: 0.9367 - val_loss: 0.2410 - val_acc: 0.9099
Epoch 16/500
0s - loss: 0.1781 - acc: 0.9367 - val_loss: 0.2397 - val_acc: 0.9177
Epoch 17/500
0s - loss: 0.1763 - acc: 0.9398 - val_loss: 0.2407 - val_acc: 0.9161
Epoch 18/500
0s - loss: 0.1750 - acc: 0.9418 - val_loss: 0.2421 - val_acc: 0.9068
Epoch 19/500
0s - loss: 0.1738 - acc: 0.9398 - val_loss: 0.2392 - val_acc: 0.9208
Epoch 20/500
0s - loss: 0.1730 - acc: 0.9402 - val_loss: 0.2404 - val_acc: 0.9193
Epoch 21/500
0s - loss: 0.1708 - acc: 0.9406 - val_loss: 0.2396 - val_acc: 0.9193
Epoch 22/500
0s - loss: 0.1704 - acc: 0.9410 - val_loss: 0.2384 - val_acc: 0.9208
Epoch 23/500
0s - loss: 0.1694 - acc: 0.9418 - val_loss: 0.2383 - val_acc: 0.9193
Epoch 24/500
0s - loss: 0.1681 - acc: 0.9433 - val_loss: 0.2374 - val_acc: 0.9208
Epoch 25/500
0s - loss: 0.1670 - acc: 0.9437 - val_loss: 0.2367 - val_acc: 0.9146
Epoch 26/500
0s - loss: 0.1663 - acc: 0.9429 - val_loss: 0.2366 - val_acc: 0.9177
Epoch 27/500
0s - loss: 0.1648 - acc: 0.9410 - val_loss: 0.2402 - val_acc: 0.9193
Epoch 28/500
0s - loss: 0.1647 - acc: 0.9406 - val_loss: 0.2360 - val_acc: 0.9208
Epoch 29/500
0s - loss: 0.1628 - acc: 0.9433 - val_loss: 0.2353 - val_acc: 0.9193
Epoch 30/500
0s - loss: 0.1619 - acc: 0.9422 - val_loss: 0.2363 - val_acc: 0.9208
Epoch 31/500
0s - loss: 0.1608 - acc: 0.9445 - val_loss: 0.2373 - val_acc: 0.9193
Epoch 32/500
0s - loss: 0.1603 - acc: 0.9457 - val_loss: 0.2354 - val_acc: 0.9193
Epoch 33/500
0s - loss: 0.1590 - acc: 0.9445 - val_loss: 0.2350 - val_acc: 0.9193
Epoch 34/500
0s - loss: 0.1578 - acc: 0.9429 - val_loss: 0.2347 - val_acc: 0.9208
Epoch 35/500
0s - loss: 0.1573 - acc: 0.9422 - val_loss: 0.2347 - val_acc: 0.9177
Epoch 36/500
0s - loss: 0.1559 - acc: 0.9437 - val_loss: 0.2359 - val_acc: 0.9177
Epoch 37/500
0s - loss: 0.1557 - acc: 0.9433 - val_loss: 0.2362 - val_acc: 0.9177
Epoch 38/500
0s - loss: 0.1546 - acc: 0.9449 - val_loss: 0.2362 - val_acc: 0.9193
Epoch 39/500
0s - loss: 0.1540 - acc: 0.9453 - val_loss: 0.2360 - val_acc: 0.9177
Epoch 40/500
0s - loss: 0.1530 - acc: 0.9468 - val_loss: 0.2352 - val_acc: 0.9193
----------- Model 1 KF 
loss: 0.235208357343
acc: 0.919254658385
Train on 2576 samples, validate on 644 samples
Epoch 1/500
0s - loss: 0.6166 - acc: 0.6479 - val_loss: 0.4708 - val_acc: 0.8214
Epoch 2/500
0s - loss: 0.3692 - acc: 0.8610 - val_loss: 0.2688 - val_acc: 0.9099
Epoch 3/500
0s - loss: 0.2804 - acc: 0.9006 - val_loss: 0.2289 - val_acc: 0.9301
Epoch 4/500
0s - loss: 0.2513 - acc: 0.9092 - val_loss: 0.2071 - val_acc: 0.9348
Epoch 5/500
0s - loss: 0.2354 - acc: 0.9185 - val_loss: 0.1975 - val_acc: 0.9363
Epoch 6/500
0s - loss: 0.2258 - acc: 0.9216 - val_loss: 0.1910 - val_acc: 0.9363
Epoch 7/500
0s - loss: 0.2203 - acc: 0.9251 - val_loss: 0.1865 - val_acc: 0.9348
Epoch 8/500
0s - loss: 0.2146 - acc: 0.9270 - val_loss: 0.1860 - val_acc: 0.9301
Epoch 9/500
0s - loss: 0.2113 - acc: 0.9290 - val_loss: 0.1817 - val_acc: 0.9348
Epoch 10/500
0s - loss: 0.2084 - acc: 0.9274 - val_loss: 0.1810 - val_acc: 0.9317
Epoch 11/500
0s - loss: 0.2049 - acc: 0.9321 - val_loss: 0.1780 - val_acc: 0.9301
Epoch 12/500
0s - loss: 0.2030 - acc: 0.9309 - val_loss: 0.1781 - val_acc: 0.9317
Epoch 13/500
0s - loss: 0.2006 - acc: 0.9336 - val_loss: 0.1755 - val_acc: 0.9332
Epoch 14/500
0s - loss: 0.1979 - acc: 0.9340 - val_loss: 0.1743 - val_acc: 0.9348
Epoch 15/500
0s - loss: 0.1961 - acc: 0.9367 - val_loss: 0.1737 - val_acc: 0.9317
Epoch 16/500
0s - loss: 0.1937 - acc: 0.9332 - val_loss: 0.1725 - val_acc: 0.9286
Epoch 17/500
0s - loss: 0.1926 - acc: 0.9359 - val_loss: 0.1715 - val_acc: 0.9332
Epoch 18/500
0s - loss: 0.1908 - acc: 0.9348 - val_loss: 0.1706 - val_acc: 0.9317
Epoch 19/500
0s - loss: 0.1897 - acc: 0.9352 - val_loss: 0.1712 - val_acc: 0.9270
Epoch 20/500
0s - loss: 0.1878 - acc: 0.9391 - val_loss: 0.1700 - val_acc: 0.9317
Epoch 21/500
0s - loss: 0.1863 - acc: 0.9375 - val_loss: 0.1695 - val_acc: 0.9286
Epoch 22/500
0s - loss: 0.1848 - acc: 0.9406 - val_loss: 0.1688 - val_acc: 0.9332
Epoch 23/500
0s - loss: 0.1838 - acc: 0.9387 - val_loss: 0.1650 - val_acc: 0.9286
Epoch 24/500
0s - loss: 0.1822 - acc: 0.9410 - val_loss: 0.1647 - val_acc: 0.9301
Epoch 25/500
0s - loss: 0.1812 - acc: 0.9394 - val_loss: 0.1646 - val_acc: 0.9317
Epoch 26/500
0s - loss: 0.1792 - acc: 0.9391 - val_loss: 0.1627 - val_acc: 0.9317
Epoch 27/500
0s - loss: 0.1781 - acc: 0.9379 - val_loss: 0.1677 - val_acc: 0.9317
Epoch 28/500
0s - loss: 0.1774 - acc: 0.9394 - val_loss: 0.1608 - val_acc: 0.9317
Epoch 29/500
0s - loss: 0.1760 - acc: 0.9410 - val_loss: 0.1626 - val_acc: 0.9332
Epoch 30/500
0s - loss: 0.1747 - acc: 0.9406 - val_loss: 0.1607 - val_acc: 0.9301
Epoch 31/500
0s - loss: 0.1735 - acc: 0.9402 - val_loss: 0.1636 - val_acc: 0.9332
Epoch 32/500
0s - loss: 0.1729 - acc: 0.9418 - val_loss: 0.1601 - val_acc: 0.9317
Epoch 33/500
0s - loss: 0.1716 - acc: 0.9418 - val_loss: 0.1591 - val_acc: 0.9301
Epoch 34/500
0s - loss: 0.1698 - acc: 0.9437 - val_loss: 0.1600 - val_acc: 0.9286
Epoch 35/500
0s - loss: 0.1697 - acc: 0.9429 - val_loss: 0.1621 - val_acc: 0.9317
Epoch 36/500
0s - loss: 0.1685 - acc: 0.9418 - val_loss: 0.1590 - val_acc: 0.9348
Epoch 37/500
0s - loss: 0.1669 - acc: 0.9414 - val_loss: 0.1599 - val_acc: 0.9332
Epoch 38/500
0s - loss: 0.1665 - acc: 0.9441 - val_loss: 0.1605 - val_acc: 0.9317
Epoch 39/500
0s - loss: 0.1656 - acc: 0.9433 - val_loss: 0.1618 - val_acc: 0.9301
Epoch 40/500
0s - loss: 0.1650 - acc: 0.9429 - val_loss: 0.1602 - val_acc: 0.9348
Epoch 41/500
0s - loss: 0.1641 - acc: 0.9433 - val_loss: 0.1599 - val_acc: 0.9332
----------- Model 1 KF 
loss: 0.159934829481
acc: 0.933229813665
Train on 2576 samples, validate on 644 samples
Epoch 1/500
0s - loss: 0.6221 - acc: 0.6386 - val_loss: 0.5203 - val_acc: 0.7904
Epoch 2/500
0s - loss: 0.3701 - acc: 0.8672 - val_loss: 0.3443 - val_acc: 0.8758
Epoch 3/500
0s - loss: 0.2670 - acc: 0.9068 - val_loss: 0.3028 - val_acc: 0.8866
Epoch 4/500
0s - loss: 0.2375 - acc: 0.9181 - val_loss: 0.2837 - val_acc: 0.8929
Epoch 5/500
0s - loss: 0.2227 - acc: 0.9239 - val_loss: 0.2685 - val_acc: 0.9006
Epoch 6/500
0s - loss: 0.2133 - acc: 0.9266 - val_loss: 0.2573 - val_acc: 0.9084
Epoch 7/500
0s - loss: 0.2057 - acc: 0.9313 - val_loss: 0.2514 - val_acc: 0.9084
Epoch 8/500
0s - loss: 0.2009 - acc: 0.9348 - val_loss: 0.2515 - val_acc: 0.9068
Epoch 9/500
0s - loss: 0.1970 - acc: 0.9356 - val_loss: 0.2471 - val_acc: 0.9115
Epoch 10/500
0s - loss: 0.1937 - acc: 0.9352 - val_loss: 0.2399 - val_acc: 0.9146
Epoch 11/500
0s - loss: 0.1913 - acc: 0.9379 - val_loss: 0.2394 - val_acc: 0.9146
Epoch 12/500
0s - loss: 0.1888 - acc: 0.9352 - val_loss: 0.2429 - val_acc: 0.9099
Epoch 13/500
0s - loss: 0.1869 - acc: 0.9379 - val_loss: 0.2394 - val_acc: 0.9130
Epoch 14/500
0s - loss: 0.1846 - acc: 0.9359 - val_loss: 0.2369 - val_acc: 0.9224
Epoch 15/500
0s - loss: 0.1826 - acc: 0.9371 - val_loss: 0.2343 - val_acc: 0.9224
Epoch 16/500
0s - loss: 0.1805 - acc: 0.9387 - val_loss: 0.2354 - val_acc: 0.9177
Epoch 17/500
0s - loss: 0.1784 - acc: 0.9375 - val_loss: 0.2337 - val_acc: 0.9161
Epoch 18/500
0s - loss: 0.1774 - acc: 0.9387 - val_loss: 0.2303 - val_acc: 0.9177
Epoch 19/500
0s - loss: 0.1760 - acc: 0.9398 - val_loss: 0.2355 - val_acc: 0.9161
Epoch 20/500
0s - loss: 0.1747 - acc: 0.9402 - val_loss: 0.2308 - val_acc: 0.9161
Epoch 21/500
0s - loss: 0.1733 - acc: 0.9391 - val_loss: 0.2288 - val_acc: 0.9224
Epoch 22/500
0s - loss: 0.1722 - acc: 0.9425 - val_loss: 0.2299 - val_acc: 0.9208
Epoch 23/500
0s - loss: 0.1708 - acc: 0.9402 - val_loss: 0.2349 - val_acc: 0.9177
Epoch 24/500
0s - loss: 0.1698 - acc: 0.9398 - val_loss: 0.2285 - val_acc: 0.9161
Epoch 25/500
0s - loss: 0.1684 - acc: 0.9418 - val_loss: 0.2242 - val_acc: 0.9224
Epoch 26/500
0s - loss: 0.1671 - acc: 0.9414 - val_loss: 0.2266 - val_acc: 0.9193
Epoch 27/500
0s - loss: 0.1659 - acc: 0.9449 - val_loss: 0.2226 - val_acc: 0.9224
Epoch 28/500
0s - loss: 0.1644 - acc: 0.9410 - val_loss: 0.2188 - val_acc: 0.9193
Epoch 29/500
0s - loss: 0.1638 - acc: 0.9425 - val_loss: 0.2268 - val_acc: 0.9177
Epoch 30/500
0s - loss: 0.1628 - acc: 0.9449 - val_loss: 0.2212 - val_acc: 0.9193
Epoch 31/500
0s - loss: 0.1617 - acc: 0.9429 - val_loss: 0.2225 - val_acc: 0.9224
Epoch 32/500
0s - loss: 0.1600 - acc: 0.9433 - val_loss: 0.2246 - val_acc: 0.9177
Epoch 33/500
0s - loss: 0.1603 - acc: 0.9429 - val_loss: 0.2225 - val_acc: 0.9208
----------- Model 1 KF 
loss: 0.222459076724
acc: 0.920807453416
Train on 2576 samples, validate on 644 samples
Epoch 1/500
0s - loss: 0.6352 - acc: 0.6192 - val_loss: 0.5264 - val_acc: 0.7143
Epoch 2/500
0s - loss: 0.3976 - acc: 0.8424 - val_loss: 0.2899 - val_acc: 0.9022
Epoch 3/500
0s - loss: 0.2882 - acc: 0.8971 - val_loss: 0.2365 - val_acc: 0.9255
Epoch 4/500
0s - loss: 0.2574 - acc: 0.9064 - val_loss: 0.2168 - val_acc: 0.9363
Epoch 5/500
0s - loss: 0.2396 - acc: 0.9134 - val_loss: 0.2039 - val_acc: 0.9348
Epoch 6/500
0s - loss: 0.2278 - acc: 0.9150 - val_loss: 0.1986 - val_acc: 0.9363
Epoch 7/500
0s - loss: 0.2197 - acc: 0.9200 - val_loss: 0.2033 - val_acc: 0.9457
Epoch 8/500
0s - loss: 0.2139 - acc: 0.9247 - val_loss: 0.1923 - val_acc: 0.9394
Epoch 9/500
0s - loss: 0.2100 - acc: 0.9231 - val_loss: 0.1902 - val_acc: 0.9425
Epoch 10/500
0s - loss: 0.2076 - acc: 0.9259 - val_loss: 0.1872 - val_acc: 0.9394
Epoch 11/500
0s - loss: 0.2044 - acc: 0.9262 - val_loss: 0.1923 - val_acc: 0.9472
Epoch 12/500
0s - loss: 0.2020 - acc: 0.9266 - val_loss: 0.1848 - val_acc: 0.9425
Epoch 13/500
0s - loss: 0.1998 - acc: 0.9282 - val_loss: 0.1836 - val_acc: 0.9472
Epoch 14/500
0s - loss: 0.1970 - acc: 0.9293 - val_loss: 0.1826 - val_acc: 0.9332
Epoch 15/500
0s - loss: 0.1962 - acc: 0.9282 - val_loss: 0.1830 - val_acc: 0.9488
Epoch 16/500
0s - loss: 0.1939 - acc: 0.9321 - val_loss: 0.1926 - val_acc: 0.9534
Epoch 17/500
0s - loss: 0.1906 - acc: 0.9325 - val_loss: 0.1802 - val_acc: 0.9441
Epoch 18/500
0s - loss: 0.1891 - acc: 0.9317 - val_loss: 0.1813 - val_acc: 0.9534
Epoch 19/500
0s - loss: 0.1875 - acc: 0.9325 - val_loss: 0.1824 - val_acc: 0.9519
Epoch 20/500
0s - loss: 0.1859 - acc: 0.9344 - val_loss: 0.1798 - val_acc: 0.9441
Epoch 21/500
0s - loss: 0.1851 - acc: 0.9309 - val_loss: 0.1777 - val_acc: 0.9472
Epoch 22/500
0s - loss: 0.1836 - acc: 0.9313 - val_loss: 0.1786 - val_acc: 0.9488
Epoch 23/500
0s - loss: 0.1828 - acc: 0.9328 - val_loss: 0.1792 - val_acc: 0.9488
Epoch 24/500
0s - loss: 0.1804 - acc: 0.9344 - val_loss: 0.1896 - val_acc: 0.9472
Epoch 25/500
0s - loss: 0.1795 - acc: 0.9344 - val_loss: 0.1878 - val_acc: 0.9457
Epoch 26/500
0s - loss: 0.1787 - acc: 0.9325 - val_loss: 0.1789 - val_acc: 0.9519
----------- Model 1 KF 
loss: 0.178933895638
acc: 0.951863354037
Train on 2576 samples, validate on 644 samples
Epoch 1/500
0s - loss: 0.6352 - acc: 0.6200 - val_loss: 0.5505 - val_acc: 0.6801
Epoch 2/500
0s - loss: 0.4060 - acc: 0.8339 - val_loss: 0.3221 - val_acc: 0.8851
Epoch 3/500
0s - loss: 0.2763 - acc: 0.9033 - val_loss: 0.2792 - val_acc: 0.8991
Epoch 4/500
0s - loss: 0.2404 - acc: 0.9146 - val_loss: 0.2642 - val_acc: 0.9006
Epoch 5/500
0s - loss: 0.2239 - acc: 0.9208 - val_loss: 0.2546 - val_acc: 0.9084
Epoch 6/500
0s - loss: 0.2141 - acc: 0.9247 - val_loss: 0.2477 - val_acc: 0.9193
Epoch 7/500
0s - loss: 0.2063 - acc: 0.9231 - val_loss: 0.2424 - val_acc: 0.9208
Epoch 8/500
0s - loss: 0.2021 - acc: 0.9301 - val_loss: 0.2403 - val_acc: 0.9255
Epoch 9/500
0s - loss: 0.1964 - acc: 0.9270 - val_loss: 0.2397 - val_acc: 0.9317
Epoch 10/500
0s - loss: 0.1948 - acc: 0.9297 - val_loss: 0.2369 - val_acc: 0.9208
Epoch 11/500
0s - loss: 0.1916 - acc: 0.9332 - val_loss: 0.2362 - val_acc: 0.9208
Epoch 12/500
0s - loss: 0.1896 - acc: 0.9344 - val_loss: 0.2314 - val_acc: 0.9301
Epoch 13/500
0s - loss: 0.1873 - acc: 0.9356 - val_loss: 0.2326 - val_acc: 0.9394
Epoch 14/500
0s - loss: 0.1860 - acc: 0.9356 - val_loss: 0.2293 - val_acc: 0.9301
Epoch 15/500
0s - loss: 0.1838 - acc: 0.9356 - val_loss: 0.2274 - val_acc: 0.9301
Epoch 16/500
0s - loss: 0.1824 - acc: 0.9348 - val_loss: 0.2263 - val_acc: 0.9317
Epoch 17/500
0s - loss: 0.1809 - acc: 0.9356 - val_loss: 0.2229 - val_acc: 0.9301
Epoch 18/500
0s - loss: 0.1797 - acc: 0.9356 - val_loss: 0.2200 - val_acc: 0.9317
Epoch 19/500
0s - loss: 0.1777 - acc: 0.9375 - val_loss: 0.2167 - val_acc: 0.9332
Epoch 20/500
0s - loss: 0.1765 - acc: 0.9375 - val_loss: 0.2163 - val_acc: 0.9317
Epoch 21/500
0s - loss: 0.1752 - acc: 0.9379 - val_loss: 0.2140 - val_acc: 0.9286
Epoch 22/500
0s - loss: 0.1745 - acc: 0.9367 - val_loss: 0.2098 - val_acc: 0.9379
Epoch 23/500
0s - loss: 0.1732 - acc: 0.9406 - val_loss: 0.2095 - val_acc: 0.9363
Epoch 24/500
0s - loss: 0.1725 - acc: 0.9379 - val_loss: 0.2045 - val_acc: 0.9317
Epoch 25/500
0s - loss: 0.1707 - acc: 0.9379 - val_loss: 0.2027 - val_acc: 0.9379
Epoch 26/500
0s - loss: 0.1703 - acc: 0.9418 - val_loss: 0.2011 - val_acc: 0.9317
Epoch 27/500
0s - loss: 0.1689 - acc: 0.9402 - val_loss: 0.2033 - val_acc: 0.9394
Epoch 28/500
0s - loss: 0.1687 - acc: 0.9402 - val_loss: 0.1986 - val_acc: 0.9348
Epoch 29/500
0s - loss: 0.1677 - acc: 0.9418 - val_loss: 0.1974 - val_acc: 0.9286
Epoch 30/500
0s - loss: 0.1669 - acc: 0.9391 - val_loss: 0.1952 - val_acc: 0.9348
Epoch 31/500
0s - loss: 0.1660 - acc: 0.9387 - val_loss: 0.1954 - val_acc: 0.9363
Epoch 32/500
0s - loss: 0.1657 - acc: 0.9422 - val_loss: 0.1931 - val_acc: 0.9394
Epoch 33/500
0s - loss: 0.1647 - acc: 0.9410 - val_loss: 0.1930 - val_acc: 0.9363
Epoch 34/500
0s - loss: 0.1638 - acc: 0.9414 - val_loss: 0.1927 - val_acc: 0.9363
Epoch 35/500
0s - loss: 0.1629 - acc: 0.9391 - val_loss: 0.1926 - val_acc: 0.9379
Epoch 36/500
0s - loss: 0.1622 - acc: 0.9422 - val_loss: 0.1919 - val_acc: 0.9363
Epoch 37/500
0s - loss: 0.1619 - acc: 0.9429 - val_loss: 0.1914 - val_acc: 0.9425
Epoch 38/500
0s - loss: 0.1613 - acc: 0.9433 - val_loss: 0.1918 - val_acc: 0.9379
Epoch 39/500
0s - loss: 0.1603 - acc: 0.9433 - val_loss: 0.1907 - val_acc: 0.9394
Epoch 40/500
0s - loss: 0.1598 - acc: 0.9425 - val_loss: 0.1887 - val_acc: 0.9441
Epoch 41/500
0s - loss: 0.1591 - acc: 0.9418 - val_loss: 0.1901 - val_acc: 0.9394
Epoch 42/500
0s - loss: 0.1587 - acc: 0.9445 - val_loss: 0.1892 - val_acc: 0.9410
Epoch 43/500
0s - loss: 0.1577 - acc: 0.9433 - val_loss: 0.1891 - val_acc: 0.9348
Epoch 44/500
0s - loss: 0.1570 - acc: 0.9445 - val_loss: 0.1877 - val_acc: 0.9410
Epoch 45/500
0s - loss: 0.1563 - acc: 0.9433 - val_loss: 0.1886 - val_acc: 0.9410
Epoch 46/500
0s - loss: 0.1559 - acc: 0.9425 - val_loss: 0.1896 - val_acc: 0.9363
Epoch 47/500
0s - loss: 0.1552 - acc: 0.9441 - val_loss: 0.1877 - val_acc: 0.9425
Epoch 48/500
0s - loss: 0.1540 - acc: 0.9441 - val_loss: 0.1876 - val_acc: 0.9410
Epoch 49/500
0s - loss: 0.1542 - acc: 0.9441 - val_loss: 0.1873 - val_acc: 0.9379
Epoch 50/500
0s - loss: 0.1530 - acc: 0.9433 - val_loss: 0.1858 - val_acc: 0.9441
Epoch 51/500
0s - loss: 0.1528 - acc: 0.9445 - val_loss: 0.1866 - val_acc: 0.9348
Epoch 52/500
0s - loss: 0.1517 - acc: 0.9445 - val_loss: 0.1852 - val_acc: 0.9394
Epoch 53/500
0s - loss: 0.1514 - acc: 0.9441 - val_loss: 0.1857 - val_acc: 0.9348
Epoch 54/500
0s - loss: 0.1507 - acc: 0.9449 - val_loss: 0.1843 - val_acc: 0.9410
Epoch 55/500
0s - loss: 0.1500 - acc: 0.9437 - val_loss: 0.1850 - val_acc: 0.9363
Epoch 56/500
0s - loss: 0.1496 - acc: 0.9460 - val_loss: 0.1862 - val_acc: 0.9363
Epoch 57/500
0s - loss: 0.1490 - acc: 0.9453 - val_loss: 0.1840 - val_acc: 0.9379
Epoch 58/500
0s - loss: 0.1484 - acc: 0.9460 - val_loss: 0.1845 - val_acc: 0.9379
Epoch 59/500
0s - loss: 0.1480 - acc: 0.9460 - val_loss: 0.1831 - val_acc: 0.9379
Epoch 60/500
0s - loss: 0.1469 - acc: 0.9460 - val_loss: 0.1850 - val_acc: 0.9379
Epoch 61/500
0s - loss: 0.1472 - acc: 0.9457 - val_loss: 0.1831 - val_acc: 0.9410
Epoch 62/500
0s - loss: 0.1464 - acc: 0.9457 - val_loss: 0.1833 - val_acc: 0.9379
Epoch 63/500
0s - loss: 0.1459 - acc: 0.9476 - val_loss: 0.1821 - val_acc: 0.9394
Epoch 64/500
0s - loss: 0.1450 - acc: 0.9460 - val_loss: 0.1829 - val_acc: 0.9379
Epoch 65/500
0s - loss: 0.1450 - acc: 0.9468 - val_loss: 0.1828 - val_acc: 0.9379
Epoch 66/500
0s - loss: 0.1446 - acc: 0.9460 - val_loss: 0.1820 - val_acc: 0.9363
Epoch 67/500
0s - loss: 0.1442 - acc: 0.9472 - val_loss: 0.1819 - val_acc: 0.9394
Epoch 68/500
0s - loss: 0.1438 - acc: 0.9468 - val_loss: 0.1815 - val_acc: 0.9394
Epoch 69/500
0s - loss: 0.1428 - acc: 0.9457 - val_loss: 0.1812 - val_acc: 0.9410
Epoch 70/500
0s - loss: 0.1427 - acc: 0.9476 - val_loss: 0.1812 - val_acc: 0.9394
Epoch 71/500
0s - loss: 0.1421 - acc: 0.9476 - val_loss: 0.1806 - val_acc: 0.9379
Epoch 72/500
0s - loss: 0.1418 - acc: 0.9480 - val_loss: 0.1806 - val_acc: 0.9379
Epoch 73/500
0s - loss: 0.1410 - acc: 0.9476 - val_loss: 0.1816 - val_acc: 0.9379
Epoch 74/500
0s - loss: 0.1409 - acc: 0.9499 - val_loss: 0.1806 - val_acc: 0.9394
Epoch 75/500
0s - loss: 0.1407 - acc: 0.9488 - val_loss: 0.1801 - val_acc: 0.9410
Epoch 76/500
0s - loss: 0.1396 - acc: 0.9476 - val_loss: 0.1798 - val_acc: 0.9410
Epoch 77/500
0s - loss: 0.1390 - acc: 0.9464 - val_loss: 0.1791 - val_acc: 0.9410
Epoch 78/500
0s - loss: 0.1387 - acc: 0.9499 - val_loss: 0.1785 - val_acc: 0.9410
Epoch 79/500
0s - loss: 0.1382 - acc: 0.9484 - val_loss: 0.1797 - val_acc: 0.9441
Epoch 80/500
0s - loss: 0.1378 - acc: 0.9495 - val_loss: 0.1786 - val_acc: 0.9425
Epoch 81/500
0s - loss: 0.1374 - acc: 0.9495 - val_loss: 0.1788 - val_acc: 0.9441
Epoch 82/500
0s - loss: 0.1370 - acc: 0.9472 - val_loss: 0.1784 - val_acc: 0.9425
Epoch 83/500
0s - loss: 0.1367 - acc: 0.9499 - val_loss: 0.1777 - val_acc: 0.9441
Epoch 84/500
0s - loss: 0.1359 - acc: 0.9495 - val_loss: 0.1777 - val_acc: 0.9441
Epoch 85/500
0s - loss: 0.1359 - acc: 0.9499 - val_loss: 0.1770 - val_acc: 0.9425
Epoch 86/500
0s - loss: 0.1357 - acc: 0.9488 - val_loss: 0.1771 - val_acc: 0.9410
Epoch 87/500
0s - loss: 0.1347 - acc: 0.9484 - val_loss: 0.1781 - val_acc: 0.9457
Epoch 88/500
0s - loss: 0.1345 - acc: 0.9499 - val_loss: 0.1785 - val_acc: 0.9441
Epoch 89/500
0s - loss: 0.1342 - acc: 0.9503 - val_loss: 0.1768 - val_acc: 0.9425
Epoch 90/500
0s - loss: 0.1339 - acc: 0.9530 - val_loss: 0.1772 - val_acc: 0.9425
Epoch 91/500
0s - loss: 0.1336 - acc: 0.9491 - val_loss: 0.1774 - val_acc: 0.9425
Epoch 92/500
0s - loss: 0.1330 - acc: 0.9511 - val_loss: 0.1778 - val_acc: 0.9425
Epoch 93/500
0s - loss: 0.1326 - acc: 0.9507 - val_loss: 0.1778 - val_acc: 0.9457
Epoch 94/500
0s - loss: 0.1323 - acc: 0.9507 - val_loss: 0.1770 - val_acc: 0.9425
----------- Model 1 KF 
loss: 0.177034086588
acc: 0.942546583851
----------- Model 1: average loss: 0.194714049155 
-----------------  Best model (index: 0) re-training....
loss: 0.194471981214
acc: 0.926811594203
