Train on 2576 samples, validate on 644 samples
Epoch 1/200
0s - loss: 0.6882 - acc: 0.5885 - val_loss: 0.6688 - val_acc: 0.6118
Epoch 2/200
0s - loss: 0.6746 - acc: 0.6176 - val_loss: 0.6656 - val_acc: 0.6118
Epoch 3/200
0s - loss: 0.6722 - acc: 0.6176 - val_loss: 0.6644 - val_acc: 0.6118
Epoch 4/200
0s - loss: 0.6707 - acc: 0.6176 - val_loss: 0.6632 - val_acc: 0.6118
Epoch 5/200
0s - loss: 0.6691 - acc: 0.6176 - val_loss: 0.6620 - val_acc: 0.6118
Epoch 6/200
0s - loss: 0.6676 - acc: 0.6176 - val_loss: 0.6606 - val_acc: 0.6118
Epoch 7/200
0s - loss: 0.6660 - acc: 0.6176 - val_loss: 0.6588 - val_acc: 0.6118
Epoch 8/200
0s - loss: 0.6641 - acc: 0.6176 - val_loss: 0.6569 - val_acc: 0.6118
Epoch 9/200
0s - loss: 0.6620 - acc: 0.6176 - val_loss: 0.6548 - val_acc: 0.6118
Epoch 10/200
0s - loss: 0.6598 - acc: 0.6176 - val_loss: 0.6524 - val_acc: 0.6118
Epoch 11/200
0s - loss: 0.6571 - acc: 0.6176 - val_loss: 0.6495 - val_acc: 0.6118
Epoch 12/200
0s - loss: 0.6541 - acc: 0.6176 - val_loss: 0.6461 - val_acc: 0.6118
Epoch 13/200
0s - loss: 0.6507 - acc: 0.6176 - val_loss: 0.6422 - val_acc: 0.6118
Epoch 14/200
0s - loss: 0.6469 - acc: 0.6176 - val_loss: 0.6378 - val_acc: 0.6118
Epoch 15/200
0s - loss: 0.6424 - acc: 0.6176 - val_loss: 0.6327 - val_acc: 0.6118
Epoch 16/200
0s - loss: 0.6375 - acc: 0.6176 - val_loss: 0.6268 - val_acc: 0.6118
Epoch 17/200
0s - loss: 0.6317 - acc: 0.6180 - val_loss: 0.6201 - val_acc: 0.6118
Epoch 18/200
0s - loss: 0.6255 - acc: 0.6192 - val_loss: 0.6125 - val_acc: 0.6134
Epoch 19/200
0s - loss: 0.6184 - acc: 0.6215 - val_loss: 0.6043 - val_acc: 0.6149
Epoch 20/200
0s - loss: 0.6106 - acc: 0.6242 - val_loss: 0.5949 - val_acc: 0.6211
Epoch 21/200
0s - loss: 0.6022 - acc: 0.6328 - val_loss: 0.5847 - val_acc: 0.6398
Epoch 22/200
0s - loss: 0.5931 - acc: 0.6526 - val_loss: 0.5738 - val_acc: 0.6522
Epoch 23/200
0s - loss: 0.5835 - acc: 0.6739 - val_loss: 0.5622 - val_acc: 0.6708
Epoch 24/200
0s - loss: 0.5734 - acc: 0.7034 - val_loss: 0.5500 - val_acc: 0.7034
Epoch 25/200
0s - loss: 0.5631 - acc: 0.7228 - val_loss: 0.5375 - val_acc: 0.7189
Epoch 26/200
0s - loss: 0.5526 - acc: 0.7473 - val_loss: 0.5248 - val_acc: 0.7376
Epoch 27/200
0s - loss: 0.5422 - acc: 0.7527 - val_loss: 0.5120 - val_acc: 0.7609
Epoch 28/200
0s - loss: 0.5321 - acc: 0.7756 - val_loss: 0.4994 - val_acc: 0.7686
Epoch 29/200
0s - loss: 0.5223 - acc: 0.7880 - val_loss: 0.4870 - val_acc: 0.7873
Epoch 30/200
0s - loss: 0.5129 - acc: 0.8001 - val_loss: 0.4751 - val_acc: 0.7981
Epoch 31/200
0s - loss: 0.5039 - acc: 0.8133 - val_loss: 0.4637 - val_acc: 0.8199
Epoch 32/200
0s - loss: 0.4957 - acc: 0.8238 - val_loss: 0.4528 - val_acc: 0.8323
Epoch 33/200
0s - loss: 0.4880 - acc: 0.8296 - val_loss: 0.4426 - val_acc: 0.8370
Epoch 34/200
0s - loss: 0.4810 - acc: 0.8358 - val_loss: 0.4330 - val_acc: 0.8416
Epoch 35/200
0s - loss: 0.4746 - acc: 0.8397 - val_loss: 0.4241 - val_acc: 0.8478
Epoch 36/200
0s - loss: 0.4688 - acc: 0.8470 - val_loss: 0.4158 - val_acc: 0.8602
Epoch 37/200
0s - loss: 0.4635 - acc: 0.8556 - val_loss: 0.4081 - val_acc: 0.8665
Epoch 38/200
0s - loss: 0.4587 - acc: 0.8575 - val_loss: 0.4010 - val_acc: 0.8804
Epoch 39/200
0s - loss: 0.4544 - acc: 0.8637 - val_loss: 0.3944 - val_acc: 0.8820
Epoch 40/200
0s - loss: 0.4506 - acc: 0.8657 - val_loss: 0.3884 - val_acc: 0.8835
Epoch 41/200
0s - loss: 0.4472 - acc: 0.8672 - val_loss: 0.3828 - val_acc: 0.8866
Epoch 42/200
0s - loss: 0.4442 - acc: 0.8696 - val_loss: 0.3776 - val_acc: 0.8866
Epoch 43/200
0s - loss: 0.4414 - acc: 0.8700 - val_loss: 0.3729 - val_acc: 0.8866
Epoch 44/200
0s - loss: 0.4390 - acc: 0.8719 - val_loss: 0.3684 - val_acc: 0.8882
Epoch 45/200
0s - loss: 0.4367 - acc: 0.8731 - val_loss: 0.3644 - val_acc: 0.8882
Epoch 46/200
0s - loss: 0.4347 - acc: 0.8734 - val_loss: 0.3606 - val_acc: 0.8882
Epoch 47/200
0s - loss: 0.4329 - acc: 0.8758 - val_loss: 0.3572 - val_acc: 0.8929
Epoch 48/200
0s - loss: 0.4313 - acc: 0.8800 - val_loss: 0.3539 - val_acc: 0.8944
Epoch 49/200
0s - loss: 0.4299 - acc: 0.8800 - val_loss: 0.3509 - val_acc: 0.8960
Epoch 50/200
0s - loss: 0.4286 - acc: 0.8800 - val_loss: 0.3481 - val_acc: 0.8991
Epoch 51/200
0s - loss: 0.4274 - acc: 0.8808 - val_loss: 0.3455 - val_acc: 0.9037
Epoch 52/200
0s - loss: 0.4263 - acc: 0.8816 - val_loss: 0.3431 - val_acc: 0.9037
Epoch 53/200
0s - loss: 0.4253 - acc: 0.8835 - val_loss: 0.3407 - val_acc: 0.9037
Epoch 54/200
0s - loss: 0.4244 - acc: 0.8859 - val_loss: 0.3386 - val_acc: 0.9037
Epoch 55/200
0s - loss: 0.4236 - acc: 0.8863 - val_loss: 0.3366 - val_acc: 0.9037
Epoch 56/200
0s - loss: 0.4227 - acc: 0.8859 - val_loss: 0.3348 - val_acc: 0.9037
Epoch 57/200
0s - loss: 0.4221 - acc: 0.8878 - val_loss: 0.3331 - val_acc: 0.9053
Epoch 58/200
0s - loss: 0.4214 - acc: 0.8874 - val_loss: 0.3315 - val_acc: 0.9068
Epoch 59/200
0s - loss: 0.4208 - acc: 0.8882 - val_loss: 0.3299 - val_acc: 0.9068
Epoch 60/200
0s - loss: 0.4203 - acc: 0.8882 - val_loss: 0.3283 - val_acc: 0.9068
Epoch 61/200
0s - loss: 0.4198 - acc: 0.8882 - val_loss: 0.3269 - val_acc: 0.9068
Epoch 62/200
0s - loss: 0.4193 - acc: 0.8898 - val_loss: 0.3256 - val_acc: 0.9068
Epoch 63/200
0s - loss: 0.4189 - acc: 0.8894 - val_loss: 0.3245 - val_acc: 0.9146
Epoch 64/200
0s - loss: 0.4185 - acc: 0.8901 - val_loss: 0.3232 - val_acc: 0.9146
Epoch 65/200
0s - loss: 0.4181 - acc: 0.8905 - val_loss: 0.3222 - val_acc: 0.9146
Epoch 66/200
0s - loss: 0.4178 - acc: 0.8909 - val_loss: 0.3211 - val_acc: 0.9146
Epoch 67/200
0s - loss: 0.4174 - acc: 0.8913 - val_loss: 0.3202 - val_acc: 0.9161
Epoch 68/200
0s - loss: 0.4172 - acc: 0.8909 - val_loss: 0.3192 - val_acc: 0.9161
Epoch 69/200
0s - loss: 0.4169 - acc: 0.8917 - val_loss: 0.3183 - val_acc: 0.9161
Epoch 70/200
0s - loss: 0.4166 - acc: 0.8913 - val_loss: 0.3175 - val_acc: 0.9161
Epoch 71/200
0s - loss: 0.4164 - acc: 0.8917 - val_loss: 0.3167 - val_acc: 0.9161
Epoch 72/200
0s - loss: 0.4161 - acc: 0.8909 - val_loss: 0.3159 - val_acc: 0.9146
Epoch 73/200
0s - loss: 0.4159 - acc: 0.8917 - val_loss: 0.3152 - val_acc: 0.9161
Epoch 74/200
0s - loss: 0.4157 - acc: 0.8936 - val_loss: 0.3145 - val_acc: 0.9161
Epoch 75/200
0s - loss: 0.4155 - acc: 0.8940 - val_loss: 0.3138 - val_acc: 0.9161
Epoch 76/200
0s - loss: 0.4153 - acc: 0.8940 - val_loss: 0.3131 - val_acc: 0.9177
Epoch 77/200
0s - loss: 0.4151 - acc: 0.8929 - val_loss: 0.3125 - val_acc: 0.9177
Epoch 78/200
0s - loss: 0.4150 - acc: 0.8936 - val_loss: 0.3119 - val_acc: 0.9177
Epoch 79/200
0s - loss: 0.4148 - acc: 0.8944 - val_loss: 0.3114 - val_acc: 0.9177
Epoch 80/200
0s - loss: 0.4147 - acc: 0.8936 - val_loss: 0.3109 - val_acc: 0.9177
Epoch 81/200
0s - loss: 0.4145 - acc: 0.8948 - val_loss: 0.3104 - val_acc: 0.9193
Epoch 82/200
0s - loss: 0.4144 - acc: 0.8944 - val_loss: 0.3098 - val_acc: 0.9193
Epoch 83/200
0s - loss: 0.4143 - acc: 0.8964 - val_loss: 0.3093 - val_acc: 0.9193
Epoch 84/200
0s - loss: 0.4142 - acc: 0.8956 - val_loss: 0.3089 - val_acc: 0.9208
Epoch 85/200
0s - loss: 0.4141 - acc: 0.8948 - val_loss: 0.3086 - val_acc: 0.9224
Epoch 86/200
0s - loss: 0.4139 - acc: 0.8975 - val_loss: 0.3080 - val_acc: 0.9208
Epoch 87/200
0s - loss: 0.4139 - acc: 0.8964 - val_loss: 0.3076 - val_acc: 0.9208
Epoch 88/200
0s - loss: 0.4137 - acc: 0.8956 - val_loss: 0.3073 - val_acc: 0.9208
Epoch 89/200
0s - loss: 0.4137 - acc: 0.8979 - val_loss: 0.3069 - val_acc: 0.9208
Epoch 90/200
0s - loss: 0.4136 - acc: 0.8975 - val_loss: 0.3065 - val_acc: 0.9208
Epoch 91/200
0s - loss: 0.4135 - acc: 0.8967 - val_loss: 0.3061 - val_acc: 0.9208
Epoch 92/200
0s - loss: 0.4134 - acc: 0.8967 - val_loss: 0.3059 - val_acc: 0.9224
Epoch 93/200
0s - loss: 0.4133 - acc: 0.8983 - val_loss: 0.3055 - val_acc: 0.9208
Epoch 94/200
0s - loss: 0.4133 - acc: 0.8971 - val_loss: 0.3053 - val_acc: 0.9208
Epoch 95/200
0s - loss: 0.4132 - acc: 0.8979 - val_loss: 0.3049 - val_acc: 0.9208
Epoch 96/200
0s - loss: 0.4131 - acc: 0.8975 - val_loss: 0.3046 - val_acc: 0.9208
Epoch 97/200
0s - loss: 0.4131 - acc: 0.8987 - val_loss: 0.3043 - val_acc: 0.9208
Epoch 98/200
0s - loss: 0.4130 - acc: 0.8983 - val_loss: 0.3041 - val_acc: 0.9208
Epoch 99/200
0s - loss: 0.4130 - acc: 0.8971 - val_loss: 0.3038 - val_acc: 0.9208
Epoch 100/200
0s - loss: 0.4129 - acc: 0.8983 - val_loss: 0.3036 - val_acc: 0.9208
Epoch 101/200
0s - loss: 0.4129 - acc: 0.8971 - val_loss: 0.3034 - val_acc: 0.9208
Epoch 102/200
0s - loss: 0.4128 - acc: 0.8975 - val_loss: 0.3033 - val_acc: 0.9208
Epoch 103/200
0s - loss: 0.4128 - acc: 0.8987 - val_loss: 0.3030 - val_acc: 0.9193
Epoch 104/200
0s - loss: 0.4128 - acc: 0.8979 - val_loss: 0.3027 - val_acc: 0.9208
Epoch 105/200
0s - loss: 0.4127 - acc: 0.8979 - val_loss: 0.3025 - val_acc: 0.9193
Epoch 106/200
0s - loss: 0.4127 - acc: 0.8983 - val_loss: 0.3023 - val_acc: 0.9193
Epoch 107/200
0s - loss: 0.4126 - acc: 0.8979 - val_loss: 0.3021 - val_acc: 0.9193
Epoch 108/200
0s - loss: 0.4126 - acc: 0.8983 - val_loss: 0.3019 - val_acc: 0.9208
Epoch 109/200
0s - loss: 0.4125 - acc: 0.8979 - val_loss: 0.3017 - val_acc: 0.9193
Epoch 110/200
0s - loss: 0.4125 - acc: 0.8979 - val_loss: 0.3016 - val_acc: 0.9208
Epoch 111/200
0s - loss: 0.4125 - acc: 0.8979 - val_loss: 0.3014 - val_acc: 0.9208
Epoch 112/200
0s - loss: 0.4125 - acc: 0.8979 - val_loss: 0.3013 - val_acc: 0.9208
Epoch 113/200
0s - loss: 0.4124 - acc: 0.8979 - val_loss: 0.3011 - val_acc: 0.9224
Epoch 114/200
0s - loss: 0.4124 - acc: 0.8995 - val_loss: 0.3009 - val_acc: 0.9208
Epoch 115/200
0s - loss: 0.4124 - acc: 0.8983 - val_loss: 0.3008 - val_acc: 0.9224
Epoch 116/200
0s - loss: 0.4124 - acc: 0.8983 - val_loss: 0.3007 - val_acc: 0.9224
Epoch 117/200
0s - loss: 0.4123 - acc: 0.8983 - val_loss: 0.3006 - val_acc: 0.9224
Epoch 118/200
0s - loss: 0.4123 - acc: 0.8979 - val_loss: 0.3004 - val_acc: 0.9224
Epoch 119/200
0s - loss: 0.4123 - acc: 0.8987 - val_loss: 0.3003 - val_acc: 0.9224
Epoch 120/200
0s - loss: 0.4122 - acc: 0.8979 - val_loss: 0.3002 - val_acc: 0.9224
Epoch 121/200
0s - loss: 0.4122 - acc: 0.8979 - val_loss: 0.3001 - val_acc: 0.9224
Epoch 122/200
0s - loss: 0.4122 - acc: 0.8987 - val_loss: 0.2999 - val_acc: 0.9208
Epoch 123/200
0s - loss: 0.4122 - acc: 0.8979 - val_loss: 0.2998 - val_acc: 0.9224
Epoch 124/200
0s - loss: 0.4121 - acc: 0.8979 - val_loss: 0.2997 - val_acc: 0.9224
Epoch 125/200
0s - loss: 0.4121 - acc: 0.8983 - val_loss: 0.2996 - val_acc: 0.9224
Epoch 126/200
0s - loss: 0.4121 - acc: 0.8975 - val_loss: 0.2996 - val_acc: 0.9224
Epoch 127/200
0s - loss: 0.4121 - acc: 0.8979 - val_loss: 0.2995 - val_acc: 0.9224
Epoch 128/200
0s - loss: 0.4121 - acc: 0.8983 - val_loss: 0.2994 - val_acc: 0.9224
Epoch 129/200
0s - loss: 0.4120 - acc: 0.8975 - val_loss: 0.2994 - val_acc: 0.9224
Epoch 130/200
0s - loss: 0.4120 - acc: 0.8983 - val_loss: 0.2992 - val_acc: 0.9224
Epoch 131/200
0s - loss: 0.4120 - acc: 0.8979 - val_loss: 0.2991 - val_acc: 0.9224
Epoch 132/200
0s - loss: 0.4120 - acc: 0.8987 - val_loss: 0.2991 - val_acc: 0.9224
Epoch 133/200
0s - loss: 0.4120 - acc: 0.8987 - val_loss: 0.2989 - val_acc: 0.9224
Epoch 134/200
0s - loss: 0.4120 - acc: 0.8987 - val_loss: 0.2989 - val_acc: 0.9224
Epoch 135/200
0s - loss: 0.4120 - acc: 0.8983 - val_loss: 0.2988 - val_acc: 0.9224
Epoch 136/200
0s - loss: 0.4119 - acc: 0.8983 - val_loss: 0.2987 - val_acc: 0.9224
Epoch 137/200
0s - loss: 0.4119 - acc: 0.8987 - val_loss: 0.2986 - val_acc: 0.9224
Epoch 138/200
0s - loss: 0.4119 - acc: 0.8983 - val_loss: 0.2986 - val_acc: 0.9224
Epoch 139/200
0s - loss: 0.4119 - acc: 0.8991 - val_loss: 0.2985 - val_acc: 0.9224
Epoch 140/200
0s - loss: 0.4119 - acc: 0.8991 - val_loss: 0.2984 - val_acc: 0.9224
Epoch 141/200
0s - loss: 0.4119 - acc: 0.8987 - val_loss: 0.2984 - val_acc: 0.9224
Epoch 142/200
0s - loss: 0.4118 - acc: 0.8983 - val_loss: 0.2983 - val_acc: 0.9224
Epoch 143/200
0s - loss: 0.4118 - acc: 0.8983 - val_loss: 0.2983 - val_acc: 0.9224
Epoch 144/200
0s - loss: 0.4118 - acc: 0.8983 - val_loss: 0.2982 - val_acc: 0.9224
Epoch 145/200
0s - loss: 0.4118 - acc: 0.8987 - val_loss: 0.2981 - val_acc: 0.9224
Epoch 146/200
0s - loss: 0.4118 - acc: 0.8983 - val_loss: 0.2981 - val_acc: 0.9224
Epoch 147/200
0s - loss: 0.4118 - acc: 0.8995 - val_loss: 0.2980 - val_acc: 0.9224
Epoch 148/200
0s - loss: 0.4118 - acc: 0.8979 - val_loss: 0.2980 - val_acc: 0.9224
Epoch 149/200
0s - loss: 0.4118 - acc: 0.8979 - val_loss: 0.2980 - val_acc: 0.9224
Epoch 150/200
0s - loss: 0.4118 - acc: 0.8987 - val_loss: 0.2979 - val_acc: 0.9224
Epoch 151/200
0s - loss: 0.4117 - acc: 0.8987 - val_loss: 0.2979 - val_acc: 0.9224
Epoch 152/200
0s - loss: 0.4117 - acc: 0.8998 - val_loss: 0.2978 - val_acc: 0.9224
Epoch 153/200
0s - loss: 0.4117 - acc: 0.8983 - val_loss: 0.2979 - val_acc: 0.9224
Epoch 154/200
0s - loss: 0.4117 - acc: 0.8987 - val_loss: 0.2978 - val_acc: 0.9224
Epoch 155/200
0s - loss: 0.4117 - acc: 0.8995 - val_loss: 0.2977 - val_acc: 0.9224
Epoch 156/200
0s - loss: 0.4117 - acc: 0.8983 - val_loss: 0.2977 - val_acc: 0.9224
Epoch 157/200
0s - loss: 0.4117 - acc: 0.8983 - val_loss: 0.2976 - val_acc: 0.9224
Epoch 158/200
0s - loss: 0.4117 - acc: 0.8991 - val_loss: 0.2976 - val_acc: 0.9224
Epoch 159/200
0s - loss: 0.4117 - acc: 0.8983 - val_loss: 0.2975 - val_acc: 0.9224
Epoch 160/200
0s - loss: 0.4117 - acc: 0.8983 - val_loss: 0.2975 - val_acc: 0.9224
Epoch 161/200
0s - loss: 0.4117 - acc: 0.8983 - val_loss: 0.2975 - val_acc: 0.9224
Epoch 162/200
0s - loss: 0.4117 - acc: 0.8987 - val_loss: 0.2974 - val_acc: 0.9224
Epoch 163/200
0s - loss: 0.4117 - acc: 0.8991 - val_loss: 0.2974 - val_acc: 0.9224
Epoch 164/200
0s - loss: 0.4116 - acc: 0.8998 - val_loss: 0.2973 - val_acc: 0.9224
Epoch 165/200
0s - loss: 0.4116 - acc: 0.8983 - val_loss: 0.2973 - val_acc: 0.9224
Epoch 166/200
0s - loss: 0.4116 - acc: 0.8983 - val_loss: 0.2973 - val_acc: 0.9224
Epoch 167/200
0s - loss: 0.4116 - acc: 0.8991 - val_loss: 0.2972 - val_acc: 0.9224
Epoch 168/200
0s - loss: 0.4116 - acc: 0.8983 - val_loss: 0.2972 - val_acc: 0.9224
Epoch 169/200
0s - loss: 0.4116 - acc: 0.8987 - val_loss: 0.2972 - val_acc: 0.9224
Epoch 170/200
0s - loss: 0.4116 - acc: 0.8987 - val_loss: 0.2972 - val_acc: 0.9224
Epoch 171/200
0s - loss: 0.4116 - acc: 0.8991 - val_loss: 0.2971 - val_acc: 0.9224
Epoch 172/200
0s - loss: 0.4116 - acc: 0.8987 - val_loss: 0.2971 - val_acc: 0.9224
Epoch 173/200
0s - loss: 0.4116 - acc: 0.8983 - val_loss: 0.2971 - val_acc: 0.9224
Epoch 174/200
0s - loss: 0.4116 - acc: 0.8983 - val_loss: 0.2972 - val_acc: 0.9224
Epoch 175/200
0s - loss: 0.4116 - acc: 0.8987 - val_loss: 0.2971 - val_acc: 0.9224
Epoch 176/200
0s - loss: 0.4116 - acc: 0.8983 - val_loss: 0.2971 - val_acc: 0.9224
Epoch 177/200
0s - loss: 0.4116 - acc: 0.8987 - val_loss: 0.2970 - val_acc: 0.9224
Epoch 178/200
0s - loss: 0.4116 - acc: 0.8987 - val_loss: 0.2971 - val_acc: 0.9224
Epoch 179/200
0s - loss: 0.4116 - acc: 0.8987 - val_loss: 0.2971 - val_acc: 0.9239
Epoch 180/200
0s - loss: 0.4115 - acc: 0.9002 - val_loss: 0.2970 - val_acc: 0.9224
Epoch 181/200
0s - loss: 0.4116 - acc: 0.8987 - val_loss: 0.2970 - val_acc: 0.9224
Epoch 182/200
0s - loss: 0.4116 - acc: 0.8987 - val_loss: 0.2970 - val_acc: 0.9224
Epoch 183/200
0s - loss: 0.4115 - acc: 0.8987 - val_loss: 0.2970 - val_acc: 0.9224
Epoch 184/200
0s - loss: 0.4115 - acc: 0.8987 - val_loss: 0.2970 - val_acc: 0.9224
Epoch 185/200
0s - loss: 0.4115 - acc: 0.8983 - val_loss: 0.2970 - val_acc: 0.9224
Epoch 186/200
0s - loss: 0.4115 - acc: 0.8995 - val_loss: 0.2969 - val_acc: 0.9224
Epoch 187/200
0s - loss: 0.4115 - acc: 0.8983 - val_loss: 0.2969 - val_acc: 0.9239
Epoch 188/200
0s - loss: 0.4115 - acc: 0.8983 - val_loss: 0.2969 - val_acc: 0.9239
Epoch 189/200
0s - loss: 0.4115 - acc: 0.8983 - val_loss: 0.2969 - val_acc: 0.9239
Epoch 190/200
0s - loss: 0.4115 - acc: 0.8995 - val_loss: 0.2969 - val_acc: 0.9239
Epoch 191/200
0s - loss: 0.4115 - acc: 0.8991 - val_loss: 0.2968 - val_acc: 0.9224
Epoch 192/200
0s - loss: 0.4115 - acc: 0.8983 - val_loss: 0.2968 - val_acc: 0.9224
Epoch 193/200
0s - loss: 0.4115 - acc: 0.8983 - val_loss: 0.2968 - val_acc: 0.9239
Epoch 194/200
0s - loss: 0.4115 - acc: 0.8998 - val_loss: 0.2967 - val_acc: 0.9224
Epoch 195/200
0s - loss: 0.4115 - acc: 0.8979 - val_loss: 0.2968 - val_acc: 0.9239
Epoch 196/200
0s - loss: 0.4115 - acc: 0.8983 - val_loss: 0.2968 - val_acc: 0.9239
Epoch 197/200
0s - loss: 0.4114 - acc: 0.8995 - val_loss: 0.2966 - val_acc: 0.9224
Epoch 198/200
0s - loss: 0.4115 - acc: 0.8987 - val_loss: 0.2967 - val_acc: 0.9239
Epoch 199/200
0s - loss: 0.4115 - acc: 0.8991 - val_loss: 0.2967 - val_acc: 0.9239
Epoch 200/200
0s - loss: 0.4115 - acc: 0.8991 - val_loss: 0.2967 - val_acc: 0.9239
----------- Model 0 
loss: 0.296709722429
acc: 0.923913043478
Train on 2576 samples, validate on 644 samples
Epoch 1/200
0s - loss: 0.6830 - acc: 0.6188 - val_loss: 0.6687 - val_acc: 0.6071
Epoch 2/200
0s - loss: 0.6721 - acc: 0.6188 - val_loss: 0.6666 - val_acc: 0.6071
Epoch 3/200
0s - loss: 0.6699 - acc: 0.6188 - val_loss: 0.6657 - val_acc: 0.6071
Epoch 4/200
0s - loss: 0.6684 - acc: 0.6188 - val_loss: 0.6645 - val_acc: 0.6071
Epoch 5/200
0s - loss: 0.6670 - acc: 0.6188 - val_loss: 0.6633 - val_acc: 0.6071
Epoch 6/200
0s - loss: 0.6653 - acc: 0.6188 - val_loss: 0.6621 - val_acc: 0.6071
Epoch 7/200
0s - loss: 0.6636 - acc: 0.6188 - val_loss: 0.6604 - val_acc: 0.6071
Epoch 8/200
0s - loss: 0.6617 - acc: 0.6188 - val_loss: 0.6588 - val_acc: 0.6071
Epoch 9/200
0s - loss: 0.6596 - acc: 0.6188 - val_loss: 0.6567 - val_acc: 0.6071
Epoch 10/200
0s - loss: 0.6574 - acc: 0.6188 - val_loss: 0.6547 - val_acc: 0.6071
Epoch 11/200
0s - loss: 0.6550 - acc: 0.6188 - val_loss: 0.6519 - val_acc: 0.6071
Epoch 12/200
0s - loss: 0.6523 - acc: 0.6188 - val_loss: 0.6491 - val_acc: 0.6071
Epoch 13/200
0s - loss: 0.6491 - acc: 0.6188 - val_loss: 0.6458 - val_acc: 0.6071
Epoch 14/200
0s - loss: 0.6457 - acc: 0.6188 - val_loss: 0.6424 - val_acc: 0.6071
Epoch 15/200
0s - loss: 0.6419 - acc: 0.6188 - val_loss: 0.6380 - val_acc: 0.6071
Epoch 16/200
0s - loss: 0.6377 - acc: 0.6188 - val_loss: 0.6331 - val_acc: 0.6071
Epoch 17/200
0s - loss: 0.6331 - acc: 0.6188 - val_loss: 0.6279 - val_acc: 0.6071
Epoch 18/200
0s - loss: 0.6280 - acc: 0.6188 - val_loss: 0.6221 - val_acc: 0.6071
Epoch 19/200
0s - loss: 0.6224 - acc: 0.6188 - val_loss: 0.6159 - val_acc: 0.6071
Epoch 20/200
0s - loss: 0.6163 - acc: 0.6211 - val_loss: 0.6091 - val_acc: 0.6087
Epoch 21/200
0s - loss: 0.6098 - acc: 0.6234 - val_loss: 0.6013 - val_acc: 0.6118
Epoch 22/200
0s - loss: 0.6027 - acc: 0.6269 - val_loss: 0.5930 - val_acc: 0.6180
Epoch 23/200
0s - loss: 0.5952 - acc: 0.6413 - val_loss: 0.5844 - val_acc: 0.6258
Epoch 24/200
0s - loss: 0.5873 - acc: 0.6580 - val_loss: 0.5755 - val_acc: 0.6289
Epoch 25/200
0s - loss: 0.5792 - acc: 0.6708 - val_loss: 0.5657 - val_acc: 0.6475
Epoch 26/200
0s - loss: 0.5707 - acc: 0.6953 - val_loss: 0.5555 - val_acc: 0.6894
Epoch 27/200
0s - loss: 0.5619 - acc: 0.7197 - val_loss: 0.5452 - val_acc: 0.7034
Epoch 28/200
0s - loss: 0.5532 - acc: 0.7403 - val_loss: 0.5349 - val_acc: 0.7143
Epoch 29/200
0s - loss: 0.5444 - acc: 0.7500 - val_loss: 0.5240 - val_acc: 0.7376
Epoch 30/200
0s - loss: 0.5356 - acc: 0.7702 - val_loss: 0.5134 - val_acc: 0.7453
Epoch 31/200
0s - loss: 0.5269 - acc: 0.7733 - val_loss: 0.5024 - val_acc: 0.7624
Epoch 32/200
0s - loss: 0.5186 - acc: 0.7993 - val_loss: 0.4922 - val_acc: 0.7795
Epoch 33/200
0s - loss: 0.5105 - acc: 0.8106 - val_loss: 0.4822 - val_acc: 0.7919
Epoch 34/200
0s - loss: 0.5028 - acc: 0.8230 - val_loss: 0.4724 - val_acc: 0.7981
Epoch 35/200
0s - loss: 0.4956 - acc: 0.8284 - val_loss: 0.4631 - val_acc: 0.8028
Epoch 36/200
0s - loss: 0.4887 - acc: 0.8327 - val_loss: 0.4539 - val_acc: 0.8137
Epoch 37/200
0s - loss: 0.4824 - acc: 0.8401 - val_loss: 0.4457 - val_acc: 0.8183
Epoch 38/200
0s - loss: 0.4765 - acc: 0.8447 - val_loss: 0.4378 - val_acc: 0.8261
Epoch 39/200
0s - loss: 0.4711 - acc: 0.8486 - val_loss: 0.4303 - val_acc: 0.8261
Epoch 40/200
0s - loss: 0.4661 - acc: 0.8552 - val_loss: 0.4234 - val_acc: 0.8323
Epoch 41/200
0s - loss: 0.4615 - acc: 0.8583 - val_loss: 0.4167 - val_acc: 0.8385
Epoch 42/200
0s - loss: 0.4574 - acc: 0.8672 - val_loss: 0.4105 - val_acc: 0.8401
Epoch 43/200
0s - loss: 0.4535 - acc: 0.8676 - val_loss: 0.4046 - val_acc: 0.8447
Epoch 44/200
0s - loss: 0.4500 - acc: 0.8734 - val_loss: 0.3993 - val_acc: 0.8478
Epoch 45/200
0s - loss: 0.4469 - acc: 0.8766 - val_loss: 0.3946 - val_acc: 0.8478
Epoch 46/200
0s - loss: 0.4440 - acc: 0.8746 - val_loss: 0.3898 - val_acc: 0.8494
Epoch 47/200
0s - loss: 0.4414 - acc: 0.8789 - val_loss: 0.3855 - val_acc: 0.8509
Epoch 48/200
0s - loss: 0.4390 - acc: 0.8804 - val_loss: 0.3815 - val_acc: 0.8525
Epoch 49/200
0s - loss: 0.4368 - acc: 0.8804 - val_loss: 0.3777 - val_acc: 0.8509
Epoch 50/200
0s - loss: 0.4349 - acc: 0.8820 - val_loss: 0.3743 - val_acc: 0.8525
Epoch 51/200
0s - loss: 0.4331 - acc: 0.8839 - val_loss: 0.3711 - val_acc: 0.8540
Epoch 52/200
0s - loss: 0.4314 - acc: 0.8859 - val_loss: 0.3683 - val_acc: 0.8540
Epoch 53/200
0s - loss: 0.4299 - acc: 0.8859 - val_loss: 0.3654 - val_acc: 0.8540
Epoch 54/200
0s - loss: 0.4286 - acc: 0.8870 - val_loss: 0.3628 - val_acc: 0.8571
Epoch 55/200
0s - loss: 0.4273 - acc: 0.8886 - val_loss: 0.3603 - val_acc: 0.8602
Epoch 56/200
0s - loss: 0.4261 - acc: 0.8913 - val_loss: 0.3581 - val_acc: 0.8618
Epoch 57/200
0s - loss: 0.4251 - acc: 0.8909 - val_loss: 0.3560 - val_acc: 0.8618
Epoch 58/200
0s - loss: 0.4240 - acc: 0.8925 - val_loss: 0.3540 - val_acc: 0.8649
Epoch 59/200
0s - loss: 0.4232 - acc: 0.8936 - val_loss: 0.3521 - val_acc: 0.8665
Epoch 60/200
0s - loss: 0.4223 - acc: 0.8940 - val_loss: 0.3504 - val_acc: 0.8665
Epoch 61/200
0s - loss: 0.4216 - acc: 0.8956 - val_loss: 0.3488 - val_acc: 0.8665
Epoch 62/200
0s - loss: 0.4209 - acc: 0.8948 - val_loss: 0.3471 - val_acc: 0.8665
Epoch 63/200
0s - loss: 0.4202 - acc: 0.8979 - val_loss: 0.3457 - val_acc: 0.8665
Epoch 64/200
0s - loss: 0.4196 - acc: 0.8995 - val_loss: 0.3444 - val_acc: 0.8665
Epoch 65/200
0s - loss: 0.4190 - acc: 0.8967 - val_loss: 0.3431 - val_acc: 0.8665
Epoch 66/200
0s - loss: 0.4185 - acc: 0.8995 - val_loss: 0.3420 - val_acc: 0.8649
Epoch 67/200
0s - loss: 0.4180 - acc: 0.8983 - val_loss: 0.3409 - val_acc: 0.8649
Epoch 68/200
0s - loss: 0.4175 - acc: 0.8995 - val_loss: 0.3398 - val_acc: 0.8665
Epoch 69/200
0s - loss: 0.4171 - acc: 0.8991 - val_loss: 0.3387 - val_acc: 0.8665
Epoch 70/200
0s - loss: 0.4167 - acc: 0.9010 - val_loss: 0.3377 - val_acc: 0.8680
Epoch 71/200
0s - loss: 0.4163 - acc: 0.9018 - val_loss: 0.3367 - val_acc: 0.8680
Epoch 72/200
0s - loss: 0.4159 - acc: 0.9026 - val_loss: 0.3360 - val_acc: 0.8680
Epoch 73/200
0s - loss: 0.4156 - acc: 0.9022 - val_loss: 0.3350 - val_acc: 0.8680
Epoch 74/200
0s - loss: 0.4153 - acc: 0.9022 - val_loss: 0.3342 - val_acc: 0.8680
Epoch 75/200
0s - loss: 0.4150 - acc: 0.9037 - val_loss: 0.3334 - val_acc: 0.8680
Epoch 76/200
0s - loss: 0.4147 - acc: 0.9041 - val_loss: 0.3328 - val_acc: 0.8680
Epoch 77/200
0s - loss: 0.4145 - acc: 0.9053 - val_loss: 0.3321 - val_acc: 0.8665
Epoch 78/200
0s - loss: 0.4142 - acc: 0.9037 - val_loss: 0.3315 - val_acc: 0.8665
Epoch 79/200
0s - loss: 0.4140 - acc: 0.9049 - val_loss: 0.3308 - val_acc: 0.8649
Epoch 80/200
0s - loss: 0.4137 - acc: 0.9053 - val_loss: 0.3303 - val_acc: 0.8649
Epoch 81/200
0s - loss: 0.4135 - acc: 0.9053 - val_loss: 0.3297 - val_acc: 0.8649
Epoch 82/200
0s - loss: 0.4133 - acc: 0.9049 - val_loss: 0.3291 - val_acc: 0.8665
Epoch 83/200
0s - loss: 0.4131 - acc: 0.9057 - val_loss: 0.3286 - val_acc: 0.8665
Epoch 84/200
0s - loss: 0.4130 - acc: 0.9057 - val_loss: 0.3281 - val_acc: 0.8665
Epoch 85/200
0s - loss: 0.4128 - acc: 0.9061 - val_loss: 0.3276 - val_acc: 0.8680
Epoch 86/200
0s - loss: 0.4126 - acc: 0.9068 - val_loss: 0.3271 - val_acc: 0.8665
Epoch 87/200
0s - loss: 0.4125 - acc: 0.9084 - val_loss: 0.3269 - val_acc: 0.8680
Epoch 88/200
0s - loss: 0.4123 - acc: 0.9072 - val_loss: 0.3264 - val_acc: 0.8680
Epoch 89/200
0s - loss: 0.4122 - acc: 0.9072 - val_loss: 0.3260 - val_acc: 0.8680
Epoch 90/200
0s - loss: 0.4120 - acc: 0.9072 - val_loss: 0.3256 - val_acc: 0.8680
Epoch 91/200
0s - loss: 0.4119 - acc: 0.9076 - val_loss: 0.3252 - val_acc: 0.8680
Epoch 92/200
0s - loss: 0.4118 - acc: 0.9084 - val_loss: 0.3249 - val_acc: 0.8680
Epoch 93/200
0s - loss: 0.4116 - acc: 0.9080 - val_loss: 0.3246 - val_acc: 0.8680
Epoch 94/200
0s - loss: 0.4116 - acc: 0.9072 - val_loss: 0.3241 - val_acc: 0.8680
Epoch 95/200
0s - loss: 0.4114 - acc: 0.9084 - val_loss: 0.3239 - val_acc: 0.8680
Epoch 96/200
0s - loss: 0.4113 - acc: 0.9084 - val_loss: 0.3236 - val_acc: 0.8680
Epoch 97/200
0s - loss: 0.4112 - acc: 0.9084 - val_loss: 0.3233 - val_acc: 0.8680
Epoch 98/200
0s - loss: 0.4111 - acc: 0.9080 - val_loss: 0.3229 - val_acc: 0.8665
Epoch 99/200
0s - loss: 0.4111 - acc: 0.9084 - val_loss: 0.3226 - val_acc: 0.8665
Epoch 100/200
0s - loss: 0.4110 - acc: 0.9099 - val_loss: 0.3225 - val_acc: 0.8665
Epoch 101/200
0s - loss: 0.4109 - acc: 0.9092 - val_loss: 0.3223 - val_acc: 0.8665
Epoch 102/200
0s - loss: 0.4108 - acc: 0.9080 - val_loss: 0.3219 - val_acc: 0.8665
Epoch 103/200
0s - loss: 0.4107 - acc: 0.9080 - val_loss: 0.3215 - val_acc: 0.8680
Epoch 104/200
0s - loss: 0.4106 - acc: 0.9103 - val_loss: 0.3215 - val_acc: 0.8665
Epoch 105/200
0s - loss: 0.4106 - acc: 0.9084 - val_loss: 0.3213 - val_acc: 0.8680
Epoch 106/200
0s - loss: 0.4105 - acc: 0.9099 - val_loss: 0.3212 - val_acc: 0.8665
Epoch 107/200
0s - loss: 0.4104 - acc: 0.9095 - val_loss: 0.3209 - val_acc: 0.8696
Epoch 108/200
0s - loss: 0.4104 - acc: 0.9092 - val_loss: 0.3207 - val_acc: 0.8696
Epoch 109/200
0s - loss: 0.4103 - acc: 0.9092 - val_loss: 0.3205 - val_acc: 0.8696
Epoch 110/200
0s - loss: 0.4103 - acc: 0.9080 - val_loss: 0.3203 - val_acc: 0.8696
Epoch 111/200
0s - loss: 0.4102 - acc: 0.9103 - val_loss: 0.3201 - val_acc: 0.8696
Epoch 112/200
0s - loss: 0.4101 - acc: 0.9088 - val_loss: 0.3200 - val_acc: 0.8696
Epoch 113/200
0s - loss: 0.4101 - acc: 0.9084 - val_loss: 0.3198 - val_acc: 0.8696
Epoch 114/200
0s - loss: 0.4100 - acc: 0.9088 - val_loss: 0.3195 - val_acc: 0.8696
Epoch 115/200
0s - loss: 0.4100 - acc: 0.9084 - val_loss: 0.3193 - val_acc: 0.8696
Epoch 116/200
0s - loss: 0.4099 - acc: 0.9088 - val_loss: 0.3192 - val_acc: 0.8696
Epoch 117/200
0s - loss: 0.4099 - acc: 0.9095 - val_loss: 0.3191 - val_acc: 0.8696
Epoch 118/200
0s - loss: 0.4098 - acc: 0.9092 - val_loss: 0.3189 - val_acc: 0.8696
Epoch 119/200
0s - loss: 0.4098 - acc: 0.9107 - val_loss: 0.3189 - val_acc: 0.8696
Epoch 120/200
0s - loss: 0.4097 - acc: 0.9088 - val_loss: 0.3187 - val_acc: 0.8696
Epoch 121/200
0s - loss: 0.4097 - acc: 0.9092 - val_loss: 0.3186 - val_acc: 0.8696
Epoch 122/200
0s - loss: 0.4097 - acc: 0.9084 - val_loss: 0.3184 - val_acc: 0.8696
Epoch 123/200
0s - loss: 0.4096 - acc: 0.9092 - val_loss: 0.3183 - val_acc: 0.8696
Epoch 124/200
0s - loss: 0.4096 - acc: 0.9095 - val_loss: 0.3182 - val_acc: 0.8696
Epoch 125/200
0s - loss: 0.4095 - acc: 0.9092 - val_loss: 0.3180 - val_acc: 0.8696
Epoch 126/200
0s - loss: 0.4095 - acc: 0.9088 - val_loss: 0.3179 - val_acc: 0.8696
Epoch 127/200
0s - loss: 0.4095 - acc: 0.9092 - val_loss: 0.3178 - val_acc: 0.8696
Epoch 128/200
0s - loss: 0.4094 - acc: 0.9084 - val_loss: 0.3177 - val_acc: 0.8696
Epoch 129/200
0s - loss: 0.4094 - acc: 0.9092 - val_loss: 0.3175 - val_acc: 0.8696
Epoch 130/200
0s - loss: 0.4094 - acc: 0.9088 - val_loss: 0.3174 - val_acc: 0.8696
Epoch 131/200
0s - loss: 0.4094 - acc: 0.9088 - val_loss: 0.3173 - val_acc: 0.8696
Epoch 132/200
0s - loss: 0.4093 - acc: 0.9092 - val_loss: 0.3173 - val_acc: 0.8696
Epoch 133/200
0s - loss: 0.4093 - acc: 0.9099 - val_loss: 0.3173 - val_acc: 0.8696
Epoch 134/200
0s - loss: 0.4093 - acc: 0.9099 - val_loss: 0.3173 - val_acc: 0.8696
Epoch 135/200
0s - loss: 0.4092 - acc: 0.9088 - val_loss: 0.3171 - val_acc: 0.8696
Epoch 136/200
0s - loss: 0.4092 - acc: 0.9092 - val_loss: 0.3169 - val_acc: 0.8696
Epoch 137/200
0s - loss: 0.4092 - acc: 0.9088 - val_loss: 0.3168 - val_acc: 0.8696
Epoch 138/200
0s - loss: 0.4092 - acc: 0.9084 - val_loss: 0.3167 - val_acc: 0.8696
Epoch 139/200
0s - loss: 0.4091 - acc: 0.9095 - val_loss: 0.3167 - val_acc: 0.8696
Epoch 140/200
0s - loss: 0.4091 - acc: 0.9095 - val_loss: 0.3166 - val_acc: 0.8696
Epoch 141/200
0s - loss: 0.4091 - acc: 0.9092 - val_loss: 0.3166 - val_acc: 0.8696
Epoch 142/200
0s - loss: 0.4090 - acc: 0.9095 - val_loss: 0.3164 - val_acc: 0.8696
Epoch 143/200
0s - loss: 0.4090 - acc: 0.9099 - val_loss: 0.3164 - val_acc: 0.8696
Epoch 144/200
0s - loss: 0.4090 - acc: 0.9092 - val_loss: 0.3162 - val_acc: 0.8696
Epoch 145/200
0s - loss: 0.4090 - acc: 0.9088 - val_loss: 0.3161 - val_acc: 0.8696
Epoch 146/200
0s - loss: 0.4090 - acc: 0.9095 - val_loss: 0.3161 - val_acc: 0.8696
Epoch 147/200
0s - loss: 0.4089 - acc: 0.9092 - val_loss: 0.3159 - val_acc: 0.8696
Epoch 148/200
0s - loss: 0.4089 - acc: 0.9099 - val_loss: 0.3160 - val_acc: 0.8696
Epoch 149/200
0s - loss: 0.4089 - acc: 0.9099 - val_loss: 0.3160 - val_acc: 0.8696
Epoch 150/200
0s - loss: 0.4089 - acc: 0.9095 - val_loss: 0.3161 - val_acc: 0.8696
Epoch 151/200
0s - loss: 0.4089 - acc: 0.9084 - val_loss: 0.3159 - val_acc: 0.8696
Epoch 152/200
0s - loss: 0.4088 - acc: 0.9084 - val_loss: 0.3157 - val_acc: 0.8696
Epoch 153/200
0s - loss: 0.4088 - acc: 0.9099 - val_loss: 0.3157 - val_acc: 0.8696
Epoch 154/200
0s - loss: 0.4088 - acc: 0.9092 - val_loss: 0.3156 - val_acc: 0.8696
Epoch 155/200
0s - loss: 0.4088 - acc: 0.9092 - val_loss: 0.3156 - val_acc: 0.8696
Epoch 156/200
0s - loss: 0.4088 - acc: 0.9088 - val_loss: 0.3155 - val_acc: 0.8680
Epoch 157/200
0s - loss: 0.4087 - acc: 0.9107 - val_loss: 0.3155 - val_acc: 0.8696
Epoch 158/200
0s - loss: 0.4087 - acc: 0.9092 - val_loss: 0.3156 - val_acc: 0.8696
Epoch 159/200
0s - loss: 0.4087 - acc: 0.9088 - val_loss: 0.3153 - val_acc: 0.8680
Epoch 160/200
0s - loss: 0.4087 - acc: 0.9099 - val_loss: 0.3154 - val_acc: 0.8696
Epoch 161/200
0s - loss: 0.4087 - acc: 0.9095 - val_loss: 0.3154 - val_acc: 0.8696
Epoch 162/200
0s - loss: 0.4087 - acc: 0.9092 - val_loss: 0.3153 - val_acc: 0.8696
Epoch 163/200
0s - loss: 0.4087 - acc: 0.9084 - val_loss: 0.3152 - val_acc: 0.8696
Epoch 164/200
0s - loss: 0.4086 - acc: 0.9088 - val_loss: 0.3152 - val_acc: 0.8696
Epoch 165/200
0s - loss: 0.4086 - acc: 0.9092 - val_loss: 0.3151 - val_acc: 0.8680
Epoch 166/200
0s - loss: 0.4086 - acc: 0.9095 - val_loss: 0.3150 - val_acc: 0.8680
Epoch 167/200
0s - loss: 0.4086 - acc: 0.9088 - val_loss: 0.3150 - val_acc: 0.8680
Epoch 168/200
0s - loss: 0.4086 - acc: 0.9092 - val_loss: 0.3150 - val_acc: 0.8680
Epoch 169/200
0s - loss: 0.4086 - acc: 0.9095 - val_loss: 0.3149 - val_acc: 0.8680
Epoch 170/200
0s - loss: 0.4085 - acc: 0.9088 - val_loss: 0.3150 - val_acc: 0.8696
Epoch 171/200
0s - loss: 0.4085 - acc: 0.9092 - val_loss: 0.3149 - val_acc: 0.8680
Epoch 172/200
0s - loss: 0.4085 - acc: 0.9092 - val_loss: 0.3148 - val_acc: 0.8680
Epoch 173/200
0s - loss: 0.4085 - acc: 0.9095 - val_loss: 0.3149 - val_acc: 0.8680
Epoch 174/200
0s - loss: 0.4085 - acc: 0.9092 - val_loss: 0.3148 - val_acc: 0.8680
Epoch 175/200
0s - loss: 0.4085 - acc: 0.9088 - val_loss: 0.3148 - val_acc: 0.8680
Epoch 176/200
0s - loss: 0.4084 - acc: 0.9088 - val_loss: 0.3147 - val_acc: 0.8680
Epoch 177/200
0s - loss: 0.4085 - acc: 0.9095 - val_loss: 0.3148 - val_acc: 0.8680
Epoch 178/200
0s - loss: 0.4084 - acc: 0.9107 - val_loss: 0.3149 - val_acc: 0.8696
Epoch 179/200
0s - loss: 0.4084 - acc: 0.9088 - val_loss: 0.3147 - val_acc: 0.8680
Epoch 180/200
0s - loss: 0.4084 - acc: 0.9095 - val_loss: 0.3147 - val_acc: 0.8680
Epoch 181/200
0s - loss: 0.4084 - acc: 0.9088 - val_loss: 0.3146 - val_acc: 0.8680
Epoch 182/200
0s - loss: 0.4084 - acc: 0.9099 - val_loss: 0.3148 - val_acc: 0.8696
Epoch 183/200
0s - loss: 0.4084 - acc: 0.9088 - val_loss: 0.3146 - val_acc: 0.8680
Epoch 184/200
0s - loss: 0.4084 - acc: 0.9088 - val_loss: 0.3145 - val_acc: 0.8680
Epoch 185/200
0s - loss: 0.4083 - acc: 0.9088 - val_loss: 0.3144 - val_acc: 0.8680
Epoch 186/200
0s - loss: 0.4083 - acc: 0.9103 - val_loss: 0.3146 - val_acc: 0.8680
Epoch 187/200
0s - loss: 0.4083 - acc: 0.9088 - val_loss: 0.3145 - val_acc: 0.8680
Epoch 188/200
0s - loss: 0.4083 - acc: 0.9092 - val_loss: 0.3144 - val_acc: 0.8680
Epoch 189/200
0s - loss: 0.4083 - acc: 0.9088 - val_loss: 0.3144 - val_acc: 0.8680
Epoch 190/200
0s - loss: 0.4083 - acc: 0.9088 - val_loss: 0.3143 - val_acc: 0.8680
Epoch 191/200
0s - loss: 0.4083 - acc: 0.9092 - val_loss: 0.3143 - val_acc: 0.8680
Epoch 192/200
0s - loss: 0.4083 - acc: 0.9084 - val_loss: 0.3144 - val_acc: 0.8680
Epoch 193/200
0s - loss: 0.4083 - acc: 0.9092 - val_loss: 0.3143 - val_acc: 0.8680
Epoch 194/200
0s - loss: 0.4083 - acc: 0.9095 - val_loss: 0.3143 - val_acc: 0.8680
Epoch 195/200
0s - loss: 0.4083 - acc: 0.9092 - val_loss: 0.3143 - val_acc: 0.8680
Epoch 196/200
0s - loss: 0.4083 - acc: 0.9092 - val_loss: 0.3143 - val_acc: 0.8680
Epoch 197/200
0s - loss: 0.4083 - acc: 0.9092 - val_loss: 0.3143 - val_acc: 0.8680
Epoch 198/200
0s - loss: 0.4082 - acc: 0.9095 - val_loss: 0.3144 - val_acc: 0.8680
Epoch 199/200
0s - loss: 0.4082 - acc: 0.9099 - val_loss: 0.3144 - val_acc: 0.8680
Epoch 200/200
0s - loss: 0.4082 - acc: 0.9092 - val_loss: 0.3144 - val_acc: 0.8680
----------- Model 1 
loss: 0.314391622169
acc: 0.86801242236
Train on 2576 samples, validate on 644 samples
Epoch 1/200
0s - loss: 0.6826 - acc: 0.6157 - val_loss: 0.6657 - val_acc: 0.6196
Epoch 2/200
0s - loss: 0.6750 - acc: 0.6157 - val_loss: 0.6627 - val_acc: 0.6196
Epoch 3/200
0s - loss: 0.6728 - acc: 0.6157 - val_loss: 0.6609 - val_acc: 0.6196
Epoch 4/200
0s - loss: 0.6711 - acc: 0.6157 - val_loss: 0.6595 - val_acc: 0.6196
Epoch 5/200
0s - loss: 0.6696 - acc: 0.6157 - val_loss: 0.6580 - val_acc: 0.6196
Epoch 6/200
0s - loss: 0.6679 - acc: 0.6157 - val_loss: 0.6564 - val_acc: 0.6196
Epoch 7/200
0s - loss: 0.6661 - acc: 0.6157 - val_loss: 0.6544 - val_acc: 0.6196
Epoch 8/200
0s - loss: 0.6642 - acc: 0.6157 - val_loss: 0.6524 - val_acc: 0.6196
Epoch 9/200
0s - loss: 0.6619 - acc: 0.6157 - val_loss: 0.6499 - val_acc: 0.6196
Epoch 10/200
0s - loss: 0.6595 - acc: 0.6157 - val_loss: 0.6471 - val_acc: 0.6196
Epoch 11/200
0s - loss: 0.6568 - acc: 0.6157 - val_loss: 0.6441 - val_acc: 0.6196
Epoch 12/200
0s - loss: 0.6538 - acc: 0.6157 - val_loss: 0.6403 - val_acc: 0.6196
Epoch 13/200
0s - loss: 0.6502 - acc: 0.6157 - val_loss: 0.6360 - val_acc: 0.6196
Epoch 14/200
0s - loss: 0.6461 - acc: 0.6157 - val_loss: 0.6311 - val_acc: 0.6196
Epoch 15/200
0s - loss: 0.6415 - acc: 0.6157 - val_loss: 0.6255 - val_acc: 0.6196
Epoch 16/200
0s - loss: 0.6364 - acc: 0.6157 - val_loss: 0.6192 - val_acc: 0.6196
Epoch 17/200
0s - loss: 0.6305 - acc: 0.6161 - val_loss: 0.6122 - val_acc: 0.6227
Epoch 18/200
0s - loss: 0.6240 - acc: 0.6176 - val_loss: 0.6041 - val_acc: 0.6242
Epoch 19/200
0s - loss: 0.6168 - acc: 0.6196 - val_loss: 0.5950 - val_acc: 0.6258
Epoch 20/200
0s - loss: 0.6090 - acc: 0.6242 - val_loss: 0.5852 - val_acc: 0.6351
Epoch 21/200
0s - loss: 0.6004 - acc: 0.6339 - val_loss: 0.5747 - val_acc: 0.6522
Epoch 22/200
0s - loss: 0.5913 - acc: 0.6526 - val_loss: 0.5632 - val_acc: 0.6724
Epoch 23/200
0s - loss: 0.5816 - acc: 0.6762 - val_loss: 0.5511 - val_acc: 0.7065
Epoch 24/200
0s - loss: 0.5716 - acc: 0.7085 - val_loss: 0.5385 - val_acc: 0.7205
Epoch 25/200
0s - loss: 0.5615 - acc: 0.7220 - val_loss: 0.5257 - val_acc: 0.7314
Epoch 26/200
0s - loss: 0.5512 - acc: 0.7426 - val_loss: 0.5127 - val_acc: 0.7609
Epoch 27/200
0s - loss: 0.5410 - acc: 0.7624 - val_loss: 0.4997 - val_acc: 0.7748
Epoch 28/200
0s - loss: 0.5311 - acc: 0.7787 - val_loss: 0.4869 - val_acc: 0.7981
Epoch 29/200
0s - loss: 0.5215 - acc: 0.7923 - val_loss: 0.4744 - val_acc: 0.8137
Epoch 30/200
0s - loss: 0.5124 - acc: 0.8043 - val_loss: 0.4624 - val_acc: 0.8183
Epoch 31/200
0s - loss: 0.5038 - acc: 0.8168 - val_loss: 0.4509 - val_acc: 0.8245
Epoch 32/200
0s - loss: 0.4958 - acc: 0.8257 - val_loss: 0.4401 - val_acc: 0.8245
Epoch 33/200
0s - loss: 0.4885 - acc: 0.8339 - val_loss: 0.4298 - val_acc: 0.8401
Epoch 34/200
0s - loss: 0.4817 - acc: 0.8362 - val_loss: 0.4203 - val_acc: 0.8463
Epoch 35/200
0s - loss: 0.4756 - acc: 0.8478 - val_loss: 0.4114 - val_acc: 0.8494
Epoch 36/200
0s - loss: 0.4700 - acc: 0.8502 - val_loss: 0.4031 - val_acc: 0.8618
Epoch 37/200
0s - loss: 0.4650 - acc: 0.8587 - val_loss: 0.3955 - val_acc: 0.8634
Epoch 38/200
0s - loss: 0.4605 - acc: 0.8595 - val_loss: 0.3885 - val_acc: 0.8696
Epoch 39/200
0s - loss: 0.4564 - acc: 0.8634 - val_loss: 0.3819 - val_acc: 0.8727
Epoch 40/200
0s - loss: 0.4528 - acc: 0.8657 - val_loss: 0.3759 - val_acc: 0.8758
Epoch 41/200
0s - loss: 0.4495 - acc: 0.8672 - val_loss: 0.3704 - val_acc: 0.8758
Epoch 42/200
0s - loss: 0.4465 - acc: 0.8703 - val_loss: 0.3652 - val_acc: 0.8758
Epoch 43/200
0s - loss: 0.4439 - acc: 0.8723 - val_loss: 0.3605 - val_acc: 0.8773
Epoch 44/200
0s - loss: 0.4415 - acc: 0.8715 - val_loss: 0.3560 - val_acc: 0.8789
Epoch 45/200
0s - loss: 0.4393 - acc: 0.8734 - val_loss: 0.3519 - val_acc: 0.8851
Epoch 46/200
0s - loss: 0.4374 - acc: 0.8766 - val_loss: 0.3482 - val_acc: 0.8851
Epoch 47/200
0s - loss: 0.4356 - acc: 0.8777 - val_loss: 0.3447 - val_acc: 0.8851
Epoch 48/200
0s - loss: 0.4341 - acc: 0.8793 - val_loss: 0.3415 - val_acc: 0.8866
Epoch 49/200
0s - loss: 0.4327 - acc: 0.8797 - val_loss: 0.3385 - val_acc: 0.8882
Epoch 50/200
0s - loss: 0.4314 - acc: 0.8804 - val_loss: 0.3357 - val_acc: 0.8882
Epoch 51/200
0s - loss: 0.4302 - acc: 0.8816 - val_loss: 0.3331 - val_acc: 0.8882
Epoch 52/200
0s - loss: 0.4292 - acc: 0.8832 - val_loss: 0.3307 - val_acc: 0.8882
Epoch 53/200
0s - loss: 0.4282 - acc: 0.8835 - val_loss: 0.3284 - val_acc: 0.8898
Epoch 54/200
0s - loss: 0.4273 - acc: 0.8847 - val_loss: 0.3263 - val_acc: 0.8929
Epoch 55/200
0s - loss: 0.4265 - acc: 0.8863 - val_loss: 0.3244 - val_acc: 0.8913
Epoch 56/200
0s - loss: 0.4258 - acc: 0.8855 - val_loss: 0.3224 - val_acc: 0.8944
Epoch 57/200
0s - loss: 0.4251 - acc: 0.8863 - val_loss: 0.3206 - val_acc: 0.8960
Epoch 58/200
0s - loss: 0.4244 - acc: 0.8870 - val_loss: 0.3189 - val_acc: 0.8944
Epoch 59/200
0s - loss: 0.4239 - acc: 0.8878 - val_loss: 0.3173 - val_acc: 0.8960
Epoch 60/200
0s - loss: 0.4233 - acc: 0.8886 - val_loss: 0.3159 - val_acc: 0.8975
Epoch 61/200
0s - loss: 0.4228 - acc: 0.8905 - val_loss: 0.3145 - val_acc: 0.8975
Epoch 62/200
0s - loss: 0.4223 - acc: 0.8898 - val_loss: 0.3132 - val_acc: 0.8975
Epoch 63/200
0s - loss: 0.4219 - acc: 0.8905 - val_loss: 0.3120 - val_acc: 0.8991
Epoch 64/200
0s - loss: 0.4215 - acc: 0.8909 - val_loss: 0.3109 - val_acc: 0.8991
Epoch 65/200
0s - loss: 0.4211 - acc: 0.8909 - val_loss: 0.3098 - val_acc: 0.8991
Epoch 66/200
0s - loss: 0.4208 - acc: 0.8921 - val_loss: 0.3087 - val_acc: 0.8991
Epoch 67/200
0s - loss: 0.4205 - acc: 0.8917 - val_loss: 0.3077 - val_acc: 0.9022
Epoch 68/200
0s - loss: 0.4201 - acc: 0.8936 - val_loss: 0.3068 - val_acc: 0.9006
Epoch 69/200
0s - loss: 0.4199 - acc: 0.8929 - val_loss: 0.3058 - val_acc: 0.9022
Epoch 70/200
0s - loss: 0.4196 - acc: 0.8936 - val_loss: 0.3050 - val_acc: 0.9022
Epoch 71/200
0s - loss: 0.4193 - acc: 0.8948 - val_loss: 0.3041 - val_acc: 0.9022
Epoch 72/200
0s - loss: 0.4191 - acc: 0.8944 - val_loss: 0.3033 - val_acc: 0.9037
Epoch 73/200
0s - loss: 0.4189 - acc: 0.8967 - val_loss: 0.3026 - val_acc: 0.9037
Epoch 74/200
0s - loss: 0.4187 - acc: 0.8960 - val_loss: 0.3019 - val_acc: 0.9037
Epoch 75/200
0s - loss: 0.4184 - acc: 0.8952 - val_loss: 0.3012 - val_acc: 0.9037
Epoch 76/200
0s - loss: 0.4183 - acc: 0.8960 - val_loss: 0.3006 - val_acc: 0.9037
Epoch 77/200
0s - loss: 0.4181 - acc: 0.8964 - val_loss: 0.3000 - val_acc: 0.9037
Epoch 78/200
0s - loss: 0.4179 - acc: 0.8971 - val_loss: 0.2993 - val_acc: 0.9037
Epoch 79/200
0s - loss: 0.4178 - acc: 0.8991 - val_loss: 0.2988 - val_acc: 0.9037
Epoch 80/200
0s - loss: 0.4176 - acc: 0.8975 - val_loss: 0.2983 - val_acc: 0.9037
Epoch 81/200
0s - loss: 0.4175 - acc: 0.8975 - val_loss: 0.2978 - val_acc: 0.9037
Epoch 82/200
0s - loss: 0.4173 - acc: 0.8995 - val_loss: 0.2974 - val_acc: 0.9037
Epoch 83/200
0s - loss: 0.4172 - acc: 0.8995 - val_loss: 0.2969 - val_acc: 0.9037
Epoch 84/200
0s - loss: 0.4171 - acc: 0.8983 - val_loss: 0.2964 - val_acc: 0.9037
Epoch 85/200
0s - loss: 0.4170 - acc: 0.8998 - val_loss: 0.2960 - val_acc: 0.9037
Epoch 86/200
0s - loss: 0.4169 - acc: 0.8995 - val_loss: 0.2956 - val_acc: 0.9037
Epoch 87/200
0s - loss: 0.4168 - acc: 0.8995 - val_loss: 0.2952 - val_acc: 0.9037
Epoch 88/200
0s - loss: 0.4167 - acc: 0.8995 - val_loss: 0.2948 - val_acc: 0.9037
Epoch 89/200
0s - loss: 0.4166 - acc: 0.8983 - val_loss: 0.2944 - val_acc: 0.9037
Epoch 90/200
0s - loss: 0.4165 - acc: 0.8987 - val_loss: 0.2940 - val_acc: 0.9037
Epoch 91/200
0s - loss: 0.4164 - acc: 0.8987 - val_loss: 0.2937 - val_acc: 0.9037
Epoch 92/200
0s - loss: 0.4163 - acc: 0.8991 - val_loss: 0.2934 - val_acc: 0.9037
Epoch 93/200
0s - loss: 0.4163 - acc: 0.8998 - val_loss: 0.2931 - val_acc: 0.9037
Epoch 94/200
0s - loss: 0.4162 - acc: 0.8983 - val_loss: 0.2927 - val_acc: 0.9037
Epoch 95/200
0s - loss: 0.4161 - acc: 0.8983 - val_loss: 0.2925 - val_acc: 0.9037
Epoch 96/200
0s - loss: 0.4161 - acc: 0.8995 - val_loss: 0.2922 - val_acc: 0.9037
Epoch 97/200
0s - loss: 0.4160 - acc: 0.8987 - val_loss: 0.2919 - val_acc: 0.9037
Epoch 98/200
0s - loss: 0.4159 - acc: 0.9002 - val_loss: 0.2917 - val_acc: 0.9037
Epoch 99/200
0s - loss: 0.4159 - acc: 0.9002 - val_loss: 0.2916 - val_acc: 0.9037
Epoch 100/200
0s - loss: 0.4159 - acc: 0.8998 - val_loss: 0.2913 - val_acc: 0.9037
Epoch 101/200
0s - loss: 0.4158 - acc: 0.8998 - val_loss: 0.2911 - val_acc: 0.9037
Epoch 102/200
0s - loss: 0.4157 - acc: 0.8998 - val_loss: 0.2908 - val_acc: 0.9053
Epoch 103/200
0s - loss: 0.4157 - acc: 0.8998 - val_loss: 0.2905 - val_acc: 0.9053
Epoch 104/200
0s - loss: 0.4157 - acc: 0.8998 - val_loss: 0.2904 - val_acc: 0.9053
Epoch 105/200
0s - loss: 0.4157 - acc: 0.8998 - val_loss: 0.2902 - val_acc: 0.9053
Epoch 106/200
0s - loss: 0.4156 - acc: 0.9002 - val_loss: 0.2900 - val_acc: 0.9053
Epoch 107/200
0s - loss: 0.4155 - acc: 0.8995 - val_loss: 0.2899 - val_acc: 0.9053
Epoch 108/200
0s - loss: 0.4155 - acc: 0.8983 - val_loss: 0.2897 - val_acc: 0.9053
Epoch 109/200
0s - loss: 0.4154 - acc: 0.8991 - val_loss: 0.2896 - val_acc: 0.9053
Epoch 110/200
0s - loss: 0.4154 - acc: 0.8991 - val_loss: 0.2895 - val_acc: 0.9037
Epoch 111/200
0s - loss: 0.4154 - acc: 0.8983 - val_loss: 0.2892 - val_acc: 0.9053
Epoch 112/200
0s - loss: 0.4153 - acc: 0.8991 - val_loss: 0.2890 - val_acc: 0.9053
Epoch 113/200
0s - loss: 0.4153 - acc: 0.8991 - val_loss: 0.2888 - val_acc: 0.9068
Epoch 114/200
0s - loss: 0.4153 - acc: 0.8995 - val_loss: 0.2887 - val_acc: 0.9068
Epoch 115/200
0s - loss: 0.4152 - acc: 0.8995 - val_loss: 0.2885 - val_acc: 0.9053
Epoch 116/200
0s - loss: 0.4152 - acc: 0.9002 - val_loss: 0.2883 - val_acc: 0.9068
Epoch 117/200
0s - loss: 0.4152 - acc: 0.9002 - val_loss: 0.2882 - val_acc: 0.9068
Epoch 118/200
0s - loss: 0.4152 - acc: 0.9002 - val_loss: 0.2881 - val_acc: 0.9068
Epoch 119/200
0s - loss: 0.4152 - acc: 0.9002 - val_loss: 0.2879 - val_acc: 0.9068
Epoch 120/200
0s - loss: 0.4151 - acc: 0.9002 - val_loss: 0.2878 - val_acc: 0.9068
Epoch 121/200
0s - loss: 0.4151 - acc: 0.8998 - val_loss: 0.2877 - val_acc: 0.9068
Epoch 122/200
0s - loss: 0.4151 - acc: 0.8995 - val_loss: 0.2877 - val_acc: 0.9068
Epoch 123/200
0s - loss: 0.4151 - acc: 0.9002 - val_loss: 0.2876 - val_acc: 0.9068
Epoch 124/200
0s - loss: 0.4150 - acc: 0.8987 - val_loss: 0.2874 - val_acc: 0.9068
Epoch 125/200
0s - loss: 0.4150 - acc: 0.9002 - val_loss: 0.2873 - val_acc: 0.9068
Epoch 126/200
0s - loss: 0.4150 - acc: 0.8995 - val_loss: 0.2872 - val_acc: 0.9068
Epoch 127/200
0s - loss: 0.4150 - acc: 0.8995 - val_loss: 0.2871 - val_acc: 0.9068
Epoch 128/200
0s - loss: 0.4150 - acc: 0.9002 - val_loss: 0.2871 - val_acc: 0.9068
Epoch 129/200
0s - loss: 0.4150 - acc: 0.8998 - val_loss: 0.2870 - val_acc: 0.9068
Epoch 130/200
0s - loss: 0.4149 - acc: 0.9006 - val_loss: 0.2869 - val_acc: 0.9053
Epoch 131/200
0s - loss: 0.4149 - acc: 0.8995 - val_loss: 0.2868 - val_acc: 0.9068
Epoch 132/200
0s - loss: 0.4149 - acc: 0.8998 - val_loss: 0.2866 - val_acc: 0.9068
Epoch 133/200
0s - loss: 0.4149 - acc: 0.9006 - val_loss: 0.2866 - val_acc: 0.9068
Epoch 134/200
0s - loss: 0.4149 - acc: 0.9002 - val_loss: 0.2865 - val_acc: 0.9068
Epoch 135/200
0s - loss: 0.4149 - acc: 0.9010 - val_loss: 0.2865 - val_acc: 0.9068
Epoch 136/200
0s - loss: 0.4148 - acc: 0.8991 - val_loss: 0.2863 - val_acc: 0.9068
Epoch 137/200
0s - loss: 0.4148 - acc: 0.9010 - val_loss: 0.2863 - val_acc: 0.9068
Epoch 138/200
0s - loss: 0.4148 - acc: 0.8998 - val_loss: 0.2861 - val_acc: 0.9068
Epoch 139/200
0s - loss: 0.4148 - acc: 0.9006 - val_loss: 0.2861 - val_acc: 0.9068
Epoch 140/200
0s - loss: 0.4148 - acc: 0.9002 - val_loss: 0.2860 - val_acc: 0.9068
Epoch 141/200
0s - loss: 0.4148 - acc: 0.9010 - val_loss: 0.2860 - val_acc: 0.9068
Epoch 142/200
0s - loss: 0.4148 - acc: 0.8998 - val_loss: 0.2860 - val_acc: 0.9068
Epoch 143/200
0s - loss: 0.4147 - acc: 0.9006 - val_loss: 0.2859 - val_acc: 0.9068
Epoch 144/200
0s - loss: 0.4147 - acc: 0.9010 - val_loss: 0.2859 - val_acc: 0.9053
Epoch 145/200
0s - loss: 0.4147 - acc: 0.9010 - val_loss: 0.2858 - val_acc: 0.9084
Epoch 146/200
0s - loss: 0.4148 - acc: 0.9010 - val_loss: 0.2857 - val_acc: 0.9068
Epoch 147/200
0s - loss: 0.4147 - acc: 0.9022 - val_loss: 0.2857 - val_acc: 0.9068
Epoch 148/200
0s - loss: 0.4147 - acc: 0.9002 - val_loss: 0.2856 - val_acc: 0.9068
Epoch 149/200
0s - loss: 0.4147 - acc: 0.9018 - val_loss: 0.2857 - val_acc: 0.9068
Epoch 150/200
0s - loss: 0.4147 - acc: 0.9014 - val_loss: 0.2857 - val_acc: 0.9068
Epoch 151/200
0s - loss: 0.4147 - acc: 0.9010 - val_loss: 0.2855 - val_acc: 0.9068
Epoch 152/200
0s - loss: 0.4147 - acc: 0.9002 - val_loss: 0.2854 - val_acc: 0.9068
Epoch 153/200
0s - loss: 0.4146 - acc: 0.9006 - val_loss: 0.2853 - val_acc: 0.9068
Epoch 154/200
0s - loss: 0.4147 - acc: 0.9026 - val_loss: 0.2854 - val_acc: 0.9068
Epoch 155/200
0s - loss: 0.4146 - acc: 0.9026 - val_loss: 0.2854 - val_acc: 0.9068
Epoch 156/200
0s - loss: 0.4147 - acc: 0.9010 - val_loss: 0.2853 - val_acc: 0.9068
Epoch 157/200
0s - loss: 0.4147 - acc: 0.9010 - val_loss: 0.2852 - val_acc: 0.9068
Epoch 158/200
0s - loss: 0.4147 - acc: 0.9014 - val_loss: 0.2852 - val_acc: 0.9068
Epoch 159/200
0s - loss: 0.4146 - acc: 0.9022 - val_loss: 0.2851 - val_acc: 0.9068
Epoch 160/200
0s - loss: 0.4146 - acc: 0.9022 - val_loss: 0.2851 - val_acc: 0.9068
Epoch 161/200
0s - loss: 0.4146 - acc: 0.9022 - val_loss: 0.2851 - val_acc: 0.9068
Epoch 162/200
0s - loss: 0.4146 - acc: 0.9014 - val_loss: 0.2851 - val_acc: 0.9068
Epoch 163/200
0s - loss: 0.4146 - acc: 0.9022 - val_loss: 0.2851 - val_acc: 0.9084
Epoch 164/200
0s - loss: 0.4146 - acc: 0.9014 - val_loss: 0.2850 - val_acc: 0.9084
Epoch 165/200
0s - loss: 0.4146 - acc: 0.9018 - val_loss: 0.2850 - val_acc: 0.9068
Epoch 166/200
0s - loss: 0.4146 - acc: 0.9022 - val_loss: 0.2850 - val_acc: 0.9068
Epoch 167/200
0s - loss: 0.4146 - acc: 0.9014 - val_loss: 0.2849 - val_acc: 0.9068
Epoch 168/200
0s - loss: 0.4145 - acc: 0.9014 - val_loss: 0.2848 - val_acc: 0.9068
Epoch 169/200
0s - loss: 0.4145 - acc: 0.9010 - val_loss: 0.2848 - val_acc: 0.9084
Epoch 170/200
0s - loss: 0.4145 - acc: 0.9022 - val_loss: 0.2848 - val_acc: 0.9084
Epoch 171/200
0s - loss: 0.4145 - acc: 0.9014 - val_loss: 0.2848 - val_acc: 0.9084
Epoch 172/200
0s - loss: 0.4145 - acc: 0.9018 - val_loss: 0.2847 - val_acc: 0.9084
Epoch 173/200
0s - loss: 0.4145 - acc: 0.9022 - val_loss: 0.2848 - val_acc: 0.9068
Epoch 174/200
0s - loss: 0.4145 - acc: 0.9002 - val_loss: 0.2847 - val_acc: 0.9068
Epoch 175/200
0s - loss: 0.4145 - acc: 0.9010 - val_loss: 0.2846 - val_acc: 0.9084
Epoch 176/200
0s - loss: 0.4145 - acc: 0.9022 - val_loss: 0.2846 - val_acc: 0.9084
Epoch 177/200
0s - loss: 0.4145 - acc: 0.9026 - val_loss: 0.2846 - val_acc: 0.9084
Epoch 178/200
0s - loss: 0.4145 - acc: 0.9018 - val_loss: 0.2846 - val_acc: 0.9084
Epoch 179/200
0s - loss: 0.4145 - acc: 0.9018 - val_loss: 0.2846 - val_acc: 0.9084
Epoch 180/200
0s - loss: 0.4145 - acc: 0.9006 - val_loss: 0.2845 - val_acc: 0.9084
Epoch 181/200
0s - loss: 0.4145 - acc: 0.9030 - val_loss: 0.2846 - val_acc: 0.9084
Epoch 182/200
0s - loss: 0.4145 - acc: 0.9022 - val_loss: 0.2845 - val_acc: 0.9084
Epoch 183/200
0s - loss: 0.4145 - acc: 0.9014 - val_loss: 0.2845 - val_acc: 0.9099
Epoch 184/200
0s - loss: 0.4145 - acc: 0.9010 - val_loss: 0.2845 - val_acc: 0.9084
Epoch 185/200
0s - loss: 0.4144 - acc: 0.9006 - val_loss: 0.2844 - val_acc: 0.9084
Epoch 186/200
0s - loss: 0.4145 - acc: 0.9026 - val_loss: 0.2844 - val_acc: 0.9099
Epoch 187/200
0s - loss: 0.4144 - acc: 0.9014 - val_loss: 0.2844 - val_acc: 0.9084
Epoch 188/200
0s - loss: 0.4144 - acc: 0.9026 - val_loss: 0.2844 - val_acc: 0.9099
Epoch 189/200
0s - loss: 0.4144 - acc: 0.9010 - val_loss: 0.2843 - val_acc: 0.9084
Epoch 190/200
0s - loss: 0.4144 - acc: 0.9026 - val_loss: 0.2844 - val_acc: 0.9099
Epoch 191/200
0s - loss: 0.4145 - acc: 0.9022 - val_loss: 0.2844 - val_acc: 0.9099
Epoch 192/200
0s - loss: 0.4144 - acc: 0.9010 - val_loss: 0.2843 - val_acc: 0.9084
Epoch 193/200
0s - loss: 0.4144 - acc: 0.9018 - val_loss: 0.2843 - val_acc: 0.9084
Epoch 194/200
0s - loss: 0.4144 - acc: 0.9014 - val_loss: 0.2843 - val_acc: 0.9099
Epoch 195/200
0s - loss: 0.4144 - acc: 0.9018 - val_loss: 0.2843 - val_acc: 0.9099
Epoch 196/200
0s - loss: 0.4144 - acc: 0.9022 - val_loss: 0.2842 - val_acc: 0.9084
Epoch 197/200
0s - loss: 0.4144 - acc: 0.9018 - val_loss: 0.2842 - val_acc: 0.9084
Epoch 198/200
0s - loss: 0.4144 - acc: 0.9030 - val_loss: 0.2842 - val_acc: 0.9084
Epoch 199/200
0s - loss: 0.4144 - acc: 0.9006 - val_loss: 0.2842 - val_acc: 0.9084
Epoch 200/200
0s - loss: 0.4144 - acc: 0.9022 - val_loss: 0.2842 - val_acc: 0.9084
----------- Model 2 
loss: 0.28415842345
acc: 0.908385093168
Train on 2576 samples, validate on 644 samples
Epoch 1/200
0s - loss: 0.6882 - acc: 0.5970 - val_loss: 0.6678 - val_acc: 0.6211
Epoch 2/200
0s - loss: 0.6772 - acc: 0.6153 - val_loss: 0.6639 - val_acc: 0.6211
Epoch 3/200
0s - loss: 0.6747 - acc: 0.6153 - val_loss: 0.6621 - val_acc: 0.6211
Epoch 4/200
0s - loss: 0.6731 - acc: 0.6153 - val_loss: 0.6606 - val_acc: 0.6211
Epoch 5/200
0s - loss: 0.6715 - acc: 0.6153 - val_loss: 0.6591 - val_acc: 0.6211
Epoch 6/200
0s - loss: 0.6699 - acc: 0.6153 - val_loss: 0.6575 - val_acc: 0.6211
Epoch 7/200
0s - loss: 0.6683 - acc: 0.6153 - val_loss: 0.6558 - val_acc: 0.6211
Epoch 8/200
0s - loss: 0.6665 - acc: 0.6153 - val_loss: 0.6538 - val_acc: 0.6211
Epoch 9/200
0s - loss: 0.6645 - acc: 0.6153 - val_loss: 0.6514 - val_acc: 0.6211
Epoch 10/200
0s - loss: 0.6621 - acc: 0.6153 - val_loss: 0.6490 - val_acc: 0.6211
Epoch 11/200
0s - loss: 0.6596 - acc: 0.6153 - val_loss: 0.6460 - val_acc: 0.6211
Epoch 12/200
0s - loss: 0.6567 - acc: 0.6153 - val_loss: 0.6426 - val_acc: 0.6211
Epoch 13/200
0s - loss: 0.6536 - acc: 0.6153 - val_loss: 0.6385 - val_acc: 0.6211
Epoch 14/200
0s - loss: 0.6498 - acc: 0.6153 - val_loss: 0.6336 - val_acc: 0.6211
Epoch 15/200
0s - loss: 0.6456 - acc: 0.6153 - val_loss: 0.6284 - val_acc: 0.6211
Epoch 16/200
0s - loss: 0.6408 - acc: 0.6153 - val_loss: 0.6223 - val_acc: 0.6211
Epoch 17/200
0s - loss: 0.6354 - acc: 0.6153 - val_loss: 0.6155 - val_acc: 0.6211
Epoch 18/200
0s - loss: 0.6293 - acc: 0.6157 - val_loss: 0.6079 - val_acc: 0.6227
Epoch 19/200
0s - loss: 0.6225 - acc: 0.6168 - val_loss: 0.5995 - val_acc: 0.6258
Epoch 20/200
0s - loss: 0.6151 - acc: 0.6207 - val_loss: 0.5901 - val_acc: 0.6289
Epoch 21/200
0s - loss: 0.6071 - acc: 0.6269 - val_loss: 0.5799 - val_acc: 0.6366
Epoch 22/200
0s - loss: 0.5983 - acc: 0.6483 - val_loss: 0.5689 - val_acc: 0.6553
Epoch 23/200
0s - loss: 0.5892 - acc: 0.6564 - val_loss: 0.5574 - val_acc: 0.6770
Epoch 24/200
0s - loss: 0.5797 - acc: 0.6859 - val_loss: 0.5454 - val_acc: 0.7112
Epoch 25/200
0s - loss: 0.5698 - acc: 0.7143 - val_loss: 0.5330 - val_acc: 0.7345
Epoch 26/200
0s - loss: 0.5597 - acc: 0.7411 - val_loss: 0.5204 - val_acc: 0.7484
Epoch 27/200
0s - loss: 0.5497 - acc: 0.7488 - val_loss: 0.5078 - val_acc: 0.7686
Epoch 28/200
0s - loss: 0.5398 - acc: 0.7717 - val_loss: 0.4951 - val_acc: 0.7811
Epoch 29/200
0s - loss: 0.5302 - acc: 0.7873 - val_loss: 0.4829 - val_acc: 0.8012
Epoch 30/200
0s - loss: 0.5208 - acc: 0.8012 - val_loss: 0.4709 - val_acc: 0.8106
Epoch 31/200
0s - loss: 0.5120 - acc: 0.8137 - val_loss: 0.4594 - val_acc: 0.8230
Epoch 32/200
0s - loss: 0.5037 - acc: 0.8218 - val_loss: 0.4484 - val_acc: 0.8307
Epoch 33/200
0s - loss: 0.4958 - acc: 0.8273 - val_loss: 0.4382 - val_acc: 0.8370
Epoch 34/200
0s - loss: 0.4887 - acc: 0.8358 - val_loss: 0.4285 - val_acc: 0.8385
Epoch 35/200
0s - loss: 0.4821 - acc: 0.8432 - val_loss: 0.4194 - val_acc: 0.8478
Epoch 36/200
0s - loss: 0.4760 - acc: 0.8482 - val_loss: 0.4110 - val_acc: 0.8556
Epoch 37/200
0s - loss: 0.4705 - acc: 0.8556 - val_loss: 0.4032 - val_acc: 0.8618
Epoch 38/200
0s - loss: 0.4656 - acc: 0.8626 - val_loss: 0.3959 - val_acc: 0.8602
Epoch 39/200
0s - loss: 0.4611 - acc: 0.8645 - val_loss: 0.3892 - val_acc: 0.8618
Epoch 40/200
0s - loss: 0.4571 - acc: 0.8657 - val_loss: 0.3831 - val_acc: 0.8634
Epoch 41/200
0s - loss: 0.4533 - acc: 0.8703 - val_loss: 0.3773 - val_acc: 0.8696
Epoch 42/200
0s - loss: 0.4500 - acc: 0.8715 - val_loss: 0.3721 - val_acc: 0.8742
Epoch 43/200
0s - loss: 0.4470 - acc: 0.8742 - val_loss: 0.3672 - val_acc: 0.8773
Epoch 44/200
0s - loss: 0.4444 - acc: 0.8746 - val_loss: 0.3627 - val_acc: 0.8804
Epoch 45/200
0s - loss: 0.4419 - acc: 0.8758 - val_loss: 0.3586 - val_acc: 0.8820
Epoch 46/200
0s - loss: 0.4397 - acc: 0.8773 - val_loss: 0.3547 - val_acc: 0.8820
Epoch 47/200
0s - loss: 0.4377 - acc: 0.8762 - val_loss: 0.3512 - val_acc: 0.8835
Epoch 48/200
0s - loss: 0.4359 - acc: 0.8816 - val_loss: 0.3478 - val_acc: 0.8835
Epoch 49/200
0s - loss: 0.4343 - acc: 0.8839 - val_loss: 0.3447 - val_acc: 0.8835
Epoch 50/200
0s - loss: 0.4328 - acc: 0.8832 - val_loss: 0.3418 - val_acc: 0.8835
Epoch 51/200
0s - loss: 0.4314 - acc: 0.8839 - val_loss: 0.3392 - val_acc: 0.8835
Epoch 52/200
0s - loss: 0.4302 - acc: 0.8863 - val_loss: 0.3367 - val_acc: 0.8835
Epoch 53/200
0s - loss: 0.4291 - acc: 0.8863 - val_loss: 0.3344 - val_acc: 0.8835
Epoch 54/200
0s - loss: 0.4281 - acc: 0.8882 - val_loss: 0.3322 - val_acc: 0.8851
Epoch 55/200
0s - loss: 0.4271 - acc: 0.8870 - val_loss: 0.3302 - val_acc: 0.8882
Epoch 56/200
0s - loss: 0.4262 - acc: 0.8909 - val_loss: 0.3283 - val_acc: 0.8882
Epoch 57/200
0s - loss: 0.4254 - acc: 0.8909 - val_loss: 0.3266 - val_acc: 0.8882
Epoch 58/200
0s - loss: 0.4247 - acc: 0.8921 - val_loss: 0.3250 - val_acc: 0.8898
Epoch 59/200
0s - loss: 0.4241 - acc: 0.8929 - val_loss: 0.3235 - val_acc: 0.8913
Epoch 60/200
0s - loss: 0.4234 - acc: 0.8936 - val_loss: 0.3220 - val_acc: 0.8913
Epoch 61/200
0s - loss: 0.4229 - acc: 0.8940 - val_loss: 0.3206 - val_acc: 0.8913
Epoch 62/200
0s - loss: 0.4223 - acc: 0.8948 - val_loss: 0.3193 - val_acc: 0.8929
Epoch 63/200
0s - loss: 0.4218 - acc: 0.8948 - val_loss: 0.3181 - val_acc: 0.8929
Epoch 64/200
0s - loss: 0.4214 - acc: 0.8956 - val_loss: 0.3169 - val_acc: 0.8929
Epoch 65/200
0s - loss: 0.4209 - acc: 0.8960 - val_loss: 0.3158 - val_acc: 0.8929
Epoch 66/200
0s - loss: 0.4205 - acc: 0.8956 - val_loss: 0.3149 - val_acc: 0.8929
Epoch 67/200
0s - loss: 0.4201 - acc: 0.8960 - val_loss: 0.3138 - val_acc: 0.8929
Epoch 68/200
0s - loss: 0.4197 - acc: 0.8956 - val_loss: 0.3129 - val_acc: 0.8944
Epoch 69/200
0s - loss: 0.4194 - acc: 0.8960 - val_loss: 0.3121 - val_acc: 0.8944
Epoch 70/200
0s - loss: 0.4191 - acc: 0.8971 - val_loss: 0.3113 - val_acc: 0.8944
Epoch 71/200
0s - loss: 0.4188 - acc: 0.8960 - val_loss: 0.3105 - val_acc: 0.8975
Epoch 72/200
0s - loss: 0.4185 - acc: 0.8964 - val_loss: 0.3099 - val_acc: 0.8991
Epoch 73/200
0s - loss: 0.4182 - acc: 0.8979 - val_loss: 0.3092 - val_acc: 0.8991
Epoch 74/200
0s - loss: 0.4180 - acc: 0.8979 - val_loss: 0.3085 - val_acc: 0.8991
Epoch 75/200
0s - loss: 0.4178 - acc: 0.8979 - val_loss: 0.3079 - val_acc: 0.8960
Epoch 76/200
0s - loss: 0.4175 - acc: 0.8975 - val_loss: 0.3073 - val_acc: 0.8960
Epoch 77/200
0s - loss: 0.4173 - acc: 0.8987 - val_loss: 0.3067 - val_acc: 0.8960
Epoch 78/200
0s - loss: 0.4171 - acc: 0.8995 - val_loss: 0.3062 - val_acc: 0.8975
Epoch 79/200
0s - loss: 0.4169 - acc: 0.8998 - val_loss: 0.3056 - val_acc: 0.8975
Epoch 80/200
0s - loss: 0.4168 - acc: 0.8987 - val_loss: 0.3052 - val_acc: 0.8991
Epoch 81/200
0s - loss: 0.4166 - acc: 0.8983 - val_loss: 0.3047 - val_acc: 0.9022
Epoch 82/200
0s - loss: 0.4165 - acc: 0.8987 - val_loss: 0.3043 - val_acc: 0.9022
Epoch 83/200
0s - loss: 0.4163 - acc: 0.9006 - val_loss: 0.3038 - val_acc: 0.9022
Epoch 84/200
0s - loss: 0.4161 - acc: 0.8995 - val_loss: 0.3035 - val_acc: 0.9022
Epoch 85/200
0s - loss: 0.4160 - acc: 0.8995 - val_loss: 0.3031 - val_acc: 0.9022
Epoch 86/200
0s - loss: 0.4159 - acc: 0.8995 - val_loss: 0.3027 - val_acc: 0.9022
Epoch 87/200
0s - loss: 0.4158 - acc: 0.9006 - val_loss: 0.3023 - val_acc: 0.9022
Epoch 88/200
0s - loss: 0.4156 - acc: 0.8991 - val_loss: 0.3021 - val_acc: 0.9022
Epoch 89/200
0s - loss: 0.4155 - acc: 0.8995 - val_loss: 0.3018 - val_acc: 0.9006
Epoch 90/200
0s - loss: 0.4155 - acc: 0.9022 - val_loss: 0.3014 - val_acc: 0.9022
Epoch 91/200
0s - loss: 0.4154 - acc: 0.9014 - val_loss: 0.3011 - val_acc: 0.9022
Epoch 92/200
0s - loss: 0.4152 - acc: 0.9014 - val_loss: 0.3007 - val_acc: 0.9022
Epoch 93/200
0s - loss: 0.4152 - acc: 0.9022 - val_loss: 0.3005 - val_acc: 0.9037
Epoch 94/200
0s - loss: 0.4151 - acc: 0.9026 - val_loss: 0.3002 - val_acc: 0.9037
Epoch 95/200
0s - loss: 0.4150 - acc: 0.9026 - val_loss: 0.2999 - val_acc: 0.9037
Epoch 96/200
0s - loss: 0.4149 - acc: 0.9006 - val_loss: 0.2998 - val_acc: 0.9037
Epoch 97/200
0s - loss: 0.4149 - acc: 0.9030 - val_loss: 0.2996 - val_acc: 0.9037
Epoch 98/200
0s - loss: 0.4147 - acc: 0.9010 - val_loss: 0.2994 - val_acc: 0.9037
Epoch 99/200
0s - loss: 0.4147 - acc: 0.9041 - val_loss: 0.2992 - val_acc: 0.9037
Epoch 100/200
0s - loss: 0.4146 - acc: 0.9030 - val_loss: 0.2989 - val_acc: 0.9037
Epoch 101/200
0s - loss: 0.4145 - acc: 0.9030 - val_loss: 0.2987 - val_acc: 0.9037
Epoch 102/200
0s - loss: 0.4145 - acc: 0.9018 - val_loss: 0.2985 - val_acc: 0.9037
Epoch 103/200
0s - loss: 0.4145 - acc: 0.9030 - val_loss: 0.2984 - val_acc: 0.9037
Epoch 104/200
0s - loss: 0.4144 - acc: 0.9026 - val_loss: 0.2982 - val_acc: 0.9037
Epoch 105/200
0s - loss: 0.4143 - acc: 0.9033 - val_loss: 0.2980 - val_acc: 0.9037
Epoch 106/200
0s - loss: 0.4143 - acc: 0.9030 - val_loss: 0.2978 - val_acc: 0.9037
Epoch 107/200
0s - loss: 0.4142 - acc: 0.9026 - val_loss: 0.2976 - val_acc: 0.9037
Epoch 108/200
0s - loss: 0.4142 - acc: 0.9030 - val_loss: 0.2975 - val_acc: 0.9037
Epoch 109/200
0s - loss: 0.4142 - acc: 0.9026 - val_loss: 0.2974 - val_acc: 0.9037
Epoch 110/200
0s - loss: 0.4141 - acc: 0.9033 - val_loss: 0.2972 - val_acc: 0.9022
Epoch 111/200
0s - loss: 0.4140 - acc: 0.9030 - val_loss: 0.2971 - val_acc: 0.9022
Epoch 112/200
0s - loss: 0.4140 - acc: 0.9022 - val_loss: 0.2970 - val_acc: 0.9022
Epoch 113/200
0s - loss: 0.4140 - acc: 0.9041 - val_loss: 0.2969 - val_acc: 0.9022
Epoch 114/200
0s - loss: 0.4139 - acc: 0.9037 - val_loss: 0.2968 - val_acc: 0.9022
Epoch 115/200
0s - loss: 0.4139 - acc: 0.9041 - val_loss: 0.2966 - val_acc: 0.9022
Epoch 116/200
0s - loss: 0.4139 - acc: 0.9041 - val_loss: 0.2965 - val_acc: 0.9022
Epoch 117/200
0s - loss: 0.4138 - acc: 0.9037 - val_loss: 0.2963 - val_acc: 0.9022
Epoch 118/200
0s - loss: 0.4138 - acc: 0.9033 - val_loss: 0.2962 - val_acc: 0.9022
Epoch 119/200
0s - loss: 0.4138 - acc: 0.9037 - val_loss: 0.2962 - val_acc: 0.9022
Epoch 120/200
0s - loss: 0.4137 - acc: 0.9033 - val_loss: 0.2960 - val_acc: 0.9022
Epoch 121/200
0s - loss: 0.4137 - acc: 0.9037 - val_loss: 0.2959 - val_acc: 0.9022
Epoch 122/200
0s - loss: 0.4137 - acc: 0.9045 - val_loss: 0.2958 - val_acc: 0.9022
Epoch 123/200
0s - loss: 0.4136 - acc: 0.9045 - val_loss: 0.2957 - val_acc: 0.9022
Epoch 124/200
0s - loss: 0.4136 - acc: 0.9033 - val_loss: 0.2957 - val_acc: 0.9022
Epoch 125/200
0s - loss: 0.4136 - acc: 0.9041 - val_loss: 0.2956 - val_acc: 0.9022
Epoch 126/200
0s - loss: 0.4135 - acc: 0.9033 - val_loss: 0.2955 - val_acc: 0.9022
Epoch 127/200
0s - loss: 0.4136 - acc: 0.9041 - val_loss: 0.2955 - val_acc: 0.9022
Epoch 128/200
0s - loss: 0.4135 - acc: 0.9037 - val_loss: 0.2955 - val_acc: 0.9022
Epoch 129/200
0s - loss: 0.4135 - acc: 0.9041 - val_loss: 0.2954 - val_acc: 0.9022
Epoch 130/200
0s - loss: 0.4135 - acc: 0.9037 - val_loss: 0.2952 - val_acc: 0.9037
Epoch 131/200
0s - loss: 0.4135 - acc: 0.9045 - val_loss: 0.2952 - val_acc: 0.9037
Epoch 132/200
0s - loss: 0.4134 - acc: 0.9037 - val_loss: 0.2951 - val_acc: 0.9037
Epoch 133/200
0s - loss: 0.4134 - acc: 0.9033 - val_loss: 0.2951 - val_acc: 0.9037
Epoch 134/200
0s - loss: 0.4134 - acc: 0.9041 - val_loss: 0.2951 - val_acc: 0.9037
Epoch 135/200
0s - loss: 0.4134 - acc: 0.9033 - val_loss: 0.2950 - val_acc: 0.9037
Epoch 136/200
0s - loss: 0.4134 - acc: 0.9041 - val_loss: 0.2949 - val_acc: 0.9037
Epoch 137/200
0s - loss: 0.4133 - acc: 0.9045 - val_loss: 0.2948 - val_acc: 0.9037
Epoch 138/200
0s - loss: 0.4133 - acc: 0.9041 - val_loss: 0.2947 - val_acc: 0.9037
Epoch 139/200
0s - loss: 0.4133 - acc: 0.9041 - val_loss: 0.2946 - val_acc: 0.9037
Epoch 140/200
0s - loss: 0.4133 - acc: 0.9037 - val_loss: 0.2946 - val_acc: 0.9037
Epoch 141/200
0s - loss: 0.4132 - acc: 0.9041 - val_loss: 0.2946 - val_acc: 0.9037
Epoch 142/200
0s - loss: 0.4133 - acc: 0.9033 - val_loss: 0.2946 - val_acc: 0.9037
Epoch 143/200
0s - loss: 0.4132 - acc: 0.9037 - val_loss: 0.2946 - val_acc: 0.9037
Epoch 144/200
0s - loss: 0.4132 - acc: 0.9045 - val_loss: 0.2945 - val_acc: 0.9037
Epoch 145/200
0s - loss: 0.4132 - acc: 0.9045 - val_loss: 0.2945 - val_acc: 0.9037
Epoch 146/200
0s - loss: 0.4132 - acc: 0.9053 - val_loss: 0.2944 - val_acc: 0.9037
Epoch 147/200
0s - loss: 0.4131 - acc: 0.9049 - val_loss: 0.2942 - val_acc: 0.9037
Epoch 148/200
0s - loss: 0.4131 - acc: 0.9041 - val_loss: 0.2942 - val_acc: 0.9037
Epoch 149/200
0s - loss: 0.4131 - acc: 0.9041 - val_loss: 0.2942 - val_acc: 0.9037
Epoch 150/200
0s - loss: 0.4131 - acc: 0.9045 - val_loss: 0.2942 - val_acc: 0.9037
Epoch 151/200
0s - loss: 0.4131 - acc: 0.9053 - val_loss: 0.2941 - val_acc: 0.9037
Epoch 152/200
0s - loss: 0.4131 - acc: 0.9041 - val_loss: 0.2941 - val_acc: 0.9037
Epoch 153/200
0s - loss: 0.4131 - acc: 0.9049 - val_loss: 0.2940 - val_acc: 0.9037
Epoch 154/200
0s - loss: 0.4130 - acc: 0.9041 - val_loss: 0.2940 - val_acc: 0.9037
Epoch 155/200
0s - loss: 0.4131 - acc: 0.9045 - val_loss: 0.2939 - val_acc: 0.9037
Epoch 156/200
0s - loss: 0.4130 - acc: 0.9049 - val_loss: 0.2939 - val_acc: 0.9037
Epoch 157/200
0s - loss: 0.4130 - acc: 0.9033 - val_loss: 0.2939 - val_acc: 0.9037
Epoch 158/200
0s - loss: 0.4130 - acc: 0.9041 - val_loss: 0.2939 - val_acc: 0.9037
Epoch 159/200
0s - loss: 0.4130 - acc: 0.9045 - val_loss: 0.2939 - val_acc: 0.9037
Epoch 160/200
0s - loss: 0.4130 - acc: 0.9049 - val_loss: 0.2938 - val_acc: 0.9037
Epoch 161/200
0s - loss: 0.4130 - acc: 0.9049 - val_loss: 0.2938 - val_acc: 0.9037
Epoch 162/200
0s - loss: 0.4130 - acc: 0.9045 - val_loss: 0.2938 - val_acc: 0.9037
Epoch 163/200
0s - loss: 0.4130 - acc: 0.9053 - val_loss: 0.2937 - val_acc: 0.9037
Epoch 164/200
0s - loss: 0.4129 - acc: 0.9041 - val_loss: 0.2937 - val_acc: 0.9037
Epoch 165/200
0s - loss: 0.4129 - acc: 0.9045 - val_loss: 0.2937 - val_acc: 0.9037
Epoch 166/200
0s - loss: 0.4129 - acc: 0.9061 - val_loss: 0.2938 - val_acc: 0.9037
Epoch 167/200
0s - loss: 0.4129 - acc: 0.9057 - val_loss: 0.2937 - val_acc: 0.9037
Epoch 168/200
0s - loss: 0.4129 - acc: 0.9033 - val_loss: 0.2937 - val_acc: 0.9037
Epoch 169/200
0s - loss: 0.4129 - acc: 0.9033 - val_loss: 0.2937 - val_acc: 0.9037
Epoch 170/200
0s - loss: 0.4129 - acc: 0.9057 - val_loss: 0.2937 - val_acc: 0.9037
Epoch 171/200
0s - loss: 0.4129 - acc: 0.9037 - val_loss: 0.2938 - val_acc: 0.9037
Epoch 172/200
0s - loss: 0.4129 - acc: 0.9049 - val_loss: 0.2937 - val_acc: 0.9037
Epoch 173/200
0s - loss: 0.4128 - acc: 0.9049 - val_loss: 0.2937 - val_acc: 0.9037
Epoch 174/200
0s - loss: 0.4128 - acc: 0.9053 - val_loss: 0.2936 - val_acc: 0.9037
Epoch 175/200
0s - loss: 0.4128 - acc: 0.9037 - val_loss: 0.2936 - val_acc: 0.9037
Epoch 176/200
0s - loss: 0.4128 - acc: 0.9053 - val_loss: 0.2936 - val_acc: 0.9037
Epoch 177/200
0s - loss: 0.4128 - acc: 0.9053 - val_loss: 0.2935 - val_acc: 0.9037
Epoch 178/200
0s - loss: 0.4128 - acc: 0.9045 - val_loss: 0.2935 - val_acc: 0.9037
Epoch 179/200
0s - loss: 0.4128 - acc: 0.9049 - val_loss: 0.2935 - val_acc: 0.9037
Epoch 180/200
0s - loss: 0.4128 - acc: 0.9053 - val_loss: 0.2935 - val_acc: 0.9037
Epoch 181/200
0s - loss: 0.4128 - acc: 0.9061 - val_loss: 0.2935 - val_acc: 0.9037
Epoch 182/200
0s - loss: 0.4128 - acc: 0.9049 - val_loss: 0.2935 - val_acc: 0.9037
Epoch 183/200
0s - loss: 0.4127 - acc: 0.9053 - val_loss: 0.2934 - val_acc: 0.9037
Epoch 184/200
0s - loss: 0.4128 - acc: 0.9057 - val_loss: 0.2934 - val_acc: 0.9037
Epoch 185/200
0s - loss: 0.4127 - acc: 0.9057 - val_loss: 0.2934 - val_acc: 0.9037
Epoch 186/200
0s - loss: 0.4127 - acc: 0.9049 - val_loss: 0.2933 - val_acc: 0.9037
Epoch 187/200
0s - loss: 0.4127 - acc: 0.9041 - val_loss: 0.2934 - val_acc: 0.9037
Epoch 188/200
0s - loss: 0.4127 - acc: 0.9057 - val_loss: 0.2933 - val_acc: 0.9037
Epoch 189/200
0s - loss: 0.4127 - acc: 0.9045 - val_loss: 0.2933 - val_acc: 0.9037
Epoch 190/200
0s - loss: 0.4127 - acc: 0.9053 - val_loss: 0.2934 - val_acc: 0.9037
Epoch 191/200
0s - loss: 0.4127 - acc: 0.9061 - val_loss: 0.2934 - val_acc: 0.9037
Epoch 192/200
0s - loss: 0.4127 - acc: 0.9061 - val_loss: 0.2933 - val_acc: 0.9037
Epoch 193/200
0s - loss: 0.4127 - acc: 0.9045 - val_loss: 0.2934 - val_acc: 0.9037
Epoch 194/200
0s - loss: 0.4127 - acc: 0.9045 - val_loss: 0.2934 - val_acc: 0.9037
Epoch 195/200
0s - loss: 0.4126 - acc: 0.9057 - val_loss: 0.2934 - val_acc: 0.9037
Epoch 196/200
0s - loss: 0.4126 - acc: 0.9045 - val_loss: 0.2934 - val_acc: 0.9037
Epoch 197/200
0s - loss: 0.4126 - acc: 0.9049 - val_loss: 0.2933 - val_acc: 0.9037
Epoch 198/200
0s - loss: 0.4126 - acc: 0.9053 - val_loss: 0.2933 - val_acc: 0.9037
Epoch 199/200
0s - loss: 0.4126 - acc: 0.9037 - val_loss: 0.2934 - val_acc: 0.9037
Epoch 200/200
0s - loss: 0.4126 - acc: 0.9061 - val_loss: 0.2933 - val_acc: 0.9037
----------- Model 3 
loss: 0.29333460479
acc: 0.903726708075
Train on 2576 samples, validate on 644 samples
Epoch 1/200
0s - loss: 0.6869 - acc: 0.5998 - val_loss: 0.6655 - val_acc: 0.6227
Epoch 2/200
0s - loss: 0.6753 - acc: 0.6149 - val_loss: 0.6611 - val_acc: 0.6227
Epoch 3/200
0s - loss: 0.6729 - acc: 0.6149 - val_loss: 0.6592 - val_acc: 0.6227
Epoch 4/200
0s - loss: 0.6714 - acc: 0.6149 - val_loss: 0.6578 - val_acc: 0.6227
Epoch 5/200
0s - loss: 0.6699 - acc: 0.6149 - val_loss: 0.6564 - val_acc: 0.6227
Epoch 6/200
0s - loss: 0.6683 - acc: 0.6149 - val_loss: 0.6546 - val_acc: 0.6227
Epoch 7/200
0s - loss: 0.6665 - acc: 0.6149 - val_loss: 0.6531 - val_acc: 0.6227
Epoch 8/200
0s - loss: 0.6646 - acc: 0.6149 - val_loss: 0.6508 - val_acc: 0.6227
Epoch 9/200
0s - loss: 0.6624 - acc: 0.6149 - val_loss: 0.6483 - val_acc: 0.6227
Epoch 10/200
0s - loss: 0.6601 - acc: 0.6149 - val_loss: 0.6456 - val_acc: 0.6227
Epoch 11/200
0s - loss: 0.6572 - acc: 0.6149 - val_loss: 0.6424 - val_acc: 0.6227
Epoch 12/200
0s - loss: 0.6542 - acc: 0.6149 - val_loss: 0.6388 - val_acc: 0.6227
Epoch 13/200
0s - loss: 0.6506 - acc: 0.6149 - val_loss: 0.6346 - val_acc: 0.6227
Epoch 14/200
0s - loss: 0.6465 - acc: 0.6149 - val_loss: 0.6297 - val_acc: 0.6227
Epoch 15/200
0s - loss: 0.6420 - acc: 0.6149 - val_loss: 0.6242 - val_acc: 0.6227
Epoch 16/200
0s - loss: 0.6368 - acc: 0.6149 - val_loss: 0.6182 - val_acc: 0.6227
Epoch 17/200
0s - loss: 0.6310 - acc: 0.6165 - val_loss: 0.6111 - val_acc: 0.6227
Epoch 18/200
0s - loss: 0.6246 - acc: 0.6172 - val_loss: 0.6033 - val_acc: 0.6258
Epoch 19/200
0s - loss: 0.6175 - acc: 0.6180 - val_loss: 0.5948 - val_acc: 0.6289
Epoch 20/200
0s - loss: 0.6099 - acc: 0.6238 - val_loss: 0.5853 - val_acc: 0.6351
Epoch 21/200
0s - loss: 0.6015 - acc: 0.6328 - val_loss: 0.5753 - val_acc: 0.6615
Epoch 22/200
0s - loss: 0.5926 - acc: 0.6514 - val_loss: 0.5644 - val_acc: 0.6988
Epoch 23/200
0s - loss: 0.5832 - acc: 0.6759 - val_loss: 0.5529 - val_acc: 0.7158
Epoch 24/200
0s - loss: 0.5735 - acc: 0.7050 - val_loss: 0.5409 - val_acc: 0.7345
Epoch 25/200
0s - loss: 0.5636 - acc: 0.7267 - val_loss: 0.5287 - val_acc: 0.7578
Epoch 26/200
0s - loss: 0.5537 - acc: 0.7461 - val_loss: 0.5164 - val_acc: 0.7717
Epoch 27/200
0s - loss: 0.5439 - acc: 0.7570 - val_loss: 0.5043 - val_acc: 0.7826
Epoch 28/200
0s - loss: 0.5341 - acc: 0.7818 - val_loss: 0.4922 - val_acc: 0.8012
Epoch 29/200
0s - loss: 0.5248 - acc: 0.7927 - val_loss: 0.4804 - val_acc: 0.8137
Epoch 30/200
0s - loss: 0.5158 - acc: 0.8063 - val_loss: 0.4692 - val_acc: 0.8307
Epoch 31/200
0s - loss: 0.5072 - acc: 0.8179 - val_loss: 0.4582 - val_acc: 0.8339
Epoch 32/200
0s - loss: 0.4992 - acc: 0.8241 - val_loss: 0.4478 - val_acc: 0.8416
Epoch 33/200
0s - loss: 0.4917 - acc: 0.8288 - val_loss: 0.4382 - val_acc: 0.8478
Epoch 34/200
0s - loss: 0.4849 - acc: 0.8358 - val_loss: 0.4291 - val_acc: 0.8478
Epoch 35/200
0s - loss: 0.4786 - acc: 0.8459 - val_loss: 0.4204 - val_acc: 0.8571
Epoch 36/200
0s - loss: 0.4729 - acc: 0.8525 - val_loss: 0.4125 - val_acc: 0.8665
Epoch 37/200
0s - loss: 0.4676 - acc: 0.8587 - val_loss: 0.4052 - val_acc: 0.8680
Epoch 38/200
0s - loss: 0.4629 - acc: 0.8641 - val_loss: 0.3983 - val_acc: 0.8711
Epoch 39/200
0s - loss: 0.4586 - acc: 0.8657 - val_loss: 0.3920 - val_acc: 0.8742
Epoch 40/200
0s - loss: 0.4547 - acc: 0.8668 - val_loss: 0.3861 - val_acc: 0.8727
Epoch 41/200
0s - loss: 0.4511 - acc: 0.8684 - val_loss: 0.3806 - val_acc: 0.8758
Epoch 42/200
0s - loss: 0.4480 - acc: 0.8707 - val_loss: 0.3756 - val_acc: 0.8804
Epoch 43/200
0s - loss: 0.4452 - acc: 0.8707 - val_loss: 0.3710 - val_acc: 0.8820
Epoch 44/200
0s - loss: 0.4426 - acc: 0.8723 - val_loss: 0.3667 - val_acc: 0.8804
Epoch 45/200
0s - loss: 0.4403 - acc: 0.8734 - val_loss: 0.3627 - val_acc: 0.8835
Epoch 46/200
0s - loss: 0.4381 - acc: 0.8754 - val_loss: 0.3594 - val_acc: 0.8851
Epoch 47/200
0s - loss: 0.4362 - acc: 0.8804 - val_loss: 0.3559 - val_acc: 0.8851
Epoch 48/200
0s - loss: 0.4345 - acc: 0.8835 - val_loss: 0.3526 - val_acc: 0.8882
Epoch 49/200
0s - loss: 0.4329 - acc: 0.8835 - val_loss: 0.3498 - val_acc: 0.8882
Epoch 50/200
0s - loss: 0.4315 - acc: 0.8835 - val_loss: 0.3470 - val_acc: 0.8898
Epoch 51/200
0s - loss: 0.4302 - acc: 0.8859 - val_loss: 0.3444 - val_acc: 0.8898
Epoch 52/200
0s - loss: 0.4290 - acc: 0.8874 - val_loss: 0.3420 - val_acc: 0.8913
Epoch 53/200
0s - loss: 0.4280 - acc: 0.8878 - val_loss: 0.3396 - val_acc: 0.8913
Epoch 54/200
0s - loss: 0.4270 - acc: 0.8886 - val_loss: 0.3375 - val_acc: 0.8913
Epoch 55/200
0s - loss: 0.4260 - acc: 0.8882 - val_loss: 0.3357 - val_acc: 0.8913
Epoch 56/200
0s - loss: 0.4252 - acc: 0.8901 - val_loss: 0.3338 - val_acc: 0.8913
Epoch 57/200
0s - loss: 0.4245 - acc: 0.8917 - val_loss: 0.3321 - val_acc: 0.8913
Epoch 58/200
0s - loss: 0.4238 - acc: 0.8921 - val_loss: 0.3304 - val_acc: 0.8913
Epoch 59/200
0s - loss: 0.4231 - acc: 0.8925 - val_loss: 0.3289 - val_acc: 0.8913
Epoch 60/200
0s - loss: 0.4225 - acc: 0.8932 - val_loss: 0.3274 - val_acc: 0.8944
Epoch 61/200
0s - loss: 0.4219 - acc: 0.8940 - val_loss: 0.3260 - val_acc: 0.8944
Epoch 62/200
0s - loss: 0.4214 - acc: 0.8952 - val_loss: 0.3247 - val_acc: 0.8944
Epoch 63/200
0s - loss: 0.4209 - acc: 0.8952 - val_loss: 0.3233 - val_acc: 0.8929
Epoch 64/200
0s - loss: 0.4205 - acc: 0.8940 - val_loss: 0.3225 - val_acc: 0.8944
Epoch 65/200
0s - loss: 0.4200 - acc: 0.8967 - val_loss: 0.3213 - val_acc: 0.8929
Epoch 66/200
0s - loss: 0.4196 - acc: 0.8956 - val_loss: 0.3203 - val_acc: 0.8944
Epoch 67/200
0s - loss: 0.4193 - acc: 0.8964 - val_loss: 0.3193 - val_acc: 0.8944
Epoch 68/200
0s - loss: 0.4189 - acc: 0.8971 - val_loss: 0.3184 - val_acc: 0.8944
Epoch 69/200
0s - loss: 0.4186 - acc: 0.8975 - val_loss: 0.3175 - val_acc: 0.8944
Epoch 70/200
0s - loss: 0.4183 - acc: 0.8979 - val_loss: 0.3168 - val_acc: 0.8944
Epoch 71/200
0s - loss: 0.4180 - acc: 0.8979 - val_loss: 0.3160 - val_acc: 0.8960
Epoch 72/200
0s - loss: 0.4178 - acc: 0.8983 - val_loss: 0.3153 - val_acc: 0.8960
Epoch 73/200
0s - loss: 0.4175 - acc: 0.8991 - val_loss: 0.3143 - val_acc: 0.8960
Epoch 74/200
0s - loss: 0.4173 - acc: 0.9002 - val_loss: 0.3137 - val_acc: 0.8960
Epoch 75/200
0s - loss: 0.4170 - acc: 0.8998 - val_loss: 0.3130 - val_acc: 0.8960
Epoch 76/200
0s - loss: 0.4168 - acc: 0.9010 - val_loss: 0.3123 - val_acc: 0.8975
Epoch 77/200
0s - loss: 0.4166 - acc: 0.9014 - val_loss: 0.3120 - val_acc: 0.8975
Epoch 78/200
0s - loss: 0.4164 - acc: 0.9022 - val_loss: 0.3112 - val_acc: 0.8991
Epoch 79/200
0s - loss: 0.4162 - acc: 0.9026 - val_loss: 0.3107 - val_acc: 0.8991
Epoch 80/200
0s - loss: 0.4161 - acc: 0.9022 - val_loss: 0.3103 - val_acc: 0.9006
Epoch 81/200
0s - loss: 0.4159 - acc: 0.9026 - val_loss: 0.3096 - val_acc: 0.8991
Epoch 82/200
0s - loss: 0.4158 - acc: 0.9030 - val_loss: 0.3093 - val_acc: 0.9006
Epoch 83/200
0s - loss: 0.4156 - acc: 0.9045 - val_loss: 0.3087 - val_acc: 0.9006
Epoch 84/200
0s - loss: 0.4155 - acc: 0.9030 - val_loss: 0.3082 - val_acc: 0.9006
Epoch 85/200
0s - loss: 0.4154 - acc: 0.9030 - val_loss: 0.3077 - val_acc: 0.9006
Epoch 86/200
0s - loss: 0.4152 - acc: 0.9033 - val_loss: 0.3075 - val_acc: 0.9006
Epoch 87/200
0s - loss: 0.4151 - acc: 0.9041 - val_loss: 0.3069 - val_acc: 0.9006
Epoch 88/200
0s - loss: 0.4150 - acc: 0.9022 - val_loss: 0.3066 - val_acc: 0.9022
Epoch 89/200
0s - loss: 0.4149 - acc: 0.9030 - val_loss: 0.3063 - val_acc: 0.9022
Epoch 90/200
0s - loss: 0.4148 - acc: 0.9030 - val_loss: 0.3058 - val_acc: 0.9022
Epoch 91/200
0s - loss: 0.4147 - acc: 0.9033 - val_loss: 0.3056 - val_acc: 0.9022
Epoch 92/200
0s - loss: 0.4146 - acc: 0.9030 - val_loss: 0.3054 - val_acc: 0.9022
Epoch 93/200
0s - loss: 0.4145 - acc: 0.9057 - val_loss: 0.3048 - val_acc: 0.9022
Epoch 94/200
0s - loss: 0.4144 - acc: 0.9037 - val_loss: 0.3046 - val_acc: 0.9022
Epoch 95/200
0s - loss: 0.4143 - acc: 0.9030 - val_loss: 0.3045 - val_acc: 0.9022
Epoch 96/200
0s - loss: 0.4143 - acc: 0.9064 - val_loss: 0.3040 - val_acc: 0.9022
Epoch 97/200
0s - loss: 0.4142 - acc: 0.9041 - val_loss: 0.3038 - val_acc: 0.9022
Epoch 98/200
0s - loss: 0.4141 - acc: 0.9049 - val_loss: 0.3036 - val_acc: 0.9022
Epoch 99/200
0s - loss: 0.4141 - acc: 0.9041 - val_loss: 0.3033 - val_acc: 0.9022
Epoch 100/200
0s - loss: 0.4140 - acc: 0.9033 - val_loss: 0.3033 - val_acc: 0.9022
Epoch 101/200
0s - loss: 0.4139 - acc: 0.9057 - val_loss: 0.3029 - val_acc: 0.9022
Epoch 102/200
0s - loss: 0.4139 - acc: 0.9057 - val_loss: 0.3028 - val_acc: 0.9022
Epoch 103/200
0s - loss: 0.4138 - acc: 0.9057 - val_loss: 0.3025 - val_acc: 0.9022
Epoch 104/200
0s - loss: 0.4138 - acc: 0.9057 - val_loss: 0.3023 - val_acc: 0.9022
Epoch 105/200
0s - loss: 0.4137 - acc: 0.9057 - val_loss: 0.3021 - val_acc: 0.9022
Epoch 106/200
0s - loss: 0.4136 - acc: 0.9061 - val_loss: 0.3020 - val_acc: 0.9022
Epoch 107/200
0s - loss: 0.4136 - acc: 0.9045 - val_loss: 0.3018 - val_acc: 0.9022
Epoch 108/200
0s - loss: 0.4136 - acc: 0.9049 - val_loss: 0.3016 - val_acc: 0.9022
Epoch 109/200
0s - loss: 0.4135 - acc: 0.9049 - val_loss: 0.3015 - val_acc: 0.9022
Epoch 110/200
0s - loss: 0.4134 - acc: 0.9068 - val_loss: 0.3011 - val_acc: 0.9022
Epoch 111/200
0s - loss: 0.4134 - acc: 0.9061 - val_loss: 0.3010 - val_acc: 0.9022
Epoch 112/200
0s - loss: 0.4134 - acc: 0.9057 - val_loss: 0.3008 - val_acc: 0.9022
Epoch 113/200
0s - loss: 0.4133 - acc: 0.9061 - val_loss: 0.3007 - val_acc: 0.9022
Epoch 114/200
0s - loss: 0.4133 - acc: 0.9076 - val_loss: 0.3005 - val_acc: 0.9022
Epoch 115/200
0s - loss: 0.4132 - acc: 0.9076 - val_loss: 0.3002 - val_acc: 0.9022
Epoch 116/200
0s - loss: 0.4132 - acc: 0.9057 - val_loss: 0.3003 - val_acc: 0.9022
Epoch 117/200
0s - loss: 0.4131 - acc: 0.9057 - val_loss: 0.3004 - val_acc: 0.9022
Epoch 118/200
0s - loss: 0.4131 - acc: 0.9068 - val_loss: 0.3002 - val_acc: 0.9022
Epoch 119/200
0s - loss: 0.4131 - acc: 0.9076 - val_loss: 0.3000 - val_acc: 0.9022
Epoch 120/200
0s - loss: 0.4131 - acc: 0.9061 - val_loss: 0.3000 - val_acc: 0.9022
Epoch 121/200
0s - loss: 0.4130 - acc: 0.9064 - val_loss: 0.3000 - val_acc: 0.9022
Epoch 122/200
0s - loss: 0.4130 - acc: 0.9080 - val_loss: 0.2997 - val_acc: 0.9022
Epoch 123/200
0s - loss: 0.4130 - acc: 0.9072 - val_loss: 0.2995 - val_acc: 0.9022
Epoch 124/200
0s - loss: 0.4130 - acc: 0.9064 - val_loss: 0.2995 - val_acc: 0.9022
Epoch 125/200
0s - loss: 0.4129 - acc: 0.9072 - val_loss: 0.2993 - val_acc: 0.9022
Epoch 126/200
0s - loss: 0.4129 - acc: 0.9053 - val_loss: 0.2994 - val_acc: 0.9022
Epoch 127/200
0s - loss: 0.4129 - acc: 0.9068 - val_loss: 0.2994 - val_acc: 0.9022
Epoch 128/200
0s - loss: 0.4129 - acc: 0.9068 - val_loss: 0.2993 - val_acc: 0.9037
Epoch 129/200
0s - loss: 0.4128 - acc: 0.9072 - val_loss: 0.2992 - val_acc: 0.9037
Epoch 130/200
0s - loss: 0.4128 - acc: 0.9084 - val_loss: 0.2992 - val_acc: 0.9037
Epoch 131/200
0s - loss: 0.4128 - acc: 0.9064 - val_loss: 0.2990 - val_acc: 0.9037
Epoch 132/200
0s - loss: 0.4127 - acc: 0.9068 - val_loss: 0.2990 - val_acc: 0.9037
Epoch 133/200
0s - loss: 0.4127 - acc: 0.9076 - val_loss: 0.2990 - val_acc: 0.9037
Epoch 134/200
0s - loss: 0.4127 - acc: 0.9080 - val_loss: 0.2989 - val_acc: 0.9037
Epoch 135/200
0s - loss: 0.4127 - acc: 0.9072 - val_loss: 0.2988 - val_acc: 0.9037
Epoch 136/200
0s - loss: 0.4127 - acc: 0.9076 - val_loss: 0.2988 - val_acc: 0.9037
Epoch 137/200
0s - loss: 0.4126 - acc: 0.9072 - val_loss: 0.2988 - val_acc: 0.9037
Epoch 138/200
0s - loss: 0.4126 - acc: 0.9076 - val_loss: 0.2986 - val_acc: 0.9037
Epoch 139/200
0s - loss: 0.4126 - acc: 0.9076 - val_loss: 0.2983 - val_acc: 0.9037
Epoch 140/200
0s - loss: 0.4126 - acc: 0.9072 - val_loss: 0.2982 - val_acc: 0.9037
Epoch 141/200
0s - loss: 0.4126 - acc: 0.9068 - val_loss: 0.2982 - val_acc: 0.9037
Epoch 142/200
0s - loss: 0.4125 - acc: 0.9068 - val_loss: 0.2982 - val_acc: 0.9037
Epoch 143/200
0s - loss: 0.4125 - acc: 0.9072 - val_loss: 0.2981 - val_acc: 0.9037
Epoch 144/200
0s - loss: 0.4125 - acc: 0.9076 - val_loss: 0.2981 - val_acc: 0.9037
Epoch 145/200
0s - loss: 0.4125 - acc: 0.9076 - val_loss: 0.2980 - val_acc: 0.9037
Epoch 146/200
0s - loss: 0.4125 - acc: 0.9076 - val_loss: 0.2978 - val_acc: 0.9037
Epoch 147/200
0s - loss: 0.4125 - acc: 0.9072 - val_loss: 0.2979 - val_acc: 0.9037
Epoch 148/200
0s - loss: 0.4125 - acc: 0.9064 - val_loss: 0.2979 - val_acc: 0.9037
Epoch 149/200
0s - loss: 0.4124 - acc: 0.9080 - val_loss: 0.2979 - val_acc: 0.9037
Epoch 150/200
0s - loss: 0.4124 - acc: 0.9080 - val_loss: 0.2977 - val_acc: 0.9037
Epoch 151/200
0s - loss: 0.4124 - acc: 0.9076 - val_loss: 0.2977 - val_acc: 0.9037
Epoch 152/200
0s - loss: 0.4123 - acc: 0.9064 - val_loss: 0.2979 - val_acc: 0.9037
Epoch 153/200
0s - loss: 0.4124 - acc: 0.9076 - val_loss: 0.2977 - val_acc: 0.9037
Epoch 154/200
0s - loss: 0.4124 - acc: 0.9072 - val_loss: 0.2976 - val_acc: 0.9037
Epoch 155/200
0s - loss: 0.4123 - acc: 0.9080 - val_loss: 0.2975 - val_acc: 0.9037
Epoch 156/200
0s - loss: 0.4123 - acc: 0.9080 - val_loss: 0.2974 - val_acc: 0.9037
Epoch 157/200
0s - loss: 0.4123 - acc: 0.9084 - val_loss: 0.2973 - val_acc: 0.9037
Epoch 158/200
0s - loss: 0.4123 - acc: 0.9080 - val_loss: 0.2973 - val_acc: 0.9037
Epoch 159/200
0s - loss: 0.4123 - acc: 0.9076 - val_loss: 0.2973 - val_acc: 0.9037
Epoch 160/200
0s - loss: 0.4123 - acc: 0.9068 - val_loss: 0.2973 - val_acc: 0.9037
Epoch 161/200
0s - loss: 0.4123 - acc: 0.9068 - val_loss: 0.2974 - val_acc: 0.9037
Epoch 162/200
0s - loss: 0.4123 - acc: 0.9076 - val_loss: 0.2973 - val_acc: 0.9037
Epoch 163/200
0s - loss: 0.4122 - acc: 0.9076 - val_loss: 0.2972 - val_acc: 0.9037
Epoch 164/200
0s - loss: 0.4122 - acc: 0.9080 - val_loss: 0.2971 - val_acc: 0.9037
Epoch 165/200
0s - loss: 0.4122 - acc: 0.9076 - val_loss: 0.2971 - val_acc: 0.9037
Epoch 166/200
0s - loss: 0.4122 - acc: 0.9057 - val_loss: 0.2973 - val_acc: 0.9037
Epoch 167/200
0s - loss: 0.4122 - acc: 0.9076 - val_loss: 0.2971 - val_acc: 0.9037
Epoch 168/200
0s - loss: 0.4122 - acc: 0.9061 - val_loss: 0.2971 - val_acc: 0.9037
Epoch 169/200
0s - loss: 0.4121 - acc: 0.9080 - val_loss: 0.2970 - val_acc: 0.9037
Epoch 170/200
0s - loss: 0.4122 - acc: 0.9080 - val_loss: 0.2971 - val_acc: 0.9037
Epoch 171/200
0s - loss: 0.4121 - acc: 0.9076 - val_loss: 0.2971 - val_acc: 0.9037
Epoch 172/200
0s - loss: 0.4121 - acc: 0.9076 - val_loss: 0.2972 - val_acc: 0.9037
Epoch 173/200
0s - loss: 0.4121 - acc: 0.9084 - val_loss: 0.2971 - val_acc: 0.9037
Epoch 174/200
0s - loss: 0.4121 - acc: 0.9080 - val_loss: 0.2970 - val_acc: 0.9037
Epoch 175/200
0s - loss: 0.4121 - acc: 0.9072 - val_loss: 0.2970 - val_acc: 0.9037
Epoch 176/200
0s - loss: 0.4120 - acc: 0.9076 - val_loss: 0.2968 - val_acc: 0.9037
Epoch 177/200
0s - loss: 0.4121 - acc: 0.9068 - val_loss: 0.2970 - val_acc: 0.9037
Epoch 178/200
0s - loss: 0.4121 - acc: 0.9080 - val_loss: 0.2969 - val_acc: 0.9037
Epoch 179/200
0s - loss: 0.4121 - acc: 0.9076 - val_loss: 0.2969 - val_acc: 0.9037
Epoch 180/200
0s - loss: 0.4120 - acc: 0.9072 - val_loss: 0.2969 - val_acc: 0.9037
Epoch 181/200
0s - loss: 0.4120 - acc: 0.9084 - val_loss: 0.2970 - val_acc: 0.9037
Epoch 182/200
0s - loss: 0.4120 - acc: 0.9080 - val_loss: 0.2969 - val_acc: 0.9037
Epoch 183/200
0s - loss: 0.4120 - acc: 0.9084 - val_loss: 0.2967 - val_acc: 0.9037
Epoch 184/200
0s - loss: 0.4120 - acc: 0.9088 - val_loss: 0.2967 - val_acc: 0.9037
Epoch 185/200
0s - loss: 0.4120 - acc: 0.9076 - val_loss: 0.2967 - val_acc: 0.9037
Epoch 186/200
0s - loss: 0.4120 - acc: 0.9072 - val_loss: 0.2968 - val_acc: 0.9037
Epoch 187/200
0s - loss: 0.4120 - acc: 0.9072 - val_loss: 0.2967 - val_acc: 0.9037
Epoch 188/200
0s - loss: 0.4119 - acc: 0.9080 - val_loss: 0.2966 - val_acc: 0.9037
Epoch 189/200
0s - loss: 0.4120 - acc: 0.9072 - val_loss: 0.2966 - val_acc: 0.9037
Epoch 190/200
0s - loss: 0.4119 - acc: 0.9080 - val_loss: 0.2966 - val_acc: 0.9037
Epoch 191/200
0s - loss: 0.4120 - acc: 0.9076 - val_loss: 0.2965 - val_acc: 0.9037
Epoch 192/200
0s - loss: 0.4119 - acc: 0.9068 - val_loss: 0.2965 - val_acc: 0.9037
Epoch 193/200
0s - loss: 0.4119 - acc: 0.9080 - val_loss: 0.2964 - val_acc: 0.9037
Epoch 194/200
0s - loss: 0.4119 - acc: 0.9068 - val_loss: 0.2965 - val_acc: 0.9037
Epoch 195/200
0s - loss: 0.4119 - acc: 0.9072 - val_loss: 0.2966 - val_acc: 0.9037
Epoch 196/200
0s - loss: 0.4119 - acc: 0.9076 - val_loss: 0.2967 - val_acc: 0.9037
Epoch 197/200
0s - loss: 0.4119 - acc: 0.9084 - val_loss: 0.2966 - val_acc: 0.9037
Epoch 198/200
0s - loss: 0.4119 - acc: 0.9080 - val_loss: 0.2965 - val_acc: 0.9037
Epoch 199/200
0s - loss: 0.4119 - acc: 0.9084 - val_loss: 0.2965 - val_acc: 0.9037
Epoch 200/200
0s - loss: 0.4119 - acc: 0.9072 - val_loss: 0.2966 - val_acc: 0.9022
----------- Model 4 
loss: 0.296589999465
acc: 0.902173913043
-----------------  Best model (index: 2) re-training....
loss: 0.304918645171
acc: 0.894927536232
