Train on 2576 samples, validate on 644 samples
Epoch 1/500
0s - loss: 0.6221 - acc: 0.6429 - val_loss: 0.4992 - val_acc: 0.7360
Epoch 2/500
0s - loss: 0.3714 - acc: 0.8641 - val_loss: 0.2995 - val_acc: 0.8991
Epoch 3/500
0s - loss: 0.2731 - acc: 0.9061 - val_loss: 0.2548 - val_acc: 0.9099
Epoch 4/500
0s - loss: 0.2429 - acc: 0.9111 - val_loss: 0.2374 - val_acc: 0.9193
Epoch 5/500
0s - loss: 0.2282 - acc: 0.9181 - val_loss: 0.2263 - val_acc: 0.9193
Epoch 6/500
0s - loss: 0.2197 - acc: 0.9204 - val_loss: 0.2183 - val_acc: 0.9317
Epoch 7/500
0s - loss: 0.2128 - acc: 0.9274 - val_loss: 0.2138 - val_acc: 0.9270
Epoch 8/500
0s - loss: 0.2084 - acc: 0.9247 - val_loss: 0.2095 - val_acc: 0.9301
Epoch 9/500
0s - loss: 0.2041 - acc: 0.9305 - val_loss: 0.2053 - val_acc: 0.9317
Epoch 10/500
0s - loss: 0.2006 - acc: 0.9305 - val_loss: 0.2044 - val_acc: 0.9301
Epoch 11/500
0s - loss: 0.1979 - acc: 0.9313 - val_loss: 0.2004 - val_acc: 0.9332
Epoch 12/500
0s - loss: 0.1955 - acc: 0.9317 - val_loss: 0.1996 - val_acc: 0.9301
Epoch 13/500
0s - loss: 0.1932 - acc: 0.9301 - val_loss: 0.1967 - val_acc: 0.9363
Epoch 14/500
0s - loss: 0.1905 - acc: 0.9328 - val_loss: 0.1943 - val_acc: 0.9348
Epoch 15/500
0s - loss: 0.1884 - acc: 0.9328 - val_loss: 0.1907 - val_acc: 0.9332
Epoch 16/500
0s - loss: 0.1869 - acc: 0.9332 - val_loss: 0.1902 - val_acc: 0.9332
Epoch 17/500
0s - loss: 0.1851 - acc: 0.9356 - val_loss: 0.1893 - val_acc: 0.9332
Epoch 18/500
0s - loss: 0.1833 - acc: 0.9371 - val_loss: 0.1887 - val_acc: 0.9363
Epoch 19/500
0s - loss: 0.1824 - acc: 0.9356 - val_loss: 0.1880 - val_acc: 0.9363
Epoch 20/500
0s - loss: 0.1808 - acc: 0.9352 - val_loss: 0.1879 - val_acc: 0.9363
Epoch 21/500
0s - loss: 0.1788 - acc: 0.9325 - val_loss: 0.1873 - val_acc: 0.9332
Epoch 22/500
0s - loss: 0.1775 - acc: 0.9367 - val_loss: 0.1872 - val_acc: 0.9394
Epoch 23/500
0s - loss: 0.1760 - acc: 0.9367 - val_loss: 0.1868 - val_acc: 0.9348
Epoch 24/500
0s - loss: 0.1748 - acc: 0.9348 - val_loss: 0.1870 - val_acc: 0.9332
Epoch 25/500
0s - loss: 0.1736 - acc: 0.9375 - val_loss: 0.1856 - val_acc: 0.9363
Epoch 26/500
0s - loss: 0.1717 - acc: 0.9348 - val_loss: 0.1854 - val_acc: 0.9410
Epoch 27/500
0s - loss: 0.1710 - acc: 0.9367 - val_loss: 0.1862 - val_acc: 0.9348
Epoch 28/500
0s - loss: 0.1700 - acc: 0.9367 - val_loss: 0.1855 - val_acc: 0.9394
Epoch 29/500
0s - loss: 0.1684 - acc: 0.9363 - val_loss: 0.1851 - val_acc: 0.9379
Epoch 30/500
0s - loss: 0.1670 - acc: 0.9391 - val_loss: 0.1846 - val_acc: 0.9379
Epoch 31/500
0s - loss: 0.1652 - acc: 0.9387 - val_loss: 0.1848 - val_acc: 0.9394
Epoch 32/500
0s - loss: 0.1642 - acc: 0.9398 - val_loss: 0.1843 - val_acc: 0.9348
Epoch 33/500
0s - loss: 0.1634 - acc: 0.9387 - val_loss: 0.1835 - val_acc: 0.9410
Epoch 34/500
0s - loss: 0.1618 - acc: 0.9418 - val_loss: 0.1828 - val_acc: 0.9410
Epoch 35/500
0s - loss: 0.1618 - acc: 0.9375 - val_loss: 0.1827 - val_acc: 0.9441
Epoch 36/500
0s - loss: 0.1603 - acc: 0.9402 - val_loss: 0.1833 - val_acc: 0.9317
Epoch 37/500
0s - loss: 0.1599 - acc: 0.9375 - val_loss: 0.1825 - val_acc: 0.9348
Epoch 38/500
0s - loss: 0.1588 - acc: 0.9398 - val_loss: 0.1801 - val_acc: 0.9457
Epoch 39/500
0s - loss: 0.1580 - acc: 0.9402 - val_loss: 0.1810 - val_acc: 0.9441
Epoch 40/500
0s - loss: 0.1574 - acc: 0.9394 - val_loss: 0.1805 - val_acc: 0.9472
Epoch 41/500
0s - loss: 0.1567 - acc: 0.9398 - val_loss: 0.1805 - val_acc: 0.9441
Epoch 42/500
0s - loss: 0.1563 - acc: 0.9387 - val_loss: 0.1800 - val_acc: 0.9441
Epoch 43/500
0s - loss: 0.1554 - acc: 0.9425 - val_loss: 0.1793 - val_acc: 0.9472
Epoch 44/500
0s - loss: 0.1538 - acc: 0.9414 - val_loss: 0.1794 - val_acc: 0.9394
Epoch 45/500
0s - loss: 0.1539 - acc: 0.9398 - val_loss: 0.1795 - val_acc: 0.9457
Epoch 46/500
0s - loss: 0.1526 - acc: 0.9410 - val_loss: 0.1801 - val_acc: 0.9363
Epoch 47/500
0s - loss: 0.1524 - acc: 0.9414 - val_loss: 0.1793 - val_acc: 0.9379
Epoch 48/500
0s - loss: 0.1518 - acc: 0.9394 - val_loss: 0.1785 - val_acc: 0.9457
Epoch 49/500
0s - loss: 0.1510 - acc: 0.9414 - val_loss: 0.1773 - val_acc: 0.9457
Epoch 50/500
0s - loss: 0.1487 - acc: 0.9433 - val_loss: 0.1823 - val_acc: 0.9348
Epoch 51/500
0s - loss: 0.1498 - acc: 0.9418 - val_loss: 0.1781 - val_acc: 0.9488
Epoch 52/500
0s - loss: 0.1493 - acc: 0.9433 - val_loss: 0.1772 - val_acc: 0.9425
Epoch 53/500
0s - loss: 0.1485 - acc: 0.9414 - val_loss: 0.1765 - val_acc: 0.9394
Epoch 54/500
0s - loss: 0.1479 - acc: 0.9410 - val_loss: 0.1778 - val_acc: 0.9348
Epoch 55/500
0s - loss: 0.1475 - acc: 0.9410 - val_loss: 0.1765 - val_acc: 0.9394
Epoch 56/500
0s - loss: 0.1464 - acc: 0.9422 - val_loss: 0.1765 - val_acc: 0.9472
Epoch 57/500
0s - loss: 0.1462 - acc: 0.9425 - val_loss: 0.1766 - val_acc: 0.9394
Epoch 58/500
0s - loss: 0.1456 - acc: 0.9418 - val_loss: 0.1767 - val_acc: 0.9363
Epoch 59/500
0s - loss: 0.1449 - acc: 0.9425 - val_loss: 0.1758 - val_acc: 0.9410
Epoch 60/500
0s - loss: 0.1447 - acc: 0.9410 - val_loss: 0.1757 - val_acc: 0.9394
Epoch 61/500
0s - loss: 0.1439 - acc: 0.9410 - val_loss: 0.1760 - val_acc: 0.9425
Epoch 62/500
0s - loss: 0.1437 - acc: 0.9418 - val_loss: 0.1761 - val_acc: 0.9410
Epoch 63/500
0s - loss: 0.1430 - acc: 0.9422 - val_loss: 0.1763 - val_acc: 0.9425
Epoch 64/500
0s - loss: 0.1424 - acc: 0.9422 - val_loss: 0.1762 - val_acc: 0.9379
Epoch 65/500
0s - loss: 0.1423 - acc: 0.9414 - val_loss: 0.1765 - val_acc: 0.9410
----------- Model 0 KF 
loss: 0.176512693581
acc: 0.94099378882
Train on 2576 samples, validate on 644 samples
Epoch 1/500
0s - loss: 0.6146 - acc: 0.6580 - val_loss: 0.4944 - val_acc: 0.8090
Epoch 2/500
0s - loss: 0.3552 - acc: 0.8766 - val_loss: 0.3238 - val_acc: 0.8913
Epoch 3/500
0s - loss: 0.2596 - acc: 0.9134 - val_loss: 0.2915 - val_acc: 0.8882
Epoch 4/500
0s - loss: 0.2315 - acc: 0.9216 - val_loss: 0.2811 - val_acc: 0.9099
Epoch 5/500
0s - loss: 0.2193 - acc: 0.9247 - val_loss: 0.2664 - val_acc: 0.9053
Epoch 6/500
0s - loss: 0.2098 - acc: 0.9286 - val_loss: 0.2626 - val_acc: 0.9146
Epoch 7/500
0s - loss: 0.2050 - acc: 0.9313 - val_loss: 0.2606 - val_acc: 0.9177
Epoch 8/500
0s - loss: 0.2005 - acc: 0.9309 - val_loss: 0.2578 - val_acc: 0.9193
Epoch 9/500
0s - loss: 0.1969 - acc: 0.9336 - val_loss: 0.2542 - val_acc: 0.9177
Epoch 10/500
0s - loss: 0.1943 - acc: 0.9356 - val_loss: 0.2523 - val_acc: 0.9193
Epoch 11/500
0s - loss: 0.1924 - acc: 0.9367 - val_loss: 0.2482 - val_acc: 0.9177
Epoch 12/500
0s - loss: 0.1903 - acc: 0.9352 - val_loss: 0.2483 - val_acc: 0.9224
Epoch 13/500
0s - loss: 0.1885 - acc: 0.9363 - val_loss: 0.2449 - val_acc: 0.9255
Epoch 14/500
0s - loss: 0.1872 - acc: 0.9371 - val_loss: 0.2428 - val_acc: 0.9177
Epoch 15/500
0s - loss: 0.1847 - acc: 0.9375 - val_loss: 0.2423 - val_acc: 0.9301
Epoch 16/500
0s - loss: 0.1846 - acc: 0.9367 - val_loss: 0.2396 - val_acc: 0.9255
Epoch 17/500
0s - loss: 0.1828 - acc: 0.9375 - val_loss: 0.2378 - val_acc: 0.9193
Epoch 18/500
0s - loss: 0.1822 - acc: 0.9379 - val_loss: 0.2351 - val_acc: 0.9255
Epoch 19/500
0s - loss: 0.1806 - acc: 0.9375 - val_loss: 0.2338 - val_acc: 0.9270
Epoch 20/500
0s - loss: 0.1795 - acc: 0.9371 - val_loss: 0.2327 - val_acc: 0.9286
Epoch 21/500
0s - loss: 0.1787 - acc: 0.9375 - val_loss: 0.2309 - val_acc: 0.9270
Epoch 22/500
0s - loss: 0.1777 - acc: 0.9391 - val_loss: 0.2285 - val_acc: 0.9270
Epoch 23/500
0s - loss: 0.1767 - acc: 0.9387 - val_loss: 0.2280 - val_acc: 0.9286
Epoch 24/500
0s - loss: 0.1756 - acc: 0.9391 - val_loss: 0.2272 - val_acc: 0.9286
Epoch 25/500
0s - loss: 0.1751 - acc: 0.9394 - val_loss: 0.2249 - val_acc: 0.9270
Epoch 26/500
0s - loss: 0.1738 - acc: 0.9391 - val_loss: 0.2251 - val_acc: 0.9286
Epoch 27/500
0s - loss: 0.1727 - acc: 0.9383 - val_loss: 0.2233 - val_acc: 0.9255
Epoch 28/500
0s - loss: 0.1720 - acc: 0.9379 - val_loss: 0.2200 - val_acc: 0.9239
Epoch 29/500
0s - loss: 0.1706 - acc: 0.9418 - val_loss: 0.2188 - val_acc: 0.9286
Epoch 30/500
0s - loss: 0.1699 - acc: 0.9394 - val_loss: 0.2190 - val_acc: 0.9270
Epoch 31/500
0s - loss: 0.1689 - acc: 0.9394 - val_loss: 0.2178 - val_acc: 0.9270
Epoch 32/500
0s - loss: 0.1685 - acc: 0.9398 - val_loss: 0.2173 - val_acc: 0.9270
Epoch 33/500
0s - loss: 0.1676 - acc: 0.9410 - val_loss: 0.2160 - val_acc: 0.9270
Epoch 34/500
0s - loss: 0.1666 - acc: 0.9418 - val_loss: 0.2152 - val_acc: 0.9255
Epoch 35/500
0s - loss: 0.1655 - acc: 0.9410 - val_loss: 0.2166 - val_acc: 0.9239
Epoch 36/500
0s - loss: 0.1649 - acc: 0.9441 - val_loss: 0.2152 - val_acc: 0.9239
Epoch 37/500
0s - loss: 0.1641 - acc: 0.9422 - val_loss: 0.2133 - val_acc: 0.9301
Epoch 38/500
0s - loss: 0.1637 - acc: 0.9406 - val_loss: 0.2140 - val_acc: 0.9239
Epoch 39/500
0s - loss: 0.1630 - acc: 0.9429 - val_loss: 0.2150 - val_acc: 0.9239
Epoch 40/500
0s - loss: 0.1623 - acc: 0.9437 - val_loss: 0.2131 - val_acc: 0.9255
Epoch 41/500
0s - loss: 0.1618 - acc: 0.9433 - val_loss: 0.2128 - val_acc: 0.9301
Epoch 42/500
0s - loss: 0.1611 - acc: 0.9425 - val_loss: 0.2123 - val_acc: 0.9255
Epoch 43/500
0s - loss: 0.1605 - acc: 0.9441 - val_loss: 0.2118 - val_acc: 0.9270
Epoch 44/500
0s - loss: 0.1597 - acc: 0.9437 - val_loss: 0.2114 - val_acc: 0.9270
Epoch 45/500
0s - loss: 0.1588 - acc: 0.9441 - val_loss: 0.2105 - val_acc: 0.9301
Epoch 46/500
0s - loss: 0.1579 - acc: 0.9422 - val_loss: 0.2096 - val_acc: 0.9286
Epoch 47/500
0s - loss: 0.1578 - acc: 0.9453 - val_loss: 0.2088 - val_acc: 0.9270
Epoch 48/500
0s - loss: 0.1565 - acc: 0.9464 - val_loss: 0.2093 - val_acc: 0.9255
Epoch 49/500
0s - loss: 0.1559 - acc: 0.9453 - val_loss: 0.2082 - val_acc: 0.9270
Epoch 50/500
0s - loss: 0.1556 - acc: 0.9449 - val_loss: 0.2092 - val_acc: 0.9239
Epoch 51/500
0s - loss: 0.1548 - acc: 0.9445 - val_loss: 0.2072 - val_acc: 0.9286
Epoch 52/500
0s - loss: 0.1542 - acc: 0.9445 - val_loss: 0.2078 - val_acc: 0.9255
Epoch 53/500
0s - loss: 0.1537 - acc: 0.9449 - val_loss: 0.2066 - val_acc: 0.9301
Epoch 54/500
0s - loss: 0.1530 - acc: 0.9457 - val_loss: 0.2067 - val_acc: 0.9270
Epoch 55/500
0s - loss: 0.1522 - acc: 0.9445 - val_loss: 0.2057 - val_acc: 0.9317
Epoch 56/500
0s - loss: 0.1522 - acc: 0.9453 - val_loss: 0.2052 - val_acc: 0.9301
Epoch 57/500
0s - loss: 0.1513 - acc: 0.9453 - val_loss: 0.2051 - val_acc: 0.9301
Epoch 58/500
0s - loss: 0.1504 - acc: 0.9480 - val_loss: 0.2064 - val_acc: 0.9270
Epoch 59/500
0s - loss: 0.1501 - acc: 0.9460 - val_loss: 0.2033 - val_acc: 0.9317
Epoch 60/500
0s - loss: 0.1499 - acc: 0.9460 - val_loss: 0.2045 - val_acc: 0.9301
Epoch 61/500
0s - loss: 0.1494 - acc: 0.9472 - val_loss: 0.2064 - val_acc: 0.9270
Epoch 62/500
0s - loss: 0.1483 - acc: 0.9453 - val_loss: 0.2036 - val_acc: 0.9317
Epoch 63/500
0s - loss: 0.1474 - acc: 0.9480 - val_loss: 0.2074 - val_acc: 0.9270
Epoch 64/500
0s - loss: 0.1477 - acc: 0.9464 - val_loss: 0.2033 - val_acc: 0.9301
----------- Model 0 KF 
loss: 0.203340299196
acc: 0.930124223602
Train on 2576 samples, validate on 644 samples
Epoch 1/500
0s - loss: 0.6126 - acc: 0.6467 - val_loss: 0.4806 - val_acc: 0.8323
Epoch 2/500
0s - loss: 0.3592 - acc: 0.8707 - val_loss: 0.3017 - val_acc: 0.8944
Epoch 3/500
0s - loss: 0.2688 - acc: 0.9068 - val_loss: 0.2654 - val_acc: 0.9053
Epoch 4/500
0s - loss: 0.2416 - acc: 0.9123 - val_loss: 0.2502 - val_acc: 0.9146
Epoch 5/500
0s - loss: 0.2274 - acc: 0.9150 - val_loss: 0.2403 - val_acc: 0.9208
Epoch 6/500
0s - loss: 0.2179 - acc: 0.9216 - val_loss: 0.2351 - val_acc: 0.9224
Epoch 7/500
0s - loss: 0.2111 - acc: 0.9255 - val_loss: 0.2317 - val_acc: 0.9270
Epoch 8/500
0s - loss: 0.2053 - acc: 0.9266 - val_loss: 0.2277 - val_acc: 0.9270
Epoch 9/500
0s - loss: 0.2006 - acc: 0.9274 - val_loss: 0.2228 - val_acc: 0.9286
Epoch 10/500
0s - loss: 0.1971 - acc: 0.9266 - val_loss: 0.2214 - val_acc: 0.9317
Epoch 11/500
0s - loss: 0.1940 - acc: 0.9297 - val_loss: 0.2189 - val_acc: 0.9255
Epoch 12/500
0s - loss: 0.1909 - acc: 0.9340 - val_loss: 0.2170 - val_acc: 0.9255
Epoch 13/500
0s - loss: 0.1873 - acc: 0.9313 - val_loss: 0.2149 - val_acc: 0.9348
Epoch 14/500
0s - loss: 0.1852 - acc: 0.9317 - val_loss: 0.2129 - val_acc: 0.9317
Epoch 15/500
0s - loss: 0.1829 - acc: 0.9328 - val_loss: 0.2098 - val_acc: 0.9363
Epoch 16/500
0s - loss: 0.1806 - acc: 0.9367 - val_loss: 0.2098 - val_acc: 0.9348
Epoch 17/500
0s - loss: 0.1789 - acc: 0.9340 - val_loss: 0.2082 - val_acc: 0.9332
Epoch 18/500
0s - loss: 0.1773 - acc: 0.9352 - val_loss: 0.2093 - val_acc: 0.9348
Epoch 19/500
0s - loss: 0.1764 - acc: 0.9363 - val_loss: 0.2087 - val_acc: 0.9363
Epoch 20/500
0s - loss: 0.1742 - acc: 0.9367 - val_loss: 0.2086 - val_acc: 0.9348
Epoch 21/500
0s - loss: 0.1732 - acc: 0.9375 - val_loss: 0.2094 - val_acc: 0.9317
Epoch 22/500
0s - loss: 0.1715 - acc: 0.9367 - val_loss: 0.2089 - val_acc: 0.9286
----------- Model 0 KF 
loss: 0.208894350329
acc: 0.928571428571
Train on 2576 samples, validate on 644 samples
Epoch 1/500
0s - loss: 0.6376 - acc: 0.6149 - val_loss: 0.5416 - val_acc: 0.7003
Epoch 2/500
0s - loss: 0.4033 - acc: 0.8397 - val_loss: 0.3174 - val_acc: 0.8960
Epoch 3/500
0s - loss: 0.2844 - acc: 0.9037 - val_loss: 0.2651 - val_acc: 0.9146
Epoch 4/500
0s - loss: 0.2504 - acc: 0.9099 - val_loss: 0.2434 - val_acc: 0.9130
Epoch 5/500
0s - loss: 0.2311 - acc: 0.9189 - val_loss: 0.2325 - val_acc: 0.9161
Epoch 6/500
0s - loss: 0.2190 - acc: 0.9251 - val_loss: 0.2273 - val_acc: 0.9146
Epoch 7/500
0s - loss: 0.2110 - acc: 0.9286 - val_loss: 0.2212 - val_acc: 0.9255
Epoch 8/500
0s - loss: 0.2057 - acc: 0.9305 - val_loss: 0.2192 - val_acc: 0.9239
Epoch 9/500
0s - loss: 0.2018 - acc: 0.9297 - val_loss: 0.2188 - val_acc: 0.9255
Epoch 10/500
0s - loss: 0.1994 - acc: 0.9325 - val_loss: 0.2176 - val_acc: 0.9193
Epoch 11/500
0s - loss: 0.1959 - acc: 0.9348 - val_loss: 0.2159 - val_acc: 0.9208
Epoch 12/500
0s - loss: 0.1933 - acc: 0.9348 - val_loss: 0.2150 - val_acc: 0.9208
Epoch 13/500
0s - loss: 0.1912 - acc: 0.9363 - val_loss: 0.2146 - val_acc: 0.9177
Epoch 14/500
0s - loss: 0.1888 - acc: 0.9367 - val_loss: 0.2116 - val_acc: 0.9193
Epoch 15/500
0s - loss: 0.1867 - acc: 0.9359 - val_loss: 0.2110 - val_acc: 0.9193
Epoch 16/500
0s - loss: 0.1842 - acc: 0.9391 - val_loss: 0.2122 - val_acc: 0.9146
Epoch 17/500
0s - loss: 0.1823 - acc: 0.9379 - val_loss: 0.2081 - val_acc: 0.9161
Epoch 18/500
0s - loss: 0.1807 - acc: 0.9387 - val_loss: 0.2071 - val_acc: 0.9193
Epoch 19/500
0s - loss: 0.1791 - acc: 0.9398 - val_loss: 0.2056 - val_acc: 0.9208
Epoch 20/500
0s - loss: 0.1779 - acc: 0.9391 - val_loss: 0.2055 - val_acc: 0.9193
Epoch 21/500
0s - loss: 0.1763 - acc: 0.9402 - val_loss: 0.2047 - val_acc: 0.9224
Epoch 22/500
0s - loss: 0.1750 - acc: 0.9398 - val_loss: 0.2050 - val_acc: 0.9161
Epoch 23/500
0s - loss: 0.1735 - acc: 0.9422 - val_loss: 0.2032 - val_acc: 0.9193
Epoch 24/500
0s - loss: 0.1725 - acc: 0.9398 - val_loss: 0.2018 - val_acc: 0.9193
Epoch 25/500
0s - loss: 0.1714 - acc: 0.9391 - val_loss: 0.2004 - val_acc: 0.9193
Epoch 26/500
0s - loss: 0.1701 - acc: 0.9429 - val_loss: 0.2012 - val_acc: 0.9193
Epoch 27/500
0s - loss: 0.1692 - acc: 0.9418 - val_loss: 0.1996 - val_acc: 0.9208
Epoch 28/500
0s - loss: 0.1675 - acc: 0.9429 - val_loss: 0.2016 - val_acc: 0.9161
Epoch 29/500
0s - loss: 0.1667 - acc: 0.9418 - val_loss: 0.1984 - val_acc: 0.9208
Epoch 30/500
0s - loss: 0.1655 - acc: 0.9433 - val_loss: 0.1975 - val_acc: 0.9161
Epoch 31/500
0s - loss: 0.1648 - acc: 0.9422 - val_loss: 0.1962 - val_acc: 0.9224
Epoch 32/500
0s - loss: 0.1637 - acc: 0.9441 - val_loss: 0.1958 - val_acc: 0.9239
Epoch 33/500
0s - loss: 0.1629 - acc: 0.9433 - val_loss: 0.1954 - val_acc: 0.9239
Epoch 34/500
0s - loss: 0.1618 - acc: 0.9453 - val_loss: 0.1982 - val_acc: 0.9193
Epoch 35/500
0s - loss: 0.1611 - acc: 0.9441 - val_loss: 0.1973 - val_acc: 0.9208
Epoch 36/500
0s - loss: 0.1604 - acc: 0.9425 - val_loss: 0.1944 - val_acc: 0.9239
Epoch 37/500
0s - loss: 0.1591 - acc: 0.9464 - val_loss: 0.1970 - val_acc: 0.9177
Epoch 38/500
0s - loss: 0.1582 - acc: 0.9441 - val_loss: 0.1963 - val_acc: 0.9177
Epoch 39/500
0s - loss: 0.1576 - acc: 0.9445 - val_loss: 0.1940 - val_acc: 0.9224
Epoch 40/500
0s - loss: 0.1569 - acc: 0.9449 - val_loss: 0.1925 - val_acc: 0.9224
Epoch 41/500
0s - loss: 0.1559 - acc: 0.9445 - val_loss: 0.1922 - val_acc: 0.9224
Epoch 42/500
0s - loss: 0.1547 - acc: 0.9460 - val_loss: 0.1930 - val_acc: 0.9193
Epoch 43/500
0s - loss: 0.1535 - acc: 0.9457 - val_loss: 0.1923 - val_acc: 0.9208
Epoch 44/500
0s - loss: 0.1541 - acc: 0.9476 - val_loss: 0.1912 - val_acc: 0.9239
Epoch 45/500
0s - loss: 0.1531 - acc: 0.9468 - val_loss: 0.1914 - val_acc: 0.9224
Epoch 46/500
0s - loss: 0.1524 - acc: 0.9457 - val_loss: 0.1912 - val_acc: 0.9224
Epoch 47/500
0s - loss: 0.1515 - acc: 0.9476 - val_loss: 0.1923 - val_acc: 0.9177
Epoch 48/500
0s - loss: 0.1508 - acc: 0.9449 - val_loss: 0.1915 - val_acc: 0.9239
Epoch 49/500
0s - loss: 0.1499 - acc: 0.9460 - val_loss: 0.1914 - val_acc: 0.9255
Epoch 50/500
0s - loss: 0.1495 - acc: 0.9460 - val_loss: 0.1902 - val_acc: 0.9255
Epoch 51/500
0s - loss: 0.1488 - acc: 0.9476 - val_loss: 0.1900 - val_acc: 0.9239
Epoch 52/500
0s - loss: 0.1483 - acc: 0.9460 - val_loss: 0.1896 - val_acc: 0.9255
Epoch 53/500
0s - loss: 0.1474 - acc: 0.9460 - val_loss: 0.1900 - val_acc: 0.9208
Epoch 54/500
0s - loss: 0.1468 - acc: 0.9468 - val_loss: 0.1894 - val_acc: 0.9286
Epoch 55/500
0s - loss: 0.1461 - acc: 0.9449 - val_loss: 0.1891 - val_acc: 0.9239
Epoch 56/500
0s - loss: 0.1456 - acc: 0.9468 - val_loss: 0.1887 - val_acc: 0.9239
Epoch 57/500
0s - loss: 0.1442 - acc: 0.9468 - val_loss: 0.1891 - val_acc: 0.9286
Epoch 58/500
0s - loss: 0.1445 - acc: 0.9476 - val_loss: 0.1887 - val_acc: 0.9255
Epoch 59/500
0s - loss: 0.1437 - acc: 0.9464 - val_loss: 0.1881 - val_acc: 0.9239
Epoch 60/500
0s - loss: 0.1430 - acc: 0.9480 - val_loss: 0.1877 - val_acc: 0.9224
Epoch 61/500
0s - loss: 0.1427 - acc: 0.9484 - val_loss: 0.1895 - val_acc: 0.9208
Epoch 62/500
0s - loss: 0.1423 - acc: 0.9476 - val_loss: 0.1876 - val_acc: 0.9255
Epoch 63/500
0s - loss: 0.1418 - acc: 0.9472 - val_loss: 0.1871 - val_acc: 0.9255
Epoch 64/500
0s - loss: 0.1410 - acc: 0.9476 - val_loss: 0.1871 - val_acc: 0.9239
Epoch 65/500
0s - loss: 0.1407 - acc: 0.9460 - val_loss: 0.1874 - val_acc: 0.9255
Epoch 66/500
0s - loss: 0.1398 - acc: 0.9480 - val_loss: 0.1876 - val_acc: 0.9255
Epoch 67/500
0s - loss: 0.1394 - acc: 0.9480 - val_loss: 0.1877 - val_acc: 0.9239
Epoch 68/500
0s - loss: 0.1386 - acc: 0.9476 - val_loss: 0.1870 - val_acc: 0.9255
Epoch 69/500
0s - loss: 0.1385 - acc: 0.9476 - val_loss: 0.1865 - val_acc: 0.9255
Epoch 70/500
0s - loss: 0.1380 - acc: 0.9484 - val_loss: 0.1863 - val_acc: 0.9239
Epoch 71/500
0s - loss: 0.1373 - acc: 0.9495 - val_loss: 0.1859 - val_acc: 0.9255
Epoch 72/500
0s - loss: 0.1371 - acc: 0.9480 - val_loss: 0.1859 - val_acc: 0.9255
Epoch 73/500
0s - loss: 0.1362 - acc: 0.9480 - val_loss: 0.1859 - val_acc: 0.9286
Epoch 74/500
0s - loss: 0.1359 - acc: 0.9495 - val_loss: 0.1867 - val_acc: 0.9270
Epoch 75/500
0s - loss: 0.1357 - acc: 0.9499 - val_loss: 0.1860 - val_acc: 0.9270
Epoch 76/500
0s - loss: 0.1350 - acc: 0.9488 - val_loss: 0.1856 - val_acc: 0.9224
Epoch 77/500
0s - loss: 0.1349 - acc: 0.9491 - val_loss: 0.1854 - val_acc: 0.9270
Epoch 78/500
0s - loss: 0.1345 - acc: 0.9495 - val_loss: 0.1854 - val_acc: 0.9270
Epoch 79/500
0s - loss: 0.1337 - acc: 0.9507 - val_loss: 0.1854 - val_acc: 0.9239
Epoch 80/500
0s - loss: 0.1335 - acc: 0.9491 - val_loss: 0.1847 - val_acc: 0.9301
Epoch 81/500
0s - loss: 0.1330 - acc: 0.9511 - val_loss: 0.1840 - val_acc: 0.9286
Epoch 82/500
0s - loss: 0.1328 - acc: 0.9515 - val_loss: 0.1845 - val_acc: 0.9270
Epoch 83/500
0s - loss: 0.1320 - acc: 0.9499 - val_loss: 0.1856 - val_acc: 0.9286
Epoch 84/500
0s - loss: 0.1317 - acc: 0.9499 - val_loss: 0.1843 - val_acc: 0.9286
Epoch 85/500
0s - loss: 0.1316 - acc: 0.9519 - val_loss: 0.1843 - val_acc: 0.9270
Epoch 86/500
0s - loss: 0.1306 - acc: 0.9511 - val_loss: 0.1836 - val_acc: 0.9286
Epoch 87/500
0s - loss: 0.1308 - acc: 0.9519 - val_loss: 0.1833 - val_acc: 0.9255
Epoch 88/500
0s - loss: 0.1302 - acc: 0.9523 - val_loss: 0.1838 - val_acc: 0.9301
Epoch 89/500
0s - loss: 0.1297 - acc: 0.9526 - val_loss: 0.1831 - val_acc: 0.9301
Epoch 90/500
0s - loss: 0.1295 - acc: 0.9523 - val_loss: 0.1827 - val_acc: 0.9270
Epoch 91/500
0s - loss: 0.1293 - acc: 0.9511 - val_loss: 0.1835 - val_acc: 0.9301
Epoch 92/500
0s - loss: 0.1282 - acc: 0.9526 - val_loss: 0.1850 - val_acc: 0.9270
Epoch 93/500
0s - loss: 0.1284 - acc: 0.9495 - val_loss: 0.1828 - val_acc: 0.9286
Epoch 94/500
0s - loss: 0.1280 - acc: 0.9526 - val_loss: 0.1838 - val_acc: 0.9317
Epoch 95/500
0s - loss: 0.1279 - acc: 0.9534 - val_loss: 0.1827 - val_acc: 0.9317
Epoch 96/500
0s - loss: 0.1273 - acc: 0.9530 - val_loss: 0.1832 - val_acc: 0.9317
Epoch 97/500
0s - loss: 0.1269 - acc: 0.9534 - val_loss: 0.1831 - val_acc: 0.9317
Epoch 98/500
0s - loss: 0.1266 - acc: 0.9526 - val_loss: 0.1821 - val_acc: 0.9286
Epoch 99/500
0s - loss: 0.1261 - acc: 0.9538 - val_loss: 0.1833 - val_acc: 0.9301
Epoch 100/500
0s - loss: 0.1257 - acc: 0.9534 - val_loss: 0.1828 - val_acc: 0.9348
Epoch 101/500
0s - loss: 0.1253 - acc: 0.9542 - val_loss: 0.1828 - val_acc: 0.9317
Epoch 102/500
0s - loss: 0.1250 - acc: 0.9530 - val_loss: 0.1827 - val_acc: 0.9286
Epoch 103/500
0s - loss: 0.1248 - acc: 0.9546 - val_loss: 0.1826 - val_acc: 0.9286
----------- Model 0 KF 
loss: 0.182616831746
acc: 0.928571428571
Train on 2576 samples, validate on 644 samples
Epoch 1/500
0s - loss: 0.6230 - acc: 0.6363 - val_loss: 0.4849 - val_acc: 0.7873
Epoch 2/500
0s - loss: 0.3830 - acc: 0.8552 - val_loss: 0.2637 - val_acc: 0.9084
Epoch 3/500
0s - loss: 0.2833 - acc: 0.9014 - val_loss: 0.2201 - val_acc: 0.9193
Epoch 4/500
0s - loss: 0.2536 - acc: 0.9107 - val_loss: 0.2039 - val_acc: 0.9208
Epoch 5/500
0s - loss: 0.2381 - acc: 0.9177 - val_loss: 0.1979 - val_acc: 0.9239
Epoch 6/500
0s - loss: 0.2277 - acc: 0.9216 - val_loss: 0.1918 - val_acc: 0.9270
Epoch 7/500
0s - loss: 0.2206 - acc: 0.9247 - val_loss: 0.1912 - val_acc: 0.9348
Epoch 8/500
0s - loss: 0.2156 - acc: 0.9259 - val_loss: 0.1887 - val_acc: 0.9301
Epoch 9/500
0s - loss: 0.2101 - acc: 0.9247 - val_loss: 0.1836 - val_acc: 0.9348
Epoch 10/500
0s - loss: 0.2059 - acc: 0.9305 - val_loss: 0.1856 - val_acc: 0.9348
Epoch 11/500
0s - loss: 0.2028 - acc: 0.9297 - val_loss: 0.1844 - val_acc: 0.9363
Epoch 12/500
0s - loss: 0.2008 - acc: 0.9274 - val_loss: 0.1836 - val_acc: 0.9348
Epoch 13/500
0s - loss: 0.1979 - acc: 0.9290 - val_loss: 0.1827 - val_acc: 0.9379
Epoch 14/500
0s - loss: 0.1960 - acc: 0.9317 - val_loss: 0.1826 - val_acc: 0.9379
Epoch 15/500
0s - loss: 0.1931 - acc: 0.9317 - val_loss: 0.1832 - val_acc: 0.9363
Epoch 16/500
0s - loss: 0.1913 - acc: 0.9325 - val_loss: 0.1823 - val_acc: 0.9394
Epoch 17/500
0s - loss: 0.1895 - acc: 0.9352 - val_loss: 0.1831 - val_acc: 0.9379
Epoch 18/500
0s - loss: 0.1883 - acc: 0.9321 - val_loss: 0.1822 - val_acc: 0.9410
Epoch 19/500
0s - loss: 0.1861 - acc: 0.9356 - val_loss: 0.1828 - val_acc: 0.9379
Epoch 20/500
0s - loss: 0.1856 - acc: 0.9344 - val_loss: 0.1796 - val_acc: 0.9441
Epoch 21/500
0s - loss: 0.1841 - acc: 0.9356 - val_loss: 0.1791 - val_acc: 0.9394
Epoch 22/500
0s - loss: 0.1819 - acc: 0.9356 - val_loss: 0.1792 - val_acc: 0.9410
Epoch 23/500
0s - loss: 0.1809 - acc: 0.9367 - val_loss: 0.1783 - val_acc: 0.9410
Epoch 24/500
0s - loss: 0.1797 - acc: 0.9375 - val_loss: 0.1790 - val_acc: 0.9379
Epoch 25/500
0s - loss: 0.1777 - acc: 0.9359 - val_loss: 0.1789 - val_acc: 0.9394
Epoch 26/500
0s - loss: 0.1764 - acc: 0.9387 - val_loss: 0.1788 - val_acc: 0.9394
Epoch 27/500
0s - loss: 0.1753 - acc: 0.9371 - val_loss: 0.1785 - val_acc: 0.9441
Epoch 28/500
0s - loss: 0.1738 - acc: 0.9394 - val_loss: 0.1784 - val_acc: 0.9379
----------- Model 0 KF 
loss: 0.178377292726
acc: 0.937888198758
----------- Model 0: average loss: 0.189948293516 
-----------------  Best model (index: 0) re-training....
loss: 0.208433498745
acc: 0.921014492754
