Train on 2576 samples, validate on 644 samples
Epoch 1/500
0s - loss: 0.6221 - acc: 0.6429 - val_loss: 0.4992 - val_acc: 0.7360
Epoch 2/500
0s - loss: 0.3714 - acc: 0.8641 - val_loss: 0.2995 - val_acc: 0.8991
Epoch 3/500
0s - loss: 0.2731 - acc: 0.9061 - val_loss: 0.2548 - val_acc: 0.9099
Epoch 4/500
0s - loss: 0.2429 - acc: 0.9111 - val_loss: 0.2374 - val_acc: 0.9193
Epoch 5/500
0s - loss: 0.2282 - acc: 0.9181 - val_loss: 0.2263 - val_acc: 0.9193
Epoch 6/500
0s - loss: 0.2197 - acc: 0.9204 - val_loss: 0.2183 - val_acc: 0.9317
Epoch 7/500
0s - loss: 0.2128 - acc: 0.9274 - val_loss: 0.2138 - val_acc: 0.9270
Epoch 8/500
0s - loss: 0.2084 - acc: 0.9247 - val_loss: 0.2095 - val_acc: 0.9301
Epoch 9/500
0s - loss: 0.2041 - acc: 0.9305 - val_loss: 0.2053 - val_acc: 0.9317
Epoch 10/500
0s - loss: 0.2006 - acc: 0.9305 - val_loss: 0.2044 - val_acc: 0.9301
Epoch 11/500
0s - loss: 0.1979 - acc: 0.9313 - val_loss: 0.2004 - val_acc: 0.9332
Epoch 12/500
0s - loss: 0.1955 - acc: 0.9317 - val_loss: 0.1996 - val_acc: 0.9301
Epoch 13/500
0s - loss: 0.1932 - acc: 0.9301 - val_loss: 0.1967 - val_acc: 0.9363
Epoch 14/500
0s - loss: 0.1905 - acc: 0.9328 - val_loss: 0.1943 - val_acc: 0.9348
Epoch 15/500
0s - loss: 0.1884 - acc: 0.9328 - val_loss: 0.1907 - val_acc: 0.9332
Epoch 16/500
0s - loss: 0.1869 - acc: 0.9332 - val_loss: 0.1902 - val_acc: 0.9332
Epoch 17/500
0s - loss: 0.1851 - acc: 0.9356 - val_loss: 0.1893 - val_acc: 0.9332
Epoch 18/500
0s - loss: 0.1833 - acc: 0.9371 - val_loss: 0.1887 - val_acc: 0.9363
Epoch 19/500
0s - loss: 0.1824 - acc: 0.9356 - val_loss: 0.1880 - val_acc: 0.9363
Epoch 20/500
0s - loss: 0.1808 - acc: 0.9352 - val_loss: 0.1879 - val_acc: 0.9363
Epoch 21/500
0s - loss: 0.1788 - acc: 0.9325 - val_loss: 0.1873 - val_acc: 0.9332
Epoch 22/500
0s - loss: 0.1775 - acc: 0.9367 - val_loss: 0.1872 - val_acc: 0.9394
Epoch 23/500
0s - loss: 0.1760 - acc: 0.9367 - val_loss: 0.1868 - val_acc: 0.9348
Epoch 24/500
0s - loss: 0.1748 - acc: 0.9348 - val_loss: 0.1870 - val_acc: 0.9332
Epoch 25/500
0s - loss: 0.1736 - acc: 0.9375 - val_loss: 0.1856 - val_acc: 0.9363
Epoch 26/500
0s - loss: 0.1717 - acc: 0.9348 - val_loss: 0.1854 - val_acc: 0.9410
Epoch 27/500
0s - loss: 0.1710 - acc: 0.9367 - val_loss: 0.1862 - val_acc: 0.9348
Epoch 28/500
0s - loss: 0.1700 - acc: 0.9367 - val_loss: 0.1855 - val_acc: 0.9394
Epoch 29/500
0s - loss: 0.1684 - acc: 0.9363 - val_loss: 0.1851 - val_acc: 0.9379
Epoch 30/500
0s - loss: 0.1670 - acc: 0.9391 - val_loss: 0.1846 - val_acc: 0.9379
Epoch 31/500
0s - loss: 0.1652 - acc: 0.9387 - val_loss: 0.1848 - val_acc: 0.9394
Epoch 32/500
0s - loss: 0.1642 - acc: 0.9398 - val_loss: 0.1843 - val_acc: 0.9348
Epoch 33/500
0s - loss: 0.1634 - acc: 0.9387 - val_loss: 0.1835 - val_acc: 0.9410
Epoch 34/500
0s - loss: 0.1618 - acc: 0.9418 - val_loss: 0.1828 - val_acc: 0.9410
Epoch 35/500
0s - loss: 0.1618 - acc: 0.9375 - val_loss: 0.1827 - val_acc: 0.9441
Epoch 36/500
0s - loss: 0.1603 - acc: 0.9402 - val_loss: 0.1833 - val_acc: 0.9317
Epoch 37/500
0s - loss: 0.1599 - acc: 0.9375 - val_loss: 0.1825 - val_acc: 0.9348
Epoch 38/500
0s - loss: 0.1588 - acc: 0.9398 - val_loss: 0.1801 - val_acc: 0.9457
Epoch 39/500
0s - loss: 0.1580 - acc: 0.9402 - val_loss: 0.1810 - val_acc: 0.9441
Epoch 40/500
0s - loss: 0.1574 - acc: 0.9394 - val_loss: 0.1805 - val_acc: 0.9472
Epoch 41/500
0s - loss: 0.1567 - acc: 0.9398 - val_loss: 0.1805 - val_acc: 0.9441
Epoch 42/500
0s - loss: 0.1563 - acc: 0.9387 - val_loss: 0.1800 - val_acc: 0.9441
Epoch 43/500
0s - loss: 0.1554 - acc: 0.9425 - val_loss: 0.1793 - val_acc: 0.9472
Epoch 44/500
0s - loss: 0.1538 - acc: 0.9414 - val_loss: 0.1794 - val_acc: 0.9394
Epoch 45/500
0s - loss: 0.1539 - acc: 0.9398 - val_loss: 0.1795 - val_acc: 0.9457
Epoch 46/500
0s - loss: 0.1526 - acc: 0.9410 - val_loss: 0.1801 - val_acc: 0.9363
Epoch 47/500
0s - loss: 0.1524 - acc: 0.9414 - val_loss: 0.1793 - val_acc: 0.9379
Epoch 48/500
0s - loss: 0.1518 - acc: 0.9394 - val_loss: 0.1785 - val_acc: 0.9457
Epoch 49/500
0s - loss: 0.1510 - acc: 0.9414 - val_loss: 0.1773 - val_acc: 0.9457
Epoch 50/500
0s - loss: 0.1487 - acc: 0.9433 - val_loss: 0.1823 - val_acc: 0.9348
Epoch 51/500
0s - loss: 0.1498 - acc: 0.9418 - val_loss: 0.1781 - val_acc: 0.9488
Epoch 52/500
0s - loss: 0.1493 - acc: 0.9433 - val_loss: 0.1772 - val_acc: 0.9425
Epoch 53/500
0s - loss: 0.1485 - acc: 0.9414 - val_loss: 0.1765 - val_acc: 0.9394
Epoch 54/500
0s - loss: 0.1479 - acc: 0.9410 - val_loss: 0.1778 - val_acc: 0.9348
Epoch 55/500
0s - loss: 0.1475 - acc: 0.9410 - val_loss: 0.1765 - val_acc: 0.9394
Epoch 56/500
0s - loss: 0.1464 - acc: 0.9422 - val_loss: 0.1765 - val_acc: 0.9472
Epoch 57/500
0s - loss: 0.1462 - acc: 0.9425 - val_loss: 0.1766 - val_acc: 0.9394
Epoch 58/500
0s - loss: 0.1456 - acc: 0.9418 - val_loss: 0.1767 - val_acc: 0.9363
Epoch 59/500
0s - loss: 0.1449 - acc: 0.9425 - val_loss: 0.1758 - val_acc: 0.9410
Epoch 60/500
0s - loss: 0.1447 - acc: 0.9410 - val_loss: 0.1757 - val_acc: 0.9394
Epoch 61/500
0s - loss: 0.1439 - acc: 0.9410 - val_loss: 0.1760 - val_acc: 0.9425
Epoch 62/500
0s - loss: 0.1437 - acc: 0.9418 - val_loss: 0.1761 - val_acc: 0.9410
Epoch 63/500
0s - loss: 0.1430 - acc: 0.9422 - val_loss: 0.1763 - val_acc: 0.9425
Epoch 64/500
0s - loss: 0.1424 - acc: 0.9422 - val_loss: 0.1762 - val_acc: 0.9379
Epoch 65/500
0s - loss: 0.1423 - acc: 0.9414 - val_loss: 0.1765 - val_acc: 0.9410
----------- Model 0 KF 
loss: 0.176512693581
acc: 0.94099378882
Train on 2576 samples, validate on 644 samples
Epoch 1/500
0s - loss: 0.6146 - acc: 0.6580 - val_loss: 0.4944 - val_acc: 0.8090
Epoch 2/500
0s - loss: 0.3552 - acc: 0.8766 - val_loss: 0.3238 - val_acc: 0.8913
Epoch 3/500
0s - loss: 0.2596 - acc: 0.9134 - val_loss: 0.2915 - val_acc: 0.8882
Epoch 4/500
0s - loss: 0.2315 - acc: 0.9216 - val_loss: 0.2811 - val_acc: 0.9099
Epoch 5/500
0s - loss: 0.2193 - acc: 0.9247 - val_loss: 0.2664 - val_acc: 0.9053
Epoch 6/500
0s - loss: 0.2098 - acc: 0.9286 - val_loss: 0.2626 - val_acc: 0.9146
Epoch 7/500
0s - loss: 0.2050 - acc: 0.9313 - val_loss: 0.2606 - val_acc: 0.9177
Epoch 8/500
0s - loss: 0.2005 - acc: 0.9309 - val_loss: 0.2578 - val_acc: 0.9193
Epoch 9/500
0s - loss: 0.1969 - acc: 0.9336 - val_loss: 0.2542 - val_acc: 0.9177
Epoch 10/500
0s - loss: 0.1943 - acc: 0.9356 - val_loss: 0.2523 - val_acc: 0.9193
Epoch 11/500
0s - loss: 0.1924 - acc: 0.9367 - val_loss: 0.2482 - val_acc: 0.9177
Epoch 12/500
0s - loss: 0.1903 - acc: 0.9352 - val_loss: 0.2483 - val_acc: 0.9224
Epoch 13/500
0s - loss: 0.1885 - acc: 0.9363 - val_loss: 0.2449 - val_acc: 0.9255
Epoch 14/500
0s - loss: 0.1872 - acc: 0.9371 - val_loss: 0.2428 - val_acc: 0.9177
Epoch 15/500
0s - loss: 0.1847 - acc: 0.9375 - val_loss: 0.2423 - val_acc: 0.9301
Epoch 16/500
0s - loss: 0.1846 - acc: 0.9367 - val_loss: 0.2396 - val_acc: 0.9255
Epoch 17/500
0s - loss: 0.1828 - acc: 0.9375 - val_loss: 0.2378 - val_acc: 0.9193
Epoch 18/500
0s - loss: 0.1822 - acc: 0.9379 - val_loss: 0.2351 - val_acc: 0.9255
Epoch 19/500
0s - loss: 0.1806 - acc: 0.9375 - val_loss: 0.2338 - val_acc: 0.9270
Epoch 20/500
0s - loss: 0.1795 - acc: 0.9371 - val_loss: 0.2327 - val_acc: 0.9286
Epoch 21/500
0s - loss: 0.1787 - acc: 0.9375 - val_loss: 0.2309 - val_acc: 0.9270
Epoch 22/500
0s - loss: 0.1777 - acc: 0.9391 - val_loss: 0.2285 - val_acc: 0.9270
Epoch 23/500
0s - loss: 0.1767 - acc: 0.9387 - val_loss: 0.2280 - val_acc: 0.9286
Epoch 24/500
0s - loss: 0.1756 - acc: 0.9391 - val_loss: 0.2272 - val_acc: 0.9286
Epoch 25/500
0s - loss: 0.1751 - acc: 0.9394 - val_loss: 0.2249 - val_acc: 0.9270
Epoch 26/500
0s - loss: 0.1738 - acc: 0.9391 - val_loss: 0.2251 - val_acc: 0.9286
Epoch 27/500
0s - loss: 0.1727 - acc: 0.9383 - val_loss: 0.2233 - val_acc: 0.9255
Epoch 28/500
0s - loss: 0.1720 - acc: 0.9379 - val_loss: 0.2200 - val_acc: 0.9239
Epoch 29/500
0s - loss: 0.1706 - acc: 0.9418 - val_loss: 0.2188 - val_acc: 0.9286
Epoch 30/500
0s - loss: 0.1699 - acc: 0.9394 - val_loss: 0.2190 - val_acc: 0.9270
Epoch 31/500
0s - loss: 0.1689 - acc: 0.9394 - val_loss: 0.2178 - val_acc: 0.9270
Epoch 32/500
0s - loss: 0.1685 - acc: 0.9398 - val_loss: 0.2173 - val_acc: 0.9270
Epoch 33/500
0s - loss: 0.1676 - acc: 0.9410 - val_loss: 0.2160 - val_acc: 0.9270
Epoch 34/500
0s - loss: 0.1666 - acc: 0.9418 - val_loss: 0.2152 - val_acc: 0.9255
Epoch 35/500
0s - loss: 0.1655 - acc: 0.9410 - val_loss: 0.2166 - val_acc: 0.9239
Epoch 36/500
0s - loss: 0.1649 - acc: 0.9441 - val_loss: 0.2152 - val_acc: 0.9239
Epoch 37/500
0s - loss: 0.1641 - acc: 0.9422 - val_loss: 0.2133 - val_acc: 0.9301
Epoch 38/500
0s - loss: 0.1637 - acc: 0.9406 - val_loss: 0.2140 - val_acc: 0.9239
Epoch 39/500
0s - loss: 0.1630 - acc: 0.9429 - val_loss: 0.2150 - val_acc: 0.9239
Epoch 40/500
0s - loss: 0.1623 - acc: 0.9437 - val_loss: 0.2131 - val_acc: 0.9255
Epoch 41/500
0s - loss: 0.1618 - acc: 0.9433 - val_loss: 0.2128 - val_acc: 0.9301
Epoch 42/500
0s - loss: 0.1611 - acc: 0.9425 - val_loss: 0.2123 - val_acc: 0.9255
Epoch 43/500
0s - loss: 0.1605 - acc: 0.9441 - val_loss: 0.2118 - val_acc: 0.9270
Epoch 44/500
0s - loss: 0.1597 - acc: 0.9437 - val_loss: 0.2114 - val_acc: 0.9270
Epoch 45/500
0s - loss: 0.1588 - acc: 0.9441 - val_loss: 0.2105 - val_acc: 0.9301
Epoch 46/500
0s - loss: 0.1579 - acc: 0.9422 - val_loss: 0.2096 - val_acc: 0.9286
Epoch 47/500
0s - loss: 0.1578 - acc: 0.9453 - val_loss: 0.2088 - val_acc: 0.9270
Epoch 48/500
0s - loss: 0.1565 - acc: 0.9464 - val_loss: 0.2093 - val_acc: 0.9255
Epoch 49/500
0s - loss: 0.1559 - acc: 0.9453 - val_loss: 0.2082 - val_acc: 0.9270
Epoch 50/500
0s - loss: 0.1556 - acc: 0.9449 - val_loss: 0.2092 - val_acc: 0.9239
Epoch 51/500
0s - loss: 0.1548 - acc: 0.9445 - val_loss: 0.2072 - val_acc: 0.9286
Epoch 52/500
0s - loss: 0.1542 - acc: 0.9445 - val_loss: 0.2078 - val_acc: 0.9255
Epoch 53/500
0s - loss: 0.1537 - acc: 0.9449 - val_loss: 0.2066 - val_acc: 0.9301
Epoch 54/500
0s - loss: 0.1530 - acc: 0.9457 - val_loss: 0.2067 - val_acc: 0.9270
Epoch 55/500
0s - loss: 0.1522 - acc: 0.9445 - val_loss: 0.2057 - val_acc: 0.9317
Epoch 56/500
0s - loss: 0.1522 - acc: 0.9453 - val_loss: 0.2052 - val_acc: 0.9301
Epoch 57/500
0s - loss: 0.1513 - acc: 0.9453 - val_loss: 0.2051 - val_acc: 0.9301
Epoch 58/500
0s - loss: 0.1504 - acc: 0.9480 - val_loss: 0.2064 - val_acc: 0.9270
Epoch 59/500
0s - loss: 0.1501 - acc: 0.9460 - val_loss: 0.2033 - val_acc: 0.9317
Epoch 60/500
0s - loss: 0.1499 - acc: 0.9460 - val_loss: 0.2045 - val_acc: 0.9301
Epoch 61/500
0s - loss: 0.1494 - acc: 0.9472 - val_loss: 0.2064 - val_acc: 0.9270
Epoch 62/500
0s - loss: 0.1483 - acc: 0.9453 - val_loss: 0.2036 - val_acc: 0.9317
Epoch 63/500
0s - loss: 0.1474 - acc: 0.9480 - val_loss: 0.2074 - val_acc: 0.9270
Epoch 64/500
0s - loss: 0.1477 - acc: 0.9464 - val_loss: 0.2033 - val_acc: 0.9301
----------- Model 0 KF 
loss: 0.203340299196
acc: 0.930124223602
Train on 2576 samples, validate on 644 samples
Epoch 1/500
0s - loss: 0.6126 - acc: 0.6467 - val_loss: 0.4806 - val_acc: 0.8323
Epoch 2/500
0s - loss: 0.3592 - acc: 0.8707 - val_loss: 0.3017 - val_acc: 0.8944
Epoch 3/500
0s - loss: 0.2688 - acc: 0.9068 - val_loss: 0.2654 - val_acc: 0.9053
Epoch 4/500
0s - loss: 0.2416 - acc: 0.9123 - val_loss: 0.2502 - val_acc: 0.9146
Epoch 5/500
0s - loss: 0.2274 - acc: 0.9150 - val_loss: 0.2403 - val_acc: 0.9208
Epoch 6/500
0s - loss: 0.2179 - acc: 0.9216 - val_loss: 0.2351 - val_acc: 0.9224
Epoch 7/500
0s - loss: 0.2111 - acc: 0.9255 - val_loss: 0.2317 - val_acc: 0.9270
Epoch 8/500
0s - loss: 0.2053 - acc: 0.9266 - val_loss: 0.2277 - val_acc: 0.9270
Epoch 9/500
0s - loss: 0.2006 - acc: 0.9274 - val_loss: 0.2228 - val_acc: 0.9286
Epoch 10/500
0s - loss: 0.1971 - acc: 0.9266 - val_loss: 0.2214 - val_acc: 0.9317
Epoch 11/500
0s - loss: 0.1940 - acc: 0.9297 - val_loss: 0.2189 - val_acc: 0.9255
Epoch 12/500
0s - loss: 0.1909 - acc: 0.9340 - val_loss: 0.2170 - val_acc: 0.9255
Epoch 13/500
0s - loss: 0.1873 - acc: 0.9313 - val_loss: 0.2149 - val_acc: 0.9348
Epoch 14/500
0s - loss: 0.1852 - acc: 0.9317 - val_loss: 0.2129 - val_acc: 0.9317
Epoch 15/500
0s - loss: 0.1829 - acc: 0.9328 - val_loss: 0.2098 - val_acc: 0.9363
Epoch 16/500
0s - loss: 0.1806 - acc: 0.9367 - val_loss: 0.2098 - val_acc: 0.9348
Epoch 17/500
0s - loss: 0.1789 - acc: 0.9340 - val_loss: 0.2082 - val_acc: 0.9332
Epoch 18/500
0s - loss: 0.1773 - acc: 0.9352 - val_loss: 0.2093 - val_acc: 0.9348
Epoch 19/500
0s - loss: 0.1764 - acc: 0.9363 - val_loss: 0.2087 - val_acc: 0.9363
Epoch 20/500
0s - loss: 0.1742 - acc: 0.9367 - val_loss: 0.2086 - val_acc: 0.9348
Epoch 21/500
0s - loss: 0.1732 - acc: 0.9375 - val_loss: 0.2094 - val_acc: 0.9317
Epoch 22/500
0s - loss: 0.1715 - acc: 0.9367 - val_loss: 0.2089 - val_acc: 0.9286
----------- Model 0 KF 
loss: 0.208894350329
acc: 0.928571428571
Train on 2576 samples, validate on 644 samples
Epoch 1/500
0s - loss: 0.6376 - acc: 0.6149 - val_loss: 0.5416 - val_acc: 0.7003
Epoch 2/500
0s - loss: 0.4033 - acc: 0.8397 - val_loss: 0.3174 - val_acc: 0.8960
Epoch 3/500
0s - loss: 0.2844 - acc: 0.9037 - val_loss: 0.2651 - val_acc: 0.9146
Epoch 4/500
0s - loss: 0.2504 - acc: 0.9099 - val_loss: 0.2434 - val_acc: 0.9130
Epoch 5/500
0s - loss: 0.2311 - acc: 0.9189 - val_loss: 0.2325 - val_acc: 0.9161
Epoch 6/500
0s - loss: 0.2190 - acc: 0.9251 - val_loss: 0.2273 - val_acc: 0.9146
Epoch 7/500
0s - loss: 0.2110 - acc: 0.9286 - val_loss: 0.2212 - val_acc: 0.9255
Epoch 8/500
0s - loss: 0.2057 - acc: 0.9305 - val_loss: 0.2192 - val_acc: 0.9239
Epoch 9/500
0s - loss: 0.2018 - acc: 0.9297 - val_loss: 0.2188 - val_acc: 0.9255
Epoch 10/500
0s - loss: 0.1994 - acc: 0.9325 - val_loss: 0.2176 - val_acc: 0.9193
Epoch 11/500
0s - loss: 0.1959 - acc: 0.9348 - val_loss: 0.2159 - val_acc: 0.9208
Epoch 12/500
0s - loss: 0.1933 - acc: 0.9348 - val_loss: 0.2150 - val_acc: 0.9208
Epoch 13/500
0s - loss: 0.1912 - acc: 0.9363 - val_loss: 0.2146 - val_acc: 0.9177
Epoch 14/500
0s - loss: 0.1888 - acc: 0.9367 - val_loss: 0.2116 - val_acc: 0.9193
Epoch 15/500
0s - loss: 0.1867 - acc: 0.9359 - val_loss: 0.2110 - val_acc: 0.9193
Epoch 16/500
0s - loss: 0.1842 - acc: 0.9391 - val_loss: 0.2122 - val_acc: 0.9146
Epoch 17/500
0s - loss: 0.1823 - acc: 0.9379 - val_loss: 0.2081 - val_acc: 0.9161
Epoch 18/500
0s - loss: 0.1807 - acc: 0.9387 - val_loss: 0.2071 - val_acc: 0.9193
Epoch 19/500
0s - loss: 0.1791 - acc: 0.9398 - val_loss: 0.2056 - val_acc: 0.9208
Epoch 20/500
0s - loss: 0.1779 - acc: 0.9391 - val_loss: 0.2055 - val_acc: 0.9193
Epoch 21/500
0s - loss: 0.1763 - acc: 0.9402 - val_loss: 0.2047 - val_acc: 0.9224
Epoch 22/500
0s - loss: 0.1750 - acc: 0.9398 - val_loss: 0.2050 - val_acc: 0.9161
Epoch 23/500
0s - loss: 0.1735 - acc: 0.9422 - val_loss: 0.2032 - val_acc: 0.9193
Epoch 24/500
0s - loss: 0.1725 - acc: 0.9398 - val_loss: 0.2018 - val_acc: 0.9193
Epoch 25/500
0s - loss: 0.1714 - acc: 0.9391 - val_loss: 0.2004 - val_acc: 0.9193
Epoch 26/500
0s - loss: 0.1701 - acc: 0.9429 - val_loss: 0.2012 - val_acc: 0.9193
Epoch 27/500
0s - loss: 0.1692 - acc: 0.9418 - val_loss: 0.1996 - val_acc: 0.9208
Epoch 28/500
0s - loss: 0.1675 - acc: 0.9429 - val_loss: 0.2016 - val_acc: 0.9161
Epoch 29/500
0s - loss: 0.1667 - acc: 0.9418 - val_loss: 0.1984 - val_acc: 0.9208
Epoch 30/500
0s - loss: 0.1655 - acc: 0.9433 - val_loss: 0.1975 - val_acc: 0.9161
Epoch 31/500
0s - loss: 0.1648 - acc: 0.9422 - val_loss: 0.1962 - val_acc: 0.9224
Epoch 32/500
0s - loss: 0.1637 - acc: 0.9441 - val_loss: 0.1958 - val_acc: 0.9239
Epoch 33/500
0s - loss: 0.1629 - acc: 0.9433 - val_loss: 0.1954 - val_acc: 0.9239
Epoch 34/500
0s - loss: 0.1618 - acc: 0.9453 - val_loss: 0.1982 - val_acc: 0.9193
Epoch 35/500
0s - loss: 0.1611 - acc: 0.9441 - val_loss: 0.1973 - val_acc: 0.9208
Epoch 36/500
0s - loss: 0.1604 - acc: 0.9425 - val_loss: 0.1944 - val_acc: 0.9239
Epoch 37/500
0s - loss: 0.1591 - acc: 0.9464 - val_loss: 0.1970 - val_acc: 0.9177
Epoch 38/500
0s - loss: 0.1582 - acc: 0.9441 - val_loss: 0.1963 - val_acc: 0.9177
Epoch 39/500
0s - loss: 0.1576 - acc: 0.9445 - val_loss: 0.1940 - val_acc: 0.9224
Epoch 40/500
0s - loss: 0.1569 - acc: 0.9449 - val_loss: 0.1925 - val_acc: 0.9224
Epoch 41/500
0s - loss: 0.1559 - acc: 0.9445 - val_loss: 0.1922 - val_acc: 0.9224
Epoch 42/500
0s - loss: 0.1547 - acc: 0.9460 - val_loss: 0.1930 - val_acc: 0.9193
Epoch 43/500
0s - loss: 0.1535 - acc: 0.9457 - val_loss: 0.1923 - val_acc: 0.9208
Epoch 44/500
0s - loss: 0.1541 - acc: 0.9476 - val_loss: 0.1912 - val_acc: 0.9239
Epoch 45/500
0s - loss: 0.1531 - acc: 0.9468 - val_loss: 0.1914 - val_acc: 0.9224
Epoch 46/500
0s - loss: 0.1524 - acc: 0.9457 - val_loss: 0.1912 - val_acc: 0.9224
Epoch 47/500
0s - loss: 0.1515 - acc: 0.9476 - val_loss: 0.1923 - val_acc: 0.9177
Epoch 48/500
0s - loss: 0.1508 - acc: 0.9449 - val_loss: 0.1915 - val_acc: 0.9239
Epoch 49/500
0s - loss: 0.1499 - acc: 0.9460 - val_loss: 0.1914 - val_acc: 0.9255
Epoch 50/500
0s - loss: 0.1495 - acc: 0.9460 - val_loss: 0.1902 - val_acc: 0.9255
Epoch 51/500
0s - loss: 0.1488 - acc: 0.9476 - val_loss: 0.1900 - val_acc: 0.9239
Epoch 52/500
0s - loss: 0.1483 - acc: 0.9460 - val_loss: 0.1896 - val_acc: 0.9255
Epoch 53/500
0s - loss: 0.1474 - acc: 0.9460 - val_loss: 0.1900 - val_acc: 0.9208
Epoch 54/500
0s - loss: 0.1468 - acc: 0.9468 - val_loss: 0.1894 - val_acc: 0.9286
Epoch 55/500
0s - loss: 0.1461 - acc: 0.9449 - val_loss: 0.1891 - val_acc: 0.9239
Epoch 56/500
0s - loss: 0.1456 - acc: 0.9468 - val_loss: 0.1887 - val_acc: 0.9239
Epoch 57/500
0s - loss: 0.1442 - acc: 0.9468 - val_loss: 0.1891 - val_acc: 0.9286
Epoch 58/500
0s - loss: 0.1445 - acc: 0.9476 - val_loss: 0.1887 - val_acc: 0.9255
Epoch 59/500
0s - loss: 0.1437 - acc: 0.9464 - val_loss: 0.1881 - val_acc: 0.9239
Epoch 60/500
0s - loss: 0.1430 - acc: 0.9480 - val_loss: 0.1877 - val_acc: 0.9224
Epoch 61/500
0s - loss: 0.1427 - acc: 0.9484 - val_loss: 0.1895 - val_acc: 0.9208
Epoch 62/500
0s - loss: 0.1423 - acc: 0.9476 - val_loss: 0.1876 - val_acc: 0.9255
Epoch 63/500
0s - loss: 0.1418 - acc: 0.9472 - val_loss: 0.1871 - val_acc: 0.9255
Epoch 64/500
0s - loss: 0.1410 - acc: 0.9476 - val_loss: 0.1871 - val_acc: 0.9239
Epoch 65/500
0s - loss: 0.1407 - acc: 0.9460 - val_loss: 0.1874 - val_acc: 0.9255
Epoch 66/500
0s - loss: 0.1398 - acc: 0.9480 - val_loss: 0.1876 - val_acc: 0.9255
Epoch 67/500
0s - loss: 0.1394 - acc: 0.9480 - val_loss: 0.1877 - val_acc: 0.9239
Epoch 68/500
0s - loss: 0.1386 - acc: 0.9476 - val_loss: 0.1870 - val_acc: 0.9255
Epoch 69/500
0s - loss: 0.1385 - acc: 0.9476 - val_loss: 0.1865 - val_acc: 0.9255
Epoch 70/500
0s - loss: 0.1380 - acc: 0.9484 - val_loss: 0.1863 - val_acc: 0.9239
Epoch 71/500
0s - loss: 0.1373 - acc: 0.9495 - val_loss: 0.1859 - val_acc: 0.9255
Epoch 72/500
0s - loss: 0.1371 - acc: 0.9480 - val_loss: 0.1859 - val_acc: 0.9255
Epoch 73/500
0s - loss: 0.1362 - acc: 0.9480 - val_loss: 0.1859 - val_acc: 0.9286
Epoch 74/500
0s - loss: 0.1359 - acc: 0.9495 - val_loss: 0.1867 - val_acc: 0.9270
Epoch 75/500
0s - loss: 0.1357 - acc: 0.9499 - val_loss: 0.1860 - val_acc: 0.9270
Epoch 76/500
0s - loss: 0.1350 - acc: 0.9488 - val_loss: 0.1856 - val_acc: 0.9224
Epoch 77/500
0s - loss: 0.1349 - acc: 0.9491 - val_loss: 0.1854 - val_acc: 0.9270
Epoch 78/500
0s - loss: 0.1345 - acc: 0.9495 - val_loss: 0.1854 - val_acc: 0.9270
Epoch 79/500
0s - loss: 0.1337 - acc: 0.9507 - val_loss: 0.1854 - val_acc: 0.9239
Epoch 80/500
0s - loss: 0.1335 - acc: 0.9491 - val_loss: 0.1847 - val_acc: 0.9301
Epoch 81/500
0s - loss: 0.1330 - acc: 0.9511 - val_loss: 0.1840 - val_acc: 0.9286
Epoch 82/500
0s - loss: 0.1328 - acc: 0.9515 - val_loss: 0.1845 - val_acc: 0.9270
Epoch 83/500
0s - loss: 0.1320 - acc: 0.9499 - val_loss: 0.1856 - val_acc: 0.9286
Epoch 84/500
0s - loss: 0.1317 - acc: 0.9499 - val_loss: 0.1843 - val_acc: 0.9286
Epoch 85/500
0s - loss: 0.1316 - acc: 0.9519 - val_loss: 0.1843 - val_acc: 0.9270
Epoch 86/500
0s - loss: 0.1306 - acc: 0.9511 - val_loss: 0.1836 - val_acc: 0.9286
Epoch 87/500
0s - loss: 0.1308 - acc: 0.9519 - val_loss: 0.1833 - val_acc: 0.9255
Epoch 88/500
0s - loss: 0.1302 - acc: 0.9523 - val_loss: 0.1838 - val_acc: 0.9301
Epoch 89/500
0s - loss: 0.1297 - acc: 0.9526 - val_loss: 0.1831 - val_acc: 0.9301
Epoch 90/500
0s - loss: 0.1295 - acc: 0.9523 - val_loss: 0.1827 - val_acc: 0.9270
Epoch 91/500
0s - loss: 0.1293 - acc: 0.9511 - val_loss: 0.1835 - val_acc: 0.9301
Epoch 92/500
0s - loss: 0.1282 - acc: 0.9526 - val_loss: 0.1850 - val_acc: 0.9270
Epoch 93/500
0s - loss: 0.1284 - acc: 0.9495 - val_loss: 0.1828 - val_acc: 0.9286
Epoch 94/500
0s - loss: 0.1280 - acc: 0.9526 - val_loss: 0.1838 - val_acc: 0.9317
Epoch 95/500
0s - loss: 0.1279 - acc: 0.9534 - val_loss: 0.1827 - val_acc: 0.9317
Epoch 96/500
0s - loss: 0.1273 - acc: 0.9530 - val_loss: 0.1832 - val_acc: 0.9317
Epoch 97/500
0s - loss: 0.1269 - acc: 0.9534 - val_loss: 0.1831 - val_acc: 0.9317
Epoch 98/500
0s - loss: 0.1266 - acc: 0.9526 - val_loss: 0.1821 - val_acc: 0.9286
Epoch 99/500
0s - loss: 0.1261 - acc: 0.9538 - val_loss: 0.1833 - val_acc: 0.9301
Epoch 100/500
0s - loss: 0.1257 - acc: 0.9534 - val_loss: 0.1828 - val_acc: 0.9348
Epoch 101/500
0s - loss: 0.1253 - acc: 0.9542 - val_loss: 0.1828 - val_acc: 0.9317
Epoch 102/500
0s - loss: 0.1250 - acc: 0.9530 - val_loss: 0.1827 - val_acc: 0.9286
Epoch 103/500
0s - loss: 0.1248 - acc: 0.9546 - val_loss: 0.1826 - val_acc: 0.9286
----------- Model 0 KF 
loss: 0.182616831746
acc: 0.928571428571
Train on 2576 samples, validate on 644 samples
Epoch 1/500
0s - loss: 0.6230 - acc: 0.6363 - val_loss: 0.4849 - val_acc: 0.7873
Epoch 2/500
0s - loss: 0.3830 - acc: 0.8552 - val_loss: 0.2637 - val_acc: 0.9084
Epoch 3/500
0s - loss: 0.2833 - acc: 0.9014 - val_loss: 0.2201 - val_acc: 0.9193
Epoch 4/500
0s - loss: 0.2536 - acc: 0.9107 - val_loss: 0.2039 - val_acc: 0.9208
Epoch 5/500
0s - loss: 0.2381 - acc: 0.9177 - val_loss: 0.1979 - val_acc: 0.9239
Epoch 6/500
0s - loss: 0.2277 - acc: 0.9216 - val_loss: 0.1918 - val_acc: 0.9270
Epoch 7/500
0s - loss: 0.2206 - acc: 0.9247 - val_loss: 0.1912 - val_acc: 0.9348
Epoch 8/500
0s - loss: 0.2156 - acc: 0.9259 - val_loss: 0.1887 - val_acc: 0.9301
Epoch 9/500
0s - loss: 0.2101 - acc: 0.9247 - val_loss: 0.1836 - val_acc: 0.9348
Epoch 10/500
0s - loss: 0.2059 - acc: 0.9305 - val_loss: 0.1856 - val_acc: 0.9348
Epoch 11/500
0s - loss: 0.2028 - acc: 0.9297 - val_loss: 0.1844 - val_acc: 0.9363
Epoch 12/500
0s - loss: 0.2008 - acc: 0.9274 - val_loss: 0.1836 - val_acc: 0.9348
Epoch 13/500
0s - loss: 0.1979 - acc: 0.9290 - val_loss: 0.1827 - val_acc: 0.9379
Epoch 14/500
0s - loss: 0.1960 - acc: 0.9317 - val_loss: 0.1826 - val_acc: 0.9379
Epoch 15/500
0s - loss: 0.1931 - acc: 0.9317 - val_loss: 0.1832 - val_acc: 0.9363
Epoch 16/500
0s - loss: 0.1913 - acc: 0.9325 - val_loss: 0.1823 - val_acc: 0.9394
Epoch 17/500
0s - loss: 0.1895 - acc: 0.9352 - val_loss: 0.1831 - val_acc: 0.9379
Epoch 18/500
0s - loss: 0.1883 - acc: 0.9321 - val_loss: 0.1822 - val_acc: 0.9410
Epoch 19/500
0s - loss: 0.1861 - acc: 0.9356 - val_loss: 0.1828 - val_acc: 0.9379
Epoch 20/500
0s - loss: 0.1856 - acc: 0.9344 - val_loss: 0.1796 - val_acc: 0.9441
Epoch 21/500
0s - loss: 0.1841 - acc: 0.9356 - val_loss: 0.1791 - val_acc: 0.9394
Epoch 22/500
0s - loss: 0.1819 - acc: 0.9356 - val_loss: 0.1792 - val_acc: 0.9410
Epoch 23/500
0s - loss: 0.1809 - acc: 0.9367 - val_loss: 0.1783 - val_acc: 0.9410
Epoch 24/500
0s - loss: 0.1797 - acc: 0.9375 - val_loss: 0.1790 - val_acc: 0.9379
Epoch 25/500
0s - loss: 0.1777 - acc: 0.9359 - val_loss: 0.1789 - val_acc: 0.9394
Epoch 26/500
0s - loss: 0.1764 - acc: 0.9387 - val_loss: 0.1788 - val_acc: 0.9394
Epoch 27/500
0s - loss: 0.1753 - acc: 0.9371 - val_loss: 0.1785 - val_acc: 0.9441
Epoch 28/500
0s - loss: 0.1738 - acc: 0.9394 - val_loss: 0.1784 - val_acc: 0.9379
----------- Model 0 KF 
loss: 0.178377292726
acc: 0.937888198758
----------- Model 0: average loss: 0.189948293516 
Train on 2576 samples, validate on 644 samples
Epoch 1/500
0s - loss: 0.6640 - acc: 0.6099 - val_loss: 0.6516 - val_acc: 0.6165
Epoch 2/500
0s - loss: 0.6249 - acc: 0.6184 - val_loss: 0.5795 - val_acc: 0.6304
Epoch 3/500
0s - loss: 0.5079 - acc: 0.7519 - val_loss: 0.4301 - val_acc: 0.8230
Epoch 4/500
0s - loss: 0.3802 - acc: 0.8622 - val_loss: 0.3386 - val_acc: 0.8742
Epoch 5/500
0s - loss: 0.3154 - acc: 0.8894 - val_loss: 0.2987 - val_acc: 0.8913
Epoch 6/500
0s - loss: 0.2835 - acc: 0.8995 - val_loss: 0.2765 - val_acc: 0.8991
Epoch 7/500
0s - loss: 0.2643 - acc: 0.9061 - val_loss: 0.2627 - val_acc: 0.9115
Epoch 8/500
0s - loss: 0.2513 - acc: 0.9095 - val_loss: 0.2556 - val_acc: 0.9084
Epoch 9/500
0s - loss: 0.2412 - acc: 0.9099 - val_loss: 0.2480 - val_acc: 0.9208
Epoch 10/500
0s - loss: 0.2333 - acc: 0.9123 - val_loss: 0.2425 - val_acc: 0.9239
Epoch 11/500
0s - loss: 0.2275 - acc: 0.9169 - val_loss: 0.2401 - val_acc: 0.9193
Epoch 12/500
0s - loss: 0.2226 - acc: 0.9212 - val_loss: 0.2374 - val_acc: 0.9239
Epoch 13/500
0s - loss: 0.2187 - acc: 0.9216 - val_loss: 0.2356 - val_acc: 0.9208
Epoch 14/500
0s - loss: 0.2154 - acc: 0.9235 - val_loss: 0.2327 - val_acc: 0.9239
Epoch 15/500
0s - loss: 0.2124 - acc: 0.9247 - val_loss: 0.2301 - val_acc: 0.9286
Epoch 16/500
0s - loss: 0.2097 - acc: 0.9259 - val_loss: 0.2295 - val_acc: 0.9286
Epoch 17/500
0s - loss: 0.2073 - acc: 0.9270 - val_loss: 0.2283 - val_acc: 0.9286
Epoch 18/500
0s - loss: 0.2051 - acc: 0.9282 - val_loss: 0.2274 - val_acc: 0.9301
Epoch 19/500
0s - loss: 0.2034 - acc: 0.9293 - val_loss: 0.2260 - val_acc: 0.9286
Epoch 20/500
0s - loss: 0.2016 - acc: 0.9293 - val_loss: 0.2246 - val_acc: 0.9301
Epoch 21/500
0s - loss: 0.1997 - acc: 0.9293 - val_loss: 0.2253 - val_acc: 0.9286
Epoch 22/500
0s - loss: 0.1985 - acc: 0.9293 - val_loss: 0.2250 - val_acc: 0.9286
Epoch 23/500
0s - loss: 0.1970 - acc: 0.9297 - val_loss: 0.2249 - val_acc: 0.9270
Epoch 24/500
0s - loss: 0.1956 - acc: 0.9293 - val_loss: 0.2237 - val_acc: 0.9286
Epoch 25/500
0s - loss: 0.1943 - acc: 0.9301 - val_loss: 0.2230 - val_acc: 0.9286
Epoch 26/500
0s - loss: 0.1931 - acc: 0.9301 - val_loss: 0.2219 - val_acc: 0.9301
Epoch 27/500
0s - loss: 0.1920 - acc: 0.9309 - val_loss: 0.2216 - val_acc: 0.9301
Epoch 28/500
0s - loss: 0.1910 - acc: 0.9317 - val_loss: 0.2216 - val_acc: 0.9286
Epoch 29/500
0s - loss: 0.1900 - acc: 0.9321 - val_loss: 0.2205 - val_acc: 0.9301
Epoch 30/500
0s - loss: 0.1891 - acc: 0.9328 - val_loss: 0.2203 - val_acc: 0.9332
Epoch 31/500
0s - loss: 0.1879 - acc: 0.9313 - val_loss: 0.2196 - val_acc: 0.9317
Epoch 32/500
0s - loss: 0.1871 - acc: 0.9328 - val_loss: 0.2196 - val_acc: 0.9317
Epoch 33/500
0s - loss: 0.1858 - acc: 0.9313 - val_loss: 0.2195 - val_acc: 0.9332
Epoch 34/500
0s - loss: 0.1850 - acc: 0.9328 - val_loss: 0.2189 - val_acc: 0.9317
Epoch 35/500
0s - loss: 0.1841 - acc: 0.9332 - val_loss: 0.2185 - val_acc: 0.9332
Epoch 36/500
0s - loss: 0.1831 - acc: 0.9348 - val_loss: 0.2197 - val_acc: 0.9286
Epoch 37/500
0s - loss: 0.1827 - acc: 0.9325 - val_loss: 0.2183 - val_acc: 0.9317
Epoch 38/500
0s - loss: 0.1819 - acc: 0.9340 - val_loss: 0.2185 - val_acc: 0.9301
Epoch 39/500
0s - loss: 0.1812 - acc: 0.9340 - val_loss: 0.2172 - val_acc: 0.9317
Epoch 40/500
0s - loss: 0.1806 - acc: 0.9332 - val_loss: 0.2169 - val_acc: 0.9332
Epoch 41/500
0s - loss: 0.1798 - acc: 0.9352 - val_loss: 0.2174 - val_acc: 0.9317
Epoch 42/500
0s - loss: 0.1793 - acc: 0.9336 - val_loss: 0.2167 - val_acc: 0.9332
Epoch 43/500
0s - loss: 0.1787 - acc: 0.9356 - val_loss: 0.2168 - val_acc: 0.9332
Epoch 44/500
0s - loss: 0.1783 - acc: 0.9340 - val_loss: 0.2157 - val_acc: 0.9332
Epoch 45/500
0s - loss: 0.1776 - acc: 0.9359 - val_loss: 0.2157 - val_acc: 0.9363
Epoch 46/500
0s - loss: 0.1767 - acc: 0.9363 - val_loss: 0.2154 - val_acc: 0.9332
Epoch 47/500
0s - loss: 0.1760 - acc: 0.9359 - val_loss: 0.2159 - val_acc: 0.9332
Epoch 48/500
0s - loss: 0.1755 - acc: 0.9363 - val_loss: 0.2155 - val_acc: 0.9348
Epoch 49/500
0s - loss: 0.1747 - acc: 0.9375 - val_loss: 0.2151 - val_acc: 0.9348
Epoch 50/500
0s - loss: 0.1739 - acc: 0.9367 - val_loss: 0.2145 - val_acc: 0.9363
Epoch 51/500
0s - loss: 0.1735 - acc: 0.9363 - val_loss: 0.2148 - val_acc: 0.9348
Epoch 52/500
0s - loss: 0.1729 - acc: 0.9383 - val_loss: 0.2150 - val_acc: 0.9317
Epoch 53/500
0s - loss: 0.1725 - acc: 0.9367 - val_loss: 0.2141 - val_acc: 0.9363
Epoch 54/500
0s - loss: 0.1719 - acc: 0.9394 - val_loss: 0.2152 - val_acc: 0.9332
Epoch 55/500
0s - loss: 0.1715 - acc: 0.9387 - val_loss: 0.2139 - val_acc: 0.9348
Epoch 56/500
0s - loss: 0.1711 - acc: 0.9394 - val_loss: 0.2138 - val_acc: 0.9332
Epoch 57/500
0s - loss: 0.1706 - acc: 0.9394 - val_loss: 0.2133 - val_acc: 0.9394
Epoch 58/500
0s - loss: 0.1701 - acc: 0.9391 - val_loss: 0.2134 - val_acc: 0.9363
Epoch 59/500
0s - loss: 0.1696 - acc: 0.9394 - val_loss: 0.2128 - val_acc: 0.9394
Epoch 60/500
0s - loss: 0.1693 - acc: 0.9375 - val_loss: 0.2126 - val_acc: 0.9394
Epoch 61/500
0s - loss: 0.1688 - acc: 0.9379 - val_loss: 0.2125 - val_acc: 0.9394
Epoch 62/500
0s - loss: 0.1685 - acc: 0.9398 - val_loss: 0.2128 - val_acc: 0.9394
Epoch 63/500
0s - loss: 0.1680 - acc: 0.9387 - val_loss: 0.2122 - val_acc: 0.9394
Epoch 64/500
0s - loss: 0.1677 - acc: 0.9394 - val_loss: 0.2125 - val_acc: 0.9394
Epoch 65/500
0s - loss: 0.1672 - acc: 0.9383 - val_loss: 0.2123 - val_acc: 0.9394
Epoch 66/500
0s - loss: 0.1669 - acc: 0.9394 - val_loss: 0.2120 - val_acc: 0.9394
Epoch 67/500
0s - loss: 0.1664 - acc: 0.9387 - val_loss: 0.2114 - val_acc: 0.9410
Epoch 68/500
0s - loss: 0.1659 - acc: 0.9402 - val_loss: 0.2120 - val_acc: 0.9379
Epoch 69/500
0s - loss: 0.1658 - acc: 0.9398 - val_loss: 0.2114 - val_acc: 0.9394
Epoch 70/500
0s - loss: 0.1654 - acc: 0.9387 - val_loss: 0.2112 - val_acc: 0.9394
Epoch 71/500
0s - loss: 0.1652 - acc: 0.9375 - val_loss: 0.2109 - val_acc: 0.9410
Epoch 72/500
0s - loss: 0.1647 - acc: 0.9398 - val_loss: 0.2110 - val_acc: 0.9394
Epoch 73/500
0s - loss: 0.1644 - acc: 0.9398 - val_loss: 0.2108 - val_acc: 0.9394
Epoch 74/500
0s - loss: 0.1640 - acc: 0.9410 - val_loss: 0.2105 - val_acc: 0.9425
Epoch 75/500
0s - loss: 0.1635 - acc: 0.9402 - val_loss: 0.2103 - val_acc: 0.9425
Epoch 76/500
0s - loss: 0.1635 - acc: 0.9414 - val_loss: 0.2103 - val_acc: 0.9425
Epoch 77/500
0s - loss: 0.1632 - acc: 0.9414 - val_loss: 0.2106 - val_acc: 0.9394
Epoch 78/500
0s - loss: 0.1628 - acc: 0.9387 - val_loss: 0.2104 - val_acc: 0.9410
Epoch 79/500
0s - loss: 0.1624 - acc: 0.9410 - val_loss: 0.2104 - val_acc: 0.9394
Epoch 80/500
0s - loss: 0.1620 - acc: 0.9414 - val_loss: 0.2110 - val_acc: 0.9379
----------- Model 1 KF 
loss: 0.211030510966
acc: 0.937888198758
Train on 2576 samples, validate on 644 samples
Epoch 1/500
0s - loss: 0.6571 - acc: 0.6165 - val_loss: 0.6390 - val_acc: 0.6165
Epoch 2/500
0s - loss: 0.5994 - acc: 0.6347 - val_loss: 0.5425 - val_acc: 0.6957
Epoch 3/500
0s - loss: 0.4737 - acc: 0.7970 - val_loss: 0.4095 - val_acc: 0.8571
Epoch 4/500
0s - loss: 0.3675 - acc: 0.8754 - val_loss: 0.3317 - val_acc: 0.8898
Epoch 5/500
0s - loss: 0.3132 - acc: 0.8936 - val_loss: 0.2924 - val_acc: 0.8975
Epoch 6/500
0s - loss: 0.2839 - acc: 0.9010 - val_loss: 0.2711 - val_acc: 0.9099
Epoch 7/500
0s - loss: 0.2665 - acc: 0.9092 - val_loss: 0.2562 - val_acc: 0.9068
Epoch 8/500
0s - loss: 0.2546 - acc: 0.9103 - val_loss: 0.2457 - val_acc: 0.9084
Epoch 9/500
0s - loss: 0.2451 - acc: 0.9127 - val_loss: 0.2375 - val_acc: 0.9099
Epoch 10/500
0s - loss: 0.2369 - acc: 0.9158 - val_loss: 0.2312 - val_acc: 0.9084
Epoch 11/500
0s - loss: 0.2307 - acc: 0.9165 - val_loss: 0.2264 - val_acc: 0.9146
Epoch 12/500
0s - loss: 0.2255 - acc: 0.9224 - val_loss: 0.2222 - val_acc: 0.9115
Epoch 13/500
0s - loss: 0.2214 - acc: 0.9239 - val_loss: 0.2190 - val_acc: 0.9099
Epoch 14/500
0s - loss: 0.2175 - acc: 0.9266 - val_loss: 0.2165 - val_acc: 0.9099
Epoch 15/500
0s - loss: 0.2143 - acc: 0.9297 - val_loss: 0.2144 - val_acc: 0.9208
Epoch 16/500
0s - loss: 0.2116 - acc: 0.9290 - val_loss: 0.2123 - val_acc: 0.9161
Epoch 17/500
0s - loss: 0.2090 - acc: 0.9321 - val_loss: 0.2108 - val_acc: 0.9161
Epoch 18/500
0s - loss: 0.2068 - acc: 0.9313 - val_loss: 0.2095 - val_acc: 0.9161
Epoch 19/500
0s - loss: 0.2048 - acc: 0.9321 - val_loss: 0.2084 - val_acc: 0.9130
Epoch 20/500
0s - loss: 0.2029 - acc: 0.9328 - val_loss: 0.2072 - val_acc: 0.9146
Epoch 21/500
0s - loss: 0.2014 - acc: 0.9325 - val_loss: 0.2064 - val_acc: 0.9146
Epoch 22/500
0s - loss: 0.1998 - acc: 0.9348 - val_loss: 0.2054 - val_acc: 0.9130
Epoch 23/500
0s - loss: 0.1985 - acc: 0.9328 - val_loss: 0.2047 - val_acc: 0.9161
Epoch 24/500
0s - loss: 0.1971 - acc: 0.9336 - val_loss: 0.2041 - val_acc: 0.9161
Epoch 25/500
0s - loss: 0.1958 - acc: 0.9375 - val_loss: 0.2035 - val_acc: 0.9146
Epoch 26/500
0s - loss: 0.1942 - acc: 0.9371 - val_loss: 0.2030 - val_acc: 0.9146
Epoch 27/500
0s - loss: 0.1929 - acc: 0.9352 - val_loss: 0.2033 - val_acc: 0.9146
Epoch 28/500
0s - loss: 0.1919 - acc: 0.9383 - val_loss: 0.2017 - val_acc: 0.9161
Epoch 29/500
0s - loss: 0.1909 - acc: 0.9371 - val_loss: 0.2010 - val_acc: 0.9146
Epoch 30/500
0s - loss: 0.1901 - acc: 0.9371 - val_loss: 0.2007 - val_acc: 0.9146
Epoch 31/500
0s - loss: 0.1891 - acc: 0.9383 - val_loss: 0.2001 - val_acc: 0.9146
Epoch 32/500
0s - loss: 0.1883 - acc: 0.9383 - val_loss: 0.1995 - val_acc: 0.9161
Epoch 33/500
0s - loss: 0.1876 - acc: 0.9391 - val_loss: 0.1991 - val_acc: 0.9146
Epoch 34/500
0s - loss: 0.1868 - acc: 0.9387 - val_loss: 0.1988 - val_acc: 0.9146
Epoch 35/500
0s - loss: 0.1860 - acc: 0.9398 - val_loss: 0.1982 - val_acc: 0.9161
Epoch 36/500
0s - loss: 0.1852 - acc: 0.9394 - val_loss: 0.1981 - val_acc: 0.9099
Epoch 37/500
0s - loss: 0.1846 - acc: 0.9406 - val_loss: 0.1973 - val_acc: 0.9130
Epoch 38/500
0s - loss: 0.1841 - acc: 0.9391 - val_loss: 0.1965 - val_acc: 0.9161
Epoch 39/500
0s - loss: 0.1834 - acc: 0.9406 - val_loss: 0.1964 - val_acc: 0.9161
Epoch 40/500
0s - loss: 0.1828 - acc: 0.9406 - val_loss: 0.1962 - val_acc: 0.9161
Epoch 41/500
0s - loss: 0.1822 - acc: 0.9422 - val_loss: 0.1959 - val_acc: 0.9130
Epoch 42/500
0s - loss: 0.1815 - acc: 0.9410 - val_loss: 0.1954 - val_acc: 0.9146
Epoch 43/500
0s - loss: 0.1809 - acc: 0.9414 - val_loss: 0.1949 - val_acc: 0.9146
Epoch 44/500
0s - loss: 0.1803 - acc: 0.9418 - val_loss: 0.1943 - val_acc: 0.9146
Epoch 45/500
0s - loss: 0.1797 - acc: 0.9425 - val_loss: 0.1942 - val_acc: 0.9161
Epoch 46/500
0s - loss: 0.1791 - acc: 0.9429 - val_loss: 0.1938 - val_acc: 0.9146
Epoch 47/500
0s - loss: 0.1784 - acc: 0.9437 - val_loss: 0.1935 - val_acc: 0.9130
Epoch 48/500
0s - loss: 0.1781 - acc: 0.9425 - val_loss: 0.1938 - val_acc: 0.9193
Epoch 49/500
0s - loss: 0.1775 - acc: 0.9437 - val_loss: 0.1927 - val_acc: 0.9146
Epoch 50/500
0s - loss: 0.1769 - acc: 0.9441 - val_loss: 0.1927 - val_acc: 0.9130
Epoch 51/500
0s - loss: 0.1767 - acc: 0.9437 - val_loss: 0.1924 - val_acc: 0.9099
Epoch 52/500
0s - loss: 0.1762 - acc: 0.9429 - val_loss: 0.1921 - val_acc: 0.9146
Epoch 53/500
0s - loss: 0.1758 - acc: 0.9445 - val_loss: 0.1919 - val_acc: 0.9115
Epoch 54/500
0s - loss: 0.1753 - acc: 0.9449 - val_loss: 0.1917 - val_acc: 0.9146
Epoch 55/500
0s - loss: 0.1747 - acc: 0.9457 - val_loss: 0.1918 - val_acc: 0.9130
Epoch 56/500
0s - loss: 0.1746 - acc: 0.9457 - val_loss: 0.1916 - val_acc: 0.9146
Epoch 57/500
0s - loss: 0.1740 - acc: 0.9457 - val_loss: 0.1914 - val_acc: 0.9130
Epoch 58/500
0s - loss: 0.1736 - acc: 0.9460 - val_loss: 0.1915 - val_acc: 0.9161
Epoch 59/500
0s - loss: 0.1734 - acc: 0.9460 - val_loss: 0.1912 - val_acc: 0.9146
Epoch 60/500
0s - loss: 0.1729 - acc: 0.9464 - val_loss: 0.1909 - val_acc: 0.9130
Epoch 61/500
0s - loss: 0.1727 - acc: 0.9484 - val_loss: 0.1906 - val_acc: 0.9130
Epoch 62/500
0s - loss: 0.1723 - acc: 0.9453 - val_loss: 0.1904 - val_acc: 0.9146
Epoch 63/500
0s - loss: 0.1719 - acc: 0.9464 - val_loss: 0.1902 - val_acc: 0.9130
Epoch 64/500
0s - loss: 0.1714 - acc: 0.9464 - val_loss: 0.1900 - val_acc: 0.9146
Epoch 65/500
0s - loss: 0.1713 - acc: 0.9468 - val_loss: 0.1897 - val_acc: 0.9161
Epoch 66/500
0s - loss: 0.1708 - acc: 0.9464 - val_loss: 0.1895 - val_acc: 0.9161
Epoch 67/500
0s - loss: 0.1707 - acc: 0.9464 - val_loss: 0.1893 - val_acc: 0.9161
Epoch 68/500
0s - loss: 0.1702 - acc: 0.9464 - val_loss: 0.1891 - val_acc: 0.9146
Epoch 69/500
0s - loss: 0.1699 - acc: 0.9476 - val_loss: 0.1892 - val_acc: 0.9130
Epoch 70/500
0s - loss: 0.1695 - acc: 0.9476 - val_loss: 0.1891 - val_acc: 0.9146
Epoch 71/500
0s - loss: 0.1692 - acc: 0.9468 - val_loss: 0.1891 - val_acc: 0.9161
Epoch 72/500
0s - loss: 0.1690 - acc: 0.9484 - val_loss: 0.1888 - val_acc: 0.9146
Epoch 73/500
0s - loss: 0.1685 - acc: 0.9464 - val_loss: 0.1885 - val_acc: 0.9161
Epoch 74/500
0s - loss: 0.1682 - acc: 0.9476 - val_loss: 0.1884 - val_acc: 0.9146
Epoch 75/500
0s - loss: 0.1679 - acc: 0.9468 - val_loss: 0.1881 - val_acc: 0.9146
Epoch 76/500
0s - loss: 0.1676 - acc: 0.9480 - val_loss: 0.1880 - val_acc: 0.9146
Epoch 77/500
0s - loss: 0.1671 - acc: 0.9468 - val_loss: 0.1880 - val_acc: 0.9177
Epoch 78/500
0s - loss: 0.1668 - acc: 0.9484 - val_loss: 0.1877 - val_acc: 0.9161
Epoch 79/500
0s - loss: 0.1666 - acc: 0.9476 - val_loss: 0.1876 - val_acc: 0.9177
Epoch 80/500
0s - loss: 0.1664 - acc: 0.9480 - val_loss: 0.1876 - val_acc: 0.9177
Epoch 81/500
0s - loss: 0.1661 - acc: 0.9480 - val_loss: 0.1877 - val_acc: 0.9177
Epoch 82/500
0s - loss: 0.1657 - acc: 0.9491 - val_loss: 0.1876 - val_acc: 0.9146
Epoch 83/500
0s - loss: 0.1654 - acc: 0.9484 - val_loss: 0.1875 - val_acc: 0.9177
Epoch 84/500
0s - loss: 0.1651 - acc: 0.9491 - val_loss: 0.1874 - val_acc: 0.9177
Epoch 85/500
0s - loss: 0.1647 - acc: 0.9495 - val_loss: 0.1878 - val_acc: 0.9177
Epoch 86/500
0s - loss: 0.1644 - acc: 0.9472 - val_loss: 0.1871 - val_acc: 0.9146
Epoch 87/500
0s - loss: 0.1643 - acc: 0.9499 - val_loss: 0.1870 - val_acc: 0.9177
Epoch 88/500
0s - loss: 0.1642 - acc: 0.9503 - val_loss: 0.1870 - val_acc: 0.9177
Epoch 89/500
0s - loss: 0.1637 - acc: 0.9488 - val_loss: 0.1871 - val_acc: 0.9208
Epoch 90/500
0s - loss: 0.1634 - acc: 0.9491 - val_loss: 0.1867 - val_acc: 0.9146
Epoch 91/500
0s - loss: 0.1633 - acc: 0.9468 - val_loss: 0.1865 - val_acc: 0.9177
Epoch 92/500
0s - loss: 0.1631 - acc: 0.9503 - val_loss: 0.1866 - val_acc: 0.9224
Epoch 93/500
0s - loss: 0.1630 - acc: 0.9488 - val_loss: 0.1864 - val_acc: 0.9177
Epoch 94/500
0s - loss: 0.1627 - acc: 0.9491 - val_loss: 0.1863 - val_acc: 0.9177
Epoch 95/500
0s - loss: 0.1625 - acc: 0.9495 - val_loss: 0.1863 - val_acc: 0.9146
Epoch 96/500
0s - loss: 0.1622 - acc: 0.9499 - val_loss: 0.1864 - val_acc: 0.9224
Epoch 97/500
0s - loss: 0.1621 - acc: 0.9495 - val_loss: 0.1862 - val_acc: 0.9193
Epoch 98/500
0s - loss: 0.1618 - acc: 0.9503 - val_loss: 0.1863 - val_acc: 0.9224
Epoch 99/500
0s - loss: 0.1615 - acc: 0.9495 - val_loss: 0.1858 - val_acc: 0.9177
Epoch 100/500
0s - loss: 0.1613 - acc: 0.9507 - val_loss: 0.1858 - val_acc: 0.9193
Epoch 101/500
0s - loss: 0.1611 - acc: 0.9503 - val_loss: 0.1860 - val_acc: 0.9224
Epoch 102/500
0s - loss: 0.1611 - acc: 0.9499 - val_loss: 0.1857 - val_acc: 0.9193
Epoch 103/500
0s - loss: 0.1608 - acc: 0.9499 - val_loss: 0.1858 - val_acc: 0.9224
Epoch 104/500
0s - loss: 0.1605 - acc: 0.9495 - val_loss: 0.1858 - val_acc: 0.9208
Epoch 105/500
0s - loss: 0.1603 - acc: 0.9491 - val_loss: 0.1856 - val_acc: 0.9224
Epoch 106/500
0s - loss: 0.1602 - acc: 0.9499 - val_loss: 0.1859 - val_acc: 0.9239
Epoch 107/500
0s - loss: 0.1599 - acc: 0.9476 - val_loss: 0.1853 - val_acc: 0.9177
Epoch 108/500
0s - loss: 0.1598 - acc: 0.9503 - val_loss: 0.1853 - val_acc: 0.9224
Epoch 109/500
0s - loss: 0.1595 - acc: 0.9503 - val_loss: 0.1853 - val_acc: 0.9224
Epoch 110/500
0s - loss: 0.1594 - acc: 0.9488 - val_loss: 0.1852 - val_acc: 0.9239
Epoch 111/500
0s - loss: 0.1592 - acc: 0.9511 - val_loss: 0.1852 - val_acc: 0.9224
Epoch 112/500
0s - loss: 0.1589 - acc: 0.9503 - val_loss: 0.1854 - val_acc: 0.9224
Epoch 113/500
0s - loss: 0.1588 - acc: 0.9491 - val_loss: 0.1850 - val_acc: 0.9239
Epoch 114/500
0s - loss: 0.1586 - acc: 0.9515 - val_loss: 0.1850 - val_acc: 0.9224
Epoch 115/500
0s - loss: 0.1585 - acc: 0.9488 - val_loss: 0.1847 - val_acc: 0.9239
Epoch 116/500
0s - loss: 0.1583 - acc: 0.9495 - val_loss: 0.1848 - val_acc: 0.9239
Epoch 117/500
0s - loss: 0.1582 - acc: 0.9511 - val_loss: 0.1848 - val_acc: 0.9239
Epoch 118/500
0s - loss: 0.1579 - acc: 0.9495 - val_loss: 0.1846 - val_acc: 0.9208
Epoch 119/500
0s - loss: 0.1576 - acc: 0.9511 - val_loss: 0.1847 - val_acc: 0.9239
Epoch 120/500
0s - loss: 0.1576 - acc: 0.9511 - val_loss: 0.1845 - val_acc: 0.9239
Epoch 121/500
0s - loss: 0.1574 - acc: 0.9526 - val_loss: 0.1846 - val_acc: 0.9239
Epoch 122/500
0s - loss: 0.1572 - acc: 0.9515 - val_loss: 0.1843 - val_acc: 0.9239
Epoch 123/500
0s - loss: 0.1571 - acc: 0.9507 - val_loss: 0.1841 - val_acc: 0.9239
Epoch 124/500
0s - loss: 0.1568 - acc: 0.9526 - val_loss: 0.1843 - val_acc: 0.9224
Epoch 125/500
0s - loss: 0.1568 - acc: 0.9519 - val_loss: 0.1841 - val_acc: 0.9224
Epoch 126/500
0s - loss: 0.1566 - acc: 0.9519 - val_loss: 0.1841 - val_acc: 0.9239
Epoch 127/500
0s - loss: 0.1564 - acc: 0.9511 - val_loss: 0.1843 - val_acc: 0.9239
Epoch 128/500
0s - loss: 0.1562 - acc: 0.9515 - val_loss: 0.1842 - val_acc: 0.9224
Epoch 129/500
0s - loss: 0.1561 - acc: 0.9515 - val_loss: 0.1841 - val_acc: 0.9224
Epoch 130/500
0s - loss: 0.1560 - acc: 0.9515 - val_loss: 0.1838 - val_acc: 0.9255
Epoch 131/500
0s - loss: 0.1558 - acc: 0.9515 - val_loss: 0.1840 - val_acc: 0.9239
Epoch 132/500
0s - loss: 0.1556 - acc: 0.9523 - val_loss: 0.1840 - val_acc: 0.9239
Epoch 133/500
0s - loss: 0.1554 - acc: 0.9519 - val_loss: 0.1841 - val_acc: 0.9239
Epoch 134/500
0s - loss: 0.1553 - acc: 0.9515 - val_loss: 0.1839 - val_acc: 0.9239
Epoch 135/500
0s - loss: 0.1551 - acc: 0.9511 - val_loss: 0.1838 - val_acc: 0.9255
Epoch 136/500
0s - loss: 0.1550 - acc: 0.9515 - val_loss: 0.1837 - val_acc: 0.9255
Epoch 137/500
0s - loss: 0.1548 - acc: 0.9519 - val_loss: 0.1837 - val_acc: 0.9239
Epoch 138/500
0s - loss: 0.1547 - acc: 0.9515 - val_loss: 0.1837 - val_acc: 0.9255
Epoch 139/500
0s - loss: 0.1545 - acc: 0.9515 - val_loss: 0.1838 - val_acc: 0.9255
Epoch 140/500
0s - loss: 0.1543 - acc: 0.9507 - val_loss: 0.1836 - val_acc: 0.9239
Epoch 141/500
0s - loss: 0.1542 - acc: 0.9511 - val_loss: 0.1835 - val_acc: 0.9255
Epoch 142/500
0s - loss: 0.1541 - acc: 0.9515 - val_loss: 0.1835 - val_acc: 0.9255
Epoch 143/500
0s - loss: 0.1538 - acc: 0.9515 - val_loss: 0.1838 - val_acc: 0.9255
Epoch 144/500
0s - loss: 0.1538 - acc: 0.9503 - val_loss: 0.1835 - val_acc: 0.9255
Epoch 145/500
0s - loss: 0.1536 - acc: 0.9515 - val_loss: 0.1835 - val_acc: 0.9255
Epoch 146/500
0s - loss: 0.1534 - acc: 0.9511 - val_loss: 0.1834 - val_acc: 0.9255
Epoch 147/500
0s - loss: 0.1532 - acc: 0.9511 - val_loss: 0.1835 - val_acc: 0.9255
Epoch 148/500
0s - loss: 0.1532 - acc: 0.9495 - val_loss: 0.1833 - val_acc: 0.9255
Epoch 149/500
0s - loss: 0.1530 - acc: 0.9511 - val_loss: 0.1833 - val_acc: 0.9255
Epoch 150/500
0s - loss: 0.1528 - acc: 0.9515 - val_loss: 0.1833 - val_acc: 0.9255
Epoch 151/500
0s - loss: 0.1528 - acc: 0.9515 - val_loss: 0.1831 - val_acc: 0.9255
Epoch 152/500
0s - loss: 0.1526 - acc: 0.9499 - val_loss: 0.1830 - val_acc: 0.9255
Epoch 153/500
0s - loss: 0.1524 - acc: 0.9523 - val_loss: 0.1831 - val_acc: 0.9255
Epoch 154/500
0s - loss: 0.1523 - acc: 0.9499 - val_loss: 0.1829 - val_acc: 0.9255
Epoch 155/500
0s - loss: 0.1522 - acc: 0.9511 - val_loss: 0.1828 - val_acc: 0.9255
Epoch 156/500
0s - loss: 0.1520 - acc: 0.9515 - val_loss: 0.1827 - val_acc: 0.9255
Epoch 157/500
0s - loss: 0.1519 - acc: 0.9507 - val_loss: 0.1827 - val_acc: 0.9255
Epoch 158/500
0s - loss: 0.1517 - acc: 0.9511 - val_loss: 0.1826 - val_acc: 0.9255
Epoch 159/500
0s - loss: 0.1517 - acc: 0.9519 - val_loss: 0.1826 - val_acc: 0.9255
Epoch 160/500
0s - loss: 0.1514 - acc: 0.9515 - val_loss: 0.1827 - val_acc: 0.9255
Epoch 161/500
0s - loss: 0.1514 - acc: 0.9507 - val_loss: 0.1826 - val_acc: 0.9270
Epoch 162/500
0s - loss: 0.1512 - acc: 0.9507 - val_loss: 0.1824 - val_acc: 0.9255
Epoch 163/500
0s - loss: 0.1511 - acc: 0.9519 - val_loss: 0.1824 - val_acc: 0.9255
Epoch 164/500
0s - loss: 0.1510 - acc: 0.9519 - val_loss: 0.1824 - val_acc: 0.9255
Epoch 165/500
0s - loss: 0.1509 - acc: 0.9511 - val_loss: 0.1824 - val_acc: 0.9255
Epoch 166/500
0s - loss: 0.1508 - acc: 0.9515 - val_loss: 0.1824 - val_acc: 0.9255
Epoch 167/500
0s - loss: 0.1506 - acc: 0.9530 - val_loss: 0.1824 - val_acc: 0.9255
Epoch 168/500
0s - loss: 0.1505 - acc: 0.9519 - val_loss: 0.1823 - val_acc: 0.9270
Epoch 169/500
0s - loss: 0.1503 - acc: 0.9530 - val_loss: 0.1823 - val_acc: 0.9270
Epoch 170/500
0s - loss: 0.1503 - acc: 0.9523 - val_loss: 0.1822 - val_acc: 0.9270
Epoch 171/500
0s - loss: 0.1501 - acc: 0.9511 - val_loss: 0.1821 - val_acc: 0.9255
Epoch 172/500
0s - loss: 0.1500 - acc: 0.9530 - val_loss: 0.1822 - val_acc: 0.9255
Epoch 173/500
0s - loss: 0.1499 - acc: 0.9526 - val_loss: 0.1821 - val_acc: 0.9255
Epoch 174/500
0s - loss: 0.1498 - acc: 0.9511 - val_loss: 0.1820 - val_acc: 0.9255
Epoch 175/500
0s - loss: 0.1497 - acc: 0.9519 - val_loss: 0.1820 - val_acc: 0.9255
Epoch 176/500
0s - loss: 0.1495 - acc: 0.9519 - val_loss: 0.1819 - val_acc: 0.9239
Epoch 177/500
0s - loss: 0.1495 - acc: 0.9526 - val_loss: 0.1819 - val_acc: 0.9239
Epoch 178/500
0s - loss: 0.1493 - acc: 0.9515 - val_loss: 0.1818 - val_acc: 0.9239
Epoch 179/500
0s - loss: 0.1492 - acc: 0.9530 - val_loss: 0.1823 - val_acc: 0.9239
Epoch 180/500
0s - loss: 0.1491 - acc: 0.9515 - val_loss: 0.1819 - val_acc: 0.9239
Epoch 181/500
0s - loss: 0.1490 - acc: 0.9515 - val_loss: 0.1818 - val_acc: 0.9239
Epoch 182/500
0s - loss: 0.1489 - acc: 0.9530 - val_loss: 0.1818 - val_acc: 0.9239
Epoch 183/500
0s - loss: 0.1488 - acc: 0.9519 - val_loss: 0.1819 - val_acc: 0.9224
Epoch 184/500
0s - loss: 0.1487 - acc: 0.9511 - val_loss: 0.1817 - val_acc: 0.9239
Epoch 185/500
0s - loss: 0.1485 - acc: 0.9538 - val_loss: 0.1819 - val_acc: 0.9224
Epoch 186/500
0s - loss: 0.1484 - acc: 0.9519 - val_loss: 0.1817 - val_acc: 0.9239
Epoch 187/500
0s - loss: 0.1484 - acc: 0.9526 - val_loss: 0.1815 - val_acc: 0.9239
Epoch 188/500
0s - loss: 0.1483 - acc: 0.9530 - val_loss: 0.1815 - val_acc: 0.9239
Epoch 189/500
0s - loss: 0.1481 - acc: 0.9523 - val_loss: 0.1814 - val_acc: 0.9239
Epoch 190/500
0s - loss: 0.1480 - acc: 0.9519 - val_loss: 0.1815 - val_acc: 0.9239
Epoch 191/500
0s - loss: 0.1480 - acc: 0.9526 - val_loss: 0.1814 - val_acc: 0.9239
Epoch 192/500
0s - loss: 0.1478 - acc: 0.9530 - val_loss: 0.1814 - val_acc: 0.9239
Epoch 193/500
0s - loss: 0.1477 - acc: 0.9526 - val_loss: 0.1814 - val_acc: 0.9239
Epoch 194/500
0s - loss: 0.1476 - acc: 0.9526 - val_loss: 0.1813 - val_acc: 0.9239
Epoch 195/500
0s - loss: 0.1475 - acc: 0.9530 - val_loss: 0.1812 - val_acc: 0.9224
Epoch 196/500
0s - loss: 0.1475 - acc: 0.9534 - val_loss: 0.1813 - val_acc: 0.9239
Epoch 197/500
0s - loss: 0.1473 - acc: 0.9523 - val_loss: 0.1812 - val_acc: 0.9239
Epoch 198/500
0s - loss: 0.1472 - acc: 0.9526 - val_loss: 0.1812 - val_acc: 0.9239
Epoch 199/500
0s - loss: 0.1471 - acc: 0.9523 - val_loss: 0.1812 - val_acc: 0.9239
Epoch 200/500
0s - loss: 0.1470 - acc: 0.9534 - val_loss: 0.1811 - val_acc: 0.9224
Epoch 201/500
0s - loss: 0.1469 - acc: 0.9526 - val_loss: 0.1811 - val_acc: 0.9239
Epoch 202/500
0s - loss: 0.1468 - acc: 0.9530 - val_loss: 0.1812 - val_acc: 0.9239
Epoch 203/500
0s - loss: 0.1467 - acc: 0.9523 - val_loss: 0.1812 - val_acc: 0.9239
Epoch 204/500
0s - loss: 0.1467 - acc: 0.9523 - val_loss: 0.1811 - val_acc: 0.9239
Epoch 205/500
0s - loss: 0.1466 - acc: 0.9523 - val_loss: 0.1811 - val_acc: 0.9239
Epoch 206/500
0s - loss: 0.1464 - acc: 0.9530 - val_loss: 0.1811 - val_acc: 0.9239
Epoch 207/500
0s - loss: 0.1464 - acc: 0.9515 - val_loss: 0.1810 - val_acc: 0.9239
Epoch 208/500
0s - loss: 0.1462 - acc: 0.9511 - val_loss: 0.1809 - val_acc: 0.9239
Epoch 209/500
0s - loss: 0.1462 - acc: 0.9526 - val_loss: 0.1810 - val_acc: 0.9239
Epoch 210/500
0s - loss: 0.1461 - acc: 0.9519 - val_loss: 0.1810 - val_acc: 0.9239
Epoch 211/500
0s - loss: 0.1460 - acc: 0.9515 - val_loss: 0.1809 - val_acc: 0.9239
Epoch 212/500
0s - loss: 0.1459 - acc: 0.9523 - val_loss: 0.1808 - val_acc: 0.9239
Epoch 213/500
0s - loss: 0.1458 - acc: 0.9515 - val_loss: 0.1809 - val_acc: 0.9239
Epoch 214/500
0s - loss: 0.1457 - acc: 0.9526 - val_loss: 0.1809 - val_acc: 0.9239
Epoch 215/500
0s - loss: 0.1457 - acc: 0.9523 - val_loss: 0.1809 - val_acc: 0.9224
Epoch 216/500
0s - loss: 0.1455 - acc: 0.9519 - val_loss: 0.1808 - val_acc: 0.9239
Epoch 217/500
0s - loss: 0.1455 - acc: 0.9523 - val_loss: 0.1808 - val_acc: 0.9239
Epoch 218/500
0s - loss: 0.1453 - acc: 0.9523 - val_loss: 0.1808 - val_acc: 0.9239
Epoch 219/500
0s - loss: 0.1453 - acc: 0.9519 - val_loss: 0.1808 - val_acc: 0.9239
Epoch 220/500
0s - loss: 0.1452 - acc: 0.9523 - val_loss: 0.1807 - val_acc: 0.9239
Epoch 221/500
0s - loss: 0.1451 - acc: 0.9534 - val_loss: 0.1807 - val_acc: 0.9239
Epoch 222/500
0s - loss: 0.1450 - acc: 0.9523 - val_loss: 0.1807 - val_acc: 0.9239
Epoch 223/500
0s - loss: 0.1449 - acc: 0.9515 - val_loss: 0.1806 - val_acc: 0.9239
Epoch 224/500
0s - loss: 0.1448 - acc: 0.9534 - val_loss: 0.1808 - val_acc: 0.9239
Epoch 225/500
0s - loss: 0.1447 - acc: 0.9519 - val_loss: 0.1808 - val_acc: 0.9239
Epoch 226/500
0s - loss: 0.1446 - acc: 0.9523 - val_loss: 0.1806 - val_acc: 0.9224
Epoch 227/500
0s - loss: 0.1445 - acc: 0.9530 - val_loss: 0.1806 - val_acc: 0.9239
Epoch 228/500
0s - loss: 0.1445 - acc: 0.9523 - val_loss: 0.1806 - val_acc: 0.9239
Epoch 229/500
0s - loss: 0.1444 - acc: 0.9523 - val_loss: 0.1805 - val_acc: 0.9239
Epoch 230/500
0s - loss: 0.1442 - acc: 0.9534 - val_loss: 0.1805 - val_acc: 0.9239
Epoch 231/500
0s - loss: 0.1442 - acc: 0.9519 - val_loss: 0.1805 - val_acc: 0.9239
Epoch 232/500
0s - loss: 0.1441 - acc: 0.9526 - val_loss: 0.1805 - val_acc: 0.9239
Epoch 233/500
0s - loss: 0.1440 - acc: 0.9534 - val_loss: 0.1805 - val_acc: 0.9239
Epoch 234/500
0s - loss: 0.1439 - acc: 0.9526 - val_loss: 0.1806 - val_acc: 0.9224
Epoch 235/500
0s - loss: 0.1439 - acc: 0.9530 - val_loss: 0.1805 - val_acc: 0.9239
Epoch 236/500
0s - loss: 0.1438 - acc: 0.9526 - val_loss: 0.1804 - val_acc: 0.9239
Epoch 237/500
0s - loss: 0.1437 - acc: 0.9534 - val_loss: 0.1803 - val_acc: 0.9239
Epoch 238/500
0s - loss: 0.1436 - acc: 0.9526 - val_loss: 0.1803 - val_acc: 0.9239
Epoch 239/500
0s - loss: 0.1435 - acc: 0.9530 - val_loss: 0.1803 - val_acc: 0.9239
Epoch 240/500
0s - loss: 0.1435 - acc: 0.9530 - val_loss: 0.1803 - val_acc: 0.9224
Epoch 241/500
0s - loss: 0.1434 - acc: 0.9534 - val_loss: 0.1803 - val_acc: 0.9239
Epoch 242/500
0s - loss: 0.1433 - acc: 0.9523 - val_loss: 0.1802 - val_acc: 0.9224
Epoch 243/500
0s - loss: 0.1432 - acc: 0.9526 - val_loss: 0.1803 - val_acc: 0.9224
Epoch 244/500
0s - loss: 0.1431 - acc: 0.9530 - val_loss: 0.1803 - val_acc: 0.9224
Epoch 245/500
0s - loss: 0.1430 - acc: 0.9526 - val_loss: 0.1802 - val_acc: 0.9224
Epoch 246/500
0s - loss: 0.1430 - acc: 0.9526 - val_loss: 0.1802 - val_acc: 0.9224
Epoch 247/500
0s - loss: 0.1429 - acc: 0.9530 - val_loss: 0.1802 - val_acc: 0.9224
Epoch 248/500
0s - loss: 0.1428 - acc: 0.9538 - val_loss: 0.1802 - val_acc: 0.9224
Epoch 249/500
0s - loss: 0.1426 - acc: 0.9526 - val_loss: 0.1801 - val_acc: 0.9224
Epoch 250/500
0s - loss: 0.1426 - acc: 0.9530 - val_loss: 0.1801 - val_acc: 0.9224
Epoch 251/500
0s - loss: 0.1425 - acc: 0.9526 - val_loss: 0.1801 - val_acc: 0.9224
Epoch 252/500
0s - loss: 0.1424 - acc: 0.9523 - val_loss: 0.1800 - val_acc: 0.9224
Epoch 253/500
0s - loss: 0.1424 - acc: 0.9523 - val_loss: 0.1800 - val_acc: 0.9224
Epoch 254/500
0s - loss: 0.1422 - acc: 0.9526 - val_loss: 0.1800 - val_acc: 0.9224
Epoch 255/500
0s - loss: 0.1422 - acc: 0.9530 - val_loss: 0.1800 - val_acc: 0.9224
Epoch 256/500
0s - loss: 0.1421 - acc: 0.9538 - val_loss: 0.1799 - val_acc: 0.9224
Epoch 257/500
0s - loss: 0.1420 - acc: 0.9526 - val_loss: 0.1800 - val_acc: 0.9224
Epoch 258/500
0s - loss: 0.1420 - acc: 0.9530 - val_loss: 0.1799 - val_acc: 0.9224
Epoch 259/500
0s - loss: 0.1418 - acc: 0.9530 - val_loss: 0.1798 - val_acc: 0.9224
Epoch 260/500
0s - loss: 0.1418 - acc: 0.9526 - val_loss: 0.1798 - val_acc: 0.9224
Epoch 261/500
0s - loss: 0.1417 - acc: 0.9534 - val_loss: 0.1799 - val_acc: 0.9224
Epoch 262/500
0s - loss: 0.1416 - acc: 0.9519 - val_loss: 0.1798 - val_acc: 0.9224
Epoch 263/500
0s - loss: 0.1416 - acc: 0.9534 - val_loss: 0.1798 - val_acc: 0.9224
Epoch 264/500
0s - loss: 0.1415 - acc: 0.9530 - val_loss: 0.1798 - val_acc: 0.9224
Epoch 265/500
0s - loss: 0.1414 - acc: 0.9526 - val_loss: 0.1797 - val_acc: 0.9224
Epoch 266/500
0s - loss: 0.1413 - acc: 0.9538 - val_loss: 0.1797 - val_acc: 0.9224
Epoch 267/500
0s - loss: 0.1413 - acc: 0.9538 - val_loss: 0.1798 - val_acc: 0.9224
Epoch 268/500
0s - loss: 0.1412 - acc: 0.9530 - val_loss: 0.1800 - val_acc: 0.9239
Epoch 269/500
0s - loss: 0.1411 - acc: 0.9523 - val_loss: 0.1798 - val_acc: 0.9224
Epoch 270/500
0s - loss: 0.1410 - acc: 0.9542 - val_loss: 0.1798 - val_acc: 0.9224
----------- Model 1 KF 
loss: 0.179776770728
acc: 0.922360248447
Train on 2576 samples, validate on 644 samples
Epoch 1/500
0s - loss: 0.6626 - acc: 0.6102 - val_loss: 0.6493 - val_acc: 0.6165
Epoch 2/500
0s - loss: 0.6236 - acc: 0.6176 - val_loss: 0.5734 - val_acc: 0.6413
Epoch 3/500
0s - loss: 0.5121 - acc: 0.7531 - val_loss: 0.4320 - val_acc: 0.8106
Epoch 4/500
0s - loss: 0.3939 - acc: 0.8525 - val_loss: 0.3300 - val_acc: 0.8944
Epoch 5/500
0s - loss: 0.3283 - acc: 0.8835 - val_loss: 0.2817 - val_acc: 0.9146
Epoch 6/500
0s - loss: 0.2948 - acc: 0.8967 - val_loss: 0.2554 - val_acc: 0.9177
Epoch 7/500
0s - loss: 0.2749 - acc: 0.9064 - val_loss: 0.2394 - val_acc: 0.9224
Epoch 8/500
0s - loss: 0.2612 - acc: 0.9099 - val_loss: 0.2286 - val_acc: 0.9193
Epoch 9/500
0s - loss: 0.2514 - acc: 0.9123 - val_loss: 0.2218 - val_acc: 0.9177
Epoch 10/500
0s - loss: 0.2435 - acc: 0.9154 - val_loss: 0.2161 - val_acc: 0.9255
Epoch 11/500
0s - loss: 0.2366 - acc: 0.9181 - val_loss: 0.2097 - val_acc: 0.9270
Epoch 12/500
0s - loss: 0.2313 - acc: 0.9158 - val_loss: 0.2057 - val_acc: 0.9286
Epoch 13/500
0s - loss: 0.2270 - acc: 0.9208 - val_loss: 0.2023 - val_acc: 0.9286
Epoch 14/500
0s - loss: 0.2231 - acc: 0.9235 - val_loss: 0.1992 - val_acc: 0.9332
Epoch 15/500
0s - loss: 0.2198 - acc: 0.9235 - val_loss: 0.1957 - val_acc: 0.9317
Epoch 16/500
0s - loss: 0.2169 - acc: 0.9255 - val_loss: 0.1933 - val_acc: 0.9379
Epoch 17/500
0s - loss: 0.2147 - acc: 0.9274 - val_loss: 0.1915 - val_acc: 0.9317
Epoch 18/500
0s - loss: 0.2122 - acc: 0.9255 - val_loss: 0.1896 - val_acc: 0.9348
Epoch 19/500
0s - loss: 0.2101 - acc: 0.9270 - val_loss: 0.1884 - val_acc: 0.9379
Epoch 20/500
0s - loss: 0.2083 - acc: 0.9266 - val_loss: 0.1872 - val_acc: 0.9394
Epoch 21/500
0s - loss: 0.2067 - acc: 0.9290 - val_loss: 0.1857 - val_acc: 0.9425
Epoch 22/500
0s - loss: 0.2051 - acc: 0.9286 - val_loss: 0.1847 - val_acc: 0.9410
Epoch 23/500
0s - loss: 0.2038 - acc: 0.9293 - val_loss: 0.1845 - val_acc: 0.9441
Epoch 24/500
0s - loss: 0.2027 - acc: 0.9332 - val_loss: 0.1834 - val_acc: 0.9394
Epoch 25/500
0s - loss: 0.2017 - acc: 0.9313 - val_loss: 0.1820 - val_acc: 0.9410
Epoch 26/500
0s - loss: 0.2005 - acc: 0.9325 - val_loss: 0.1813 - val_acc: 0.9394
Epoch 27/500
0s - loss: 0.1995 - acc: 0.9328 - val_loss: 0.1803 - val_acc: 0.9410
Epoch 28/500
0s - loss: 0.1986 - acc: 0.9340 - val_loss: 0.1801 - val_acc: 0.9503
Epoch 29/500
0s - loss: 0.1977 - acc: 0.9336 - val_loss: 0.1791 - val_acc: 0.9503
Epoch 30/500
0s - loss: 0.1965 - acc: 0.9344 - val_loss: 0.1791 - val_acc: 0.9394
Epoch 31/500
0s - loss: 0.1960 - acc: 0.9313 - val_loss: 0.1777 - val_acc: 0.9488
Epoch 32/500
0s - loss: 0.1950 - acc: 0.9344 - val_loss: 0.1772 - val_acc: 0.9457
Epoch 33/500
0s - loss: 0.1943 - acc: 0.9344 - val_loss: 0.1767 - val_acc: 0.9457
Epoch 34/500
0s - loss: 0.1937 - acc: 0.9336 - val_loss: 0.1760 - val_acc: 0.9472
Epoch 35/500
0s - loss: 0.1929 - acc: 0.9352 - val_loss: 0.1753 - val_acc: 0.9472
Epoch 36/500
0s - loss: 0.1921 - acc: 0.9356 - val_loss: 0.1745 - val_acc: 0.9488
Epoch 37/500
0s - loss: 0.1912 - acc: 0.9348 - val_loss: 0.1742 - val_acc: 0.9472
Epoch 38/500
0s - loss: 0.1904 - acc: 0.9356 - val_loss: 0.1737 - val_acc: 0.9441
Epoch 39/500
0s - loss: 0.1899 - acc: 0.9359 - val_loss: 0.1731 - val_acc: 0.9472
Epoch 40/500
0s - loss: 0.1893 - acc: 0.9352 - val_loss: 0.1729 - val_acc: 0.9441
Epoch 41/500
0s - loss: 0.1890 - acc: 0.9359 - val_loss: 0.1729 - val_acc: 0.9441
Epoch 42/500
0s - loss: 0.1883 - acc: 0.9371 - val_loss: 0.1723 - val_acc: 0.9472
Epoch 43/500
0s - loss: 0.1879 - acc: 0.9356 - val_loss: 0.1719 - val_acc: 0.9441
Epoch 44/500
0s - loss: 0.1874 - acc: 0.9367 - val_loss: 0.1714 - val_acc: 0.9457
Epoch 45/500
0s - loss: 0.1869 - acc: 0.9359 - val_loss: 0.1711 - val_acc: 0.9441
Epoch 46/500
0s - loss: 0.1864 - acc: 0.9363 - val_loss: 0.1704 - val_acc: 0.9472
Epoch 47/500
0s - loss: 0.1861 - acc: 0.9363 - val_loss: 0.1705 - val_acc: 0.9457
Epoch 48/500
0s - loss: 0.1856 - acc: 0.9363 - val_loss: 0.1703 - val_acc: 0.9472
Epoch 49/500
0s - loss: 0.1852 - acc: 0.9352 - val_loss: 0.1699 - val_acc: 0.9488
Epoch 50/500
0s - loss: 0.1849 - acc: 0.9367 - val_loss: 0.1698 - val_acc: 0.9441
Epoch 51/500
0s - loss: 0.1845 - acc: 0.9379 - val_loss: 0.1696 - val_acc: 0.9457
Epoch 52/500
0s - loss: 0.1840 - acc: 0.9375 - val_loss: 0.1694 - val_acc: 0.9457
Epoch 53/500
0s - loss: 0.1838 - acc: 0.9367 - val_loss: 0.1692 - val_acc: 0.9472
Epoch 54/500
0s - loss: 0.1834 - acc: 0.9359 - val_loss: 0.1690 - val_acc: 0.9425
Epoch 55/500
0s - loss: 0.1829 - acc: 0.9379 - val_loss: 0.1693 - val_acc: 0.9503
Epoch 56/500
0s - loss: 0.1826 - acc: 0.9363 - val_loss: 0.1692 - val_acc: 0.9441
Epoch 57/500
0s - loss: 0.1823 - acc: 0.9383 - val_loss: 0.1690 - val_acc: 0.9472
Epoch 58/500
0s - loss: 0.1820 - acc: 0.9375 - val_loss: 0.1688 - val_acc: 0.9457
Epoch 59/500
0s - loss: 0.1818 - acc: 0.9367 - val_loss: 0.1689 - val_acc: 0.9457
Epoch 60/500
0s - loss: 0.1814 - acc: 0.9375 - val_loss: 0.1686 - val_acc: 0.9457
Epoch 61/500
0s - loss: 0.1811 - acc: 0.9367 - val_loss: 0.1685 - val_acc: 0.9457
Epoch 62/500
0s - loss: 0.1806 - acc: 0.9367 - val_loss: 0.1684 - val_acc: 0.9441
Epoch 63/500
0s - loss: 0.1803 - acc: 0.9375 - val_loss: 0.1679 - val_acc: 0.9488
Epoch 64/500
0s - loss: 0.1800 - acc: 0.9367 - val_loss: 0.1676 - val_acc: 0.9457
Epoch 65/500
0s - loss: 0.1795 - acc: 0.9367 - val_loss: 0.1675 - val_acc: 0.9457
Epoch 66/500
0s - loss: 0.1792 - acc: 0.9363 - val_loss: 0.1674 - val_acc: 0.9488
Epoch 67/500
0s - loss: 0.1789 - acc: 0.9367 - val_loss: 0.1671 - val_acc: 0.9472
Epoch 68/500
0s - loss: 0.1785 - acc: 0.9387 - val_loss: 0.1670 - val_acc: 0.9457
Epoch 69/500
0s - loss: 0.1781 - acc: 0.9367 - val_loss: 0.1670 - val_acc: 0.9457
Epoch 70/500
0s - loss: 0.1779 - acc: 0.9371 - val_loss: 0.1667 - val_acc: 0.9472
Epoch 71/500
0s - loss: 0.1777 - acc: 0.9367 - val_loss: 0.1664 - val_acc: 0.9425
Epoch 72/500
0s - loss: 0.1773 - acc: 0.9394 - val_loss: 0.1665 - val_acc: 0.9425
Epoch 73/500
0s - loss: 0.1771 - acc: 0.9375 - val_loss: 0.1663 - val_acc: 0.9472
Epoch 74/500
0s - loss: 0.1767 - acc: 0.9375 - val_loss: 0.1661 - val_acc: 0.9472
Epoch 75/500
0s - loss: 0.1766 - acc: 0.9383 - val_loss: 0.1660 - val_acc: 0.9441
Epoch 76/500
0s - loss: 0.1761 - acc: 0.9383 - val_loss: 0.1664 - val_acc: 0.9410
Epoch 77/500
0s - loss: 0.1760 - acc: 0.9379 - val_loss: 0.1658 - val_acc: 0.9457
Epoch 78/500
0s - loss: 0.1755 - acc: 0.9375 - val_loss: 0.1657 - val_acc: 0.9457
Epoch 79/500
0s - loss: 0.1753 - acc: 0.9394 - val_loss: 0.1656 - val_acc: 0.9441
Epoch 80/500
0s - loss: 0.1751 - acc: 0.9387 - val_loss: 0.1653 - val_acc: 0.9457
Epoch 81/500
0s - loss: 0.1748 - acc: 0.9383 - val_loss: 0.1649 - val_acc: 0.9457
Epoch 82/500
0s - loss: 0.1745 - acc: 0.9379 - val_loss: 0.1649 - val_acc: 0.9457
Epoch 83/500
0s - loss: 0.1742 - acc: 0.9375 - val_loss: 0.1646 - val_acc: 0.9457
Epoch 84/500
0s - loss: 0.1742 - acc: 0.9371 - val_loss: 0.1646 - val_acc: 0.9425
Epoch 85/500
0s - loss: 0.1738 - acc: 0.9375 - val_loss: 0.1643 - val_acc: 0.9441
Epoch 86/500
0s - loss: 0.1735 - acc: 0.9375 - val_loss: 0.1644 - val_acc: 0.9457
Epoch 87/500
0s - loss: 0.1732 - acc: 0.9375 - val_loss: 0.1642 - val_acc: 0.9457
Epoch 88/500
0s - loss: 0.1729 - acc: 0.9379 - val_loss: 0.1639 - val_acc: 0.9457
Epoch 89/500
0s - loss: 0.1727 - acc: 0.9383 - val_loss: 0.1637 - val_acc: 0.9457
Epoch 90/500
0s - loss: 0.1724 - acc: 0.9379 - val_loss: 0.1636 - val_acc: 0.9457
Epoch 91/500
0s - loss: 0.1722 - acc: 0.9379 - val_loss: 0.1631 - val_acc: 0.9441
Epoch 92/500
0s - loss: 0.1720 - acc: 0.9375 - val_loss: 0.1631 - val_acc: 0.9441
Epoch 93/500
0s - loss: 0.1716 - acc: 0.9375 - val_loss: 0.1633 - val_acc: 0.9441
Epoch 94/500
0s - loss: 0.1715 - acc: 0.9375 - val_loss: 0.1632 - val_acc: 0.9441
Epoch 95/500
0s - loss: 0.1712 - acc: 0.9375 - val_loss: 0.1628 - val_acc: 0.9425
Epoch 96/500
0s - loss: 0.1708 - acc: 0.9387 - val_loss: 0.1628 - val_acc: 0.9472
Epoch 97/500
0s - loss: 0.1707 - acc: 0.9394 - val_loss: 0.1628 - val_acc: 0.9441
Epoch 98/500
0s - loss: 0.1705 - acc: 0.9387 - val_loss: 0.1627 - val_acc: 0.9457
Epoch 99/500
0s - loss: 0.1700 - acc: 0.9394 - val_loss: 0.1625 - val_acc: 0.9457
Epoch 100/500
0s - loss: 0.1699 - acc: 0.9379 - val_loss: 0.1623 - val_acc: 0.9457
Epoch 101/500
0s - loss: 0.1695 - acc: 0.9394 - val_loss: 0.1621 - val_acc: 0.9425
Epoch 102/500
0s - loss: 0.1694 - acc: 0.9375 - val_loss: 0.1618 - val_acc: 0.9425
Epoch 103/500
0s - loss: 0.1691 - acc: 0.9375 - val_loss: 0.1616 - val_acc: 0.9425
Epoch 104/500
0s - loss: 0.1688 - acc: 0.9375 - val_loss: 0.1613 - val_acc: 0.9457
Epoch 105/500
0s - loss: 0.1684 - acc: 0.9379 - val_loss: 0.1616 - val_acc: 0.9457
Epoch 106/500
0s - loss: 0.1683 - acc: 0.9383 - val_loss: 0.1613 - val_acc: 0.9457
Epoch 107/500
0s - loss: 0.1680 - acc: 0.9383 - val_loss: 0.1612 - val_acc: 0.9457
Epoch 108/500
0s - loss: 0.1678 - acc: 0.9379 - val_loss: 0.1608 - val_acc: 0.9457
Epoch 109/500
0s - loss: 0.1676 - acc: 0.9379 - val_loss: 0.1605 - val_acc: 0.9457
Epoch 110/500
0s - loss: 0.1673 - acc: 0.9391 - val_loss: 0.1603 - val_acc: 0.9457
Epoch 111/500
0s - loss: 0.1670 - acc: 0.9391 - val_loss: 0.1601 - val_acc: 0.9457
Epoch 112/500
0s - loss: 0.1668 - acc: 0.9383 - val_loss: 0.1601 - val_acc: 0.9441
Epoch 113/500
0s - loss: 0.1665 - acc: 0.9387 - val_loss: 0.1600 - val_acc: 0.9441
Epoch 114/500
0s - loss: 0.1663 - acc: 0.9383 - val_loss: 0.1598 - val_acc: 0.9457
Epoch 115/500
0s - loss: 0.1660 - acc: 0.9391 - val_loss: 0.1596 - val_acc: 0.9457
Epoch 116/500
0s - loss: 0.1659 - acc: 0.9387 - val_loss: 0.1595 - val_acc: 0.9457
Epoch 117/500
0s - loss: 0.1657 - acc: 0.9394 - val_loss: 0.1591 - val_acc: 0.9457
Epoch 118/500
0s - loss: 0.1655 - acc: 0.9402 - val_loss: 0.1593 - val_acc: 0.9457
Epoch 119/500
0s - loss: 0.1652 - acc: 0.9394 - val_loss: 0.1591 - val_acc: 0.9457
Epoch 120/500
0s - loss: 0.1650 - acc: 0.9394 - val_loss: 0.1590 - val_acc: 0.9472
Epoch 121/500
0s - loss: 0.1649 - acc: 0.9391 - val_loss: 0.1588 - val_acc: 0.9425
Epoch 122/500
0s - loss: 0.1645 - acc: 0.9398 - val_loss: 0.1588 - val_acc: 0.9441
Epoch 123/500
0s - loss: 0.1645 - acc: 0.9398 - val_loss: 0.1589 - val_acc: 0.9441
Epoch 124/500
0s - loss: 0.1641 - acc: 0.9410 - val_loss: 0.1588 - val_acc: 0.9457
Epoch 125/500
0s - loss: 0.1640 - acc: 0.9402 - val_loss: 0.1586 - val_acc: 0.9457
Epoch 126/500
0s - loss: 0.1637 - acc: 0.9418 - val_loss: 0.1587 - val_acc: 0.9472
Epoch 127/500
0s - loss: 0.1636 - acc: 0.9406 - val_loss: 0.1584 - val_acc: 0.9457
Epoch 128/500
0s - loss: 0.1635 - acc: 0.9406 - val_loss: 0.1582 - val_acc: 0.9457
Epoch 129/500
0s - loss: 0.1632 - acc: 0.9406 - val_loss: 0.1581 - val_acc: 0.9457
Epoch 130/500
0s - loss: 0.1631 - acc: 0.9414 - val_loss: 0.1579 - val_acc: 0.9457
Epoch 131/500
0s - loss: 0.1629 - acc: 0.9410 - val_loss: 0.1576 - val_acc: 0.9457
Epoch 132/500
0s - loss: 0.1625 - acc: 0.9410 - val_loss: 0.1577 - val_acc: 0.9457
Epoch 133/500
0s - loss: 0.1624 - acc: 0.9422 - val_loss: 0.1575 - val_acc: 0.9457
Epoch 134/500
0s - loss: 0.1623 - acc: 0.9398 - val_loss: 0.1574 - val_acc: 0.9457
Epoch 135/500
0s - loss: 0.1621 - acc: 0.9418 - val_loss: 0.1574 - val_acc: 0.9457
Epoch 136/500
0s - loss: 0.1619 - acc: 0.9418 - val_loss: 0.1573 - val_acc: 0.9457
Epoch 137/500
0s - loss: 0.1617 - acc: 0.9422 - val_loss: 0.1574 - val_acc: 0.9457
Epoch 138/500
0s - loss: 0.1614 - acc: 0.9425 - val_loss: 0.1573 - val_acc: 0.9472
Epoch 139/500
0s - loss: 0.1613 - acc: 0.9422 - val_loss: 0.1570 - val_acc: 0.9472
Epoch 140/500
0s - loss: 0.1610 - acc: 0.9425 - val_loss: 0.1570 - val_acc: 0.9457
Epoch 141/500
0s - loss: 0.1610 - acc: 0.9418 - val_loss: 0.1569 - val_acc: 0.9472
Epoch 142/500
0s - loss: 0.1608 - acc: 0.9422 - val_loss: 0.1567 - val_acc: 0.9472
Epoch 143/500
0s - loss: 0.1606 - acc: 0.9425 - val_loss: 0.1568 - val_acc: 0.9472
Epoch 144/500
0s - loss: 0.1604 - acc: 0.9429 - val_loss: 0.1565 - val_acc: 0.9488
Epoch 145/500
0s - loss: 0.1603 - acc: 0.9425 - val_loss: 0.1564 - val_acc: 0.9488
Epoch 146/500
0s - loss: 0.1600 - acc: 0.9429 - val_loss: 0.1564 - val_acc: 0.9488
Epoch 147/500
0s - loss: 0.1599 - acc: 0.9429 - val_loss: 0.1564 - val_acc: 0.9488
Epoch 148/500
0s - loss: 0.1598 - acc: 0.9422 - val_loss: 0.1562 - val_acc: 0.9488
Epoch 149/500
0s - loss: 0.1595 - acc: 0.9437 - val_loss: 0.1562 - val_acc: 0.9472
Epoch 150/500
0s - loss: 0.1595 - acc: 0.9414 - val_loss: 0.1562 - val_acc: 0.9488
Epoch 151/500
0s - loss: 0.1592 - acc: 0.9433 - val_loss: 0.1563 - val_acc: 0.9488
Epoch 152/500
0s - loss: 0.1590 - acc: 0.9425 - val_loss: 0.1561 - val_acc: 0.9488
Epoch 153/500
0s - loss: 0.1589 - acc: 0.9418 - val_loss: 0.1560 - val_acc: 0.9488
Epoch 154/500
0s - loss: 0.1588 - acc: 0.9429 - val_loss: 0.1560 - val_acc: 0.9488
Epoch 155/500
0s - loss: 0.1585 - acc: 0.9429 - val_loss: 0.1557 - val_acc: 0.9488
Epoch 156/500
0s - loss: 0.1585 - acc: 0.9422 - val_loss: 0.1557 - val_acc: 0.9488
Epoch 157/500
0s - loss: 0.1583 - acc: 0.9429 - val_loss: 0.1556 - val_acc: 0.9488
Epoch 158/500
0s - loss: 0.1580 - acc: 0.9433 - val_loss: 0.1555 - val_acc: 0.9488
Epoch 159/500
0s - loss: 0.1580 - acc: 0.9433 - val_loss: 0.1554 - val_acc: 0.9488
Epoch 160/500
0s - loss: 0.1577 - acc: 0.9437 - val_loss: 0.1554 - val_acc: 0.9488
Epoch 161/500
0s - loss: 0.1576 - acc: 0.9429 - val_loss: 0.1552 - val_acc: 0.9488
Epoch 162/500
0s - loss: 0.1574 - acc: 0.9433 - val_loss: 0.1553 - val_acc: 0.9488
Epoch 163/500
0s - loss: 0.1571 - acc: 0.9437 - val_loss: 0.1551 - val_acc: 0.9488
Epoch 164/500
0s - loss: 0.1571 - acc: 0.9429 - val_loss: 0.1551 - val_acc: 0.9488
Epoch 165/500
0s - loss: 0.1569 - acc: 0.9429 - val_loss: 0.1551 - val_acc: 0.9488
Epoch 166/500
0s - loss: 0.1567 - acc: 0.9429 - val_loss: 0.1550 - val_acc: 0.9488
Epoch 167/500
0s - loss: 0.1566 - acc: 0.9437 - val_loss: 0.1551 - val_acc: 0.9488
Epoch 168/500
0s - loss: 0.1564 - acc: 0.9433 - val_loss: 0.1550 - val_acc: 0.9488
Epoch 169/500
0s - loss: 0.1563 - acc: 0.9425 - val_loss: 0.1548 - val_acc: 0.9488
Epoch 170/500
0s - loss: 0.1561 - acc: 0.9441 - val_loss: 0.1546 - val_acc: 0.9488
Epoch 171/500
0s - loss: 0.1559 - acc: 0.9441 - val_loss: 0.1543 - val_acc: 0.9488
Epoch 172/500
0s - loss: 0.1558 - acc: 0.9437 - val_loss: 0.1544 - val_acc: 0.9488
Epoch 173/500
0s - loss: 0.1557 - acc: 0.9433 - val_loss: 0.1542 - val_acc: 0.9488
Epoch 174/500
0s - loss: 0.1555 - acc: 0.9441 - val_loss: 0.1540 - val_acc: 0.9488
Epoch 175/500
0s - loss: 0.1553 - acc: 0.9433 - val_loss: 0.1540 - val_acc: 0.9488
Epoch 176/500
0s - loss: 0.1552 - acc: 0.9441 - val_loss: 0.1538 - val_acc: 0.9488
Epoch 177/500
0s - loss: 0.1551 - acc: 0.9441 - val_loss: 0.1539 - val_acc: 0.9488
Epoch 178/500
0s - loss: 0.1549 - acc: 0.9437 - val_loss: 0.1539 - val_acc: 0.9488
Epoch 179/500
0s - loss: 0.1548 - acc: 0.9445 - val_loss: 0.1539 - val_acc: 0.9488
Epoch 180/500
0s - loss: 0.1546 - acc: 0.9449 - val_loss: 0.1539 - val_acc: 0.9503
Epoch 181/500
0s - loss: 0.1544 - acc: 0.9445 - val_loss: 0.1537 - val_acc: 0.9488
Epoch 182/500
0s - loss: 0.1543 - acc: 0.9441 - val_loss: 0.1538 - val_acc: 0.9503
Epoch 183/500
0s - loss: 0.1542 - acc: 0.9441 - val_loss: 0.1535 - val_acc: 0.9503
Epoch 184/500
0s - loss: 0.1540 - acc: 0.9441 - val_loss: 0.1533 - val_acc: 0.9503
Epoch 185/500
0s - loss: 0.1538 - acc: 0.9449 - val_loss: 0.1531 - val_acc: 0.9503
Epoch 186/500
0s - loss: 0.1538 - acc: 0.9453 - val_loss: 0.1532 - val_acc: 0.9503
Epoch 187/500
0s - loss: 0.1536 - acc: 0.9449 - val_loss: 0.1533 - val_acc: 0.9503
Epoch 188/500
0s - loss: 0.1535 - acc: 0.9445 - val_loss: 0.1531 - val_acc: 0.9503
Epoch 189/500
0s - loss: 0.1534 - acc: 0.9449 - val_loss: 0.1532 - val_acc: 0.9503
Epoch 190/500
0s - loss: 0.1532 - acc: 0.9441 - val_loss: 0.1530 - val_acc: 0.9503
Epoch 191/500
0s - loss: 0.1530 - acc: 0.9445 - val_loss: 0.1529 - val_acc: 0.9503
Epoch 192/500
0s - loss: 0.1529 - acc: 0.9449 - val_loss: 0.1528 - val_acc: 0.9503
Epoch 193/500
0s - loss: 0.1528 - acc: 0.9449 - val_loss: 0.1530 - val_acc: 0.9503
Epoch 194/500
0s - loss: 0.1526 - acc: 0.9445 - val_loss: 0.1530 - val_acc: 0.9503
Epoch 195/500
0s - loss: 0.1526 - acc: 0.9457 - val_loss: 0.1528 - val_acc: 0.9503
Epoch 196/500
0s - loss: 0.1524 - acc: 0.9449 - val_loss: 0.1527 - val_acc: 0.9503
Epoch 197/500
0s - loss: 0.1523 - acc: 0.9445 - val_loss: 0.1526 - val_acc: 0.9503
Epoch 198/500
0s - loss: 0.1521 - acc: 0.9453 - val_loss: 0.1527 - val_acc: 0.9503
Epoch 199/500
0s - loss: 0.1520 - acc: 0.9453 - val_loss: 0.1528 - val_acc: 0.9503
Epoch 200/500
0s - loss: 0.1518 - acc: 0.9445 - val_loss: 0.1527 - val_acc: 0.9503
Epoch 201/500
0s - loss: 0.1517 - acc: 0.9457 - val_loss: 0.1526 - val_acc: 0.9503
Epoch 202/500
0s - loss: 0.1516 - acc: 0.9457 - val_loss: 0.1526 - val_acc: 0.9519
----------- Model 1 KF 
loss: 0.152604829115
acc: 0.951863354037
Train on 2576 samples, validate on 644 samples
Epoch 1/500
0s - loss: 0.6579 - acc: 0.6165 - val_loss: 0.6442 - val_acc: 0.6165
Epoch 2/500
0s - loss: 0.6065 - acc: 0.6285 - val_loss: 0.5598 - val_acc: 0.7081
Epoch 3/500
0s - loss: 0.4781 - acc: 0.7814 - val_loss: 0.4313 - val_acc: 0.8478
Epoch 4/500
0s - loss: 0.3601 - acc: 0.8777 - val_loss: 0.3608 - val_acc: 0.8634
Epoch 5/500
0s - loss: 0.3023 - acc: 0.8964 - val_loss: 0.3293 - val_acc: 0.8727
Epoch 6/500
0s - loss: 0.2739 - acc: 0.9068 - val_loss: 0.3112 - val_acc: 0.8773
Epoch 7/500
0s - loss: 0.2574 - acc: 0.9107 - val_loss: 0.2979 - val_acc: 0.8835
Epoch 8/500
0s - loss: 0.2464 - acc: 0.9138 - val_loss: 0.2871 - val_acc: 0.8898
Epoch 9/500
0s - loss: 0.2380 - acc: 0.9138 - val_loss: 0.2785 - val_acc: 0.8929
Epoch 10/500
0s - loss: 0.2317 - acc: 0.9177 - val_loss: 0.2717 - val_acc: 0.9006
Epoch 11/500
0s - loss: 0.2266 - acc: 0.9189 - val_loss: 0.2664 - val_acc: 0.9006
Epoch 12/500
0s - loss: 0.2226 - acc: 0.9224 - val_loss: 0.2614 - val_acc: 0.9022
Epoch 13/500
0s - loss: 0.2194 - acc: 0.9224 - val_loss: 0.2578 - val_acc: 0.9068
Epoch 14/500
0s - loss: 0.2163 - acc: 0.9220 - val_loss: 0.2541 - val_acc: 0.9099
Epoch 15/500
0s - loss: 0.2137 - acc: 0.9270 - val_loss: 0.2514 - val_acc: 0.9099
Epoch 16/500
0s - loss: 0.2117 - acc: 0.9278 - val_loss: 0.2487 - val_acc: 0.9115
Epoch 17/500
0s - loss: 0.2098 - acc: 0.9290 - val_loss: 0.2462 - val_acc: 0.9161
Epoch 18/500
0s - loss: 0.2078 - acc: 0.9290 - val_loss: 0.2444 - val_acc: 0.9146
Epoch 19/500
0s - loss: 0.2063 - acc: 0.9286 - val_loss: 0.2419 - val_acc: 0.9193
Epoch 20/500
0s - loss: 0.2046 - acc: 0.9293 - val_loss: 0.2398 - val_acc: 0.9255
Epoch 21/500
0s - loss: 0.2031 - acc: 0.9321 - val_loss: 0.2385 - val_acc: 0.9255
Epoch 22/500
0s - loss: 0.2016 - acc: 0.9325 - val_loss: 0.2366 - val_acc: 0.9208
Epoch 23/500
0s - loss: 0.2003 - acc: 0.9297 - val_loss: 0.2347 - val_acc: 0.9224
Epoch 24/500
0s - loss: 0.1991 - acc: 0.9328 - val_loss: 0.2333 - val_acc: 0.9208
Epoch 25/500
0s - loss: 0.1978 - acc: 0.9356 - val_loss: 0.2325 - val_acc: 0.9208
Epoch 26/500
0s - loss: 0.1967 - acc: 0.9344 - val_loss: 0.2313 - val_acc: 0.9255
Epoch 27/500
0s - loss: 0.1958 - acc: 0.9336 - val_loss: 0.2300 - val_acc: 0.9239
Epoch 28/500
0s - loss: 0.1950 - acc: 0.9344 - val_loss: 0.2281 - val_acc: 0.9239
Epoch 29/500
0s - loss: 0.1937 - acc: 0.9344 - val_loss: 0.2263 - val_acc: 0.9239
Epoch 30/500
0s - loss: 0.1929 - acc: 0.9348 - val_loss: 0.2248 - val_acc: 0.9224
Epoch 31/500
0s - loss: 0.1917 - acc: 0.9363 - val_loss: 0.2247 - val_acc: 0.9286
Epoch 32/500
0s - loss: 0.1912 - acc: 0.9352 - val_loss: 0.2230 - val_acc: 0.9239
Epoch 33/500
0s - loss: 0.1903 - acc: 0.9356 - val_loss: 0.2217 - val_acc: 0.9239
Epoch 34/500
0s - loss: 0.1896 - acc: 0.9367 - val_loss: 0.2208 - val_acc: 0.9255
Epoch 35/500
0s - loss: 0.1890 - acc: 0.9371 - val_loss: 0.2198 - val_acc: 0.9270
Epoch 36/500
0s - loss: 0.1880 - acc: 0.9371 - val_loss: 0.2186 - val_acc: 0.9239
Epoch 37/500
0s - loss: 0.1876 - acc: 0.9363 - val_loss: 0.2172 - val_acc: 0.9270
Epoch 38/500
0s - loss: 0.1867 - acc: 0.9371 - val_loss: 0.2164 - val_acc: 0.9255
Epoch 39/500
0s - loss: 0.1860 - acc: 0.9371 - val_loss: 0.2158 - val_acc: 0.9270
Epoch 40/500
0s - loss: 0.1858 - acc: 0.9375 - val_loss: 0.2150 - val_acc: 0.9270
Epoch 41/500
0s - loss: 0.1848 - acc: 0.9359 - val_loss: 0.2137 - val_acc: 0.9270
Epoch 42/500
0s - loss: 0.1842 - acc: 0.9359 - val_loss: 0.2130 - val_acc: 0.9270
Epoch 43/500
0s - loss: 0.1838 - acc: 0.9379 - val_loss: 0.2123 - val_acc: 0.9270
Epoch 44/500
0s - loss: 0.1831 - acc: 0.9383 - val_loss: 0.2116 - val_acc: 0.9286
Epoch 45/500
0s - loss: 0.1826 - acc: 0.9398 - val_loss: 0.2105 - val_acc: 0.9286
Epoch 46/500
0s - loss: 0.1821 - acc: 0.9371 - val_loss: 0.2099 - val_acc: 0.9286
Epoch 47/500
0s - loss: 0.1815 - acc: 0.9387 - val_loss: 0.2095 - val_acc: 0.9286
Epoch 48/500
0s - loss: 0.1810 - acc: 0.9391 - val_loss: 0.2089 - val_acc: 0.9286
Epoch 49/500
0s - loss: 0.1806 - acc: 0.9383 - val_loss: 0.2084 - val_acc: 0.9286
Epoch 50/500
0s - loss: 0.1802 - acc: 0.9391 - val_loss: 0.2077 - val_acc: 0.9270
Epoch 51/500
0s - loss: 0.1796 - acc: 0.9391 - val_loss: 0.2070 - val_acc: 0.9286
Epoch 52/500
0s - loss: 0.1792 - acc: 0.9398 - val_loss: 0.2063 - val_acc: 0.9286
Epoch 53/500
0s - loss: 0.1786 - acc: 0.9406 - val_loss: 0.2048 - val_acc: 0.9286
Epoch 54/500
0s - loss: 0.1784 - acc: 0.9367 - val_loss: 0.2047 - val_acc: 0.9270
Epoch 55/500
0s - loss: 0.1778 - acc: 0.9379 - val_loss: 0.2036 - val_acc: 0.9270
Epoch 56/500
0s - loss: 0.1775 - acc: 0.9394 - val_loss: 0.2033 - val_acc: 0.9286
Epoch 57/500
0s - loss: 0.1771 - acc: 0.9375 - val_loss: 0.2026 - val_acc: 0.9301
Epoch 58/500
0s - loss: 0.1764 - acc: 0.9383 - val_loss: 0.2018 - val_acc: 0.9301
Epoch 59/500
0s - loss: 0.1762 - acc: 0.9391 - val_loss: 0.2010 - val_acc: 0.9317
Epoch 60/500
0s - loss: 0.1756 - acc: 0.9387 - val_loss: 0.2008 - val_acc: 0.9332
Epoch 61/500
0s - loss: 0.1752 - acc: 0.9402 - val_loss: 0.2001 - val_acc: 0.9332
Epoch 62/500
0s - loss: 0.1750 - acc: 0.9406 - val_loss: 0.1996 - val_acc: 0.9348
Epoch 63/500
0s - loss: 0.1743 - acc: 0.9387 - val_loss: 0.1993 - val_acc: 0.9332
Epoch 64/500
0s - loss: 0.1739 - acc: 0.9398 - val_loss: 0.1985 - val_acc: 0.9348
Epoch 65/500
0s - loss: 0.1737 - acc: 0.9398 - val_loss: 0.1982 - val_acc: 0.9348
Epoch 66/500
0s - loss: 0.1732 - acc: 0.9402 - val_loss: 0.1978 - val_acc: 0.9332
Epoch 67/500
0s - loss: 0.1730 - acc: 0.9387 - val_loss: 0.1973 - val_acc: 0.9348
Epoch 68/500
0s - loss: 0.1727 - acc: 0.9402 - val_loss: 0.1970 - val_acc: 0.9348
Epoch 69/500
0s - loss: 0.1722 - acc: 0.9402 - val_loss: 0.1969 - val_acc: 0.9348
Epoch 70/500
0s - loss: 0.1719 - acc: 0.9422 - val_loss: 0.1964 - val_acc: 0.9332
Epoch 71/500
0s - loss: 0.1715 - acc: 0.9410 - val_loss: 0.1959 - val_acc: 0.9348
Epoch 72/500
0s - loss: 0.1713 - acc: 0.9402 - val_loss: 0.1956 - val_acc: 0.9363
Epoch 73/500
0s - loss: 0.1710 - acc: 0.9394 - val_loss: 0.1952 - val_acc: 0.9363
Epoch 74/500
0s - loss: 0.1706 - acc: 0.9418 - val_loss: 0.1946 - val_acc: 0.9348
Epoch 75/500
0s - loss: 0.1702 - acc: 0.9406 - val_loss: 0.1944 - val_acc: 0.9379
Epoch 76/500
0s - loss: 0.1699 - acc: 0.9418 - val_loss: 0.1942 - val_acc: 0.9317
Epoch 77/500
0s - loss: 0.1696 - acc: 0.9429 - val_loss: 0.1937 - val_acc: 0.9317
Epoch 78/500
0s - loss: 0.1693 - acc: 0.9398 - val_loss: 0.1930 - val_acc: 0.9363
Epoch 79/500
0s - loss: 0.1691 - acc: 0.9418 - val_loss: 0.1926 - val_acc: 0.9348
Epoch 80/500
0s - loss: 0.1687 - acc: 0.9410 - val_loss: 0.1925 - val_acc: 0.9379
Epoch 81/500
0s - loss: 0.1686 - acc: 0.9414 - val_loss: 0.1920 - val_acc: 0.9348
Epoch 82/500
0s - loss: 0.1681 - acc: 0.9422 - val_loss: 0.1919 - val_acc: 0.9348
Epoch 83/500
0s - loss: 0.1678 - acc: 0.9425 - val_loss: 0.1915 - val_acc: 0.9348
Epoch 84/500
0s - loss: 0.1676 - acc: 0.9414 - val_loss: 0.1911 - val_acc: 0.9379
Epoch 85/500
0s - loss: 0.1673 - acc: 0.9410 - val_loss: 0.1903 - val_acc: 0.9348
Epoch 86/500
0s - loss: 0.1668 - acc: 0.9402 - val_loss: 0.1900 - val_acc: 0.9317
Epoch 87/500
0s - loss: 0.1667 - acc: 0.9425 - val_loss: 0.1893 - val_acc: 0.9332
Epoch 88/500
0s - loss: 0.1663 - acc: 0.9418 - val_loss: 0.1891 - val_acc: 0.9348
Epoch 89/500
0s - loss: 0.1661 - acc: 0.9414 - val_loss: 0.1889 - val_acc: 0.9363
Epoch 90/500
0s - loss: 0.1657 - acc: 0.9406 - val_loss: 0.1887 - val_acc: 0.9363
Epoch 91/500
0s - loss: 0.1655 - acc: 0.9437 - val_loss: 0.1882 - val_acc: 0.9332
Epoch 92/500
0s - loss: 0.1651 - acc: 0.9406 - val_loss: 0.1881 - val_acc: 0.9363
Epoch 93/500
0s - loss: 0.1649 - acc: 0.9437 - val_loss: 0.1876 - val_acc: 0.9348
Epoch 94/500
0s - loss: 0.1648 - acc: 0.9425 - val_loss: 0.1873 - val_acc: 0.9348
Epoch 95/500
0s - loss: 0.1644 - acc: 0.9425 - val_loss: 0.1871 - val_acc: 0.9363
Epoch 96/500
0s - loss: 0.1642 - acc: 0.9422 - val_loss: 0.1867 - val_acc: 0.9363
Epoch 97/500
0s - loss: 0.1639 - acc: 0.9414 - val_loss: 0.1863 - val_acc: 0.9363
Epoch 98/500
0s - loss: 0.1637 - acc: 0.9429 - val_loss: 0.1863 - val_acc: 0.9348
Epoch 99/500
0s - loss: 0.1633 - acc: 0.9429 - val_loss: 0.1862 - val_acc: 0.9363
Epoch 100/500
0s - loss: 0.1632 - acc: 0.9418 - val_loss: 0.1860 - val_acc: 0.9363
Epoch 101/500
0s - loss: 0.1629 - acc: 0.9429 - val_loss: 0.1859 - val_acc: 0.9363
Epoch 102/500
0s - loss: 0.1627 - acc: 0.9429 - val_loss: 0.1854 - val_acc: 0.9348
Epoch 103/500
0s - loss: 0.1623 - acc: 0.9429 - val_loss: 0.1850 - val_acc: 0.9348
Epoch 104/500
0s - loss: 0.1623 - acc: 0.9410 - val_loss: 0.1848 - val_acc: 0.9348
Epoch 105/500
0s - loss: 0.1620 - acc: 0.9425 - val_loss: 0.1846 - val_acc: 0.9348
Epoch 106/500
0s - loss: 0.1618 - acc: 0.9425 - val_loss: 0.1842 - val_acc: 0.9348
Epoch 107/500
0s - loss: 0.1614 - acc: 0.9406 - val_loss: 0.1844 - val_acc: 0.9348
Epoch 108/500
0s - loss: 0.1613 - acc: 0.9429 - val_loss: 0.1841 - val_acc: 0.9348
Epoch 109/500
0s - loss: 0.1611 - acc: 0.9425 - val_loss: 0.1835 - val_acc: 0.9348
Epoch 110/500
0s - loss: 0.1608 - acc: 0.9422 - val_loss: 0.1832 - val_acc: 0.9348
Epoch 111/500
0s - loss: 0.1607 - acc: 0.9429 - val_loss: 0.1831 - val_acc: 0.9348
Epoch 112/500
0s - loss: 0.1604 - acc: 0.9425 - val_loss: 0.1828 - val_acc: 0.9348
Epoch 113/500
0s - loss: 0.1602 - acc: 0.9433 - val_loss: 0.1825 - val_acc: 0.9348
Epoch 114/500
0s - loss: 0.1600 - acc: 0.9410 - val_loss: 0.1822 - val_acc: 0.9348
Epoch 115/500
0s - loss: 0.1598 - acc: 0.9422 - val_loss: 0.1823 - val_acc: 0.9348
Epoch 116/500
0s - loss: 0.1595 - acc: 0.9429 - val_loss: 0.1818 - val_acc: 0.9379
Epoch 117/500
0s - loss: 0.1594 - acc: 0.9425 - val_loss: 0.1820 - val_acc: 0.9363
Epoch 118/500
0s - loss: 0.1593 - acc: 0.9406 - val_loss: 0.1820 - val_acc: 0.9332
Epoch 119/500
0s - loss: 0.1590 - acc: 0.9445 - val_loss: 0.1818 - val_acc: 0.9348
Epoch 120/500
0s - loss: 0.1589 - acc: 0.9422 - val_loss: 0.1816 - val_acc: 0.9332
Epoch 121/500
0s - loss: 0.1586 - acc: 0.9437 - val_loss: 0.1817 - val_acc: 0.9348
Epoch 122/500
0s - loss: 0.1584 - acc: 0.9437 - val_loss: 0.1816 - val_acc: 0.9379
Epoch 123/500
0s - loss: 0.1583 - acc: 0.9429 - val_loss: 0.1815 - val_acc: 0.9348
Epoch 124/500
0s - loss: 0.1581 - acc: 0.9433 - val_loss: 0.1814 - val_acc: 0.9348
Epoch 125/500
0s - loss: 0.1578 - acc: 0.9433 - val_loss: 0.1813 - val_acc: 0.9348
Epoch 126/500
0s - loss: 0.1577 - acc: 0.9422 - val_loss: 0.1816 - val_acc: 0.9348
Epoch 127/500
0s - loss: 0.1575 - acc: 0.9441 - val_loss: 0.1813 - val_acc: 0.9348
Epoch 128/500
0s - loss: 0.1573 - acc: 0.9437 - val_loss: 0.1810 - val_acc: 0.9348
Epoch 129/500
0s - loss: 0.1572 - acc: 0.9433 - val_loss: 0.1807 - val_acc: 0.9348
Epoch 130/500
0s - loss: 0.1569 - acc: 0.9429 - val_loss: 0.1804 - val_acc: 0.9348
Epoch 131/500
0s - loss: 0.1567 - acc: 0.9437 - val_loss: 0.1801 - val_acc: 0.9332
Epoch 132/500
0s - loss: 0.1566 - acc: 0.9445 - val_loss: 0.1802 - val_acc: 0.9332
Epoch 133/500
0s - loss: 0.1563 - acc: 0.9445 - val_loss: 0.1799 - val_acc: 0.9332
Epoch 134/500
0s - loss: 0.1561 - acc: 0.9429 - val_loss: 0.1800 - val_acc: 0.9348
Epoch 135/500
0s - loss: 0.1560 - acc: 0.9441 - val_loss: 0.1795 - val_acc: 0.9348
Epoch 136/500
0s - loss: 0.1557 - acc: 0.9453 - val_loss: 0.1791 - val_acc: 0.9332
Epoch 137/500
0s - loss: 0.1556 - acc: 0.9433 - val_loss: 0.1793 - val_acc: 0.9348
Epoch 138/500
0s - loss: 0.1554 - acc: 0.9441 - val_loss: 0.1794 - val_acc: 0.9348
Epoch 139/500
0s - loss: 0.1553 - acc: 0.9437 - val_loss: 0.1793 - val_acc: 0.9348
Epoch 140/500
0s - loss: 0.1550 - acc: 0.9460 - val_loss: 0.1787 - val_acc: 0.9317
Epoch 141/500
0s - loss: 0.1549 - acc: 0.9441 - val_loss: 0.1790 - val_acc: 0.9348
Epoch 142/500
0s - loss: 0.1546 - acc: 0.9457 - val_loss: 0.1785 - val_acc: 0.9317
Epoch 143/500
0s - loss: 0.1545 - acc: 0.9449 - val_loss: 0.1784 - val_acc: 0.9332
Epoch 144/500
0s - loss: 0.1544 - acc: 0.9437 - val_loss: 0.1783 - val_acc: 0.9332
Epoch 145/500
0s - loss: 0.1543 - acc: 0.9457 - val_loss: 0.1784 - val_acc: 0.9332
Epoch 146/500
0s - loss: 0.1540 - acc: 0.9445 - val_loss: 0.1787 - val_acc: 0.9332
Epoch 147/500
0s - loss: 0.1538 - acc: 0.9449 - val_loss: 0.1781 - val_acc: 0.9317
Epoch 148/500
0s - loss: 0.1537 - acc: 0.9449 - val_loss: 0.1780 - val_acc: 0.9317
Epoch 149/500
0s - loss: 0.1535 - acc: 0.9429 - val_loss: 0.1782 - val_acc: 0.9317
Epoch 150/500
0s - loss: 0.1533 - acc: 0.9453 - val_loss: 0.1779 - val_acc: 0.9317
Epoch 151/500
0s - loss: 0.1531 - acc: 0.9429 - val_loss: 0.1776 - val_acc: 0.9317
Epoch 152/500
0s - loss: 0.1530 - acc: 0.9453 - val_loss: 0.1774 - val_acc: 0.9301
Epoch 153/500
0s - loss: 0.1529 - acc: 0.9445 - val_loss: 0.1774 - val_acc: 0.9301
Epoch 154/500
0s - loss: 0.1527 - acc: 0.9441 - val_loss: 0.1774 - val_acc: 0.9301
Epoch 155/500
0s - loss: 0.1526 - acc: 0.9449 - val_loss: 0.1773 - val_acc: 0.9301
Epoch 156/500
0s - loss: 0.1524 - acc: 0.9437 - val_loss: 0.1773 - val_acc: 0.9301
Epoch 157/500
0s - loss: 0.1522 - acc: 0.9445 - val_loss: 0.1774 - val_acc: 0.9301
Epoch 158/500
0s - loss: 0.1521 - acc: 0.9457 - val_loss: 0.1770 - val_acc: 0.9301
Epoch 159/500
0s - loss: 0.1518 - acc: 0.9457 - val_loss: 0.1767 - val_acc: 0.9301
Epoch 160/500
0s - loss: 0.1518 - acc: 0.9445 - val_loss: 0.1768 - val_acc: 0.9301
Epoch 161/500
0s - loss: 0.1517 - acc: 0.9441 - val_loss: 0.1766 - val_acc: 0.9301
Epoch 162/500
0s - loss: 0.1514 - acc: 0.9437 - val_loss: 0.1767 - val_acc: 0.9301
Epoch 163/500
0s - loss: 0.1514 - acc: 0.9460 - val_loss: 0.1766 - val_acc: 0.9301
Epoch 164/500
0s - loss: 0.1511 - acc: 0.9441 - val_loss: 0.1768 - val_acc: 0.9301
Epoch 165/500
0s - loss: 0.1510 - acc: 0.9453 - val_loss: 0.1764 - val_acc: 0.9301
Epoch 166/500
0s - loss: 0.1509 - acc: 0.9441 - val_loss: 0.1765 - val_acc: 0.9301
Epoch 167/500
0s - loss: 0.1505 - acc: 0.9460 - val_loss: 0.1762 - val_acc: 0.9286
Epoch 168/500
0s - loss: 0.1505 - acc: 0.9429 - val_loss: 0.1763 - val_acc: 0.9301
Epoch 169/500
0s - loss: 0.1504 - acc: 0.9441 - val_loss: 0.1761 - val_acc: 0.9301
Epoch 170/500
0s - loss: 0.1502 - acc: 0.9449 - val_loss: 0.1758 - val_acc: 0.9301
Epoch 171/500
0s - loss: 0.1501 - acc: 0.9445 - val_loss: 0.1758 - val_acc: 0.9301
Epoch 172/500
0s - loss: 0.1498 - acc: 0.9445 - val_loss: 0.1758 - val_acc: 0.9301
Epoch 173/500
0s - loss: 0.1498 - acc: 0.9433 - val_loss: 0.1761 - val_acc: 0.9301
Epoch 174/500
0s - loss: 0.1497 - acc: 0.9445 - val_loss: 0.1757 - val_acc: 0.9301
Epoch 175/500
0s - loss: 0.1495 - acc: 0.9449 - val_loss: 0.1758 - val_acc: 0.9301
Epoch 176/500
0s - loss: 0.1493 - acc: 0.9433 - val_loss: 0.1759 - val_acc: 0.9301
Epoch 177/500
0s - loss: 0.1492 - acc: 0.9457 - val_loss: 0.1757 - val_acc: 0.9301
Epoch 178/500
0s - loss: 0.1490 - acc: 0.9449 - val_loss: 0.1756 - val_acc: 0.9301
Epoch 179/500
0s - loss: 0.1489 - acc: 0.9449 - val_loss: 0.1756 - val_acc: 0.9301
Epoch 180/500
0s - loss: 0.1488 - acc: 0.9445 - val_loss: 0.1756 - val_acc: 0.9301
Epoch 181/500
0s - loss: 0.1485 - acc: 0.9449 - val_loss: 0.1759 - val_acc: 0.9301
Epoch 182/500
0s - loss: 0.1485 - acc: 0.9449 - val_loss: 0.1758 - val_acc: 0.9301
Epoch 183/500
0s - loss: 0.1483 - acc: 0.9453 - val_loss: 0.1754 - val_acc: 0.9301
Epoch 184/500
0s - loss: 0.1481 - acc: 0.9449 - val_loss: 0.1755 - val_acc: 0.9301
Epoch 185/500
0s - loss: 0.1480 - acc: 0.9457 - val_loss: 0.1752 - val_acc: 0.9301
Epoch 186/500
0s - loss: 0.1479 - acc: 0.9449 - val_loss: 0.1750 - val_acc: 0.9301
Epoch 187/500
0s - loss: 0.1477 - acc: 0.9441 - val_loss: 0.1751 - val_acc: 0.9301
Epoch 188/500
0s - loss: 0.1475 - acc: 0.9449 - val_loss: 0.1747 - val_acc: 0.9301
Epoch 189/500
0s - loss: 0.1475 - acc: 0.9449 - val_loss: 0.1748 - val_acc: 0.9301
Epoch 190/500
0s - loss: 0.1473 - acc: 0.9445 - val_loss: 0.1749 - val_acc: 0.9301
Epoch 191/500
0s - loss: 0.1472 - acc: 0.9445 - val_loss: 0.1749 - val_acc: 0.9301
Epoch 192/500
0s - loss: 0.1471 - acc: 0.9449 - val_loss: 0.1751 - val_acc: 0.9301
Epoch 193/500
0s - loss: 0.1469 - acc: 0.9445 - val_loss: 0.1752 - val_acc: 0.9301
----------- Model 1 KF 
loss: 0.175212701285
acc: 0.930124223602
Train on 2576 samples, validate on 644 samples
Epoch 1/500
0s - loss: 0.6630 - acc: 0.6165 - val_loss: 0.6549 - val_acc: 0.6165
Epoch 2/500
0s - loss: 0.6310 - acc: 0.6165 - val_loss: 0.5944 - val_acc: 0.6196
Epoch 3/500
0s - loss: 0.5310 - acc: 0.7240 - val_loss: 0.4562 - val_acc: 0.8075
Epoch 4/500
0s - loss: 0.4012 - acc: 0.8513 - val_loss: 0.3529 - val_acc: 0.8851
Epoch 5/500
0s - loss: 0.3267 - acc: 0.8863 - val_loss: 0.3053 - val_acc: 0.8960
Epoch 6/500
0s - loss: 0.2899 - acc: 0.8948 - val_loss: 0.2818 - val_acc: 0.9146
Epoch 7/500
0s - loss: 0.2681 - acc: 0.9064 - val_loss: 0.2678 - val_acc: 0.9146
Epoch 8/500
0s - loss: 0.2535 - acc: 0.9092 - val_loss: 0.2586 - val_acc: 0.9130
Epoch 9/500
0s - loss: 0.2426 - acc: 0.9142 - val_loss: 0.2519 - val_acc: 0.9130
Epoch 10/500
0s - loss: 0.2345 - acc: 0.9165 - val_loss: 0.2477 - val_acc: 0.9161
Epoch 11/500
0s - loss: 0.2280 - acc: 0.9212 - val_loss: 0.2448 - val_acc: 0.9208
Epoch 12/500
0s - loss: 0.2230 - acc: 0.9255 - val_loss: 0.2439 - val_acc: 0.9270
Epoch 13/500
0s - loss: 0.2191 - acc: 0.9255 - val_loss: 0.2409 - val_acc: 0.9286
Epoch 14/500
0s - loss: 0.2156 - acc: 0.9274 - val_loss: 0.2398 - val_acc: 0.9286
Epoch 15/500
0s - loss: 0.2128 - acc: 0.9286 - val_loss: 0.2382 - val_acc: 0.9286
Epoch 16/500
0s - loss: 0.2098 - acc: 0.9325 - val_loss: 0.2371 - val_acc: 0.9255
Epoch 17/500
0s - loss: 0.2082 - acc: 0.9286 - val_loss: 0.2365 - val_acc: 0.9317
Epoch 18/500
0s - loss: 0.2058 - acc: 0.9305 - val_loss: 0.2355 - val_acc: 0.9286
Epoch 19/500
0s - loss: 0.2038 - acc: 0.9301 - val_loss: 0.2363 - val_acc: 0.9286
Epoch 20/500
0s - loss: 0.2026 - acc: 0.9332 - val_loss: 0.2351 - val_acc: 0.9286
Epoch 21/500
0s - loss: 0.2009 - acc: 0.9340 - val_loss: 0.2347 - val_acc: 0.9286
Epoch 22/500
0s - loss: 0.1996 - acc: 0.9328 - val_loss: 0.2338 - val_acc: 0.9286
Epoch 23/500
0s - loss: 0.1981 - acc: 0.9340 - val_loss: 0.2331 - val_acc: 0.9270
Epoch 24/500
0s - loss: 0.1969 - acc: 0.9352 - val_loss: 0.2334 - val_acc: 0.9255
Epoch 25/500
0s - loss: 0.1956 - acc: 0.9344 - val_loss: 0.2319 - val_acc: 0.9255
Epoch 26/500
0s - loss: 0.1942 - acc: 0.9344 - val_loss: 0.2318 - val_acc: 0.9255
Epoch 27/500
0s - loss: 0.1932 - acc: 0.9367 - val_loss: 0.2310 - val_acc: 0.9255
Epoch 28/500
0s - loss: 0.1917 - acc: 0.9359 - val_loss: 0.2301 - val_acc: 0.9255
Epoch 29/500
0s - loss: 0.1907 - acc: 0.9356 - val_loss: 0.2296 - val_acc: 0.9255
Epoch 30/500
0s - loss: 0.1895 - acc: 0.9367 - val_loss: 0.2289 - val_acc: 0.9270
Epoch 31/500
0s - loss: 0.1884 - acc: 0.9356 - val_loss: 0.2279 - val_acc: 0.9270
Epoch 32/500
0s - loss: 0.1875 - acc: 0.9328 - val_loss: 0.2278 - val_acc: 0.9255
Epoch 33/500
0s - loss: 0.1867 - acc: 0.9352 - val_loss: 0.2277 - val_acc: 0.9239
Epoch 34/500
0s - loss: 0.1856 - acc: 0.9359 - val_loss: 0.2267 - val_acc: 0.9255
Epoch 35/500
0s - loss: 0.1851 - acc: 0.9356 - val_loss: 0.2265 - val_acc: 0.9270
Epoch 36/500
0s - loss: 0.1840 - acc: 0.9363 - val_loss: 0.2257 - val_acc: 0.9255
Epoch 37/500
0s - loss: 0.1833 - acc: 0.9352 - val_loss: 0.2258 - val_acc: 0.9270
Epoch 38/500
0s - loss: 0.1822 - acc: 0.9367 - val_loss: 0.2245 - val_acc: 0.9255
Epoch 39/500
0s - loss: 0.1811 - acc: 0.9387 - val_loss: 0.2234 - val_acc: 0.9255
Epoch 40/500
0s - loss: 0.1803 - acc: 0.9340 - val_loss: 0.2230 - val_acc: 0.9270
Epoch 41/500
0s - loss: 0.1797 - acc: 0.9387 - val_loss: 0.2228 - val_acc: 0.9270
Epoch 42/500
0s - loss: 0.1790 - acc: 0.9391 - val_loss: 0.2235 - val_acc: 0.9239
Epoch 43/500
0s - loss: 0.1783 - acc: 0.9379 - val_loss: 0.2235 - val_acc: 0.9239
Epoch 44/500
0s - loss: 0.1777 - acc: 0.9375 - val_loss: 0.2230 - val_acc: 0.9239
Epoch 45/500
0s - loss: 0.1766 - acc: 0.9379 - val_loss: 0.2217 - val_acc: 0.9270
Epoch 46/500
0s - loss: 0.1765 - acc: 0.9387 - val_loss: 0.2227 - val_acc: 0.9239
Epoch 47/500
0s - loss: 0.1759 - acc: 0.9383 - val_loss: 0.2219 - val_acc: 0.9255
Epoch 48/500
0s - loss: 0.1754 - acc: 0.9394 - val_loss: 0.2218 - val_acc: 0.9255
Epoch 49/500
0s - loss: 0.1747 - acc: 0.9391 - val_loss: 0.2212 - val_acc: 0.9270
Epoch 50/500
0s - loss: 0.1743 - acc: 0.9398 - val_loss: 0.2212 - val_acc: 0.9255
Epoch 51/500
0s - loss: 0.1737 - acc: 0.9410 - val_loss: 0.2213 - val_acc: 0.9239
Epoch 52/500
0s - loss: 0.1732 - acc: 0.9391 - val_loss: 0.2209 - val_acc: 0.9255
Epoch 53/500
0s - loss: 0.1726 - acc: 0.9398 - val_loss: 0.2215 - val_acc: 0.9270
Epoch 54/500
0s - loss: 0.1722 - acc: 0.9402 - val_loss: 0.2215 - val_acc: 0.9255
Epoch 55/500
0s - loss: 0.1718 - acc: 0.9391 - val_loss: 0.2212 - val_acc: 0.9255
Epoch 56/500
0s - loss: 0.1714 - acc: 0.9398 - val_loss: 0.2206 - val_acc: 0.9270
Epoch 57/500
0s - loss: 0.1706 - acc: 0.9410 - val_loss: 0.2219 - val_acc: 0.9286
Epoch 58/500
0s - loss: 0.1705 - acc: 0.9391 - val_loss: 0.2214 - val_acc: 0.9270
Epoch 59/500
0s - loss: 0.1702 - acc: 0.9394 - val_loss: 0.2206 - val_acc: 0.9286
Epoch 60/500
0s - loss: 0.1697 - acc: 0.9391 - val_loss: 0.2203 - val_acc: 0.9286
Epoch 61/500
0s - loss: 0.1692 - acc: 0.9402 - val_loss: 0.2193 - val_acc: 0.9286
Epoch 62/500
0s - loss: 0.1690 - acc: 0.9398 - val_loss: 0.2201 - val_acc: 0.9286
Epoch 63/500
0s - loss: 0.1685 - acc: 0.9418 - val_loss: 0.2206 - val_acc: 0.9286
Epoch 64/500
0s - loss: 0.1683 - acc: 0.9406 - val_loss: 0.2204 - val_acc: 0.9286
Epoch 65/500
0s - loss: 0.1679 - acc: 0.9406 - val_loss: 0.2198 - val_acc: 0.9270
Epoch 66/500
0s - loss: 0.1676 - acc: 0.9418 - val_loss: 0.2196 - val_acc: 0.9286
----------- Model 1 KF 
loss: 0.219555871272
acc: 0.928571428571
----------- Model 1: average loss: 0.187636136673 
-----------------  Best model (index: 1) re-training....
loss: 0.214606428038
acc: 0.921739130435
